<?xml version="1.0" encoding="UTF-8"?>
<testsuite xmlns:xsi="http://www.w3.org/2001/XMLSchema-instance" xsi:noNamespaceSchemaLocation="https://maven.apache.org/surefire/maven-surefire-plugin/xsd/surefire-test-report-3.0.xsd" version="3.0" name="TestSuite" time="272.43" tests="234" errors="0" skipped="0" failures="72">
  <properties>
    <property name="java.specification.version" value="21"/>
    <property name="sun.jnu.encoding" value="UTF-8"/>
    <property name="java.class.path" value="/home/jenkins/workspace/FakeStoreAPI-Tests/target/test-classes:/home/jenkins/workspace/FakeStoreAPI-Tests/target/classes:/root/.m2/repository/io/rest-assured/rest-assured/5.5.5/rest-assured-5.5.5.jar:/root/.m2/repository/org/apache/groovy/groovy/4.0.22/groovy-4.0.22.jar:/root/.m2/repository/org/apache/groovy/groovy-xml/4.0.22/groovy-xml-4.0.22.jar:/root/.m2/repository/org/apache/httpcomponents/httpclient/4.5.13/httpclient-4.5.13.jar:/root/.m2/repository/org/apache/httpcomponents/httpcore/4.4.13/httpcore-4.4.13.jar:/root/.m2/repository/commons-logging/commons-logging/1.2/commons-logging-1.2.jar:/root/.m2/repository/commons-codec/commons-codec/1.11/commons-codec-1.11.jar:/root/.m2/repository/org/apache/httpcomponents/httpmime/4.5.13/httpmime-4.5.13.jar:/root/.m2/repository/org/hamcrest/hamcrest/2.2/hamcrest-2.2.jar:/root/.m2/repository/org/ccil/cowan/tagsoup/tagsoup/1.2.1/tagsoup-1.2.1.jar:/root/.m2/repository/io/rest-assured/json-path/5.5.5/json-path-5.5.5.jar:/root/.m2/repository/org/apache/groovy/groovy-json/4.0.22/groovy-json-4.0.22.jar:/root/.m2/repository/io/rest-assured/rest-assured-common/5.5.5/rest-assured-common-5.5.5.jar:/root/.m2/repository/io/rest-assured/xml-path/5.5.5/xml-path-5.5.5.jar:/root/.m2/repository/org/apache/commons/commons-lang3/3.16.0/commons-lang3-3.16.0.jar:/root/.m2/repository/org/testng/testng/7.8.0/testng-7.8.0.jar:/root/.m2/repository/org/slf4j/slf4j-api/1.7.36/slf4j-api-1.7.36.jar:/root/.m2/repository/com/beust/jcommander/1.82/jcommander-1.82.jar:/root/.m2/repository/org/webjars/jquery/3.6.1/jquery-3.6.1.jar:/root/.m2/repository/io/qameta/allure/allure-testng/2.24.0/allure-testng-2.24.0.jar:/root/.m2/repository/io/qameta/allure/allure-java-commons/2.24.0/allure-java-commons-2.24.0.jar:/root/.m2/repository/io/qameta/allure/allure-model/2.24.0/allure-model-2.24.0.jar:/root/.m2/repository/io/qameta/allure/allure-test-filter/2.24.0/allure-test-filter-2.24.0.jar:/root/.m2/repository/io/qameta/allure/allure-rest-assured/2.24.0/allure-rest-assured-2.24.0.jar:/root/.m2/repository/io/qameta/allure/allure-attachments/2.24.0/allure-attachments-2.24.0.jar:/root/.m2/repository/org/freemarker/freemarker/2.3.31/freemarker-2.3.31.jar:/root/.m2/repository/com/fasterxml/jackson/core/jackson-databind/2.15.2/jackson-databind-2.15.2.jar:/root/.m2/repository/com/fasterxml/jackson/core/jackson-annotations/2.15.2/jackson-annotations-2.15.2.jar:/root/.m2/repository/com/fasterxml/jackson/core/jackson-core/2.15.2/jackson-core-2.15.2.jar:/root/.m2/repository/org/slf4j/slf4j-simple/1.7.36/slf4j-simple-1.7.36.jar:/root/.m2/repository/org/aspectj/aspectjweaver/1.9.19/aspectjweaver-1.9.19.jar:"/>
    <property name="java.vm.vendor" value="Ubuntu"/>
    <property name="sun.arch.data.model" value="64"/>
    <property name="java.vendor.url" value="https://ubuntu.com/"/>
    <property name="user.timezone" value="Atlantic/Reykjavik"/>
    <property name="os.name" value="Linux"/>
    <property name="java.vm.specification.version" value="21"/>
    <property name="sun.java.launcher" value="SUN_STANDARD"/>
    <property name="sun.boot.library.path" value="/usr/lib/jvm/java-21-openjdk-amd64/lib"/>
    <property name="sun.java.command" value="/home/jenkins/workspace/FakeStoreAPI-Tests/target/surefire/surefirebooter-20250815134805306_3.jar /home/jenkins/workspace/FakeStoreAPI-Tests/target/surefire 2025-08-15T13-48-05_230-jvmRun1 surefire-20250815134805306_1tmp surefire_0-20250815134805306_2tmp"/>
    <property name="jdk.debug" value="release"/>
    <property name="surefire.test.class.path" value="/home/jenkins/workspace/FakeStoreAPI-Tests/target/test-classes:/home/jenkins/workspace/FakeStoreAPI-Tests/target/classes:/root/.m2/repository/io/rest-assured/rest-assured/5.5.5/rest-assured-5.5.5.jar:/root/.m2/repository/org/apache/groovy/groovy/4.0.22/groovy-4.0.22.jar:/root/.m2/repository/org/apache/groovy/groovy-xml/4.0.22/groovy-xml-4.0.22.jar:/root/.m2/repository/org/apache/httpcomponents/httpclient/4.5.13/httpclient-4.5.13.jar:/root/.m2/repository/org/apache/httpcomponents/httpcore/4.4.13/httpcore-4.4.13.jar:/root/.m2/repository/commons-logging/commons-logging/1.2/commons-logging-1.2.jar:/root/.m2/repository/commons-codec/commons-codec/1.11/commons-codec-1.11.jar:/root/.m2/repository/org/apache/httpcomponents/httpmime/4.5.13/httpmime-4.5.13.jar:/root/.m2/repository/org/hamcrest/hamcrest/2.2/hamcrest-2.2.jar:/root/.m2/repository/org/ccil/cowan/tagsoup/tagsoup/1.2.1/tagsoup-1.2.1.jar:/root/.m2/repository/io/rest-assured/json-path/5.5.5/json-path-5.5.5.jar:/root/.m2/repository/org/apache/groovy/groovy-json/4.0.22/groovy-json-4.0.22.jar:/root/.m2/repository/io/rest-assured/rest-assured-common/5.5.5/rest-assured-common-5.5.5.jar:/root/.m2/repository/io/rest-assured/xml-path/5.5.5/xml-path-5.5.5.jar:/root/.m2/repository/org/apache/commons/commons-lang3/3.16.0/commons-lang3-3.16.0.jar:/root/.m2/repository/org/testng/testng/7.8.0/testng-7.8.0.jar:/root/.m2/repository/org/slf4j/slf4j-api/1.7.36/slf4j-api-1.7.36.jar:/root/.m2/repository/com/beust/jcommander/1.82/jcommander-1.82.jar:/root/.m2/repository/org/webjars/jquery/3.6.1/jquery-3.6.1.jar:/root/.m2/repository/io/qameta/allure/allure-testng/2.24.0/allure-testng-2.24.0.jar:/root/.m2/repository/io/qameta/allure/allure-java-commons/2.24.0/allure-java-commons-2.24.0.jar:/root/.m2/repository/io/qameta/allure/allure-model/2.24.0/allure-model-2.24.0.jar:/root/.m2/repository/io/qameta/allure/allure-test-filter/2.24.0/allure-test-filter-2.24.0.jar:/root/.m2/repository/io/qameta/allure/allure-rest-assured/2.24.0/allure-rest-assured-2.24.0.jar:/root/.m2/repository/io/qameta/allure/allure-attachments/2.24.0/allure-attachments-2.24.0.jar:/root/.m2/repository/org/freemarker/freemarker/2.3.31/freemarker-2.3.31.jar:/root/.m2/repository/com/fasterxml/jackson/core/jackson-databind/2.15.2/jackson-databind-2.15.2.jar:/root/.m2/repository/com/fasterxml/jackson/core/jackson-annotations/2.15.2/jackson-annotations-2.15.2.jar:/root/.m2/repository/com/fasterxml/jackson/core/jackson-core/2.15.2/jackson-core-2.15.2.jar:/root/.m2/repository/org/slf4j/slf4j-simple/1.7.36/slf4j-simple-1.7.36.jar:/root/.m2/repository/org/aspectj/aspectjweaver/1.9.19/aspectjweaver-1.9.19.jar:"/>
    <property name="allure.results.directory" value="/home/jenkins/workspace/FakeStoreAPI-Tests/target/allure-results"/>
    <property name="sun.cpu.endian" value="little"/>
    <property name="user.home" value="/root"/>
    <property name="user.language" value="en"/>
    <property name="java.specification.vendor" value="Oracle Corporation"/>
    <property name="java.version.date" value="2025-07-15"/>
    <property name="java.home" value="/usr/lib/jvm/java-21-openjdk-amd64"/>
    <property name="file.separator" value="/"/>
    <property name="basedir" value="/home/jenkins/workspace/FakeStoreAPI-Tests"/>
    <property name="java.vm.compressedOopsMode" value="32-bit"/>
    <property name="line.separator" value="&#10;"/>
    <property name="java.specification.name" value="Java Platform API Specification"/>
    <property name="java.vm.specification.vendor" value="Oracle Corporation"/>
    <property name="surefire.real.class.path" value="/home/jenkins/workspace/FakeStoreAPI-Tests/target/surefire/surefirebooter-20250815134805306_3.jar"/>
    <property name="sun.management.compiler" value="HotSpot 64-Bit Tiered Compilers"/>
    <property name="java.runtime.version" value="21.0.8+9-Ubuntu-0ubuntu124.04.1"/>
    <property name="user.name" value="root"/>
    <property name="stdout.encoding" value="UTF-8"/>
    <property name="path.separator" value=":"/>
    <property name="os.version" value="5.15.167.4-microsoft-standard-WSL2"/>
    <property name="java.runtime.name" value="OpenJDK Runtime Environment"/>
    <property name="file.encoding" value="UTF-8"/>
    <property name="java.vm.name" value="OpenJDK 64-Bit Server VM"/>
    <property name="localRepository" value="/root/.m2/repository"/>
    <property name="java.vendor.url.bug" value="https://bugs.launchpad.net/ubuntu/+source/openjdk-21"/>
    <property name="java.io.tmpdir" value="/tmp"/>
    <property name="java.version" value="21.0.8"/>
    <property name="user.dir" value="/home/jenkins/workspace/FakeStoreAPI-Tests"/>
    <property name="os.arch" value="amd64"/>
    <property name="java.vm.specification.name" value="Java Virtual Machine Specification"/>
    <property name="native.encoding" value="UTF-8"/>
    <property name="java.library.path" value="/usr/java/packages/lib:/usr/lib/x86_64-linux-gnu/jni:/lib/x86_64-linux-gnu:/usr/lib/x86_64-linux-gnu:/usr/lib/jni:/lib:/usr/lib"/>
    <property name="java.vm.info" value="mixed mode, sharing"/>
    <property name="stderr.encoding" value="UTF-8"/>
    <property name="java.vendor" value="Ubuntu"/>
    <property name="java.vm.version" value="21.0.8+9-Ubuntu-0ubuntu124.04.1"/>
    <property name="sun.io.unicode.encoding" value="UnicodeLittle"/>
    <property name="java.class.version" value="65.0"/>
  </properties>
  <testcase name="testGetAllCarts" classname="com.emmanuelarhu.tests.CartsApiTest" time="7.724">
    <system-out><![CDATA[🔧 BaseTest setup completed - Base URL: https://fakestoreapi.com
🚀 Starting test execution...
📋 Testing GET /carts endpoint
HTTP/1.1 200 OK
Date: Fri, 15 Aug 2025 13:48:16 GMT
Content-Type: application/json; charset=utf-8
Transfer-Encoding: chunked
Connection: keep-alive
Access-Control-Allow-Origin: *
Etag: W/"3a8-j3C8983spvK8GpaSYa+SyYlAS2A"
X-Powered-By: Express
Cf-Cache-Status: DYNAMIC
Nel: {"report_to":"cf-nel","success_fraction":0.0,"max_age":604800}
Report-To: {"group":"cf-nel","max_age":604800,"endpoints":[{"url":"https://a.nel.cloudflare.com/report/v4?s=BjfRhvell%2FUN6l%2B2RKlLBu%2BHK8sWqTF0TrwJVBdwyF4P1iE6Y5VlzJD6VYFHwnPNr%2BhZDxFnPs8uLlfAKecmV%2B9Hr1rDRkiFYTnns7M7cL4%3D"}]}
Content-Encoding: gzip
Server: cloudflare
CF-RAY: 96f926096cd841aa-CDG
alt-svc: h3=":443"; ma=86400

[
    {
        "id": 1,
        "userId": 1,
        "date": "2020-03-02T00:00:00.000Z",
        "products": [
            {
                "productId": 1,
                "quantity": 4
            },
            {
                "productId": 2,
                "quantity": 1
            },
            {
                "productId": 3,
                "quantity": 6
            }
        ],
        "__v": 0
    },
    {
        "id": 2,
        "userId": 1,
        "date": "2020-01-02T00:00:00.000Z",
        "products": [
            {
                "productId": 2,
                "quantity": 4
            },
            {
                "productId": 1,
                "quantity": 10
            },
            {
                "productId": 5,
                "quantity": 2
            }
        ],
        "__v": 0
    },
    {
        "id": 3,
        "userId": 2,
        "date": "2020-03-01T00:00:00.000Z",
        "products": [
            {
                "productId": 1,
                "quantity": 2
            },
            {
                "productId": 9,
                "quantity": 1
            }
        ],
        "__v": 0
    },
    {
        "id": 4,
        "userId": 3,
        "date": "2020-01-01T00:00:00.000Z",
        "products": [
            {
                "productId": 1,
                "quantity": 4
            }
        ],
        "__v": 0
    },
    {
        "id": 5,
        "userId": 3,
        "date": "2020-03-01T00:00:00.000Z",
        "products": [
            {
                "productId": 7,
                "quantity": 1
            },
            {
                "productId": 8,
                "quantity": 1
            }
        ],
        "__v": 0
    },
    {
        "id": 6,
        "userId": 4,
        "date": "2020-03-01T00:00:00.000Z",
        "products": [
            {
                "productId": 10,
                "quantity": 2
            },
            {
                "productId": 12,
                "quantity": 3
            }
        ],
        "__v": 0
    },
    {
        "id": 7,
        "userId": 8,
        "date": "2020-03-01T00:00:00.000Z",
        "products": [
            {
                "productId": 18,
                "quantity": 1
            }
        ],
        "__v": 0
    }
]
]]></system-out>
    <system-err><![CDATA[[main] WARN org.testng.TestNG - Ignoring duplicate listener : io.qameta.allure.testng.AllureTestNg
[main] WARN org.testng.TestNG - Ignoring duplicate listener : io.qameta.allure.testng.AllureTestNg
[main] WARN org.testng.TestNG - Ignoring duplicate listener : io.qameta.allure.testng.AllureTestNg
]]></system-err>
  </testcase>
  <testcase name="testGetAllCartsResponseTime" classname="com.emmanuelarhu.tests.CartsApiTest" time="1.977">
    <system-out><![CDATA[🚀 Starting test execution...
📋 Testing response time for GET /carts
HTTP/1.1 200 OK
Date: Fri, 15 Aug 2025 13:48:18 GMT
Content-Type: application/json; charset=utf-8
Transfer-Encoding: chunked
Connection: keep-alive
Access-Control-Allow-Origin: *
Etag: W/"3a8-j3C8983spvK8GpaSYa+SyYlAS2A"
X-Powered-By: Express
Cf-Cache-Status: DYNAMIC
Nel: {"report_to":"cf-nel","success_fraction":0.0,"max_age":604800}
Report-To: {"group":"cf-nel","max_age":604800,"endpoints":[{"url":"https://a.nel.cloudflare.com/report/v4?s=%2BrK3hkFLRVx%2BfAlGEY0jD0aqkQ810TMh23ZZ4i5X8p4D6QFMwhSGDRfoaZ0C1ObhWn94rvKTPd42Uie9UId8ZrlR6pTfz6n9fvIEiBPHPwg%3D"}]}
Content-Encoding: gzip
Server: cloudflare
CF-RAY: 96f92617e9a7d516-CDG
alt-svc: h3=":443"; ma=86400

[
    {
        "id": 1,
        "userId": 1,
        "date": "2020-03-02T00:00:00.000Z",
        "products": [
            {
                "productId": 1,
                "quantity": 4
            },
            {
                "productId": 2,
                "quantity": 1
            },
            {
                "productId": 3,
                "quantity": 6
            }
        ],
        "__v": 0
    },
    {
        "id": 2,
        "userId": 1,
        "date": "2020-01-02T00:00:00.000Z",
        "products": [
            {
                "productId": 2,
                "quantity": 4
            },
            {
                "productId": 1,
                "quantity": 10
            },
            {
                "productId": 5,
                "quantity": 2
            }
        ],
        "__v": 0
    },
    {
        "id": 3,
        "userId": 2,
        "date": "2020-03-01T00:00:00.000Z",
        "products": [
            {
                "productId": 1,
                "quantity": 2
            },
            {
                "productId": 9,
                "quantity": 1
            }
        ],
        "__v": 0
    },
    {
        "id": 4,
        "userId": 3,
        "date": "2020-01-01T00:00:00.000Z",
        "products": [
            {
                "productId": 1,
                "quantity": 4
            }
        ],
        "__v": 0
    },
    {
        "id": 5,
        "userId": 3,
        "date": "2020-03-01T00:00:00.000Z",
        "products": [
            {
                "productId": 7,
                "quantity": 1
            },
            {
                "productId": 8,
                "quantity": 1
            }
        ],
        "__v": 0
    },
    {
        "id": 6,
        "userId": 4,
        "date": "2020-03-01T00:00:00.000Z",
        "products": [
            {
                "productId": 10,
                "quantity": 2
            },
            {
                "productId": 12,
                "quantity": 3
            }
        ],
        "__v": 0
    },
    {
        "id": 7,
        "userId": 8,
        "date": "2020-03-01T00:00:00.000Z",
        "products": [
            {
                "productId": 18,
                "quantity": 1
            }
        ],
        "__v": 0
    }
]
]]></system-out>
  </testcase>
  <testcase name="testGetSingleCartByValidId[1](1)" classname="com.emmanuelarhu.tests.CartsApiTest" time="2.716">
    <system-out><![CDATA[🚀 Starting test execution...
📋 Testing GET /carts/1
HTTP/1.1 200 OK
Date: Fri, 15 Aug 2025 13:48:19 GMT
Content-Type: application/json; charset=utf-8
Transfer-Encoding: chunked
Connection: keep-alive
Access-Control-Allow-Origin: *
Etag: W/"a1-wvAyaNKAHffOoZd5/I4wHuNFvSs"
X-Powered-By: Express
Cf-Cache-Status: DYNAMIC
Nel: {"report_to":"cf-nel","success_fraction":0.0,"max_age":604800}
Report-To: {"group":"cf-nel","max_age":604800,"endpoints":[{"url":"https://a.nel.cloudflare.com/report/v4?s=f5jDUyuUK8dKLj2y2ZGtGfnsiltzZ35DCLvJE91RR4koKSx01RW0UoVuvr9u%2Bsu6HkofZVzsyP8W%2FMEQlbNGWFuG2%2Fc5zo%2Bx4F0zUT0tZBg%3D"}]}
Content-Encoding: gzip
Server: cloudflare
CF-RAY: 96f9261eff292a4b-CDG
alt-svc: h3=":443"; ma=86400

{
    "id": 1,
    "userId": 1,
    "date": "2020-03-02T00:00:00.000Z",
    "products": [
        {
            "productId": 1,
            "quantity": 4
        },
        {
            "productId": 2,
            "quantity": 1
        },
        {
            "productId": 3,
            "quantity": 6
        }
    ],
    "__v": 0
}
]]></system-out>
  </testcase>
  <testcase name="testGetSingleCartByValidId[2](2)" classname="com.emmanuelarhu.tests.CartsApiTest" time="1.898">
    <system-out><![CDATA[🚀 Starting test execution...
📋 Testing GET /carts/2
HTTP/1.1 200 OK
Date: Fri, 15 Aug 2025 13:48:23 GMT
Content-Type: application/json; charset=utf-8
Transfer-Encoding: chunked
Connection: keep-alive
Access-Control-Allow-Origin: *
Etag: W/"a2-iVKAFZNDVn5u19OI7Bz+kha8xjg"
X-Powered-By: Express
Cf-Cache-Status: DYNAMIC
Nel: {"report_to":"cf-nel","success_fraction":0.0,"max_age":604800}
Report-To: {"group":"cf-nel","max_age":604800,"endpoints":[{"url":"https://a.nel.cloudflare.com/report/v4?s=SAHIccxi1IH2SsLBMlwwtpymdjYtbRoKWLXrZ5wcwxgRYNmS5sW7yYnWUfJ5eG6Bow9y0%2BmMXXLP0XoRIu9xobJMeRgjl7rA4ekYJr9mnKc%3D"}]}
Content-Encoding: gzip
Server: cloudflare
CF-RAY: 96f92637ddc79ed7-CDG
alt-svc: h3=":443"; ma=86400

{
    "id": 2,
    "userId": 1,
    "date": "2020-01-02T00:00:00.000Z",
    "products": [
        {
            "productId": 2,
            "quantity": 4
        },
        {
            "productId": 1,
            "quantity": 10
        },
        {
            "productId": 5,
            "quantity": 2
        }
    ],
    "__v": 0
}
]]></system-out>
  </testcase>
  <testcase name="testGetSingleCartByValidId[3](3)" classname="com.emmanuelarhu.tests.CartsApiTest" time="1.026">
    <system-out><![CDATA[🚀 Starting test execution...
📋 Testing GET /carts/3
HTTP/1.1 200 OK
Date: Fri, 15 Aug 2025 13:48:25 GMT
Content-Type: application/json; charset=utf-8
Transfer-Encoding: chunked
Connection: keep-alive
Access-Control-Allow-Origin: *
Etag: W/"84-nO023dX63UM9FxrLcCohTbjP6QY"
X-Powered-By: Express
Cf-Cache-Status: DYNAMIC
Nel: {"report_to":"cf-nel","success_fraction":0.0,"max_age":604800}
Report-To: {"group":"cf-nel","max_age":604800,"endpoints":[{"url":"https://a.nel.cloudflare.com/report/v4?s=Mg08MrK7SGbHEeJxelMaxZBRZtitxLzPAeeME3lJaYAHYDyY5sWhp6D%2F7dY17Dc2LhoMn26ndzAoU5csIvvq9UH1m%2FNIF3zJPOR083MQ"}]}
Content-Encoding: gzip
Server: cloudflare
CF-RAY: 96f9263f2f591542-CDG
alt-svc: h3=":443"; ma=86400

{
    "id": 3,
    "userId": 2,
    "date": "2020-03-01T00:00:00.000Z",
    "products": [
        {
            "productId": 1,
            "quantity": 2
        },
        {
            "productId": 9,
            "quantity": 1
        }
    ],
    "__v": 0
}
]]></system-out>
  </testcase>
  <testcase name="testGetSingleCartByValidId[4](4)" classname="com.emmanuelarhu.tests.CartsApiTest" time="0.926">
    <system-out><![CDATA[🚀 Starting test execution...
📋 Testing GET /carts/4
HTTP/1.1 200 OK
Date: Fri, 15 Aug 2025 13:48:25 GMT
Content-Type: application/json; charset=utf-8
Transfer-Encoding: chunked
Connection: keep-alive
Access-Control-Allow-Origin: *
Etag: W/"67-qDraWt0t3uAhQMOv3/JJcEL5BW4"
X-Powered-By: Express
Cf-Cache-Status: DYNAMIC
Nel: {"report_to":"cf-nel","success_fraction":0.0,"max_age":604800}
Report-To: {"group":"cf-nel","max_age":604800,"endpoints":[{"url":"https://a.nel.cloudflare.com/report/v4?s=yug9BXI%2FvLoW41rytNw1lnCzr2wJWUyapMATcYe%2F78bkqz1TuY3w02%2FrJiKRL3hTa816885o9R2XymcA8lg7Vtqcey6QZoX4uMI8bplWdYM%3D"}]}
Content-Encoding: gzip
Server: cloudflare
CF-RAY: 96f9264539d92291-CDG
alt-svc: h3=":443"; ma=86400

{
    "id": 4,
    "userId": 3,
    "date": "2020-01-01T00:00:00.000Z",
    "products": [
        {
            "productId": 1,
            "quantity": 4
        }
    ],
    "__v": 0
}
]]></system-out>
  </testcase>
  <testcase name="testGetSingleCartByValidId[5](5)" classname="com.emmanuelarhu.tests.CartsApiTest" time="0.977">
    <system-out><![CDATA[🚀 Starting test execution...
📋 Testing GET /carts/5
HTTP/1.1 200 OK
Date: Fri, 15 Aug 2025 13:48:27 GMT
Content-Type: application/json; charset=utf-8
Transfer-Encoding: chunked
Connection: keep-alive
Access-Control-Allow-Origin: *
Etag: W/"84-gdIyDDM4F2vHdbWZQxEVv0T8aPA"
X-Powered-By: Express
Cf-Cache-Status: DYNAMIC
Nel: {"report_to":"cf-nel","success_fraction":0.0,"max_age":604800}
Report-To: {"group":"cf-nel","max_age":604800,"endpoints":[{"url":"https://a.nel.cloudflare.com/report/v4?s=M1WmNZkvjRZlR1fZe1yzhN%2F9Irccvg2ID4tP49bTeeWanj%2Bdd7LXGztWT80rEGhxCtsCbHtHxnnfYRZbTpt9GYZxCPKf7h3ybCk3nXXnolA%3D"}]}
Content-Encoding: gzip
Server: cloudflare
CF-RAY: 96f9264be801e74e-CDG
alt-svc: h3=":443"; ma=86400

{
    "id": 5,
    "userId": 3,
    "date": "2020-03-01T00:00:00.000Z",
    "products": [
        {
            "productId": 7,
            "quantity": 1
        },
        {
            "productId": 8,
            "quantity": 1
        }
    ],
    "__v": 0
}
]]></system-out>
  </testcase>
  <testcase name="testGetSingleCartByInvalidId[-1](1)" classname="com.emmanuelarhu.tests.CartsApiTest" time="0.926">
    <failure message="1 expectation failed.&#10;Expected status code (&lt;400&gt; or &lt;404&gt; or &lt;403&gt;) but was &lt;200&gt;.&#10;" type="java.lang.AssertionError"><![CDATA[java.lang.AssertionError: 
1 expectation failed.
Expected status code (<400> or <404> or <403>) but was <200>.

	at java.base/jdk.internal.reflect.DirectConstructorHandleAccessor.newInstance(DirectConstructorHandleAccessor.java:62)
	at java.base/java.lang.reflect.Constructor.newInstanceWithCaller(Constructor.java:502)
	at java.base/java.lang.reflect.Constructor.newInstance(Constructor.java:486)
	at org.codehaus.groovy.reflection.CachedConstructor.invoke(CachedConstructor.java:73)
	at org.codehaus.groovy.runtime.callsite.ConstructorSite$ConstructorSiteNoUnwrapNoCoerce.callConstructor(ConstructorSite.java:108)
	at org.codehaus.groovy.runtime.callsite.CallSiteArray.defaultCallConstructor(CallSiteArray.java:57)
	at org.codehaus.groovy.runtime.callsite.AbstractCallSite.callConstructor(AbstractCallSite.java:263)
	at org.codehaus.groovy.runtime.callsite.AbstractCallSite.callConstructor(AbstractCallSite.java:277)
	at io.restassured.internal.ResponseSpecificationImpl$HamcrestAssertionClosure.validate(ResponseSpecificationImpl.groovy:512)
	at io.restassured.internal.ResponseSpecificationImpl$HamcrestAssertionClosure$validate$1.call(Unknown Source)
	at io.restassured.internal.ResponseSpecificationImpl.validateResponseIfRequired(ResponseSpecificationImpl.groovy:696)
	at io.restassured.internal.ResponseSpecificationImpl.this$2$validateResponseIfRequired(ResponseSpecificationImpl.groovy)
	at java.base/jdk.internal.reflect.DirectMethodHandleAccessor.invoke(DirectMethodHandleAccessor.java:103)
	at java.base/java.lang.reflect.Method.invoke(Method.java:580)
	at org.codehaus.groovy.runtime.callsite.PlainObjectMetaMethodSite.doInvoke(PlainObjectMetaMethodSite.java:43)
	at org.codehaus.groovy.runtime.callsite.PogoMetaMethodSite$PogoCachedMethodSiteNoUnwrapNoCoerce.invoke(PogoMetaMethodSite.java:198)
	at org.codehaus.groovy.runtime.callsite.PogoMetaMethodSite.callCurrent(PogoMetaMethodSite.java:62)
	at org.codehaus.groovy.runtime.callsite.AbstractCallSite.callCurrent(AbstractCallSite.java:185)
	at io.restassured.internal.ResponseSpecificationImpl.statusCode(ResponseSpecificationImpl.groovy:135)
	at io.restassured.internal.ValidatableResponseOptionsImpl.statusCode(ValidatableResponseOptionsImpl.java:84)
	at com.emmanuelarhu.tests.CartsApiTest.testGetSingleCartByInvalidId(CartsApiTest.java:105)
	at java.base/jdk.internal.reflect.DirectMethodHandleAccessor.invoke(DirectMethodHandleAccessor.java:103)
	at java.base/java.lang.reflect.Method.invoke(Method.java:580)
	at org.testng.internal.invokers.MethodInvocationHelper.invokeMethod(MethodInvocationHelper.java:139)
	at org.testng.internal.invokers.TestInvoker.invokeMethod(TestInvoker.java:664)
	at org.testng.internal.invokers.TestInvoker.invokeTestMethod(TestInvoker.java:227)
	at org.testng.internal.invokers.MethodRunner.runInSequence(MethodRunner.java:50)
	at org.testng.internal.invokers.TestInvoker$MethodInvocationAgent.invoke(TestInvoker.java:957)
	at org.testng.internal.invokers.TestInvoker.invokeTestMethods(TestInvoker.java:200)
	at org.testng.internal.invokers.TestMethodWorker.invokeTestMethods(TestMethodWorker.java:148)
	at org.testng.internal.invokers.TestMethodWorker.run(TestMethodWorker.java:128)
	at java.base/java.util.ArrayList.forEach(ArrayList.java:1596)
	at org.testng.TestRunner.privateRun(TestRunner.java:848)
	at org.testng.TestRunner.run(TestRunner.java:621)
	at org.testng.SuiteRunner.runTest(SuiteRunner.java:443)
	at org.testng.SuiteRunner.runSequentially(SuiteRunner.java:437)
	at org.testng.SuiteRunner.privateRun(SuiteRunner.java:397)
	at org.testng.SuiteRunner.run(SuiteRunner.java:336)
	at org.testng.SuiteRunnerWorker.runSuite(SuiteRunnerWorker.java:52)
	at org.testng.SuiteRunnerWorker.run(SuiteRunnerWorker.java:95)
	at org.testng.TestNG.runSuitesSequentially(TestNG.java:1280)
	at org.testng.TestNG.runSuitesLocally(TestNG.java:1200)
	at org.testng.TestNG.runSuites(TestNG.java:1114)
	at org.testng.TestNG.run(TestNG.java:1082)
	at org.apache.maven.surefire.testng.TestNGExecutor.run(TestNGExecutor.java:155)
	at org.apache.maven.surefire.testng.TestNGDirectoryTestSuite.executeMulti(TestNGDirectoryTestSuite.java:169)
	at org.apache.maven.surefire.testng.TestNGDirectoryTestSuite.execute(TestNGDirectoryTestSuite.java:88)
	at org.apache.maven.surefire.testng.TestNGProvider.invoke(TestNGProvider.java:137)
	at org.apache.maven.surefire.booter.ForkedBooter.runSuitesInProcess(ForkedBooter.java:385)
	at org.apache.maven.surefire.booter.ForkedBooter.execute(ForkedBooter.java:162)
	at org.apache.maven.surefire.booter.ForkedBooter.run(ForkedBooter.java:507)
	at org.apache.maven.surefire.booter.ForkedBooter.main(ForkedBooter.java:495)
]]></failure>
    <system-out><![CDATA[🚀 Starting test execution...
📋 Testing GET /carts/-1 (invalid ID)
]]></system-out>
  </testcase>
  <testcase name="testGetSingleCartByInvalidId[0](2)" classname="com.emmanuelarhu.tests.CartsApiTest" time="1.91">
    <failure message="1 expectation failed.&#10;Expected status code (&lt;400&gt; or &lt;404&gt; or &lt;403&gt;) but was &lt;200&gt;.&#10;" type="java.lang.AssertionError"><![CDATA[java.lang.AssertionError: 
1 expectation failed.
Expected status code (<400> or <404> or <403>) but was <200>.

	at java.base/jdk.internal.reflect.DirectConstructorHandleAccessor.newInstance(DirectConstructorHandleAccessor.java:62)
	at java.base/java.lang.reflect.Constructor.newInstanceWithCaller(Constructor.java:502)
	at java.base/java.lang.reflect.Constructor.newInstance(Constructor.java:486)
	at org.codehaus.groovy.reflection.CachedConstructor.invoke(CachedConstructor.java:73)
	at org.codehaus.groovy.runtime.callsite.ConstructorSite$ConstructorSiteNoUnwrapNoCoerce.callConstructor(ConstructorSite.java:108)
	at org.codehaus.groovy.runtime.callsite.AbstractCallSite.callConstructor(AbstractCallSite.java:277)
	at io.restassured.internal.ResponseSpecificationImpl$HamcrestAssertionClosure.validate(ResponseSpecificationImpl.groovy:512)
	at io.restassured.internal.ResponseSpecificationImpl$HamcrestAssertionClosure$validate$1.call(Unknown Source)
	at io.restassured.internal.ResponseSpecificationImpl.validateResponseIfRequired(ResponseSpecificationImpl.groovy:696)
	at io.restassured.internal.ResponseSpecificationImpl.this$2$validateResponseIfRequired(ResponseSpecificationImpl.groovy)
	at java.base/jdk.internal.reflect.DirectMethodHandleAccessor.invoke(DirectMethodHandleAccessor.java:103)
	at java.base/java.lang.reflect.Method.invoke(Method.java:580)
	at org.codehaus.groovy.runtime.callsite.PlainObjectMetaMethodSite.doInvoke(PlainObjectMetaMethodSite.java:43)
	at org.codehaus.groovy.runtime.callsite.PogoMetaMethodSite$PogoCachedMethodSiteNoUnwrapNoCoerce.invoke(PogoMetaMethodSite.java:198)
	at org.codehaus.groovy.runtime.callsite.PogoMetaMethodSite.callCurrent(PogoMetaMethodSite.java:62)
	at org.codehaus.groovy.runtime.callsite.AbstractCallSite.callCurrent(AbstractCallSite.java:185)
	at io.restassured.internal.ResponseSpecificationImpl.statusCode(ResponseSpecificationImpl.groovy:135)
	at io.restassured.internal.ValidatableResponseOptionsImpl.statusCode(ValidatableResponseOptionsImpl.java:84)
	at com.emmanuelarhu.tests.CartsApiTest.testGetSingleCartByInvalidId(CartsApiTest.java:105)
	at java.base/jdk.internal.reflect.DirectMethodHandleAccessor.invoke(DirectMethodHandleAccessor.java:103)
	at java.base/java.lang.reflect.Method.invoke(Method.java:580)
	at org.testng.internal.invokers.MethodInvocationHelper.invokeMethod(MethodInvocationHelper.java:139)
	at org.testng.internal.invokers.TestInvoker.invokeMethod(TestInvoker.java:664)
	at org.testng.internal.invokers.TestInvoker.invokeTestMethod(TestInvoker.java:227)
	at org.testng.internal.invokers.MethodRunner.runInSequence(MethodRunner.java:50)
	at org.testng.internal.invokers.TestInvoker$MethodInvocationAgent.invoke(TestInvoker.java:957)
	at org.testng.internal.invokers.TestInvoker.invokeTestMethods(TestInvoker.java:200)
	at org.testng.internal.invokers.TestMethodWorker.invokeTestMethods(TestMethodWorker.java:148)
	at org.testng.internal.invokers.TestMethodWorker.run(TestMethodWorker.java:128)
	at java.base/java.util.ArrayList.forEach(ArrayList.java:1596)
	at org.testng.TestRunner.privateRun(TestRunner.java:848)
	at org.testng.TestRunner.run(TestRunner.java:621)
	at org.testng.SuiteRunner.runTest(SuiteRunner.java:443)
	at org.testng.SuiteRunner.runSequentially(SuiteRunner.java:437)
	at org.testng.SuiteRunner.privateRun(SuiteRunner.java:397)
	at org.testng.SuiteRunner.run(SuiteRunner.java:336)
	at org.testng.SuiteRunnerWorker.runSuite(SuiteRunnerWorker.java:52)
	at org.testng.SuiteRunnerWorker.run(SuiteRunnerWorker.java:95)
	at org.testng.TestNG.runSuitesSequentially(TestNG.java:1280)
	at org.testng.TestNG.runSuitesLocally(TestNG.java:1200)
	at org.testng.TestNG.runSuites(TestNG.java:1114)
	at org.testng.TestNG.run(TestNG.java:1082)
	at org.apache.maven.surefire.testng.TestNGExecutor.run(TestNGExecutor.java:155)
	at org.apache.maven.surefire.testng.TestNGDirectoryTestSuite.executeMulti(TestNGDirectoryTestSuite.java:169)
	at org.apache.maven.surefire.testng.TestNGDirectoryTestSuite.execute(TestNGDirectoryTestSuite.java:88)
	at org.apache.maven.surefire.testng.TestNGProvider.invoke(TestNGProvider.java:137)
	at org.apache.maven.surefire.booter.ForkedBooter.runSuitesInProcess(ForkedBooter.java:385)
	at org.apache.maven.surefire.booter.ForkedBooter.execute(ForkedBooter.java:162)
	at org.apache.maven.surefire.booter.ForkedBooter.run(ForkedBooter.java:507)
	at org.apache.maven.surefire.booter.ForkedBooter.main(ForkedBooter.java:495)
]]></failure>
    <system-out><![CDATA[🚀 Starting test execution...
📋 Testing GET /carts/0 (invalid ID)
]]></system-out>
  </testcase>
  <testcase name="testGetSingleCartByInvalidId[999](3)" classname="com.emmanuelarhu.tests.CartsApiTest" time="1.045">
    <failure message="1 expectation failed.&#10;Expected status code (&lt;400&gt; or &lt;404&gt; or &lt;403&gt;) but was &lt;200&gt;.&#10;" type="java.lang.AssertionError"><![CDATA[java.lang.AssertionError: 
1 expectation failed.
Expected status code (<400> or <404> or <403>) but was <200>.

	at java.base/jdk.internal.reflect.DirectConstructorHandleAccessor.newInstance(DirectConstructorHandleAccessor.java:62)
	at java.base/java.lang.reflect.Constructor.newInstanceWithCaller(Constructor.java:502)
	at java.base/java.lang.reflect.Constructor.newInstance(Constructor.java:486)
	at org.codehaus.groovy.reflection.CachedConstructor.invoke(CachedConstructor.java:73)
	at org.codehaus.groovy.runtime.callsite.ConstructorSite$ConstructorSiteNoUnwrapNoCoerce.callConstructor(ConstructorSite.java:108)
	at org.codehaus.groovy.runtime.callsite.AbstractCallSite.callConstructor(AbstractCallSite.java:277)
	at io.restassured.internal.ResponseSpecificationImpl$HamcrestAssertionClosure.validate(ResponseSpecificationImpl.groovy:512)
	at io.restassured.internal.ResponseSpecificationImpl$HamcrestAssertionClosure$validate$1.call(Unknown Source)
	at io.restassured.internal.ResponseSpecificationImpl.validateResponseIfRequired(ResponseSpecificationImpl.groovy:696)
	at io.restassured.internal.ResponseSpecificationImpl.this$2$validateResponseIfRequired(ResponseSpecificationImpl.groovy)
	at java.base/jdk.internal.reflect.DirectMethodHandleAccessor.invoke(DirectMethodHandleAccessor.java:103)
	at java.base/java.lang.reflect.Method.invoke(Method.java:580)
	at org.codehaus.groovy.runtime.callsite.PlainObjectMetaMethodSite.doInvoke(PlainObjectMetaMethodSite.java:43)
	at org.codehaus.groovy.runtime.callsite.PogoMetaMethodSite$PogoCachedMethodSiteNoUnwrapNoCoerce.invoke(PogoMetaMethodSite.java:198)
	at org.codehaus.groovy.runtime.callsite.PogoMetaMethodSite.callCurrent(PogoMetaMethodSite.java:62)
	at org.codehaus.groovy.runtime.callsite.AbstractCallSite.callCurrent(AbstractCallSite.java:185)
	at io.restassured.internal.ResponseSpecificationImpl.statusCode(ResponseSpecificationImpl.groovy:135)
	at io.restassured.internal.ValidatableResponseOptionsImpl.statusCode(ValidatableResponseOptionsImpl.java:84)
	at com.emmanuelarhu.tests.CartsApiTest.testGetSingleCartByInvalidId(CartsApiTest.java:105)
	at java.base/jdk.internal.reflect.DirectMethodHandleAccessor.invoke(DirectMethodHandleAccessor.java:103)
	at java.base/java.lang.reflect.Method.invoke(Method.java:580)
	at org.testng.internal.invokers.MethodInvocationHelper.invokeMethod(MethodInvocationHelper.java:139)
	at org.testng.internal.invokers.TestInvoker.invokeMethod(TestInvoker.java:664)
	at org.testng.internal.invokers.TestInvoker.invokeTestMethod(TestInvoker.java:227)
	at org.testng.internal.invokers.MethodRunner.runInSequence(MethodRunner.java:50)
	at org.testng.internal.invokers.TestInvoker$MethodInvocationAgent.invoke(TestInvoker.java:957)
	at org.testng.internal.invokers.TestInvoker.invokeTestMethods(TestInvoker.java:200)
	at org.testng.internal.invokers.TestMethodWorker.invokeTestMethods(TestMethodWorker.java:148)
	at org.testng.internal.invokers.TestMethodWorker.run(TestMethodWorker.java:128)
	at java.base/java.util.ArrayList.forEach(ArrayList.java:1596)
	at org.testng.TestRunner.privateRun(TestRunner.java:848)
	at org.testng.TestRunner.run(TestRunner.java:621)
	at org.testng.SuiteRunner.runTest(SuiteRunner.java:443)
	at org.testng.SuiteRunner.runSequentially(SuiteRunner.java:437)
	at org.testng.SuiteRunner.privateRun(SuiteRunner.java:397)
	at org.testng.SuiteRunner.run(SuiteRunner.java:336)
	at org.testng.SuiteRunnerWorker.runSuite(SuiteRunnerWorker.java:52)
	at org.testng.SuiteRunnerWorker.run(SuiteRunnerWorker.java:95)
	at org.testng.TestNG.runSuitesSequentially(TestNG.java:1280)
	at org.testng.TestNG.runSuitesLocally(TestNG.java:1200)
	at org.testng.TestNG.runSuites(TestNG.java:1114)
	at org.testng.TestNG.run(TestNG.java:1082)
	at org.apache.maven.surefire.testng.TestNGExecutor.run(TestNGExecutor.java:155)
	at org.apache.maven.surefire.testng.TestNGDirectoryTestSuite.executeMulti(TestNGDirectoryTestSuite.java:169)
	at org.apache.maven.surefire.testng.TestNGDirectoryTestSuite.execute(TestNGDirectoryTestSuite.java:88)
	at org.apache.maven.surefire.testng.TestNGProvider.invoke(TestNGProvider.java:137)
	at org.apache.maven.surefire.booter.ForkedBooter.runSuitesInProcess(ForkedBooter.java:385)
	at org.apache.maven.surefire.booter.ForkedBooter.execute(ForkedBooter.java:162)
	at org.apache.maven.surefire.booter.ForkedBooter.run(ForkedBooter.java:507)
	at org.apache.maven.surefire.booter.ForkedBooter.main(ForkedBooter.java:495)
]]></failure>
    <system-out><![CDATA[🚀 Starting test execution...
📋 Testing GET /carts/999 (invalid ID)
]]></system-out>
  </testcase>
  <testcase name="testGetSingleCartByInvalidId[1000](4)" classname="com.emmanuelarhu.tests.CartsApiTest" time="0.809">
    <failure message="1 expectation failed.&#10;Expected status code (&lt;400&gt; or &lt;404&gt; or &lt;403&gt;) but was &lt;200&gt;.&#10;" type="java.lang.AssertionError"><![CDATA[java.lang.AssertionError: 
1 expectation failed.
Expected status code (<400> or <404> or <403>) but was <200>.

	at java.base/jdk.internal.reflect.DirectConstructorHandleAccessor.newInstance(DirectConstructorHandleAccessor.java:62)
	at java.base/java.lang.reflect.Constructor.newInstanceWithCaller(Constructor.java:502)
	at java.base/java.lang.reflect.Constructor.newInstance(Constructor.java:486)
	at org.codehaus.groovy.reflection.CachedConstructor.invoke(CachedConstructor.java:73)
	at org.codehaus.groovy.runtime.callsite.ConstructorSite$ConstructorSiteNoUnwrapNoCoerce.callConstructor(ConstructorSite.java:108)
	at org.codehaus.groovy.runtime.callsite.AbstractCallSite.callConstructor(AbstractCallSite.java:277)
	at io.restassured.internal.ResponseSpecificationImpl$HamcrestAssertionClosure.validate(ResponseSpecificationImpl.groovy:512)
	at io.restassured.internal.ResponseSpecificationImpl$HamcrestAssertionClosure$validate$1.call(Unknown Source)
	at io.restassured.internal.ResponseSpecificationImpl.validateResponseIfRequired(ResponseSpecificationImpl.groovy:696)
	at io.restassured.internal.ResponseSpecificationImpl.this$2$validateResponseIfRequired(ResponseSpecificationImpl.groovy)
	at java.base/jdk.internal.reflect.DirectMethodHandleAccessor.invoke(DirectMethodHandleAccessor.java:103)
	at java.base/java.lang.reflect.Method.invoke(Method.java:580)
	at org.codehaus.groovy.runtime.callsite.PlainObjectMetaMethodSite.doInvoke(PlainObjectMetaMethodSite.java:43)
	at org.codehaus.groovy.runtime.callsite.PogoMetaMethodSite$PogoCachedMethodSiteNoUnwrapNoCoerce.invoke(PogoMetaMethodSite.java:198)
	at org.codehaus.groovy.runtime.callsite.PogoMetaMethodSite.callCurrent(PogoMetaMethodSite.java:62)
	at org.codehaus.groovy.runtime.callsite.AbstractCallSite.callCurrent(AbstractCallSite.java:185)
	at io.restassured.internal.ResponseSpecificationImpl.statusCode(ResponseSpecificationImpl.groovy:135)
	at io.restassured.internal.ValidatableResponseOptionsImpl.statusCode(ValidatableResponseOptionsImpl.java:84)
	at com.emmanuelarhu.tests.CartsApiTest.testGetSingleCartByInvalidId(CartsApiTest.java:105)
	at java.base/jdk.internal.reflect.DirectMethodHandleAccessor.invoke(DirectMethodHandleAccessor.java:103)
	at java.base/java.lang.reflect.Method.invoke(Method.java:580)
	at org.testng.internal.invokers.MethodInvocationHelper.invokeMethod(MethodInvocationHelper.java:139)
	at org.testng.internal.invokers.TestInvoker.invokeMethod(TestInvoker.java:664)
	at org.testng.internal.invokers.TestInvoker.invokeTestMethod(TestInvoker.java:227)
	at org.testng.internal.invokers.MethodRunner.runInSequence(MethodRunner.java:50)
	at org.testng.internal.invokers.TestInvoker$MethodInvocationAgent.invoke(TestInvoker.java:957)
	at org.testng.internal.invokers.TestInvoker.invokeTestMethods(TestInvoker.java:200)
	at org.testng.internal.invokers.TestMethodWorker.invokeTestMethods(TestMethodWorker.java:148)
	at org.testng.internal.invokers.TestMethodWorker.run(TestMethodWorker.java:128)
	at java.base/java.util.ArrayList.forEach(ArrayList.java:1596)
	at org.testng.TestRunner.privateRun(TestRunner.java:848)
	at org.testng.TestRunner.run(TestRunner.java:621)
	at org.testng.SuiteRunner.runTest(SuiteRunner.java:443)
	at org.testng.SuiteRunner.runSequentially(SuiteRunner.java:437)
	at org.testng.SuiteRunner.privateRun(SuiteRunner.java:397)
	at org.testng.SuiteRunner.run(SuiteRunner.java:336)
	at org.testng.SuiteRunnerWorker.runSuite(SuiteRunnerWorker.java:52)
	at org.testng.SuiteRunnerWorker.run(SuiteRunnerWorker.java:95)
	at org.testng.TestNG.runSuitesSequentially(TestNG.java:1280)
	at org.testng.TestNG.runSuitesLocally(TestNG.java:1200)
	at org.testng.TestNG.runSuites(TestNG.java:1114)
	at org.testng.TestNG.run(TestNG.java:1082)
	at org.apache.maven.surefire.testng.TestNGExecutor.run(TestNGExecutor.java:155)
	at org.apache.maven.surefire.testng.TestNGDirectoryTestSuite.executeMulti(TestNGDirectoryTestSuite.java:169)
	at org.apache.maven.surefire.testng.TestNGDirectoryTestSuite.execute(TestNGDirectoryTestSuite.java:88)
	at org.apache.maven.surefire.testng.TestNGProvider.invoke(TestNGProvider.java:137)
	at org.apache.maven.surefire.booter.ForkedBooter.runSuitesInProcess(ForkedBooter.java:385)
	at org.apache.maven.surefire.booter.ForkedBooter.execute(ForkedBooter.java:162)
	at org.apache.maven.surefire.booter.ForkedBooter.run(ForkedBooter.java:507)
	at org.apache.maven.surefire.booter.ForkedBooter.main(ForkedBooter.java:495)
]]></failure>
    <system-out><![CDATA[🚀 Starting test execution...
📋 Testing GET /carts/1000 (invalid ID)
]]></system-out>
  </testcase>
  <testcase name="testGetSingleCartByInvalidId[9999](5)" classname="com.emmanuelarhu.tests.CartsApiTest" time="0.846">
    <failure message="1 expectation failed.&#10;Expected status code (&lt;400&gt; or &lt;404&gt; or &lt;403&gt;) but was &lt;200&gt;.&#10;" type="java.lang.AssertionError"><![CDATA[java.lang.AssertionError: 
1 expectation failed.
Expected status code (<400> or <404> or <403>) but was <200>.

	at java.base/jdk.internal.reflect.DirectConstructorHandleAccessor.newInstance(DirectConstructorHandleAccessor.java:62)
	at java.base/java.lang.reflect.Constructor.newInstanceWithCaller(Constructor.java:502)
	at java.base/java.lang.reflect.Constructor.newInstance(Constructor.java:486)
	at org.codehaus.groovy.reflection.CachedConstructor.invoke(CachedConstructor.java:73)
	at org.codehaus.groovy.runtime.callsite.ConstructorSite$ConstructorSiteNoUnwrapNoCoerce.callConstructor(ConstructorSite.java:108)
	at org.codehaus.groovy.runtime.callsite.AbstractCallSite.callConstructor(AbstractCallSite.java:277)
	at io.restassured.internal.ResponseSpecificationImpl$HamcrestAssertionClosure.validate(ResponseSpecificationImpl.groovy:512)
	at io.restassured.internal.ResponseSpecificationImpl$HamcrestAssertionClosure$validate$1.call(Unknown Source)
	at io.restassured.internal.ResponseSpecificationImpl.validateResponseIfRequired(ResponseSpecificationImpl.groovy:696)
	at io.restassured.internal.ResponseSpecificationImpl.this$2$validateResponseIfRequired(ResponseSpecificationImpl.groovy)
	at java.base/jdk.internal.reflect.DirectMethodHandleAccessor.invoke(DirectMethodHandleAccessor.java:103)
	at java.base/java.lang.reflect.Method.invoke(Method.java:580)
	at org.codehaus.groovy.runtime.callsite.PlainObjectMetaMethodSite.doInvoke(PlainObjectMetaMethodSite.java:43)
	at org.codehaus.groovy.runtime.callsite.PogoMetaMethodSite$PogoCachedMethodSiteNoUnwrapNoCoerce.invoke(PogoMetaMethodSite.java:198)
	at org.codehaus.groovy.runtime.callsite.PogoMetaMethodSite.callCurrent(PogoMetaMethodSite.java:62)
	at org.codehaus.groovy.runtime.callsite.AbstractCallSite.callCurrent(AbstractCallSite.java:185)
	at io.restassured.internal.ResponseSpecificationImpl.statusCode(ResponseSpecificationImpl.groovy:135)
	at io.restassured.internal.ValidatableResponseOptionsImpl.statusCode(ValidatableResponseOptionsImpl.java:84)
	at com.emmanuelarhu.tests.CartsApiTest.testGetSingleCartByInvalidId(CartsApiTest.java:105)
	at java.base/jdk.internal.reflect.DirectMethodHandleAccessor.invoke(DirectMethodHandleAccessor.java:103)
	at java.base/java.lang.reflect.Method.invoke(Method.java:580)
	at org.testng.internal.invokers.MethodInvocationHelper.invokeMethod(MethodInvocationHelper.java:139)
	at org.testng.internal.invokers.TestInvoker.invokeMethod(TestInvoker.java:664)
	at org.testng.internal.invokers.TestInvoker.invokeTestMethod(TestInvoker.java:227)
	at org.testng.internal.invokers.MethodRunner.runInSequence(MethodRunner.java:50)
	at org.testng.internal.invokers.TestInvoker$MethodInvocationAgent.invoke(TestInvoker.java:957)
	at org.testng.internal.invokers.TestInvoker.invokeTestMethods(TestInvoker.java:200)
	at org.testng.internal.invokers.TestMethodWorker.invokeTestMethods(TestMethodWorker.java:148)
	at org.testng.internal.invokers.TestMethodWorker.run(TestMethodWorker.java:128)
	at java.base/java.util.ArrayList.forEach(ArrayList.java:1596)
	at org.testng.TestRunner.privateRun(TestRunner.java:848)
	at org.testng.TestRunner.run(TestRunner.java:621)
	at org.testng.SuiteRunner.runTest(SuiteRunner.java:443)
	at org.testng.SuiteRunner.runSequentially(SuiteRunner.java:437)
	at org.testng.SuiteRunner.privateRun(SuiteRunner.java:397)
	at org.testng.SuiteRunner.run(SuiteRunner.java:336)
	at org.testng.SuiteRunnerWorker.runSuite(SuiteRunnerWorker.java:52)
	at org.testng.SuiteRunnerWorker.run(SuiteRunnerWorker.java:95)
	at org.testng.TestNG.runSuitesSequentially(TestNG.java:1280)
	at org.testng.TestNG.runSuitesLocally(TestNG.java:1200)
	at org.testng.TestNG.runSuites(TestNG.java:1114)
	at org.testng.TestNG.run(TestNG.java:1082)
	at org.apache.maven.surefire.testng.TestNGExecutor.run(TestNGExecutor.java:155)
	at org.apache.maven.surefire.testng.TestNGDirectoryTestSuite.executeMulti(TestNGDirectoryTestSuite.java:169)
	at org.apache.maven.surefire.testng.TestNGDirectoryTestSuite.execute(TestNGDirectoryTestSuite.java:88)
	at org.apache.maven.surefire.testng.TestNGProvider.invoke(TestNGProvider.java:137)
	at org.apache.maven.surefire.booter.ForkedBooter.runSuitesInProcess(ForkedBooter.java:385)
	at org.apache.maven.surefire.booter.ForkedBooter.execute(ForkedBooter.java:162)
	at org.apache.maven.surefire.booter.ForkedBooter.run(ForkedBooter.java:507)
	at org.apache.maven.surefire.booter.ForkedBooter.main(ForkedBooter.java:495)
]]></failure>
    <system-out><![CDATA[🚀 Starting test execution...
📋 Testing GET /carts/9999 (invalid ID)
]]></system-out>
  </testcase>
  <testcase name="testGetSingleCartByInvalidId[2147483647](6)" classname="com.emmanuelarhu.tests.CartsApiTest" time="0.979">
    <failure message="1 expectation failed.&#10;Expected status code (&lt;400&gt; or &lt;404&gt; or &lt;403&gt;) but was &lt;200&gt;.&#10;" type="java.lang.AssertionError"><![CDATA[java.lang.AssertionError: 
1 expectation failed.
Expected status code (<400> or <404> or <403>) but was <200>.

	at java.base/jdk.internal.reflect.DirectConstructorHandleAccessor.newInstance(DirectConstructorHandleAccessor.java:62)
	at java.base/java.lang.reflect.Constructor.newInstanceWithCaller(Constructor.java:502)
	at java.base/java.lang.reflect.Constructor.newInstance(Constructor.java:486)
	at org.codehaus.groovy.reflection.CachedConstructor.invoke(CachedConstructor.java:73)
	at org.codehaus.groovy.runtime.callsite.ConstructorSite$ConstructorSiteNoUnwrapNoCoerce.callConstructor(ConstructorSite.java:108)
	at org.codehaus.groovy.runtime.callsite.AbstractCallSite.callConstructor(AbstractCallSite.java:277)
	at io.restassured.internal.ResponseSpecificationImpl$HamcrestAssertionClosure.validate(ResponseSpecificationImpl.groovy:512)
	at io.restassured.internal.ResponseSpecificationImpl$HamcrestAssertionClosure$validate$1.call(Unknown Source)
	at io.restassured.internal.ResponseSpecificationImpl.validateResponseIfRequired(ResponseSpecificationImpl.groovy:696)
	at io.restassured.internal.ResponseSpecificationImpl.this$2$validateResponseIfRequired(ResponseSpecificationImpl.groovy)
	at java.base/jdk.internal.reflect.DirectMethodHandleAccessor.invoke(DirectMethodHandleAccessor.java:103)
	at java.base/java.lang.reflect.Method.invoke(Method.java:580)
	at org.codehaus.groovy.runtime.callsite.PlainObjectMetaMethodSite.doInvoke(PlainObjectMetaMethodSite.java:43)
	at org.codehaus.groovy.runtime.callsite.PogoMetaMethodSite$PogoCachedMethodSiteNoUnwrapNoCoerce.invoke(PogoMetaMethodSite.java:198)
	at org.codehaus.groovy.runtime.callsite.PogoMetaMethodSite.callCurrent(PogoMetaMethodSite.java:62)
	at org.codehaus.groovy.runtime.callsite.AbstractCallSite.callCurrent(AbstractCallSite.java:185)
	at io.restassured.internal.ResponseSpecificationImpl.statusCode(ResponseSpecificationImpl.groovy:135)
	at io.restassured.internal.ValidatableResponseOptionsImpl.statusCode(ValidatableResponseOptionsImpl.java:84)
	at com.emmanuelarhu.tests.CartsApiTest.testGetSingleCartByInvalidId(CartsApiTest.java:105)
	at java.base/jdk.internal.reflect.DirectMethodHandleAccessor.invoke(DirectMethodHandleAccessor.java:103)
	at java.base/java.lang.reflect.Method.invoke(Method.java:580)
	at org.testng.internal.invokers.MethodInvocationHelper.invokeMethod(MethodInvocationHelper.java:139)
	at org.testng.internal.invokers.TestInvoker.invokeMethod(TestInvoker.java:664)
	at org.testng.internal.invokers.TestInvoker.invokeTestMethod(TestInvoker.java:227)
	at org.testng.internal.invokers.MethodRunner.runInSequence(MethodRunner.java:50)
	at org.testng.internal.invokers.TestInvoker$MethodInvocationAgent.invoke(TestInvoker.java:957)
	at org.testng.internal.invokers.TestInvoker.invokeTestMethods(TestInvoker.java:200)
	at org.testng.internal.invokers.TestMethodWorker.invokeTestMethods(TestMethodWorker.java:148)
	at org.testng.internal.invokers.TestMethodWorker.run(TestMethodWorker.java:128)
	at java.base/java.util.ArrayList.forEach(ArrayList.java:1596)
	at org.testng.TestRunner.privateRun(TestRunner.java:848)
	at org.testng.TestRunner.run(TestRunner.java:621)
	at org.testng.SuiteRunner.runTest(SuiteRunner.java:443)
	at org.testng.SuiteRunner.runSequentially(SuiteRunner.java:437)
	at org.testng.SuiteRunner.privateRun(SuiteRunner.java:397)
	at org.testng.SuiteRunner.run(SuiteRunner.java:336)
	at org.testng.SuiteRunnerWorker.runSuite(SuiteRunnerWorker.java:52)
	at org.testng.SuiteRunnerWorker.run(SuiteRunnerWorker.java:95)
	at org.testng.TestNG.runSuitesSequentially(TestNG.java:1280)
	at org.testng.TestNG.runSuitesLocally(TestNG.java:1200)
	at org.testng.TestNG.runSuites(TestNG.java:1114)
	at org.testng.TestNG.run(TestNG.java:1082)
	at org.apache.maven.surefire.testng.TestNGExecutor.run(TestNGExecutor.java:155)
	at org.apache.maven.surefire.testng.TestNGDirectoryTestSuite.executeMulti(TestNGDirectoryTestSuite.java:169)
	at org.apache.maven.surefire.testng.TestNGDirectoryTestSuite.execute(TestNGDirectoryTestSuite.java:88)
	at org.apache.maven.surefire.testng.TestNGProvider.invoke(TestNGProvider.java:137)
	at org.apache.maven.surefire.booter.ForkedBooter.runSuitesInProcess(ForkedBooter.java:385)
	at org.apache.maven.surefire.booter.ForkedBooter.execute(ForkedBooter.java:162)
	at org.apache.maven.surefire.booter.ForkedBooter.run(ForkedBooter.java:507)
	at org.apache.maven.surefire.booter.ForkedBooter.main(ForkedBooter.java:495)
]]></failure>
    <system-out><![CDATA[🚀 Starting test execution...
📋 Testing GET /carts/2147483647 (invalid ID)
]]></system-out>
  </testcase>
  <testcase name="testGetSingleCartByNonNumericId" classname="com.emmanuelarhu.tests.CartsApiTest" time="0.973">
    <system-out><![CDATA[🚀 Starting test execution...
📋 Testing GET /carts/abc (non-numeric ID)
HTTP/1.1 400 Bad Request
Date: Fri, 15 Aug 2025 13:48:35 GMT
Content-Type: application/json; charset=utf-8
Content-Length: 57
Connection: keep-alive
Access-Control-Allow-Origin: *
Etag: W/"39-eWJKekXEKg16Sl+SzKMPamaRzT0"
X-Powered-By: Express
Cf-Cache-Status: DYNAMIC
Nel: {"report_to":"cf-nel","success_fraction":0.0,"max_age":604800}
Report-To: {"group":"cf-nel","max_age":604800,"endpoints":[{"url":"https://a.nel.cloudflare.com/report/v4?s=BU49RGlNg0Tsvzo0ztJURix%2FhmM%2FCWDsqOx1XVI5D611oLgiowftKs3ZCrgSrQ17Cr3qmhhBjSy%2FOLjhTVEk82Nj5vki9Bo92yxVqG39mos%3D"}]}
Server: cloudflare
CF-RAY: 96f9267fcbc42a7b-CDG
alt-svc: h3=":443"; ma=86400

{
    "status": "error",
    "message": "cart id should be provided"
}
]]></system-out>
  </testcase>
  <testcase name="testGetSingleCartBySpecialCharacterId" classname="com.emmanuelarhu.tests.CartsApiTest" time="0.882">
    <system-out><![CDATA[🚀 Starting test execution...
📋 Testing GET /carts/@#$ (special characters)
HTTP/1.1 400 Bad Request
Date: Fri, 15 Aug 2025 13:48:36 GMT
Content-Type: application/json; charset=utf-8
Content-Length: 57
Connection: keep-alive
Access-Control-Allow-Origin: *
Etag: W/"39-eWJKekXEKg16Sl+SzKMPamaRzT0"
X-Powered-By: Express
Cf-Cache-Status: DYNAMIC
Nel: {"report_to":"cf-nel","success_fraction":0.0,"max_age":604800}
Report-To: {"group":"cf-nel","max_age":604800,"endpoints":[{"url":"https://a.nel.cloudflare.com/report/v4?s=Q%2B3rn3z%2BM7o6n5VdgZ3mL%2Bc7P%2Bl3NXJXCwdzqheqUyfL12CsZTcG8qHTn35MnetpOaA9aPdypczFFKqTPI9eADm3i6enBOSTrj6D94t3ZPM%3D"}]}
Server: cloudflare
CF-RAY: 96f92685fdc500d4-CDG
alt-svc: h3=":443"; ma=86400

{
    "status": "error",
    "message": "cart id should be provided"
}
]]></system-out>
  </testcase>
  <testcase name="testCreateCartWithValidData[Cart{id=null, userId=1, products=[CartItem{productId=1, quantity=2}, CartItem{productId=2, quantity=1}], date=&apos;2024-01-01&apos;}](1)" classname="com.emmanuelarhu.tests.CartsApiTest" time="2.431">
    <system-out><![CDATA[🚀 Starting test execution...
📋 Testing POST /carts with valid data for user: 1
HTTP/1.1 201 Created
Date: Fri, 15 Aug 2025 13:48:37 GMT
Content-Type: application/json; charset=utf-8
Content-Length: 111
Connection: keep-alive
Access-Control-Allow-Origin: *
Etag: W/"6f-c543LPogBjUfKya6GN+FGVAS0Fs"
X-Powered-By: Express
Cf-Cache-Status: DYNAMIC
Nel: {"report_to":"cf-nel","success_fraction":0.0,"max_age":604800}
Report-To: {"group":"cf-nel","max_age":604800,"endpoints":[{"url":"https://a.nel.cloudflare.com/report/v4?s=JM1alcmg64jS%2B6koRh82zIlaEdm7Pb7EaqW1ZfXsntjL%2FY%2B%2FXxtM71IXXUQlBKKI%2FGT9vJ55XzJOwqkvA33%2FiRrnXQ8GYLLvBE1z7BFYjoQ%3D"}]}
Server: cloudflare
CF-RAY: 96f926908f3a2a0b-CDG
alt-svc: h3=":443"; ma=86400

{
    "id": 11,
    "userId": 1,
    "date": "2024-01-01",
    "products": [
        {
            "productId": 1,
            "quantity": 2
        },
        {
            "productId": 2,
            "quantity": 1
        }
    ]
}
✅ Cart created with ID: 11
]]></system-out>
  </testcase>
  <testcase name="testCreateCartWithValidData[Cart{id=null, userId=2, products=[CartItem{productId=3, quantity=1}, CartItem{productId=4, quantity=3}, CartItem{productId=5, quantity=2}], date=&apos;2024-01-02&apos;}](2)" classname="com.emmanuelarhu.tests.CartsApiTest" time="0.837">
    <system-out><![CDATA[🚀 Starting test execution...
📋 Testing POST /carts with valid data for user: 2
HTTP/1.1 201 Created
Date: Fri, 15 Aug 2025 13:48:39 GMT
Content-Type: application/json; charset=utf-8
Content-Length: 140
Connection: keep-alive
Access-Control-Allow-Origin: *
Etag: W/"8c-ymcDb2MT8gmJLIHY5Rc1hQMzAmc"
X-Powered-By: Express
Cf-Cache-Status: DYNAMIC
Nel: {"report_to":"cf-nel","success_fraction":0.0,"max_age":604800}
Report-To: {"group":"cf-nel","max_age":604800,"endpoints":[{"url":"https://a.nel.cloudflare.com/report/v4?s=4FW%2BgGV9K5hSktjVOPoAl3nCQgdxg7B4S4Gce%2FR5YTdDnPc%2Fp18XEi1taZ3%2BvbPAt133vkshqd3CQEaQbpK69ydM%2FKxI0tyQYS2yOyErHqw%3D"}]}
Server: cloudflare
CF-RAY: 96f9269cdb897e80-CDG
alt-svc: h3=":443"; ma=86400

{
    "id": 11,
    "userId": 2,
    "date": "2024-01-02",
    "products": [
        {
            "productId": 3,
            "quantity": 1
        },
        {
            "productId": 4,
            "quantity": 3
        },
        {
            "productId": 5,
            "quantity": 2
        }
    ]
}
✅ Cart created with ID: 11
]]></system-out>
  </testcase>
  <testcase name="testCreateCartWithValidData[Cart{id=null, userId=3, products=[CartItem{productId=1, quantity=5}], date=&apos;2024-01-03&apos;}](3)" classname="com.emmanuelarhu.tests.CartsApiTest" time="0.867">
    <system-out><![CDATA[🚀 Starting test execution...
📋 Testing POST /carts with valid data for user: 3
HTTP/1.1 201 Created
Date: Fri, 15 Aug 2025 13:48:40 GMT
Content-Type: application/json; charset=utf-8
Content-Length: 82
Connection: keep-alive
Access-Control-Allow-Origin: *
Etag: W/"52-hKNftAxfbYeXobnWi0qCSTCqttU"
X-Powered-By: Express
Cf-Cache-Status: DYNAMIC
Nel: {"report_to":"cf-nel","success_fraction":0.0,"max_age":604800}
Report-To: {"group":"cf-nel","max_age":604800,"endpoints":[{"url":"https://a.nel.cloudflare.com/report/v4?s=378lQOdx5CCR%2FQXfxrATZjGED5y0gU6TgAmhlGK%2BBM%2BBa7NHD98tdvbWJaFrUPw7p2iGMsmgKioeinc3cwdlfp2IfrM1xGfmdN17fKWM1X8%3D"}]}
Server: cloudflare
CF-RAY: 96f926a269e8d0b6-CDG
alt-svc: h3=":443"; ma=86400

{
    "id": 11,
    "userId": 3,
    "date": "2024-01-03",
    "products": [
        {
            "productId": 1,
            "quantity": 5
        }
    ]
}
✅ Cart created with ID: 11
]]></system-out>
  </testcase>
  <testcase name="testCreateCartWithValidData[Cart{id=null, userId=4, products=[CartItem{productId=2, quantity=2}, CartItem{productId=6, quantity=1}], date=&apos;2024-01-04&apos;}](4)" classname="com.emmanuelarhu.tests.CartsApiTest" time="1.834">
    <system-out><![CDATA[🚀 Starting test execution...
📋 Testing POST /carts with valid data for user: 4
HTTP/1.1 201 Created
Date: Fri, 15 Aug 2025 13:48:42 GMT
Content-Type: application/json; charset=utf-8
Content-Length: 111
Connection: keep-alive
Access-Control-Allow-Origin: *
Etag: W/"6f-oVHQgSw6JxTeANhx8lDgEtyp9fE"
X-Powered-By: Express
Cf-Cache-Status: DYNAMIC
Nel: {"report_to":"cf-nel","success_fraction":0.0,"max_age":604800}
Report-To: {"group":"cf-nel","max_age":604800,"endpoints":[{"url":"https://a.nel.cloudflare.com/report/v4?s=4gaZ7sGxGxlnRJeek%2FBxYWRwtLnehjDQimiiC84TxaBwMm%2Baek3IJvxvx52anaktAxvcA94koV1G57atAVpgOXyyijhurHxnjDvqmbK1y9M%3D"}]}
Server: cloudflare
CF-RAY: 96f926af3a63c0a4-CDG
alt-svc: h3=":443"; ma=86400

{
    "id": 11,
    "userId": 4,
    "date": "2024-01-04",
    "products": [
        {
            "productId": 2,
            "quantity": 2
        },
        {
            "productId": 6,
            "quantity": 1
        }
    ]
}
✅ Cart created with ID: 11
]]></system-out>
  </testcase>
  <testcase name="testCreateCartWithValidData[Cart{id=null, userId=5, products=[CartItem{productId=7, quantity=1}, CartItem{productId=8, quantity=2}, CartItem{productId=9, quantity=1}, CartItem{productId=10, quantity=1}], date=&apos;2024-01-05&apos;}](5)" classname="com.emmanuelarhu.tests.CartsApiTest" time="0.906">
    <system-out><![CDATA[🚀 Starting test execution...
📋 Testing POST /carts with valid data for user: 5
HTTP/1.1 201 Created
Date: Fri, 15 Aug 2025 13:48:43 GMT
Content-Type: application/json; charset=utf-8
Content-Length: 170
Connection: keep-alive
Access-Control-Allow-Origin: *
Etag: W/"aa-s7hL9d0VD2cONjMW5Zp3Mny8tPs"
X-Powered-By: Express
Cf-Cache-Status: DYNAMIC
Nel: {"report_to":"cf-nel","success_fraction":0.0,"max_age":604800}
Report-To: {"group":"cf-nel","max_age":604800,"endpoints":[{"url":"https://a.nel.cloudflare.com/report/v4?s=GmMLFev0PH3x%2FNR4XC%2FXwjfspOexeexFOWft445iCgALKySFe%2Fgf6Dej9Q2HJFJDVd8FTF9nPHB%2Br1H9VlS%2F03ZWdzJToq3vzato1jNEKt0%3D"}]}
Server: cloudflare
CF-RAY: 96f926b518a78156-CDG
alt-svc: h3=":443"; ma=86400

{
    "id": 11,
    "userId": 5,
    "date": "2024-01-05",
    "products": [
        {
            "productId": 7,
            "quantity": 1
        },
        {
            "productId": 8,
            "quantity": 2
        },
        {
            "productId": 9,
            "quantity": 1
        },
        {
            "productId": 10,
            "quantity": 1
        }
    ]
}
✅ Cart created with ID: 11
]]></system-out>
  </testcase>
  <testcase name="testCreateCartWithInvalidData[Cart{id=null, userId=null, products=[CartItem{productId=1, quantity=2}], date=&apos;2024-01-01&apos;}, userId](1)" classname="com.emmanuelarhu.tests.CartsApiTest" time="0.658">
    <failure message="1 expectation failed.&#10;Expected status code (&lt;400&gt; or &lt;422&gt; or &lt;403&gt;) but was &lt;201&gt;.&#10;" type="java.lang.AssertionError"><![CDATA[java.lang.AssertionError: 
1 expectation failed.
Expected status code (<400> or <422> or <403>) but was <201>.

	at java.base/jdk.internal.reflect.DirectConstructorHandleAccessor.newInstance(DirectConstructorHandleAccessor.java:62)
	at java.base/java.lang.reflect.Constructor.newInstanceWithCaller(Constructor.java:502)
	at java.base/java.lang.reflect.Constructor.newInstance(Constructor.java:486)
	at org.codehaus.groovy.reflection.CachedConstructor.invoke(CachedConstructor.java:73)
	at org.codehaus.groovy.runtime.callsite.ConstructorSite$ConstructorSiteNoUnwrapNoCoerce.callConstructor(ConstructorSite.java:108)
	at org.codehaus.groovy.runtime.callsite.AbstractCallSite.callConstructor(AbstractCallSite.java:277)
	at io.restassured.internal.ResponseSpecificationImpl$HamcrestAssertionClosure.validate(ResponseSpecificationImpl.groovy:512)
	at io.restassured.internal.ResponseSpecificationImpl$HamcrestAssertionClosure$validate$1.call(Unknown Source)
	at io.restassured.internal.ResponseSpecificationImpl.validateResponseIfRequired(ResponseSpecificationImpl.groovy:696)
	at io.restassured.internal.ResponseSpecificationImpl.this$2$validateResponseIfRequired(ResponseSpecificationImpl.groovy)
	at java.base/jdk.internal.reflect.DirectMethodHandleAccessor.invoke(DirectMethodHandleAccessor.java:103)
	at java.base/java.lang.reflect.Method.invoke(Method.java:580)
	at org.codehaus.groovy.runtime.callsite.PlainObjectMetaMethodSite.doInvoke(PlainObjectMetaMethodSite.java:43)
	at org.codehaus.groovy.runtime.callsite.PogoMetaMethodSite$PogoCachedMethodSiteNoUnwrapNoCoerce.invoke(PogoMetaMethodSite.java:198)
	at org.codehaus.groovy.runtime.callsite.PogoMetaMethodSite.callCurrent(PogoMetaMethodSite.java:62)
	at org.codehaus.groovy.runtime.callsite.AbstractCallSite.callCurrent(AbstractCallSite.java:185)
	at io.restassured.internal.ResponseSpecificationImpl.statusCode(ResponseSpecificationImpl.groovy:135)
	at io.restassured.internal.ValidatableResponseOptionsImpl.statusCode(ValidatableResponseOptionsImpl.java:84)
	at com.emmanuelarhu.tests.CartsApiTest.testCreateCartWithInvalidData(CartsApiTest.java:200)
	at java.base/jdk.internal.reflect.DirectMethodHandleAccessor.invoke(DirectMethodHandleAccessor.java:103)
	at java.base/java.lang.reflect.Method.invoke(Method.java:580)
	at org.testng.internal.invokers.MethodInvocationHelper.invokeMethod(MethodInvocationHelper.java:139)
	at org.testng.internal.invokers.TestInvoker.invokeMethod(TestInvoker.java:664)
	at org.testng.internal.invokers.TestInvoker.invokeTestMethod(TestInvoker.java:227)
	at org.testng.internal.invokers.MethodRunner.runInSequence(MethodRunner.java:50)
	at org.testng.internal.invokers.TestInvoker$MethodInvocationAgent.invoke(TestInvoker.java:957)
	at org.testng.internal.invokers.TestInvoker.invokeTestMethods(TestInvoker.java:200)
	at org.testng.internal.invokers.TestMethodWorker.invokeTestMethods(TestMethodWorker.java:148)
	at org.testng.internal.invokers.TestMethodWorker.run(TestMethodWorker.java:128)
	at java.base/java.util.ArrayList.forEach(ArrayList.java:1596)
	at org.testng.TestRunner.privateRun(TestRunner.java:848)
	at org.testng.TestRunner.run(TestRunner.java:621)
	at org.testng.SuiteRunner.runTest(SuiteRunner.java:443)
	at org.testng.SuiteRunner.runSequentially(SuiteRunner.java:437)
	at org.testng.SuiteRunner.privateRun(SuiteRunner.java:397)
	at org.testng.SuiteRunner.run(SuiteRunner.java:336)
	at org.testng.SuiteRunnerWorker.runSuite(SuiteRunnerWorker.java:52)
	at org.testng.SuiteRunnerWorker.run(SuiteRunnerWorker.java:95)
	at org.testng.TestNG.runSuitesSequentially(TestNG.java:1280)
	at org.testng.TestNG.runSuitesLocally(TestNG.java:1200)
	at org.testng.TestNG.runSuites(TestNG.java:1114)
	at org.testng.TestNG.run(TestNG.java:1082)
	at org.apache.maven.surefire.testng.TestNGExecutor.run(TestNGExecutor.java:155)
	at org.apache.maven.surefire.testng.TestNGDirectoryTestSuite.executeMulti(TestNGDirectoryTestSuite.java:169)
	at org.apache.maven.surefire.testng.TestNGDirectoryTestSuite.execute(TestNGDirectoryTestSuite.java:88)
	at org.apache.maven.surefire.testng.TestNGProvider.invoke(TestNGProvider.java:137)
	at org.apache.maven.surefire.booter.ForkedBooter.runSuitesInProcess(ForkedBooter.java:385)
	at org.apache.maven.surefire.booter.ForkedBooter.execute(ForkedBooter.java:162)
	at org.apache.maven.surefire.booter.ForkedBooter.run(ForkedBooter.java:507)
	at org.apache.maven.surefire.booter.ForkedBooter.main(ForkedBooter.java:495)
]]></failure>
    <system-out><![CDATA[🚀 Starting test execution...
📋 Testing POST /carts with invalid userId
]]></system-out>
  </testcase>
  <testcase name="testCreateCartWithInvalidData[Cart{id=null, userId=-1, products=[CartItem{productId=1, quantity=2}], date=&apos;2024-01-01&apos;}, userId](2)" classname="com.emmanuelarhu.tests.CartsApiTest" time="2.195">
    <failure message="1 expectation failed.&#10;Expected status code (&lt;400&gt; or &lt;422&gt; or &lt;403&gt;) but was &lt;201&gt;.&#10;" type="java.lang.AssertionError"><![CDATA[java.lang.AssertionError: 
1 expectation failed.
Expected status code (<400> or <422> or <403>) but was <201>.

	at java.base/jdk.internal.reflect.DirectConstructorHandleAccessor.newInstance(DirectConstructorHandleAccessor.java:62)
	at java.base/java.lang.reflect.Constructor.newInstanceWithCaller(Constructor.java:502)
	at java.base/java.lang.reflect.Constructor.newInstance(Constructor.java:486)
	at org.codehaus.groovy.reflection.CachedConstructor.invoke(CachedConstructor.java:73)
	at org.codehaus.groovy.runtime.callsite.ConstructorSite$ConstructorSiteNoUnwrapNoCoerce.callConstructor(ConstructorSite.java:108)
	at org.codehaus.groovy.runtime.callsite.AbstractCallSite.callConstructor(AbstractCallSite.java:277)
	at io.restassured.internal.ResponseSpecificationImpl$HamcrestAssertionClosure.validate(ResponseSpecificationImpl.groovy:512)
	at io.restassured.internal.ResponseSpecificationImpl$HamcrestAssertionClosure$validate$1.call(Unknown Source)
	at io.restassured.internal.ResponseSpecificationImpl.validateResponseIfRequired(ResponseSpecificationImpl.groovy:696)
	at io.restassured.internal.ResponseSpecificationImpl.this$2$validateResponseIfRequired(ResponseSpecificationImpl.groovy)
	at java.base/jdk.internal.reflect.DirectMethodHandleAccessor.invoke(DirectMethodHandleAccessor.java:103)
	at java.base/java.lang.reflect.Method.invoke(Method.java:580)
	at org.codehaus.groovy.runtime.callsite.PlainObjectMetaMethodSite.doInvoke(PlainObjectMetaMethodSite.java:43)
	at org.codehaus.groovy.runtime.callsite.PogoMetaMethodSite$PogoCachedMethodSiteNoUnwrapNoCoerce.invoke(PogoMetaMethodSite.java:198)
	at org.codehaus.groovy.runtime.callsite.PogoMetaMethodSite.callCurrent(PogoMetaMethodSite.java:62)
	at org.codehaus.groovy.runtime.callsite.AbstractCallSite.callCurrent(AbstractCallSite.java:185)
	at io.restassured.internal.ResponseSpecificationImpl.statusCode(ResponseSpecificationImpl.groovy:135)
	at io.restassured.internal.ValidatableResponseOptionsImpl.statusCode(ValidatableResponseOptionsImpl.java:84)
	at com.emmanuelarhu.tests.CartsApiTest.testCreateCartWithInvalidData(CartsApiTest.java:200)
	at java.base/jdk.internal.reflect.DirectMethodHandleAccessor.invoke(DirectMethodHandleAccessor.java:103)
	at java.base/java.lang.reflect.Method.invoke(Method.java:580)
	at org.testng.internal.invokers.MethodInvocationHelper.invokeMethod(MethodInvocationHelper.java:139)
	at org.testng.internal.invokers.TestInvoker.invokeMethod(TestInvoker.java:664)
	at org.testng.internal.invokers.TestInvoker.invokeTestMethod(TestInvoker.java:227)
	at org.testng.internal.invokers.MethodRunner.runInSequence(MethodRunner.java:50)
	at org.testng.internal.invokers.TestInvoker$MethodInvocationAgent.invoke(TestInvoker.java:957)
	at org.testng.internal.invokers.TestInvoker.invokeTestMethods(TestInvoker.java:200)
	at org.testng.internal.invokers.TestMethodWorker.invokeTestMethods(TestMethodWorker.java:148)
	at org.testng.internal.invokers.TestMethodWorker.run(TestMethodWorker.java:128)
	at java.base/java.util.ArrayList.forEach(ArrayList.java:1596)
	at org.testng.TestRunner.privateRun(TestRunner.java:848)
	at org.testng.TestRunner.run(TestRunner.java:621)
	at org.testng.SuiteRunner.runTest(SuiteRunner.java:443)
	at org.testng.SuiteRunner.runSequentially(SuiteRunner.java:437)
	at org.testng.SuiteRunner.privateRun(SuiteRunner.java:397)
	at org.testng.SuiteRunner.run(SuiteRunner.java:336)
	at org.testng.SuiteRunnerWorker.runSuite(SuiteRunnerWorker.java:52)
	at org.testng.SuiteRunnerWorker.run(SuiteRunnerWorker.java:95)
	at org.testng.TestNG.runSuitesSequentially(TestNG.java:1280)
	at org.testng.TestNG.runSuitesLocally(TestNG.java:1200)
	at org.testng.TestNG.runSuites(TestNG.java:1114)
	at org.testng.TestNG.run(TestNG.java:1082)
	at org.apache.maven.surefire.testng.TestNGExecutor.run(TestNGExecutor.java:155)
	at org.apache.maven.surefire.testng.TestNGDirectoryTestSuite.executeMulti(TestNGDirectoryTestSuite.java:169)
	at org.apache.maven.surefire.testng.TestNGDirectoryTestSuite.execute(TestNGDirectoryTestSuite.java:88)
	at org.apache.maven.surefire.testng.TestNGProvider.invoke(TestNGProvider.java:137)
	at org.apache.maven.surefire.booter.ForkedBooter.runSuitesInProcess(ForkedBooter.java:385)
	at org.apache.maven.surefire.booter.ForkedBooter.execute(ForkedBooter.java:162)
	at org.apache.maven.surefire.booter.ForkedBooter.run(ForkedBooter.java:507)
	at org.apache.maven.surefire.booter.ForkedBooter.main(ForkedBooter.java:495)
]]></failure>
    <system-out><![CDATA[🚀 Starting test execution...
📋 Testing POST /carts with invalid userId
]]></system-out>
  </testcase>
  <testcase name="testCreateCartWithInvalidData[Cart{id=null, userId=0, products=[CartItem{productId=1, quantity=2}], date=&apos;2024-01-01&apos;}, userId](3)" classname="com.emmanuelarhu.tests.CartsApiTest" time="0.907">
    <failure message="1 expectation failed.&#10;Expected status code (&lt;400&gt; or &lt;422&gt; or &lt;403&gt;) but was &lt;201&gt;.&#10;" type="java.lang.AssertionError"><![CDATA[java.lang.AssertionError: 
1 expectation failed.
Expected status code (<400> or <422> or <403>) but was <201>.

	at java.base/jdk.internal.reflect.DirectConstructorHandleAccessor.newInstance(DirectConstructorHandleAccessor.java:62)
	at java.base/java.lang.reflect.Constructor.newInstanceWithCaller(Constructor.java:502)
	at java.base/java.lang.reflect.Constructor.newInstance(Constructor.java:486)
	at org.codehaus.groovy.reflection.CachedConstructor.invoke(CachedConstructor.java:73)
	at org.codehaus.groovy.runtime.callsite.ConstructorSite$ConstructorSiteNoUnwrapNoCoerce.callConstructor(ConstructorSite.java:108)
	at org.codehaus.groovy.runtime.callsite.AbstractCallSite.callConstructor(AbstractCallSite.java:277)
	at io.restassured.internal.ResponseSpecificationImpl$HamcrestAssertionClosure.validate(ResponseSpecificationImpl.groovy:512)
	at io.restassured.internal.ResponseSpecificationImpl$HamcrestAssertionClosure$validate$1.call(Unknown Source)
	at io.restassured.internal.ResponseSpecificationImpl.validateResponseIfRequired(ResponseSpecificationImpl.groovy:696)
	at io.restassured.internal.ResponseSpecificationImpl.this$2$validateResponseIfRequired(ResponseSpecificationImpl.groovy)
	at java.base/jdk.internal.reflect.DirectMethodHandleAccessor.invoke(DirectMethodHandleAccessor.java:103)
	at java.base/java.lang.reflect.Method.invoke(Method.java:580)
	at org.codehaus.groovy.runtime.callsite.PlainObjectMetaMethodSite.doInvoke(PlainObjectMetaMethodSite.java:43)
	at org.codehaus.groovy.runtime.callsite.PogoMetaMethodSite$PogoCachedMethodSiteNoUnwrapNoCoerce.invoke(PogoMetaMethodSite.java:198)
	at org.codehaus.groovy.runtime.callsite.PogoMetaMethodSite.callCurrent(PogoMetaMethodSite.java:62)
	at org.codehaus.groovy.runtime.callsite.AbstractCallSite.callCurrent(AbstractCallSite.java:185)
	at io.restassured.internal.ResponseSpecificationImpl.statusCode(ResponseSpecificationImpl.groovy:135)
	at io.restassured.internal.ValidatableResponseOptionsImpl.statusCode(ValidatableResponseOptionsImpl.java:84)
	at com.emmanuelarhu.tests.CartsApiTest.testCreateCartWithInvalidData(CartsApiTest.java:200)
	at java.base/jdk.internal.reflect.DirectMethodHandleAccessor.invoke(DirectMethodHandleAccessor.java:103)
	at java.base/java.lang.reflect.Method.invoke(Method.java:580)
	at org.testng.internal.invokers.MethodInvocationHelper.invokeMethod(MethodInvocationHelper.java:139)
	at org.testng.internal.invokers.TestInvoker.invokeMethod(TestInvoker.java:664)
	at org.testng.internal.invokers.TestInvoker.invokeTestMethod(TestInvoker.java:227)
	at org.testng.internal.invokers.MethodRunner.runInSequence(MethodRunner.java:50)
	at org.testng.internal.invokers.TestInvoker$MethodInvocationAgent.invoke(TestInvoker.java:957)
	at org.testng.internal.invokers.TestInvoker.invokeTestMethods(TestInvoker.java:200)
	at org.testng.internal.invokers.TestMethodWorker.invokeTestMethods(TestMethodWorker.java:148)
	at org.testng.internal.invokers.TestMethodWorker.run(TestMethodWorker.java:128)
	at java.base/java.util.ArrayList.forEach(ArrayList.java:1596)
	at org.testng.TestRunner.privateRun(TestRunner.java:848)
	at org.testng.TestRunner.run(TestRunner.java:621)
	at org.testng.SuiteRunner.runTest(SuiteRunner.java:443)
	at org.testng.SuiteRunner.runSequentially(SuiteRunner.java:437)
	at org.testng.SuiteRunner.privateRun(SuiteRunner.java:397)
	at org.testng.SuiteRunner.run(SuiteRunner.java:336)
	at org.testng.SuiteRunnerWorker.runSuite(SuiteRunnerWorker.java:52)
	at org.testng.SuiteRunnerWorker.run(SuiteRunnerWorker.java:95)
	at org.testng.TestNG.runSuitesSequentially(TestNG.java:1280)
	at org.testng.TestNG.runSuitesLocally(TestNG.java:1200)
	at org.testng.TestNG.runSuites(TestNG.java:1114)
	at org.testng.TestNG.run(TestNG.java:1082)
	at org.apache.maven.surefire.testng.TestNGExecutor.run(TestNGExecutor.java:155)
	at org.apache.maven.surefire.testng.TestNGDirectoryTestSuite.executeMulti(TestNGDirectoryTestSuite.java:169)
	at org.apache.maven.surefire.testng.TestNGDirectoryTestSuite.execute(TestNGDirectoryTestSuite.java:88)
	at org.apache.maven.surefire.testng.TestNGProvider.invoke(TestNGProvider.java:137)
	at org.apache.maven.surefire.booter.ForkedBooter.runSuitesInProcess(ForkedBooter.java:385)
	at org.apache.maven.surefire.booter.ForkedBooter.execute(ForkedBooter.java:162)
	at org.apache.maven.surefire.booter.ForkedBooter.run(ForkedBooter.java:507)
	at org.apache.maven.surefire.booter.ForkedBooter.main(ForkedBooter.java:495)
]]></failure>
    <system-out><![CDATA[🚀 Starting test execution...
📋 Testing POST /carts with invalid userId
]]></system-out>
  </testcase>
  <testcase name="testCreateCartWithInvalidData[Cart{id=null, userId=1, products=null, date=&apos;2024-01-01&apos;}, products](4)" classname="com.emmanuelarhu.tests.CartsApiTest" time="2.27">
    <failure message="1 expectation failed.&#10;Expected status code (&lt;400&gt; or &lt;422&gt; or &lt;403&gt;) but was &lt;201&gt;.&#10;" type="java.lang.AssertionError"><![CDATA[java.lang.AssertionError: 
1 expectation failed.
Expected status code (<400> or <422> or <403>) but was <201>.

	at java.base/jdk.internal.reflect.DirectConstructorHandleAccessor.newInstance(DirectConstructorHandleAccessor.java:62)
	at java.base/java.lang.reflect.Constructor.newInstanceWithCaller(Constructor.java:502)
	at java.base/java.lang.reflect.Constructor.newInstance(Constructor.java:486)
	at org.codehaus.groovy.reflection.CachedConstructor.invoke(CachedConstructor.java:73)
	at org.codehaus.groovy.runtime.callsite.ConstructorSite$ConstructorSiteNoUnwrapNoCoerce.callConstructor(ConstructorSite.java:108)
	at org.codehaus.groovy.runtime.callsite.AbstractCallSite.callConstructor(AbstractCallSite.java:277)
	at io.restassured.internal.ResponseSpecificationImpl$HamcrestAssertionClosure.validate(ResponseSpecificationImpl.groovy:512)
	at io.restassured.internal.ResponseSpecificationImpl$HamcrestAssertionClosure$validate$1.call(Unknown Source)
	at io.restassured.internal.ResponseSpecificationImpl.validateResponseIfRequired(ResponseSpecificationImpl.groovy:696)
	at io.restassured.internal.ResponseSpecificationImpl.this$2$validateResponseIfRequired(ResponseSpecificationImpl.groovy)
	at java.base/jdk.internal.reflect.DirectMethodHandleAccessor.invoke(DirectMethodHandleAccessor.java:103)
	at java.base/java.lang.reflect.Method.invoke(Method.java:580)
	at org.codehaus.groovy.runtime.callsite.PlainObjectMetaMethodSite.doInvoke(PlainObjectMetaMethodSite.java:43)
	at org.codehaus.groovy.runtime.callsite.PogoMetaMethodSite$PogoCachedMethodSiteNoUnwrapNoCoerce.invoke(PogoMetaMethodSite.java:198)
	at org.codehaus.groovy.runtime.callsite.PogoMetaMethodSite.callCurrent(PogoMetaMethodSite.java:62)
	at org.codehaus.groovy.runtime.callsite.AbstractCallSite.callCurrent(AbstractCallSite.java:185)
	at io.restassured.internal.ResponseSpecificationImpl.statusCode(ResponseSpecificationImpl.groovy:135)
	at io.restassured.internal.ValidatableResponseOptionsImpl.statusCode(ValidatableResponseOptionsImpl.java:84)
	at com.emmanuelarhu.tests.CartsApiTest.testCreateCartWithInvalidData(CartsApiTest.java:200)
	at java.base/jdk.internal.reflect.DirectMethodHandleAccessor.invoke(DirectMethodHandleAccessor.java:103)
	at java.base/java.lang.reflect.Method.invoke(Method.java:580)
	at org.testng.internal.invokers.MethodInvocationHelper.invokeMethod(MethodInvocationHelper.java:139)
	at org.testng.internal.invokers.TestInvoker.invokeMethod(TestInvoker.java:664)
	at org.testng.internal.invokers.TestInvoker.invokeTestMethod(TestInvoker.java:227)
	at org.testng.internal.invokers.MethodRunner.runInSequence(MethodRunner.java:50)
	at org.testng.internal.invokers.TestInvoker$MethodInvocationAgent.invoke(TestInvoker.java:957)
	at org.testng.internal.invokers.TestInvoker.invokeTestMethods(TestInvoker.java:200)
	at org.testng.internal.invokers.TestMethodWorker.invokeTestMethods(TestMethodWorker.java:148)
	at org.testng.internal.invokers.TestMethodWorker.run(TestMethodWorker.java:128)
	at java.base/java.util.ArrayList.forEach(ArrayList.java:1596)
	at org.testng.TestRunner.privateRun(TestRunner.java:848)
	at org.testng.TestRunner.run(TestRunner.java:621)
	at org.testng.SuiteRunner.runTest(SuiteRunner.java:443)
	at org.testng.SuiteRunner.runSequentially(SuiteRunner.java:437)
	at org.testng.SuiteRunner.privateRun(SuiteRunner.java:397)
	at org.testng.SuiteRunner.run(SuiteRunner.java:336)
	at org.testng.SuiteRunnerWorker.runSuite(SuiteRunnerWorker.java:52)
	at org.testng.SuiteRunnerWorker.run(SuiteRunnerWorker.java:95)
	at org.testng.TestNG.runSuitesSequentially(TestNG.java:1280)
	at org.testng.TestNG.runSuitesLocally(TestNG.java:1200)
	at org.testng.TestNG.runSuites(TestNG.java:1114)
	at org.testng.TestNG.run(TestNG.java:1082)
	at org.apache.maven.surefire.testng.TestNGExecutor.run(TestNGExecutor.java:155)
	at org.apache.maven.surefire.testng.TestNGDirectoryTestSuite.executeMulti(TestNGDirectoryTestSuite.java:169)
	at org.apache.maven.surefire.testng.TestNGDirectoryTestSuite.execute(TestNGDirectoryTestSuite.java:88)
	at org.apache.maven.surefire.testng.TestNGProvider.invoke(TestNGProvider.java:137)
	at org.apache.maven.surefire.booter.ForkedBooter.runSuitesInProcess(ForkedBooter.java:385)
	at org.apache.maven.surefire.booter.ForkedBooter.execute(ForkedBooter.java:162)
	at org.apache.maven.surefire.booter.ForkedBooter.run(ForkedBooter.java:507)
	at org.apache.maven.surefire.booter.ForkedBooter.main(ForkedBooter.java:495)
]]></failure>
    <system-out><![CDATA[🚀 Starting test execution...
📋 Testing POST /carts with invalid products
]]></system-out>
  </testcase>
  <testcase name="testCreateCartWithInvalidData[Cart{id=null, userId=1, products=[CartItem{productId=1, quantity=2}], date=&apos;null&apos;}, date](5)" classname="com.emmanuelarhu.tests.CartsApiTest" time="0.845">
    <failure message="1 expectation failed.&#10;Expected status code (&lt;400&gt; or &lt;422&gt; or &lt;403&gt;) but was &lt;201&gt;.&#10;" type="java.lang.AssertionError"><![CDATA[java.lang.AssertionError: 
1 expectation failed.
Expected status code (<400> or <422> or <403>) but was <201>.

	at java.base/jdk.internal.reflect.DirectConstructorHandleAccessor.newInstance(DirectConstructorHandleAccessor.java:62)
	at java.base/java.lang.reflect.Constructor.newInstanceWithCaller(Constructor.java:502)
	at java.base/java.lang.reflect.Constructor.newInstance(Constructor.java:486)
	at org.codehaus.groovy.reflection.CachedConstructor.invoke(CachedConstructor.java:73)
	at org.codehaus.groovy.runtime.callsite.ConstructorSite$ConstructorSiteNoUnwrapNoCoerce.callConstructor(ConstructorSite.java:108)
	at org.codehaus.groovy.runtime.callsite.AbstractCallSite.callConstructor(AbstractCallSite.java:277)
	at io.restassured.internal.ResponseSpecificationImpl$HamcrestAssertionClosure.validate(ResponseSpecificationImpl.groovy:512)
	at io.restassured.internal.ResponseSpecificationImpl$HamcrestAssertionClosure$validate$1.call(Unknown Source)
	at io.restassured.internal.ResponseSpecificationImpl.validateResponseIfRequired(ResponseSpecificationImpl.groovy:696)
	at io.restassured.internal.ResponseSpecificationImpl.this$2$validateResponseIfRequired(ResponseSpecificationImpl.groovy)
	at java.base/jdk.internal.reflect.DirectMethodHandleAccessor.invoke(DirectMethodHandleAccessor.java:103)
	at java.base/java.lang.reflect.Method.invoke(Method.java:580)
	at org.codehaus.groovy.runtime.callsite.PlainObjectMetaMethodSite.doInvoke(PlainObjectMetaMethodSite.java:43)
	at org.codehaus.groovy.runtime.callsite.PogoMetaMethodSite$PogoCachedMethodSiteNoUnwrapNoCoerce.invoke(PogoMetaMethodSite.java:198)
	at org.codehaus.groovy.runtime.callsite.PogoMetaMethodSite.callCurrent(PogoMetaMethodSite.java:62)
	at org.codehaus.groovy.runtime.callsite.AbstractCallSite.callCurrent(AbstractCallSite.java:185)
	at io.restassured.internal.ResponseSpecificationImpl.statusCode(ResponseSpecificationImpl.groovy:135)
	at io.restassured.internal.ValidatableResponseOptionsImpl.statusCode(ValidatableResponseOptionsImpl.java:84)
	at com.emmanuelarhu.tests.CartsApiTest.testCreateCartWithInvalidData(CartsApiTest.java:200)
	at java.base/jdk.internal.reflect.DirectMethodHandleAccessor.invoke(DirectMethodHandleAccessor.java:103)
	at java.base/java.lang.reflect.Method.invoke(Method.java:580)
	at org.testng.internal.invokers.MethodInvocationHelper.invokeMethod(MethodInvocationHelper.java:139)
	at org.testng.internal.invokers.TestInvoker.invokeMethod(TestInvoker.java:664)
	at org.testng.internal.invokers.TestInvoker.invokeTestMethod(TestInvoker.java:227)
	at org.testng.internal.invokers.MethodRunner.runInSequence(MethodRunner.java:50)
	at org.testng.internal.invokers.TestInvoker$MethodInvocationAgent.invoke(TestInvoker.java:957)
	at org.testng.internal.invokers.TestInvoker.invokeTestMethods(TestInvoker.java:200)
	at org.testng.internal.invokers.TestMethodWorker.invokeTestMethods(TestMethodWorker.java:148)
	at org.testng.internal.invokers.TestMethodWorker.run(TestMethodWorker.java:128)
	at java.base/java.util.ArrayList.forEach(ArrayList.java:1596)
	at org.testng.TestRunner.privateRun(TestRunner.java:848)
	at org.testng.TestRunner.run(TestRunner.java:621)
	at org.testng.SuiteRunner.runTest(SuiteRunner.java:443)
	at org.testng.SuiteRunner.runSequentially(SuiteRunner.java:437)
	at org.testng.SuiteRunner.privateRun(SuiteRunner.java:397)
	at org.testng.SuiteRunner.run(SuiteRunner.java:336)
	at org.testng.SuiteRunnerWorker.runSuite(SuiteRunnerWorker.java:52)
	at org.testng.SuiteRunnerWorker.run(SuiteRunnerWorker.java:95)
	at org.testng.TestNG.runSuitesSequentially(TestNG.java:1280)
	at org.testng.TestNG.runSuitesLocally(TestNG.java:1200)
	at org.testng.TestNG.runSuites(TestNG.java:1114)
	at org.testng.TestNG.run(TestNG.java:1082)
	at org.apache.maven.surefire.testng.TestNGExecutor.run(TestNGExecutor.java:155)
	at org.apache.maven.surefire.testng.TestNGDirectoryTestSuite.executeMulti(TestNGDirectoryTestSuite.java:169)
	at org.apache.maven.surefire.testng.TestNGDirectoryTestSuite.execute(TestNGDirectoryTestSuite.java:88)
	at org.apache.maven.surefire.testng.TestNGProvider.invoke(TestNGProvider.java:137)
	at org.apache.maven.surefire.booter.ForkedBooter.runSuitesInProcess(ForkedBooter.java:385)
	at org.apache.maven.surefire.booter.ForkedBooter.execute(ForkedBooter.java:162)
	at org.apache.maven.surefire.booter.ForkedBooter.run(ForkedBooter.java:507)
	at org.apache.maven.surefire.booter.ForkedBooter.main(ForkedBooter.java:495)
]]></failure>
    <system-out><![CDATA[🚀 Starting test execution...
📋 Testing POST /carts with invalid date
]]></system-out>
  </testcase>
  <testcase name="testCreateCartWithInvalidData[Cart{id=null, userId=1, products=[CartItem{productId=1, quantity=2}], date=&apos;invalid-date&apos;}, date](6)" classname="com.emmanuelarhu.tests.CartsApiTest" time="0.886">
    <failure message="1 expectation failed.&#10;Expected status code (&lt;400&gt; or &lt;422&gt; or &lt;403&gt;) but was &lt;201&gt;.&#10;" type="java.lang.AssertionError"><![CDATA[java.lang.AssertionError: 
1 expectation failed.
Expected status code (<400> or <422> or <403>) but was <201>.

	at java.base/jdk.internal.reflect.DirectConstructorHandleAccessor.newInstance(DirectConstructorHandleAccessor.java:62)
	at java.base/java.lang.reflect.Constructor.newInstanceWithCaller(Constructor.java:502)
	at java.base/java.lang.reflect.Constructor.newInstance(Constructor.java:486)
	at org.codehaus.groovy.reflection.CachedConstructor.invoke(CachedConstructor.java:73)
	at org.codehaus.groovy.runtime.callsite.ConstructorSite$ConstructorSiteNoUnwrapNoCoerce.callConstructor(ConstructorSite.java:108)
	at org.codehaus.groovy.runtime.callsite.AbstractCallSite.callConstructor(AbstractCallSite.java:277)
	at io.restassured.internal.ResponseSpecificationImpl$HamcrestAssertionClosure.validate(ResponseSpecificationImpl.groovy:512)
	at io.restassured.internal.ResponseSpecificationImpl$HamcrestAssertionClosure$validate$1.call(Unknown Source)
	at io.restassured.internal.ResponseSpecificationImpl.validateResponseIfRequired(ResponseSpecificationImpl.groovy:696)
	at io.restassured.internal.ResponseSpecificationImpl.this$2$validateResponseIfRequired(ResponseSpecificationImpl.groovy)
	at java.base/jdk.internal.reflect.DirectMethodHandleAccessor.invoke(DirectMethodHandleAccessor.java:103)
	at java.base/java.lang.reflect.Method.invoke(Method.java:580)
	at org.codehaus.groovy.runtime.callsite.PlainObjectMetaMethodSite.doInvoke(PlainObjectMetaMethodSite.java:43)
	at org.codehaus.groovy.runtime.callsite.PogoMetaMethodSite$PogoCachedMethodSiteNoUnwrapNoCoerce.invoke(PogoMetaMethodSite.java:198)
	at org.codehaus.groovy.runtime.callsite.PogoMetaMethodSite.callCurrent(PogoMetaMethodSite.java:62)
	at org.codehaus.groovy.runtime.callsite.AbstractCallSite.callCurrent(AbstractCallSite.java:185)
	at io.restassured.internal.ResponseSpecificationImpl.statusCode(ResponseSpecificationImpl.groovy:135)
	at io.restassured.internal.ValidatableResponseOptionsImpl.statusCode(ValidatableResponseOptionsImpl.java:84)
	at com.emmanuelarhu.tests.CartsApiTest.testCreateCartWithInvalidData(CartsApiTest.java:200)
	at java.base/jdk.internal.reflect.DirectMethodHandleAccessor.invoke(DirectMethodHandleAccessor.java:103)
	at java.base/java.lang.reflect.Method.invoke(Method.java:580)
	at org.testng.internal.invokers.MethodInvocationHelper.invokeMethod(MethodInvocationHelper.java:139)
	at org.testng.internal.invokers.TestInvoker.invokeMethod(TestInvoker.java:664)
	at org.testng.internal.invokers.TestInvoker.invokeTestMethod(TestInvoker.java:227)
	at org.testng.internal.invokers.MethodRunner.runInSequence(MethodRunner.java:50)
	at org.testng.internal.invokers.TestInvoker$MethodInvocationAgent.invoke(TestInvoker.java:957)
	at org.testng.internal.invokers.TestInvoker.invokeTestMethods(TestInvoker.java:200)
	at org.testng.internal.invokers.TestMethodWorker.invokeTestMethods(TestMethodWorker.java:148)
	at org.testng.internal.invokers.TestMethodWorker.run(TestMethodWorker.java:128)
	at java.base/java.util.ArrayList.forEach(ArrayList.java:1596)
	at org.testng.TestRunner.privateRun(TestRunner.java:848)
	at org.testng.TestRunner.run(TestRunner.java:621)
	at org.testng.SuiteRunner.runTest(SuiteRunner.java:443)
	at org.testng.SuiteRunner.runSequentially(SuiteRunner.java:437)
	at org.testng.SuiteRunner.privateRun(SuiteRunner.java:397)
	at org.testng.SuiteRunner.run(SuiteRunner.java:336)
	at org.testng.SuiteRunnerWorker.runSuite(SuiteRunnerWorker.java:52)
	at org.testng.SuiteRunnerWorker.run(SuiteRunnerWorker.java:95)
	at org.testng.TestNG.runSuitesSequentially(TestNG.java:1280)
	at org.testng.TestNG.runSuitesLocally(TestNG.java:1200)
	at org.testng.TestNG.runSuites(TestNG.java:1114)
	at org.testng.TestNG.run(TestNG.java:1082)
	at org.apache.maven.surefire.testng.TestNGExecutor.run(TestNGExecutor.java:155)
	at org.apache.maven.surefire.testng.TestNGDirectoryTestSuite.executeMulti(TestNGDirectoryTestSuite.java:169)
	at org.apache.maven.surefire.testng.TestNGDirectoryTestSuite.execute(TestNGDirectoryTestSuite.java:88)
	at org.apache.maven.surefire.testng.TestNGProvider.invoke(TestNGProvider.java:137)
	at org.apache.maven.surefire.booter.ForkedBooter.runSuitesInProcess(ForkedBooter.java:385)
	at org.apache.maven.surefire.booter.ForkedBooter.execute(ForkedBooter.java:162)
	at org.apache.maven.surefire.booter.ForkedBooter.run(ForkedBooter.java:507)
	at org.apache.maven.surefire.booter.ForkedBooter.main(ForkedBooter.java:495)
]]></failure>
    <system-out><![CDATA[🚀 Starting test execution...
📋 Testing POST /carts with invalid date
]]></system-out>
  </testcase>
  <testcase name="testCreateCartWithEmptyBody" classname="com.emmanuelarhu.tests.CartsApiTest" time="0.81">
    <failure message="1 expectation failed.&#10;Expected status code (&lt;400&gt; or &lt;422&gt; or &lt;403&gt;) but was &lt;201&gt;.&#10;" type="java.lang.AssertionError"><![CDATA[java.lang.AssertionError: 
1 expectation failed.
Expected status code (<400> or <422> or <403>) but was <201>.

	at java.base/jdk.internal.reflect.DirectConstructorHandleAccessor.newInstance(DirectConstructorHandleAccessor.java:62)
	at java.base/java.lang.reflect.Constructor.newInstanceWithCaller(Constructor.java:502)
	at java.base/java.lang.reflect.Constructor.newInstance(Constructor.java:486)
	at org.codehaus.groovy.reflection.CachedConstructor.invoke(CachedConstructor.java:73)
	at org.codehaus.groovy.runtime.callsite.ConstructorSite$ConstructorSiteNoUnwrapNoCoerce.callConstructor(ConstructorSite.java:108)
	at org.codehaus.groovy.runtime.callsite.AbstractCallSite.callConstructor(AbstractCallSite.java:277)
	at io.restassured.internal.ResponseSpecificationImpl$HamcrestAssertionClosure.validate(ResponseSpecificationImpl.groovy:512)
	at io.restassured.internal.ResponseSpecificationImpl$HamcrestAssertionClosure$validate$1.call(Unknown Source)
	at io.restassured.internal.ResponseSpecificationImpl.validateResponseIfRequired(ResponseSpecificationImpl.groovy:696)
	at io.restassured.internal.ResponseSpecificationImpl.this$2$validateResponseIfRequired(ResponseSpecificationImpl.groovy)
	at java.base/jdk.internal.reflect.DirectMethodHandleAccessor.invoke(DirectMethodHandleAccessor.java:103)
	at java.base/java.lang.reflect.Method.invoke(Method.java:580)
	at org.codehaus.groovy.runtime.callsite.PlainObjectMetaMethodSite.doInvoke(PlainObjectMetaMethodSite.java:43)
	at org.codehaus.groovy.runtime.callsite.PogoMetaMethodSite$PogoCachedMethodSiteNoUnwrapNoCoerce.invoke(PogoMetaMethodSite.java:198)
	at org.codehaus.groovy.runtime.callsite.PogoMetaMethodSite.callCurrent(PogoMetaMethodSite.java:62)
	at org.codehaus.groovy.runtime.callsite.AbstractCallSite.callCurrent(AbstractCallSite.java:185)
	at io.restassured.internal.ResponseSpecificationImpl.statusCode(ResponseSpecificationImpl.groovy:135)
	at io.restassured.internal.ValidatableResponseOptionsImpl.statusCode(ValidatableResponseOptionsImpl.java:84)
	at com.emmanuelarhu.tests.CartsApiTest.testCreateCartWithEmptyBody(CartsApiTest.java:221)
	at java.base/jdk.internal.reflect.DirectMethodHandleAccessor.invoke(DirectMethodHandleAccessor.java:103)
	at java.base/java.lang.reflect.Method.invoke(Method.java:580)
	at org.testng.internal.invokers.MethodInvocationHelper.invokeMethod(MethodInvocationHelper.java:139)
	at org.testng.internal.invokers.TestInvoker.invokeMethod(TestInvoker.java:664)
	at org.testng.internal.invokers.TestInvoker.invokeTestMethod(TestInvoker.java:227)
	at org.testng.internal.invokers.MethodRunner.runInSequence(MethodRunner.java:50)
	at org.testng.internal.invokers.TestInvoker$MethodInvocationAgent.invoke(TestInvoker.java:957)
	at org.testng.internal.invokers.TestInvoker.invokeTestMethods(TestInvoker.java:200)
	at org.testng.internal.invokers.TestMethodWorker.invokeTestMethods(TestMethodWorker.java:148)
	at org.testng.internal.invokers.TestMethodWorker.run(TestMethodWorker.java:128)
	at java.base/java.util.ArrayList.forEach(ArrayList.java:1596)
	at org.testng.TestRunner.privateRun(TestRunner.java:848)
	at org.testng.TestRunner.run(TestRunner.java:621)
	at org.testng.SuiteRunner.runTest(SuiteRunner.java:443)
	at org.testng.SuiteRunner.runSequentially(SuiteRunner.java:437)
	at org.testng.SuiteRunner.privateRun(SuiteRunner.java:397)
	at org.testng.SuiteRunner.run(SuiteRunner.java:336)
	at org.testng.SuiteRunnerWorker.runSuite(SuiteRunnerWorker.java:52)
	at org.testng.SuiteRunnerWorker.run(SuiteRunnerWorker.java:95)
	at org.testng.TestNG.runSuitesSequentially(TestNG.java:1280)
	at org.testng.TestNG.runSuitesLocally(TestNG.java:1200)
	at org.testng.TestNG.runSuites(TestNG.java:1114)
	at org.testng.TestNG.run(TestNG.java:1082)
	at org.apache.maven.surefire.testng.TestNGExecutor.run(TestNGExecutor.java:155)
	at org.apache.maven.surefire.testng.TestNGDirectoryTestSuite.executeMulti(TestNGDirectoryTestSuite.java:169)
	at org.apache.maven.surefire.testng.TestNGDirectoryTestSuite.execute(TestNGDirectoryTestSuite.java:88)
	at org.apache.maven.surefire.testng.TestNGProvider.invoke(TestNGProvider.java:137)
	at org.apache.maven.surefire.booter.ForkedBooter.runSuitesInProcess(ForkedBooter.java:385)
	at org.apache.maven.surefire.booter.ForkedBooter.execute(ForkedBooter.java:162)
	at org.apache.maven.surefire.booter.ForkedBooter.run(ForkedBooter.java:507)
	at org.apache.maven.surefire.booter.ForkedBooter.main(ForkedBooter.java:495)
]]></failure>
    <system-out><![CDATA[🚀 Starting test execution...
📋 Testing POST /carts with empty body
]]></system-out>
  </testcase>
  <testcase name="testCreateCartWithInvalidUserId[-1](1)" classname="com.emmanuelarhu.tests.CartsApiTest" time="0.862">
    <failure message="1 expectation failed.&#10;Expected status code (&lt;400&gt; or &lt;422&gt; or &lt;403&gt;) but was &lt;201&gt;.&#10;" type="java.lang.AssertionError"><![CDATA[java.lang.AssertionError: 
1 expectation failed.
Expected status code (<400> or <422> or <403>) but was <201>.

	at java.base/jdk.internal.reflect.DirectConstructorHandleAccessor.newInstance(DirectConstructorHandleAccessor.java:62)
	at java.base/java.lang.reflect.Constructor.newInstanceWithCaller(Constructor.java:502)
	at java.base/java.lang.reflect.Constructor.newInstance(Constructor.java:486)
	at org.codehaus.groovy.reflection.CachedConstructor.invoke(CachedConstructor.java:73)
	at org.codehaus.groovy.runtime.callsite.ConstructorSite$ConstructorSiteNoUnwrapNoCoerce.callConstructor(ConstructorSite.java:108)
	at org.codehaus.groovy.runtime.callsite.AbstractCallSite.callConstructor(AbstractCallSite.java:277)
	at io.restassured.internal.ResponseSpecificationImpl$HamcrestAssertionClosure.validate(ResponseSpecificationImpl.groovy:512)
	at io.restassured.internal.ResponseSpecificationImpl$HamcrestAssertionClosure$validate$1.call(Unknown Source)
	at io.restassured.internal.ResponseSpecificationImpl.validateResponseIfRequired(ResponseSpecificationImpl.groovy:696)
	at io.restassured.internal.ResponseSpecificationImpl.this$2$validateResponseIfRequired(ResponseSpecificationImpl.groovy)
	at java.base/jdk.internal.reflect.DirectMethodHandleAccessor.invoke(DirectMethodHandleAccessor.java:103)
	at java.base/java.lang.reflect.Method.invoke(Method.java:580)
	at org.codehaus.groovy.runtime.callsite.PlainObjectMetaMethodSite.doInvoke(PlainObjectMetaMethodSite.java:43)
	at org.codehaus.groovy.runtime.callsite.PogoMetaMethodSite$PogoCachedMethodSiteNoUnwrapNoCoerce.invoke(PogoMetaMethodSite.java:198)
	at org.codehaus.groovy.runtime.callsite.PogoMetaMethodSite.callCurrent(PogoMetaMethodSite.java:62)
	at org.codehaus.groovy.runtime.callsite.AbstractCallSite.callCurrent(AbstractCallSite.java:185)
	at io.restassured.internal.ResponseSpecificationImpl.statusCode(ResponseSpecificationImpl.groovy:135)
	at io.restassured.internal.ValidatableResponseOptionsImpl.statusCode(ValidatableResponseOptionsImpl.java:84)
	at com.emmanuelarhu.tests.CartsApiTest.testCreateCartWithInvalidUserId(CartsApiTest.java:244)
	at java.base/jdk.internal.reflect.DirectMethodHandleAccessor.invoke(DirectMethodHandleAccessor.java:103)
	at java.base/java.lang.reflect.Method.invoke(Method.java:580)
	at org.testng.internal.invokers.MethodInvocationHelper.invokeMethod(MethodInvocationHelper.java:139)
	at org.testng.internal.invokers.TestInvoker.invokeMethod(TestInvoker.java:664)
	at org.testng.internal.invokers.TestInvoker.invokeTestMethod(TestInvoker.java:227)
	at org.testng.internal.invokers.MethodRunner.runInSequence(MethodRunner.java:50)
	at org.testng.internal.invokers.TestInvoker$MethodInvocationAgent.invoke(TestInvoker.java:957)
	at org.testng.internal.invokers.TestInvoker.invokeTestMethods(TestInvoker.java:200)
	at org.testng.internal.invokers.TestMethodWorker.invokeTestMethods(TestMethodWorker.java:148)
	at org.testng.internal.invokers.TestMethodWorker.run(TestMethodWorker.java:128)
	at java.base/java.util.ArrayList.forEach(ArrayList.java:1596)
	at org.testng.TestRunner.privateRun(TestRunner.java:848)
	at org.testng.TestRunner.run(TestRunner.java:621)
	at org.testng.SuiteRunner.runTest(SuiteRunner.java:443)
	at org.testng.SuiteRunner.runSequentially(SuiteRunner.java:437)
	at org.testng.SuiteRunner.privateRun(SuiteRunner.java:397)
	at org.testng.SuiteRunner.run(SuiteRunner.java:336)
	at org.testng.SuiteRunnerWorker.runSuite(SuiteRunnerWorker.java:52)
	at org.testng.SuiteRunnerWorker.run(SuiteRunnerWorker.java:95)
	at org.testng.TestNG.runSuitesSequentially(TestNG.java:1280)
	at org.testng.TestNG.runSuitesLocally(TestNG.java:1200)
	at org.testng.TestNG.runSuites(TestNG.java:1114)
	at org.testng.TestNG.run(TestNG.java:1082)
	at org.apache.maven.surefire.testng.TestNGExecutor.run(TestNGExecutor.java:155)
	at org.apache.maven.surefire.testng.TestNGDirectoryTestSuite.executeMulti(TestNGDirectoryTestSuite.java:169)
	at org.apache.maven.surefire.testng.TestNGDirectoryTestSuite.execute(TestNGDirectoryTestSuite.java:88)
	at org.apache.maven.surefire.testng.TestNGProvider.invoke(TestNGProvider.java:137)
	at org.apache.maven.surefire.booter.ForkedBooter.runSuitesInProcess(ForkedBooter.java:385)
	at org.apache.maven.surefire.booter.ForkedBooter.execute(ForkedBooter.java:162)
	at org.apache.maven.surefire.booter.ForkedBooter.run(ForkedBooter.java:507)
	at org.apache.maven.surefire.booter.ForkedBooter.main(ForkedBooter.java:495)
]]></failure>
    <system-out><![CDATA[🚀 Starting test execution...
📋 Testing POST /carts with invalid user ID: -1
]]></system-out>
  </testcase>
  <testcase name="testCreateCartWithInvalidUserId[0](2)" classname="com.emmanuelarhu.tests.CartsApiTest" time="0.73">
    <failure message="1 expectation failed.&#10;Expected status code (&lt;400&gt; or &lt;422&gt; or &lt;403&gt;) but was &lt;201&gt;.&#10;" type="java.lang.AssertionError"><![CDATA[java.lang.AssertionError: 
1 expectation failed.
Expected status code (<400> or <422> or <403>) but was <201>.

	at java.base/jdk.internal.reflect.DirectConstructorHandleAccessor.newInstance(DirectConstructorHandleAccessor.java:62)
	at java.base/java.lang.reflect.Constructor.newInstanceWithCaller(Constructor.java:502)
	at java.base/java.lang.reflect.Constructor.newInstance(Constructor.java:486)
	at org.codehaus.groovy.reflection.CachedConstructor.invoke(CachedConstructor.java:73)
	at org.codehaus.groovy.runtime.callsite.ConstructorSite$ConstructorSiteNoUnwrapNoCoerce.callConstructor(ConstructorSite.java:108)
	at org.codehaus.groovy.runtime.callsite.AbstractCallSite.callConstructor(AbstractCallSite.java:277)
	at io.restassured.internal.ResponseSpecificationImpl$HamcrestAssertionClosure.validate(ResponseSpecificationImpl.groovy:512)
	at io.restassured.internal.ResponseSpecificationImpl$HamcrestAssertionClosure$validate$1.call(Unknown Source)
	at io.restassured.internal.ResponseSpecificationImpl.validateResponseIfRequired(ResponseSpecificationImpl.groovy:696)
	at io.restassured.internal.ResponseSpecificationImpl.this$2$validateResponseIfRequired(ResponseSpecificationImpl.groovy)
	at java.base/jdk.internal.reflect.DirectMethodHandleAccessor.invoke(DirectMethodHandleAccessor.java:103)
	at java.base/java.lang.reflect.Method.invoke(Method.java:580)
	at org.codehaus.groovy.runtime.callsite.PlainObjectMetaMethodSite.doInvoke(PlainObjectMetaMethodSite.java:43)
	at org.codehaus.groovy.runtime.callsite.PogoMetaMethodSite$PogoCachedMethodSiteNoUnwrapNoCoerce.invoke(PogoMetaMethodSite.java:198)
	at org.codehaus.groovy.runtime.callsite.PogoMetaMethodSite.callCurrent(PogoMetaMethodSite.java:62)
	at org.codehaus.groovy.runtime.callsite.AbstractCallSite.callCurrent(AbstractCallSite.java:185)
	at io.restassured.internal.ResponseSpecificationImpl.statusCode(ResponseSpecificationImpl.groovy:135)
	at io.restassured.internal.ValidatableResponseOptionsImpl.statusCode(ValidatableResponseOptionsImpl.java:84)
	at com.emmanuelarhu.tests.CartsApiTest.testCreateCartWithInvalidUserId(CartsApiTest.java:244)
	at java.base/jdk.internal.reflect.DirectMethodHandleAccessor.invoke(DirectMethodHandleAccessor.java:103)
	at java.base/java.lang.reflect.Method.invoke(Method.java:580)
	at org.testng.internal.invokers.MethodInvocationHelper.invokeMethod(MethodInvocationHelper.java:139)
	at org.testng.internal.invokers.TestInvoker.invokeMethod(TestInvoker.java:664)
	at org.testng.internal.invokers.TestInvoker.invokeTestMethod(TestInvoker.java:227)
	at org.testng.internal.invokers.MethodRunner.runInSequence(MethodRunner.java:50)
	at org.testng.internal.invokers.TestInvoker$MethodInvocationAgent.invoke(TestInvoker.java:957)
	at org.testng.internal.invokers.TestInvoker.invokeTestMethods(TestInvoker.java:200)
	at org.testng.internal.invokers.TestMethodWorker.invokeTestMethods(TestMethodWorker.java:148)
	at org.testng.internal.invokers.TestMethodWorker.run(TestMethodWorker.java:128)
	at java.base/java.util.ArrayList.forEach(ArrayList.java:1596)
	at org.testng.TestRunner.privateRun(TestRunner.java:848)
	at org.testng.TestRunner.run(TestRunner.java:621)
	at org.testng.SuiteRunner.runTest(SuiteRunner.java:443)
	at org.testng.SuiteRunner.runSequentially(SuiteRunner.java:437)
	at org.testng.SuiteRunner.privateRun(SuiteRunner.java:397)
	at org.testng.SuiteRunner.run(SuiteRunner.java:336)
	at org.testng.SuiteRunnerWorker.runSuite(SuiteRunnerWorker.java:52)
	at org.testng.SuiteRunnerWorker.run(SuiteRunnerWorker.java:95)
	at org.testng.TestNG.runSuitesSequentially(TestNG.java:1280)
	at org.testng.TestNG.runSuitesLocally(TestNG.java:1200)
	at org.testng.TestNG.runSuites(TestNG.java:1114)
	at org.testng.TestNG.run(TestNG.java:1082)
	at org.apache.maven.surefire.testng.TestNGExecutor.run(TestNGExecutor.java:155)
	at org.apache.maven.surefire.testng.TestNGDirectoryTestSuite.executeMulti(TestNGDirectoryTestSuite.java:169)
	at org.apache.maven.surefire.testng.TestNGDirectoryTestSuite.execute(TestNGDirectoryTestSuite.java:88)
	at org.apache.maven.surefire.testng.TestNGProvider.invoke(TestNGProvider.java:137)
	at org.apache.maven.surefire.booter.ForkedBooter.runSuitesInProcess(ForkedBooter.java:385)
	at org.apache.maven.surefire.booter.ForkedBooter.execute(ForkedBooter.java:162)
	at org.apache.maven.surefire.booter.ForkedBooter.run(ForkedBooter.java:507)
	at org.apache.maven.surefire.booter.ForkedBooter.main(ForkedBooter.java:495)
]]></failure>
    <system-out><![CDATA[🚀 Starting test execution...
📋 Testing POST /carts with invalid user ID: 0
]]></system-out>
  </testcase>
  <testcase name="testCreateCartWithInvalidUserId[null](3)" classname="com.emmanuelarhu.tests.CartsApiTest" time="0.612">
    <failure message="1 expectation failed.&#10;Expected status code (&lt;400&gt; or &lt;422&gt; or &lt;403&gt;) but was &lt;201&gt;.&#10;" type="java.lang.AssertionError"><![CDATA[java.lang.AssertionError: 
1 expectation failed.
Expected status code (<400> or <422> or <403>) but was <201>.

	at java.base/jdk.internal.reflect.DirectConstructorHandleAccessor.newInstance(DirectConstructorHandleAccessor.java:62)
	at java.base/java.lang.reflect.Constructor.newInstanceWithCaller(Constructor.java:502)
	at java.base/java.lang.reflect.Constructor.newInstance(Constructor.java:486)
	at org.codehaus.groovy.reflection.CachedConstructor.invoke(CachedConstructor.java:73)
	at org.codehaus.groovy.runtime.callsite.ConstructorSite$ConstructorSiteNoUnwrapNoCoerce.callConstructor(ConstructorSite.java:108)
	at org.codehaus.groovy.runtime.callsite.AbstractCallSite.callConstructor(AbstractCallSite.java:277)
	at io.restassured.internal.ResponseSpecificationImpl$HamcrestAssertionClosure.validate(ResponseSpecificationImpl.groovy:512)
	at io.restassured.internal.ResponseSpecificationImpl$HamcrestAssertionClosure$validate$1.call(Unknown Source)
	at io.restassured.internal.ResponseSpecificationImpl.validateResponseIfRequired(ResponseSpecificationImpl.groovy:696)
	at io.restassured.internal.ResponseSpecificationImpl.this$2$validateResponseIfRequired(ResponseSpecificationImpl.groovy)
	at java.base/jdk.internal.reflect.DirectMethodHandleAccessor.invoke(DirectMethodHandleAccessor.java:103)
	at java.base/java.lang.reflect.Method.invoke(Method.java:580)
	at org.codehaus.groovy.runtime.callsite.PlainObjectMetaMethodSite.doInvoke(PlainObjectMetaMethodSite.java:43)
	at org.codehaus.groovy.runtime.callsite.PogoMetaMethodSite$PogoCachedMethodSiteNoUnwrapNoCoerce.invoke(PogoMetaMethodSite.java:198)
	at org.codehaus.groovy.runtime.callsite.PogoMetaMethodSite.callCurrent(PogoMetaMethodSite.java:62)
	at org.codehaus.groovy.runtime.callsite.AbstractCallSite.callCurrent(AbstractCallSite.java:185)
	at io.restassured.internal.ResponseSpecificationImpl.statusCode(ResponseSpecificationImpl.groovy:135)
	at io.restassured.internal.ValidatableResponseOptionsImpl.statusCode(ValidatableResponseOptionsImpl.java:84)
	at com.emmanuelarhu.tests.CartsApiTest.testCreateCartWithInvalidUserId(CartsApiTest.java:244)
	at java.base/jdk.internal.reflect.DirectMethodHandleAccessor.invoke(DirectMethodHandleAccessor.java:103)
	at java.base/java.lang.reflect.Method.invoke(Method.java:580)
	at org.testng.internal.invokers.MethodInvocationHelper.invokeMethod(MethodInvocationHelper.java:139)
	at org.testng.internal.invokers.TestInvoker.invokeMethod(TestInvoker.java:664)
	at org.testng.internal.invokers.TestInvoker.invokeTestMethod(TestInvoker.java:227)
	at org.testng.internal.invokers.MethodRunner.runInSequence(MethodRunner.java:50)
	at org.testng.internal.invokers.TestInvoker$MethodInvocationAgent.invoke(TestInvoker.java:957)
	at org.testng.internal.invokers.TestInvoker.invokeTestMethods(TestInvoker.java:200)
	at org.testng.internal.invokers.TestMethodWorker.invokeTestMethods(TestMethodWorker.java:148)
	at org.testng.internal.invokers.TestMethodWorker.run(TestMethodWorker.java:128)
	at java.base/java.util.ArrayList.forEach(ArrayList.java:1596)
	at org.testng.TestRunner.privateRun(TestRunner.java:848)
	at org.testng.TestRunner.run(TestRunner.java:621)
	at org.testng.SuiteRunner.runTest(SuiteRunner.java:443)
	at org.testng.SuiteRunner.runSequentially(SuiteRunner.java:437)
	at org.testng.SuiteRunner.privateRun(SuiteRunner.java:397)
	at org.testng.SuiteRunner.run(SuiteRunner.java:336)
	at org.testng.SuiteRunnerWorker.runSuite(SuiteRunnerWorker.java:52)
	at org.testng.SuiteRunnerWorker.run(SuiteRunnerWorker.java:95)
	at org.testng.TestNG.runSuitesSequentially(TestNG.java:1280)
	at org.testng.TestNG.runSuitesLocally(TestNG.java:1200)
	at org.testng.TestNG.runSuites(TestNG.java:1114)
	at org.testng.TestNG.run(TestNG.java:1082)
	at org.apache.maven.surefire.testng.TestNGExecutor.run(TestNGExecutor.java:155)
	at org.apache.maven.surefire.testng.TestNGDirectoryTestSuite.executeMulti(TestNGDirectoryTestSuite.java:169)
	at org.apache.maven.surefire.testng.TestNGDirectoryTestSuite.execute(TestNGDirectoryTestSuite.java:88)
	at org.apache.maven.surefire.testng.TestNGProvider.invoke(TestNGProvider.java:137)
	at org.apache.maven.surefire.booter.ForkedBooter.runSuitesInProcess(ForkedBooter.java:385)
	at org.apache.maven.surefire.booter.ForkedBooter.execute(ForkedBooter.java:162)
	at org.apache.maven.surefire.booter.ForkedBooter.run(ForkedBooter.java:507)
	at org.apache.maven.surefire.booter.ForkedBooter.main(ForkedBooter.java:495)
]]></failure>
    <system-out><![CDATA[🚀 Starting test execution...
📋 Testing POST /carts with invalid user ID: null
]]></system-out>
  </testcase>
  <testcase name="testCreateCartWithInvalidUserId[999](4)" classname="com.emmanuelarhu.tests.CartsApiTest" time="0.976">
    <failure message="1 expectation failed.&#10;Expected status code (&lt;400&gt; or &lt;422&gt; or &lt;403&gt;) but was &lt;201&gt;.&#10;" type="java.lang.AssertionError"><![CDATA[java.lang.AssertionError: 
1 expectation failed.
Expected status code (<400> or <422> or <403>) but was <201>.

	at java.base/jdk.internal.reflect.DirectConstructorHandleAccessor.newInstance(DirectConstructorHandleAccessor.java:62)
	at java.base/java.lang.reflect.Constructor.newInstanceWithCaller(Constructor.java:502)
	at java.base/java.lang.reflect.Constructor.newInstance(Constructor.java:486)
	at org.codehaus.groovy.reflection.CachedConstructor.invoke(CachedConstructor.java:73)
	at org.codehaus.groovy.runtime.callsite.ConstructorSite$ConstructorSiteNoUnwrapNoCoerce.callConstructor(ConstructorSite.java:108)
	at org.codehaus.groovy.runtime.callsite.AbstractCallSite.callConstructor(AbstractCallSite.java:277)
	at io.restassured.internal.ResponseSpecificationImpl$HamcrestAssertionClosure.validate(ResponseSpecificationImpl.groovy:512)
	at io.restassured.internal.ResponseSpecificationImpl$HamcrestAssertionClosure$validate$1.call(Unknown Source)
	at io.restassured.internal.ResponseSpecificationImpl.validateResponseIfRequired(ResponseSpecificationImpl.groovy:696)
	at io.restassured.internal.ResponseSpecificationImpl.this$2$validateResponseIfRequired(ResponseSpecificationImpl.groovy)
	at java.base/jdk.internal.reflect.DirectMethodHandleAccessor.invoke(DirectMethodHandleAccessor.java:103)
	at java.base/java.lang.reflect.Method.invoke(Method.java:580)
	at org.codehaus.groovy.runtime.callsite.PlainObjectMetaMethodSite.doInvoke(PlainObjectMetaMethodSite.java:43)
	at org.codehaus.groovy.runtime.callsite.PogoMetaMethodSite$PogoCachedMethodSiteNoUnwrapNoCoerce.invoke(PogoMetaMethodSite.java:198)
	at org.codehaus.groovy.runtime.callsite.PogoMetaMethodSite.callCurrent(PogoMetaMethodSite.java:62)
	at org.codehaus.groovy.runtime.callsite.AbstractCallSite.callCurrent(AbstractCallSite.java:185)
	at io.restassured.internal.ResponseSpecificationImpl.statusCode(ResponseSpecificationImpl.groovy:135)
	at io.restassured.internal.ValidatableResponseOptionsImpl.statusCode(ValidatableResponseOptionsImpl.java:84)
	at com.emmanuelarhu.tests.CartsApiTest.testCreateCartWithInvalidUserId(CartsApiTest.java:244)
	at java.base/jdk.internal.reflect.DirectMethodHandleAccessor.invoke(DirectMethodHandleAccessor.java:103)
	at java.base/java.lang.reflect.Method.invoke(Method.java:580)
	at org.testng.internal.invokers.MethodInvocationHelper.invokeMethod(MethodInvocationHelper.java:139)
	at org.testng.internal.invokers.TestInvoker.invokeMethod(TestInvoker.java:664)
	at org.testng.internal.invokers.TestInvoker.invokeTestMethod(TestInvoker.java:227)
	at org.testng.internal.invokers.MethodRunner.runInSequence(MethodRunner.java:50)
	at org.testng.internal.invokers.TestInvoker$MethodInvocationAgent.invoke(TestInvoker.java:957)
	at org.testng.internal.invokers.TestInvoker.invokeTestMethods(TestInvoker.java:200)
	at org.testng.internal.invokers.TestMethodWorker.invokeTestMethods(TestMethodWorker.java:148)
	at org.testng.internal.invokers.TestMethodWorker.run(TestMethodWorker.java:128)
	at java.base/java.util.ArrayList.forEach(ArrayList.java:1596)
	at org.testng.TestRunner.privateRun(TestRunner.java:848)
	at org.testng.TestRunner.run(TestRunner.java:621)
	at org.testng.SuiteRunner.runTest(SuiteRunner.java:443)
	at org.testng.SuiteRunner.runSequentially(SuiteRunner.java:437)
	at org.testng.SuiteRunner.privateRun(SuiteRunner.java:397)
	at org.testng.SuiteRunner.run(SuiteRunner.java:336)
	at org.testng.SuiteRunnerWorker.runSuite(SuiteRunnerWorker.java:52)
	at org.testng.SuiteRunnerWorker.run(SuiteRunnerWorker.java:95)
	at org.testng.TestNG.runSuitesSequentially(TestNG.java:1280)
	at org.testng.TestNG.runSuitesLocally(TestNG.java:1200)
	at org.testng.TestNG.runSuites(TestNG.java:1114)
	at org.testng.TestNG.run(TestNG.java:1082)
	at org.apache.maven.surefire.testng.TestNGExecutor.run(TestNGExecutor.java:155)
	at org.apache.maven.surefire.testng.TestNGDirectoryTestSuite.executeMulti(TestNGDirectoryTestSuite.java:169)
	at org.apache.maven.surefire.testng.TestNGDirectoryTestSuite.execute(TestNGDirectoryTestSuite.java:88)
	at org.apache.maven.surefire.testng.TestNGProvider.invoke(TestNGProvider.java:137)
	at org.apache.maven.surefire.booter.ForkedBooter.runSuitesInProcess(ForkedBooter.java:385)
	at org.apache.maven.surefire.booter.ForkedBooter.execute(ForkedBooter.java:162)
	at org.apache.maven.surefire.booter.ForkedBooter.run(ForkedBooter.java:507)
	at org.apache.maven.surefire.booter.ForkedBooter.main(ForkedBooter.java:495)
]]></failure>
    <system-out><![CDATA[🚀 Starting test execution...
📋 Testing POST /carts with invalid user ID: 999
]]></system-out>
  </testcase>
  <testcase name="testCreateCartWithInvalidUserId[1000](5)" classname="com.emmanuelarhu.tests.CartsApiTest" time="0.729">
    <failure message="1 expectation failed.&#10;Expected status code (&lt;400&gt; or &lt;422&gt; or &lt;403&gt;) but was &lt;201&gt;.&#10;" type="java.lang.AssertionError"><![CDATA[java.lang.AssertionError: 
1 expectation failed.
Expected status code (<400> or <422> or <403>) but was <201>.

	at java.base/jdk.internal.reflect.DirectConstructorHandleAccessor.newInstance(DirectConstructorHandleAccessor.java:62)
	at java.base/java.lang.reflect.Constructor.newInstanceWithCaller(Constructor.java:502)
	at java.base/java.lang.reflect.Constructor.newInstance(Constructor.java:486)
	at org.codehaus.groovy.reflection.CachedConstructor.invoke(CachedConstructor.java:73)
	at org.codehaus.groovy.runtime.callsite.ConstructorSite$ConstructorSiteNoUnwrapNoCoerce.callConstructor(ConstructorSite.java:108)
	at org.codehaus.groovy.runtime.callsite.AbstractCallSite.callConstructor(AbstractCallSite.java:277)
	at io.restassured.internal.ResponseSpecificationImpl$HamcrestAssertionClosure.validate(ResponseSpecificationImpl.groovy:512)
	at io.restassured.internal.ResponseSpecificationImpl$HamcrestAssertionClosure$validate$1.call(Unknown Source)
	at io.restassured.internal.ResponseSpecificationImpl.validateResponseIfRequired(ResponseSpecificationImpl.groovy:696)
	at io.restassured.internal.ResponseSpecificationImpl.this$2$validateResponseIfRequired(ResponseSpecificationImpl.groovy)
	at java.base/jdk.internal.reflect.DirectMethodHandleAccessor.invoke(DirectMethodHandleAccessor.java:103)
	at java.base/java.lang.reflect.Method.invoke(Method.java:580)
	at org.codehaus.groovy.runtime.callsite.PlainObjectMetaMethodSite.doInvoke(PlainObjectMetaMethodSite.java:43)
	at org.codehaus.groovy.runtime.callsite.PogoMetaMethodSite$PogoCachedMethodSiteNoUnwrapNoCoerce.invoke(PogoMetaMethodSite.java:198)
	at org.codehaus.groovy.runtime.callsite.PogoMetaMethodSite.callCurrent(PogoMetaMethodSite.java:62)
	at org.codehaus.groovy.runtime.callsite.AbstractCallSite.callCurrent(AbstractCallSite.java:185)
	at io.restassured.internal.ResponseSpecificationImpl.statusCode(ResponseSpecificationImpl.groovy:135)
	at io.restassured.internal.ValidatableResponseOptionsImpl.statusCode(ValidatableResponseOptionsImpl.java:84)
	at com.emmanuelarhu.tests.CartsApiTest.testCreateCartWithInvalidUserId(CartsApiTest.java:244)
	at java.base/jdk.internal.reflect.DirectMethodHandleAccessor.invoke(DirectMethodHandleAccessor.java:103)
	at java.base/java.lang.reflect.Method.invoke(Method.java:580)
	at org.testng.internal.invokers.MethodInvocationHelper.invokeMethod(MethodInvocationHelper.java:139)
	at org.testng.internal.invokers.TestInvoker.invokeMethod(TestInvoker.java:664)
	at org.testng.internal.invokers.TestInvoker.invokeTestMethod(TestInvoker.java:227)
	at org.testng.internal.invokers.MethodRunner.runInSequence(MethodRunner.java:50)
	at org.testng.internal.invokers.TestInvoker$MethodInvocationAgent.invoke(TestInvoker.java:957)
	at org.testng.internal.invokers.TestInvoker.invokeTestMethods(TestInvoker.java:200)
	at org.testng.internal.invokers.TestMethodWorker.invokeTestMethods(TestMethodWorker.java:148)
	at org.testng.internal.invokers.TestMethodWorker.run(TestMethodWorker.java:128)
	at java.base/java.util.ArrayList.forEach(ArrayList.java:1596)
	at org.testng.TestRunner.privateRun(TestRunner.java:848)
	at org.testng.TestRunner.run(TestRunner.java:621)
	at org.testng.SuiteRunner.runTest(SuiteRunner.java:443)
	at org.testng.SuiteRunner.runSequentially(SuiteRunner.java:437)
	at org.testng.SuiteRunner.privateRun(SuiteRunner.java:397)
	at org.testng.SuiteRunner.run(SuiteRunner.java:336)
	at org.testng.SuiteRunnerWorker.runSuite(SuiteRunnerWorker.java:52)
	at org.testng.SuiteRunnerWorker.run(SuiteRunnerWorker.java:95)
	at org.testng.TestNG.runSuitesSequentially(TestNG.java:1280)
	at org.testng.TestNG.runSuitesLocally(TestNG.java:1200)
	at org.testng.TestNG.runSuites(TestNG.java:1114)
	at org.testng.TestNG.run(TestNG.java:1082)
	at org.apache.maven.surefire.testng.TestNGExecutor.run(TestNGExecutor.java:155)
	at org.apache.maven.surefire.testng.TestNGDirectoryTestSuite.executeMulti(TestNGDirectoryTestSuite.java:169)
	at org.apache.maven.surefire.testng.TestNGDirectoryTestSuite.execute(TestNGDirectoryTestSuite.java:88)
	at org.apache.maven.surefire.testng.TestNGProvider.invoke(TestNGProvider.java:137)
	at org.apache.maven.surefire.booter.ForkedBooter.runSuitesInProcess(ForkedBooter.java:385)
	at org.apache.maven.surefire.booter.ForkedBooter.execute(ForkedBooter.java:162)
	at org.apache.maven.surefire.booter.ForkedBooter.run(ForkedBooter.java:507)
	at org.apache.maven.surefire.booter.ForkedBooter.main(ForkedBooter.java:495)
]]></failure>
    <system-out><![CDATA[🚀 Starting test execution...
📋 Testing POST /carts with invalid user ID: 1000
]]></system-out>
  </testcase>
  <testcase name="testCreateCartWithInvalidUserId[2147483647](6)" classname="com.emmanuelarhu.tests.CartsApiTest" time="0.754">
    <failure message="1 expectation failed.&#10;Expected status code (&lt;400&gt; or &lt;422&gt; or &lt;403&gt;) but was &lt;201&gt;.&#10;" type="java.lang.AssertionError"><![CDATA[java.lang.AssertionError: 
1 expectation failed.
Expected status code (<400> or <422> or <403>) but was <201>.

	at java.base/jdk.internal.reflect.DirectConstructorHandleAccessor.newInstance(DirectConstructorHandleAccessor.java:62)
	at java.base/java.lang.reflect.Constructor.newInstanceWithCaller(Constructor.java:502)
	at java.base/java.lang.reflect.Constructor.newInstance(Constructor.java:486)
	at org.codehaus.groovy.reflection.CachedConstructor.invoke(CachedConstructor.java:73)
	at org.codehaus.groovy.runtime.callsite.ConstructorSite$ConstructorSiteNoUnwrapNoCoerce.callConstructor(ConstructorSite.java:108)
	at org.codehaus.groovy.runtime.callsite.AbstractCallSite.callConstructor(AbstractCallSite.java:277)
	at io.restassured.internal.ResponseSpecificationImpl$HamcrestAssertionClosure.validate(ResponseSpecificationImpl.groovy:512)
	at io.restassured.internal.ResponseSpecificationImpl$HamcrestAssertionClosure$validate$1.call(Unknown Source)
	at io.restassured.internal.ResponseSpecificationImpl.validateResponseIfRequired(ResponseSpecificationImpl.groovy:696)
	at io.restassured.internal.ResponseSpecificationImpl.this$2$validateResponseIfRequired(ResponseSpecificationImpl.groovy)
	at java.base/jdk.internal.reflect.DirectMethodHandleAccessor.invoke(DirectMethodHandleAccessor.java:103)
	at java.base/java.lang.reflect.Method.invoke(Method.java:580)
	at org.codehaus.groovy.runtime.callsite.PlainObjectMetaMethodSite.doInvoke(PlainObjectMetaMethodSite.java:43)
	at org.codehaus.groovy.runtime.callsite.PogoMetaMethodSite$PogoCachedMethodSiteNoUnwrapNoCoerce.invoke(PogoMetaMethodSite.java:198)
	at org.codehaus.groovy.runtime.callsite.PogoMetaMethodSite.callCurrent(PogoMetaMethodSite.java:62)
	at org.codehaus.groovy.runtime.callsite.AbstractCallSite.callCurrent(AbstractCallSite.java:185)
	at io.restassured.internal.ResponseSpecificationImpl.statusCode(ResponseSpecificationImpl.groovy:135)
	at io.restassured.internal.ValidatableResponseOptionsImpl.statusCode(ValidatableResponseOptionsImpl.java:84)
	at com.emmanuelarhu.tests.CartsApiTest.testCreateCartWithInvalidUserId(CartsApiTest.java:244)
	at java.base/jdk.internal.reflect.DirectMethodHandleAccessor.invoke(DirectMethodHandleAccessor.java:103)
	at java.base/java.lang.reflect.Method.invoke(Method.java:580)
	at org.testng.internal.invokers.MethodInvocationHelper.invokeMethod(MethodInvocationHelper.java:139)
	at org.testng.internal.invokers.TestInvoker.invokeMethod(TestInvoker.java:664)
	at org.testng.internal.invokers.TestInvoker.invokeTestMethod(TestInvoker.java:227)
	at org.testng.internal.invokers.MethodRunner.runInSequence(MethodRunner.java:50)
	at org.testng.internal.invokers.TestInvoker$MethodInvocationAgent.invoke(TestInvoker.java:957)
	at org.testng.internal.invokers.TestInvoker.invokeTestMethods(TestInvoker.java:200)
	at org.testng.internal.invokers.TestMethodWorker.invokeTestMethods(TestMethodWorker.java:148)
	at org.testng.internal.invokers.TestMethodWorker.run(TestMethodWorker.java:128)
	at java.base/java.util.ArrayList.forEach(ArrayList.java:1596)
	at org.testng.TestRunner.privateRun(TestRunner.java:848)
	at org.testng.TestRunner.run(TestRunner.java:621)
	at org.testng.SuiteRunner.runTest(SuiteRunner.java:443)
	at org.testng.SuiteRunner.runSequentially(SuiteRunner.java:437)
	at org.testng.SuiteRunner.privateRun(SuiteRunner.java:397)
	at org.testng.SuiteRunner.run(SuiteRunner.java:336)
	at org.testng.SuiteRunnerWorker.runSuite(SuiteRunnerWorker.java:52)
	at org.testng.SuiteRunnerWorker.run(SuiteRunnerWorker.java:95)
	at org.testng.TestNG.runSuitesSequentially(TestNG.java:1280)
	at org.testng.TestNG.runSuitesLocally(TestNG.java:1200)
	at org.testng.TestNG.runSuites(TestNG.java:1114)
	at org.testng.TestNG.run(TestNG.java:1082)
	at org.apache.maven.surefire.testng.TestNGExecutor.run(TestNGExecutor.java:155)
	at org.apache.maven.surefire.testng.TestNGDirectoryTestSuite.executeMulti(TestNGDirectoryTestSuite.java:169)
	at org.apache.maven.surefire.testng.TestNGDirectoryTestSuite.execute(TestNGDirectoryTestSuite.java:88)
	at org.apache.maven.surefire.testng.TestNGProvider.invoke(TestNGProvider.java:137)
	at org.apache.maven.surefire.booter.ForkedBooter.runSuitesInProcess(ForkedBooter.java:385)
	at org.apache.maven.surefire.booter.ForkedBooter.execute(ForkedBooter.java:162)
	at org.apache.maven.surefire.booter.ForkedBooter.run(ForkedBooter.java:507)
	at org.apache.maven.surefire.booter.ForkedBooter.main(ForkedBooter.java:495)
]]></failure>
    <system-out><![CDATA[🚀 Starting test execution...
📋 Testing POST /carts with invalid user ID: 2147483647
]]></system-out>
  </testcase>
  <testcase name="testCreateCartWithInvalidUserId[-2147483648](7)" classname="com.emmanuelarhu.tests.CartsApiTest" time="1.618">
    <failure message="1 expectation failed.&#10;Expected status code (&lt;400&gt; or &lt;422&gt; or &lt;403&gt;) but was &lt;201&gt;.&#10;" type="java.lang.AssertionError"><![CDATA[java.lang.AssertionError: 
1 expectation failed.
Expected status code (<400> or <422> or <403>) but was <201>.

	at java.base/jdk.internal.reflect.DirectConstructorHandleAccessor.newInstance(DirectConstructorHandleAccessor.java:62)
	at java.base/java.lang.reflect.Constructor.newInstanceWithCaller(Constructor.java:502)
	at java.base/java.lang.reflect.Constructor.newInstance(Constructor.java:486)
	at org.codehaus.groovy.reflection.CachedConstructor.invoke(CachedConstructor.java:73)
	at org.codehaus.groovy.runtime.callsite.ConstructorSite$ConstructorSiteNoUnwrapNoCoerce.callConstructor(ConstructorSite.java:108)
	at org.codehaus.groovy.runtime.callsite.AbstractCallSite.callConstructor(AbstractCallSite.java:277)
	at io.restassured.internal.ResponseSpecificationImpl$HamcrestAssertionClosure.validate(ResponseSpecificationImpl.groovy:512)
	at io.restassured.internal.ResponseSpecificationImpl$HamcrestAssertionClosure$validate$1.call(Unknown Source)
	at io.restassured.internal.ResponseSpecificationImpl.validateResponseIfRequired(ResponseSpecificationImpl.groovy:696)
	at io.restassured.internal.ResponseSpecificationImpl.this$2$validateResponseIfRequired(ResponseSpecificationImpl.groovy)
	at java.base/jdk.internal.reflect.DirectMethodHandleAccessor.invoke(DirectMethodHandleAccessor.java:103)
	at java.base/java.lang.reflect.Method.invoke(Method.java:580)
	at org.codehaus.groovy.runtime.callsite.PlainObjectMetaMethodSite.doInvoke(PlainObjectMetaMethodSite.java:43)
	at org.codehaus.groovy.runtime.callsite.PogoMetaMethodSite$PogoCachedMethodSiteNoUnwrapNoCoerce.invoke(PogoMetaMethodSite.java:198)
	at org.codehaus.groovy.runtime.callsite.PogoMetaMethodSite.callCurrent(PogoMetaMethodSite.java:62)
	at org.codehaus.groovy.runtime.callsite.AbstractCallSite.callCurrent(AbstractCallSite.java:185)
	at io.restassured.internal.ResponseSpecificationImpl.statusCode(ResponseSpecificationImpl.groovy:135)
	at io.restassured.internal.ValidatableResponseOptionsImpl.statusCode(ValidatableResponseOptionsImpl.java:84)
	at com.emmanuelarhu.tests.CartsApiTest.testCreateCartWithInvalidUserId(CartsApiTest.java:244)
	at java.base/jdk.internal.reflect.DirectMethodHandleAccessor.invoke(DirectMethodHandleAccessor.java:103)
	at java.base/java.lang.reflect.Method.invoke(Method.java:580)
	at org.testng.internal.invokers.MethodInvocationHelper.invokeMethod(MethodInvocationHelper.java:139)
	at org.testng.internal.invokers.TestInvoker.invokeMethod(TestInvoker.java:664)
	at org.testng.internal.invokers.TestInvoker.invokeTestMethod(TestInvoker.java:227)
	at org.testng.internal.invokers.MethodRunner.runInSequence(MethodRunner.java:50)
	at org.testng.internal.invokers.TestInvoker$MethodInvocationAgent.invoke(TestInvoker.java:957)
	at org.testng.internal.invokers.TestInvoker.invokeTestMethods(TestInvoker.java:200)
	at org.testng.internal.invokers.TestMethodWorker.invokeTestMethods(TestMethodWorker.java:148)
	at org.testng.internal.invokers.TestMethodWorker.run(TestMethodWorker.java:128)
	at java.base/java.util.ArrayList.forEach(ArrayList.java:1596)
	at org.testng.TestRunner.privateRun(TestRunner.java:848)
	at org.testng.TestRunner.run(TestRunner.java:621)
	at org.testng.SuiteRunner.runTest(SuiteRunner.java:443)
	at org.testng.SuiteRunner.runSequentially(SuiteRunner.java:437)
	at org.testng.SuiteRunner.privateRun(SuiteRunner.java:397)
	at org.testng.SuiteRunner.run(SuiteRunner.java:336)
	at org.testng.SuiteRunnerWorker.runSuite(SuiteRunnerWorker.java:52)
	at org.testng.SuiteRunnerWorker.run(SuiteRunnerWorker.java:95)
	at org.testng.TestNG.runSuitesSequentially(TestNG.java:1280)
	at org.testng.TestNG.runSuitesLocally(TestNG.java:1200)
	at org.testng.TestNG.runSuites(TestNG.java:1114)
	at org.testng.TestNG.run(TestNG.java:1082)
	at org.apache.maven.surefire.testng.TestNGExecutor.run(TestNGExecutor.java:155)
	at org.apache.maven.surefire.testng.TestNGDirectoryTestSuite.executeMulti(TestNGDirectoryTestSuite.java:169)
	at org.apache.maven.surefire.testng.TestNGDirectoryTestSuite.execute(TestNGDirectoryTestSuite.java:88)
	at org.apache.maven.surefire.testng.TestNGProvider.invoke(TestNGProvider.java:137)
	at org.apache.maven.surefire.booter.ForkedBooter.runSuitesInProcess(ForkedBooter.java:385)
	at org.apache.maven.surefire.booter.ForkedBooter.execute(ForkedBooter.java:162)
	at org.apache.maven.surefire.booter.ForkedBooter.run(ForkedBooter.java:507)
	at org.apache.maven.surefire.booter.ForkedBooter.main(ForkedBooter.java:495)
]]></failure>
    <system-out><![CDATA[🚀 Starting test execution...
📋 Testing POST /carts with invalid user ID: -2147483648
]]></system-out>
  </testcase>
  <testcase name="testUpdateCartWithValidData[1, Cart{id=1, userId=1, products=[CartItem{productId=1, quantity=5}, CartItem{productId=3, quantity=2}], date=&apos;2024-02-01&apos;}](1)" classname="com.emmanuelarhu.tests.CartsApiTest" time="0.758">
    <system-out><![CDATA[🚀 Starting test execution...
📋 Testing PUT /carts/1 with valid data
HTTP/1.1 200 OK
Date: Fri, 15 Aug 2025 13:49:00 GMT
Content-Type: application/json; charset=utf-8
Transfer-Encoding: chunked
Connection: keep-alive
Access-Control-Allow-Origin: *
Etag: W/"6e-sFiLZXdTUSU7q1wQ4lSctziFCWg"
X-Powered-By: Express
Cf-Cache-Status: DYNAMIC
Nel: {"report_to":"cf-nel","success_fraction":0.0,"max_age":604800}
Report-To: {"group":"cf-nel","max_age":604800,"endpoints":[{"url":"https://a.nel.cloudflare.com/report/v4?s=af4HR9IyptUQ6yBq1hs4zu3hUtoAUy3PemEkueEtKztymih3nv7LsAgjAtJfqnaUvFN2rL3uDdLLDwaiqLckeQDhX0dbbgyoLRqiqeTos3c%3D"}]}
Content-Encoding: gzip
Server: cloudflare
CF-RAY: 96f927203e497008-CDG
alt-svc: h3=":443"; ma=86400

{
    "id": 1,
    "userId": 1,
    "date": "2024-02-01",
    "products": [
        {
            "productId": 1,
            "quantity": 5
        },
        {
            "productId": 3,
            "quantity": 2
        }
    ]
}
]]></system-out>
  </testcase>
  <testcase name="testUpdateCartWithValidData[2, Cart{id=2, userId=2, products=[CartItem{productId=4, quantity=1}], date=&apos;2024-02-02&apos;}](2)" classname="com.emmanuelarhu.tests.CartsApiTest" time="2.526">
    <system-out><![CDATA[🚀 Starting test execution...
📋 Testing PUT /carts/2 with valid data
HTTP/1.1 200 OK
Date: Fri, 15 Aug 2025 13:49:03 GMT
Content-Type: application/json; charset=utf-8
Transfer-Encoding: chunked
Connection: keep-alive
Access-Control-Allow-Origin: *
Etag: W/"51-sCnFCo+b+Uqf++6kWwH45rSGqT4"
X-Powered-By: Express
Cf-Cache-Status: DYNAMIC
Nel: {"report_to":"cf-nel","success_fraction":0.0,"max_age":604800}
Report-To: {"group":"cf-nel","max_age":604800,"endpoints":[{"url":"https://a.nel.cloudflare.com/report/v4?s=WmM%2FUPMy%2BvkeCAzifJZyRb%2BafInIB1QcQSHdguJIVZFM8xL2jclgRKqQMmlvlRLUB8XryP6G0jYcMrIVUs9X7g49kEgfWqfmWeExM0pfx2Q%3D"}]}
Content-Encoding: gzip
Server: cloudflare
CF-RAY: 96f927311c1b3d5d-CDG
alt-svc: h3=":443"; ma=86400

{
    "id": 2,
    "userId": 2,
    "date": "2024-02-02",
    "products": [
        {
            "productId": 4,
            "quantity": 1
        }
    ]
}
]]></system-out>
  </testcase>
  <testcase name="testUpdateCartWithValidData[3, Cart{id=3, userId=3, products=[CartItem{productId=1, quantity=3}, CartItem{productId=2, quantity=3}, CartItem{productId=5, quantity=1}], date=&apos;2024-02-03&apos;}](3)" classname="com.emmanuelarhu.tests.CartsApiTest" time="0.874">
    <system-out><![CDATA[🚀 Starting test execution...
📋 Testing PUT /carts/3 with valid data
HTTP/1.1 200 OK
Date: Fri, 15 Aug 2025 13:49:04 GMT
Content-Type: application/json; charset=utf-8
Transfer-Encoding: chunked
Connection: keep-alive
Access-Control-Allow-Origin: *
Etag: W/"8b-37xRM7qhVvW5p32X0G248DyOlbo"
X-Powered-By: Express
Cf-Cache-Status: DYNAMIC
Nel: {"report_to":"cf-nel","success_fraction":0.0,"max_age":604800}
Report-To: {"group":"cf-nel","max_age":604800,"endpoints":[{"url":"https://a.nel.cloudflare.com/report/v4?s=IY0JiuTZjs2fxOdK4V8GrU2y8TgFqJB8IDkkOwUAm%2Be4k8fLS3mRZfTKrSnk4JAQENW2%2F6PHNUD%2F6SfBBkxW89luciXbRsWQ%2FC92Mqrq5Wg%3D"}]}
Content-Encoding: gzip
Server: cloudflare
CF-RAY: 96f9273768306fff-CDG
alt-svc: h3=":443"; ma=86400

{
    "id": 3,
    "userId": 3,
    "date": "2024-02-03",
    "products": [
        {
            "productId": 1,
            "quantity": 3
        },
        {
            "productId": 2,
            "quantity": 3
        },
        {
            "productId": 5,
            "quantity": 1
        }
    ]
}
]]></system-out>
  </testcase>
  <testcase name="testUpdateNonExistentCart" classname="com.emmanuelarhu.tests.CartsApiTest" time="5.173">
    <system-out><![CDATA[🚀 Starting test execution...
📋 Testing PUT /carts/9999 (non-existent)
HTTP/1.1 200 OK
Date: Fri, 15 Aug 2025 13:49:05 GMT
Content-Type: application/json; charset=utf-8
Transfer-Encoding: chunked
Connection: keep-alive
Access-Control-Allow-Origin: *
Etag: W/"3a-22XeF+z8IREOMBkZag29kW5M6IY"
X-Powered-By: Express
Cf-Cache-Status: DYNAMIC
Nel: {"report_to":"cf-nel","success_fraction":0.0,"max_age":604800}
Report-To: {"group":"cf-nel","max_age":604800,"endpoints":[{"url":"https://a.nel.cloudflare.com/report/v4?s=y9mVwW7QxdBFlNwX7vUPICEaRVBWHW7%2FY%2Fmh85KX4VAYUUrblfkARqCOBEMNgvqAd3rgARwW8hEnfE%2FYuVo1EHUnEwqvmlva7PDbM%2FuaCQI%3D"}]}
Content-Encoding: gzip
Server: cloudflare
CF-RAY: 96f9273cbdc82a22-CDG
alt-svc: h3=":443"; ma=86400

{
    "id": 9999,
    "userId": 1,
    "date": "2024-01-01",
    "products": null
}
]]></system-out>
  </testcase>
  <testcase name="testUpdateCartWithInvalidId" classname="com.emmanuelarhu.tests.CartsApiTest" time="0.789">
    <system-out><![CDATA[🚀 Starting test execution...
📋 Testing PUT /carts/invalid (invalid ID)
HTTP/1.1 400 Bad Request
Date: Fri, 15 Aug 2025 13:49:06 GMT
Content-Type: application/json; charset=utf-8
Content-Length: 73
Connection: keep-alive
Access-Control-Allow-Origin: *
Etag: W/"49-hC/Pxxrd/7/1JT1dQBok5DscJPQ"
X-Powered-By: Express
Cf-Cache-Status: DYNAMIC
Nel: {"report_to":"cf-nel","success_fraction":0.0,"max_age":604800}
Report-To: {"group":"cf-nel","max_age":604800,"endpoints":[{"url":"https://a.nel.cloudflare.com/report/v4?s=hR25W59JRSVUqlnapAW0dPyWmnXHmcvYz3mtNU6hvzk5pnIqI8akqZNrrMZyz4VtLQZF1BgeUWAh15dmByttbW39aSmSuWsMoZu8gMAbOP8%3D"}]}
Server: cloudflare
CF-RAY: 96f927422cf164a1-CDG
alt-svc: h3=":443"; ma=86400

{
    "status": "error",
    "message": "something went wrong! check your sent data"
}
]]></system-out>
  </testcase>
  <testcase name="testDeleteExistingCart" classname="com.emmanuelarhu.tests.CartsApiTest" time="9.518">
    <system-out><![CDATA[🚀 Starting test execution...
📋 Testing DELETE /carts/1
HTTP/1.1 200 OK
Date: Fri, 15 Aug 2025 13:49:15 GMT
Content-Type: application/json; charset=utf-8
Transfer-Encoding: chunked
Connection: keep-alive
Access-Control-Allow-Origin: *
Etag: W/"a1-wvAyaNKAHffOoZd5/I4wHuNFvSs"
X-Powered-By: Express
Cf-Cache-Status: DYNAMIC
Nel: {"report_to":"cf-nel","success_fraction":0.0,"max_age":604800}
Report-To: {"group":"cf-nel","max_age":604800,"endpoints":[{"url":"https://a.nel.cloudflare.com/report/v4?s=10q632n%2Fhg7lYsSJ1mwjILSqOL6Wq4xcno6R1QPGXFwoZQnDCD8VdV4pI%2BE%2BWIGSVUnHA5bUH7hHq0Rp7IdGQJqkVu8jhPinu6zXN8fOAHw%3D"}]}
Content-Encoding: gzip
Server: cloudflare
CF-RAY: 96f927782f860b18-CDG
alt-svc: h3=":443"; ma=86400

{
    "id": 1,
    "userId": 1,
    "date": "2020-03-02T00:00:00.000Z",
    "products": [
        {
            "productId": 1,
            "quantity": 4
        },
        {
            "productId": 2,
            "quantity": 1
        },
        {
            "productId": 3,
            "quantity": 6
        }
    ],
    "__v": 0
}
]]></system-out>
  </testcase>
  <testcase name="testDeleteNonExistentCart" classname="com.emmanuelarhu.tests.CartsApiTest" time="10.502">
    <system-out><![CDATA[🚀 Starting test execution...
📋 Testing DELETE /carts/9999 (non-existent)
HTTP/1.1 200 OK
Date: Fri, 15 Aug 2025 13:49:25 GMT
Content-Type: application/json; charset=utf-8
Transfer-Encoding: chunked
Connection: keep-alive
Access-Control-Allow-Origin: *
Etag: W/"4-K+iMpCQsduglOsYkdIUQZQMtaDM"
X-Powered-By: Express
Cf-Cache-Status: DYNAMIC
Nel: {"report_to":"cf-nel","success_fraction":0.0,"max_age":604800}
Report-To: {"group":"cf-nel","max_age":604800,"endpoints":[{"url":"https://a.nel.cloudflare.com/report/v4?s=YnNbCbANb4Kxi5i%2FFqGzWPB5K6flWSMhxv520b86jaUdztmndQP5OADqpntK%2FytJDMuVyzJqxBW4gLKK%2FyOcR3Mg%2B4uIQmR9SLsTFSu3uc4%3D"}]}
Content-Encoding: gzip
Server: cloudflare
CF-RAY: 96f927ba4e1b9ef7-CDG
alt-svc: h3=":443"; ma=86400

null
]]></system-out>
  </testcase>
  <testcase name="testDeleteCartWithInvalidId" classname="com.emmanuelarhu.tests.CartsApiTest" time="2.033">
    <system-out><![CDATA[🚀 Starting test execution...
📋 Testing DELETE /carts/invalid
HTTP/1.1 400 Bad Request
Date: Fri, 15 Aug 2025 13:49:27 GMT
Content-Type: application/json; charset=utf-8
Content-Length: 57
Connection: keep-alive
Access-Control-Allow-Origin: *
Etag: W/"39-eWJKekXEKg16Sl+SzKMPamaRzT0"
X-Powered-By: Express
Cf-Cache-Status: DYNAMIC
Nel: {"report_to":"cf-nel","success_fraction":0.0,"max_age":604800}
Report-To: {"group":"cf-nel","max_age":604800,"endpoints":[{"url":"https://a.nel.cloudflare.com/report/v4?s=KblSJ%2FRoHhNSbxgOkyO60VEjJON%2F1eXVNJy3Ma%2BkwQ1lvRb5WhwCPx5UElA55bb%2F1NDmMlCdXeC42aXT8Y6bSUZRRRfyd9UKgdMaPCjl3JU%3D"}]}
Server: cloudflare
CF-RAY: 96f927c6ea630166-CDG
alt-svc: h3=":443"; ma=86400

{
    "status": "error",
    "message": "cart id should be provided"
}
]]></system-out>
  </testcase>
  <testcase name="testSqlInjectionProtection[1&apos; OR &apos;1&apos;=&apos;1](1)" classname="com.emmanuelarhu.tests.CartsApiTest" time="0.907">
    <system-out><![CDATA[🚀 Starting test execution...
📋 Testing SQL injection protection with: 1' OR '1'='1
HTTP/1.1 400 Bad Request
Date: Fri, 15 Aug 2025 13:49:28 GMT
Content-Type: application/json; charset=utf-8
Content-Length: 57
Connection: keep-alive
Access-Control-Allow-Origin: *
Etag: W/"39-eWJKekXEKg16Sl+SzKMPamaRzT0"
X-Powered-By: Express
Cf-Cache-Status: DYNAMIC
Nel: {"report_to":"cf-nel","success_fraction":0.0,"max_age":604800}
Report-To: {"group":"cf-nel","max_age":604800,"endpoints":[{"url":"https://a.nel.cloudflare.com/report/v4?s=IZrgR3oOnhwX3oG0IVdZuZG0kR0rWA0F0qSqR2VnjVWZtcsmwagD6HLq2V111Ir5DAaGFGAQ8cEmb51HKKWmMc4aNlvqzx2%2F%2BKDJKKPCyDw%3D"}]}
Server: cloudflare
CF-RAY: 96f927ccc971db93-CDG
alt-svc: h3=":443"; ma=86400

{
    "status": "error",
    "message": "cart id should be provided"
}
]]></system-out>
  </testcase>
  <testcase name="testSqlInjectionProtection[1; DROP TABLE carts;](2)" classname="com.emmanuelarhu.tests.CartsApiTest" time="2.039">
    <system-out><![CDATA[🚀 Starting test execution...
📋 Testing SQL injection protection with: 1; DROP TABLE carts;
HTTP/1.1 400 Bad Request
Date: Fri, 15 Aug 2025 13:49:30 GMT
Content-Type: application/json; charset=utf-8
Content-Length: 57
Connection: keep-alive
Access-Control-Allow-Origin: *
Etag: W/"39-eWJKekXEKg16Sl+SzKMPamaRzT0"
X-Powered-By: Express
Cf-Cache-Status: DYNAMIC
Nel: {"report_to":"cf-nel","success_fraction":0.0,"max_age":604800}
Report-To: {"group":"cf-nel","max_age":604800,"endpoints":[{"url":"https://a.nel.cloudflare.com/report/v4?s=pwWkkjyr0KQzCF8WxIhRvtPUUmfiZ88SvMLhTZ2hnxZKWrqdVuunu%2B3oxbE%2FC4AZk%2Bh%2FKwJTrw1ENTUsFDD1%2F3dm0s9gMrPsJN6VsmEocUc%3D"}]}
Server: cloudflare
CF-RAY: 96f927d8d9fbbb63-CDG
alt-svc: h3=":443"; ma=86400

{
    "status": "error",
    "message": "cart id should be provided"
}
]]></system-out>
  </testcase>
  <testcase name="testSqlInjectionProtection[1&apos; UNION SELECT * FROM carts--](3)" classname="com.emmanuelarhu.tests.CartsApiTest" time="0.792">
    <system-out><![CDATA[🚀 Starting test execution...
📋 Testing SQL injection protection with: 1' UNION SELECT * FROM carts--
HTTP/1.1 400 Bad Request
Date: Fri, 15 Aug 2025 13:49:31 GMT
Content-Type: application/json; charset=utf-8
Content-Length: 57
Connection: keep-alive
Access-Control-Allow-Origin: *
Etag: W/"39-eWJKekXEKg16Sl+SzKMPamaRzT0"
X-Powered-By: Express
Cf-Cache-Status: DYNAMIC
Nel: {"report_to":"cf-nel","success_fraction":0.0,"max_age":604800}
Report-To: {"group":"cf-nel","max_age":604800,"endpoints":[{"url":"https://a.nel.cloudflare.com/report/v4?s=NwVTehH16YpUv%2B6bzYG67wf4RkOFSl3kVgIRmvZxNCIu0u5JM7YrCXhsBcGmXiZa0CLWvLRcQ1l9D2DBaDDZYC4sTR%2B5SHi%2FitRzYOy1Ts4%3D"}]}
Server: cloudflare
CF-RAY: 96f927de4f056eea-CDG
alt-svc: h3=":443"; ma=86400

{
    "status": "error",
    "message": "cart id should be provided"
}
]]></system-out>
  </testcase>
  <testcase name="testSqlInjectionProtection[1&apos; OR 1=1--](4)" classname="com.emmanuelarhu.tests.CartsApiTest" time="0.958">
    <system-out><![CDATA[🚀 Starting test execution...
📋 Testing SQL injection protection with: 1' OR 1=1--
HTTP/1.1 400 Bad Request
Date: Fri, 15 Aug 2025 13:49:32 GMT
Content-Type: application/json; charset=utf-8
Content-Length: 57
Connection: keep-alive
Access-Control-Allow-Origin: *
Etag: W/"39-eWJKekXEKg16Sl+SzKMPamaRzT0"
X-Powered-By: Express
Cf-Cache-Status: DYNAMIC
Nel: {"report_to":"cf-nel","success_fraction":0.0,"max_age":604800}
Report-To: {"group":"cf-nel","max_age":604800,"endpoints":[{"url":"https://a.nel.cloudflare.com/report/v4?s=Y7ND6YBKbRTF2ihgWCaO9wpUsGDI6%2Bn%2BmrckbB8a358JnK6eE00jbhfiNKiZktdwmMJGkXFn0OJFmAdJ6CRASjc5GbVprpsdlhfAnn7Nph4%3D"}]}
Server: cloudflare
CF-RAY: 96f927e41a4b85fe-CDG
alt-svc: h3=":443"; ma=86400

{
    "status": "error",
    "message": "cart id should be provided"
}
]]></system-out>
  </testcase>
  <testcase name="testSqlInjectionProtection[admin&apos;--](5)" classname="com.emmanuelarhu.tests.CartsApiTest" time="1.723">
    <system-out><![CDATA[🚀 Starting test execution...
📋 Testing SQL injection protection with: admin'--
HTTP/1.1 400 Bad Request
Date: Fri, 15 Aug 2025 13:49:34 GMT
Content-Type: application/json; charset=utf-8
Content-Length: 57
Connection: keep-alive
Access-Control-Allow-Origin: *
Etag: W/"39-eWJKekXEKg16Sl+SzKMPamaRzT0"
X-Powered-By: Express
Cf-Cache-Status: DYNAMIC
Nel: {"report_to":"cf-nel","success_fraction":0.0,"max_age":604800}
Report-To: {"group":"cf-nel","max_age":604800,"endpoints":[{"url":"https://a.nel.cloudflare.com/report/v4?s=nZalTmQvxozbtW5Rv93zKs4RnwoOw5zw1DuLnuqsq%2FJgo6xaFXXSaH%2FNZLhu96Jb8XUCsuDrfxjyY443Js%2Fhm3P5HGTQMoPjEJHpAC0LF%2BA%3D"}]}
Server: cloudflare
CF-RAY: 96f927ef0a61697e-CDG
alt-svc: h3=":443"; ma=86400

{
    "status": "error",
    "message": "cart id should be provided"
}
]]></system-out>
  </testcase>
  <testcase name="testSqlInjectionProtection[&apos;; DELETE FROM carts; --](6)" classname="com.emmanuelarhu.tests.CartsApiTest" time="1.701">
    <system-out><![CDATA[🚀 Starting test execution...
📋 Testing SQL injection protection with: '; DELETE FROM carts; --
HTTP/1.1 400 Bad Request
Date: Fri, 15 Aug 2025 13:49:34 GMT
Content-Type: application/json; charset=utf-8
Content-Length: 57
Connection: keep-alive
Access-Control-Allow-Origin: *
Etag: W/"39-eWJKekXEKg16Sl+SzKMPamaRzT0"
X-Powered-By: Express
Cf-Cache-Status: DYNAMIC
Nel: {"report_to":"cf-nel","success_fraction":0.0,"max_age":604800}
Report-To: {"group":"cf-nel","max_age":604800,"endpoints":[{"url":"https://a.nel.cloudflare.com/report/v4?s=cAHTEQaYBLla%2FjqhEL6HGImTyefTImAk%2FyK7Vr%2Bpzt9O%2FJ3Ibye96jERDhVe%2Br2CneHs4do08vFz1S8YCfkgSl%2FuF0xiM4CZkXTyayejkxg%3D"}]}
Server: cloudflare
CF-RAY: 96f927f52c0dd142-CDG
alt-svc: h3=":443"; ma=86400

{
    "status": "error",
    "message": "cart id should be provided"
}
]]></system-out>
  </testcase>
  <testcase name="testSqlInjectionProtection[1&apos; UNION SELECT id,userId FROM carts--](7)" classname="com.emmanuelarhu.tests.CartsApiTest" time="0.947">
    <system-out><![CDATA[🚀 Starting test execution...
📋 Testing SQL injection protection with: 1' UNION SELECT id,userId FROM carts--
HTTP/1.1 400 Bad Request
Date: Fri, 15 Aug 2025 13:49:36 GMT
Content-Type: application/json; charset=utf-8
Content-Length: 57
Connection: keep-alive
Access-Control-Allow-Origin: *
Etag: W/"39-eWJKekXEKg16Sl+SzKMPamaRzT0"
X-Powered-By: Express
Cf-Cache-Status: DYNAMIC
Nel: {"report_to":"cf-nel","success_fraction":0.0,"max_age":604800}
Report-To: {"group":"cf-nel","max_age":604800,"endpoints":[{"url":"https://a.nel.cloudflare.com/report/v4?s=alwt3R9oawDQMyS5he1iyQy9uOwuaKWWijyknRgu5drsEuGhHRt%2FUfPBTvEJZ6R%2F7imxR%2B8wrM6FkU9B4lDsnUWPIJP%2BgvkHCtN%2F9KrS3Bg%3D"}]}
Server: cloudflare
CF-RAY: 96f927ffa94f023a-CDG
alt-svc: h3=":443"; ma=86400

{
    "status": "error",
    "message": "cart id should be provided"
}
]]></system-out>
  </testcase>
  <testcase name="testCreateCartWithNegativeQuantities" classname="com.emmanuelarhu.tests.CartsApiTest" time="-0.06">
    <failure message="1 expectation failed.&#10;Expected status code (&lt;400&gt; or &lt;422&gt; or &lt;403&gt;) but was &lt;201&gt;.&#10;" type="java.lang.AssertionError"><![CDATA[java.lang.AssertionError: 
1 expectation failed.
Expected status code (<400> or <422> or <403>) but was <201>.

	at java.base/jdk.internal.reflect.DirectConstructorHandleAccessor.newInstance(DirectConstructorHandleAccessor.java:62)
	at java.base/java.lang.reflect.Constructor.newInstanceWithCaller(Constructor.java:502)
	at java.base/java.lang.reflect.Constructor.newInstance(Constructor.java:486)
	at org.codehaus.groovy.reflection.CachedConstructor.invoke(CachedConstructor.java:73)
	at org.codehaus.groovy.runtime.callsite.ConstructorSite$ConstructorSiteNoUnwrapNoCoerce.callConstructor(ConstructorSite.java:108)
	at org.codehaus.groovy.runtime.callsite.AbstractCallSite.callConstructor(AbstractCallSite.java:277)
	at io.restassured.internal.ResponseSpecificationImpl$HamcrestAssertionClosure.validate(ResponseSpecificationImpl.groovy:512)
	at io.restassured.internal.ResponseSpecificationImpl$HamcrestAssertionClosure$validate$1.call(Unknown Source)
	at io.restassured.internal.ResponseSpecificationImpl.validateResponseIfRequired(ResponseSpecificationImpl.groovy:696)
	at io.restassured.internal.ResponseSpecificationImpl.this$2$validateResponseIfRequired(ResponseSpecificationImpl.groovy)
	at java.base/jdk.internal.reflect.DirectMethodHandleAccessor.invoke(DirectMethodHandleAccessor.java:103)
	at java.base/java.lang.reflect.Method.invoke(Method.java:580)
	at org.codehaus.groovy.runtime.callsite.PlainObjectMetaMethodSite.doInvoke(PlainObjectMetaMethodSite.java:43)
	at org.codehaus.groovy.runtime.callsite.PogoMetaMethodSite$PogoCachedMethodSiteNoUnwrapNoCoerce.invoke(PogoMetaMethodSite.java:198)
	at org.codehaus.groovy.runtime.callsite.PogoMetaMethodSite.callCurrent(PogoMetaMethodSite.java:62)
	at org.codehaus.groovy.runtime.callsite.AbstractCallSite.callCurrent(AbstractCallSite.java:185)
	at io.restassured.internal.ResponseSpecificationImpl.statusCode(ResponseSpecificationImpl.groovy:135)
	at io.restassured.internal.ValidatableResponseOptionsImpl.statusCode(ValidatableResponseOptionsImpl.java:84)
	at com.emmanuelarhu.tests.CartsApiTest.testCreateCartWithNegativeQuantities(CartsApiTest.java:429)
	at java.base/jdk.internal.reflect.DirectMethodHandleAccessor.invoke(DirectMethodHandleAccessor.java:103)
	at java.base/java.lang.reflect.Method.invoke(Method.java:580)
	at org.testng.internal.invokers.MethodInvocationHelper.invokeMethod(MethodInvocationHelper.java:139)
	at org.testng.internal.invokers.TestInvoker.invokeMethod(TestInvoker.java:664)
	at org.testng.internal.invokers.TestInvoker.invokeTestMethod(TestInvoker.java:227)
	at org.testng.internal.invokers.MethodRunner.runInSequence(MethodRunner.java:50)
	at org.testng.internal.invokers.TestInvoker$MethodInvocationAgent.invoke(TestInvoker.java:957)
	at org.testng.internal.invokers.TestInvoker.invokeTestMethods(TestInvoker.java:200)
	at org.testng.internal.invokers.TestMethodWorker.invokeTestMethods(TestMethodWorker.java:148)
	at org.testng.internal.invokers.TestMethodWorker.run(TestMethodWorker.java:128)
	at java.base/java.util.ArrayList.forEach(ArrayList.java:1596)
	at org.testng.TestRunner.privateRun(TestRunner.java:848)
	at org.testng.TestRunner.run(TestRunner.java:621)
	at org.testng.SuiteRunner.runTest(SuiteRunner.java:443)
	at org.testng.SuiteRunner.runSequentially(SuiteRunner.java:437)
	at org.testng.SuiteRunner.privateRun(SuiteRunner.java:397)
	at org.testng.SuiteRunner.run(SuiteRunner.java:336)
	at org.testng.SuiteRunnerWorker.runSuite(SuiteRunnerWorker.java:52)
	at org.testng.SuiteRunnerWorker.run(SuiteRunnerWorker.java:95)
	at org.testng.TestNG.runSuitesSequentially(TestNG.java:1280)
	at org.testng.TestNG.runSuitesLocally(TestNG.java:1200)
	at org.testng.TestNG.runSuites(TestNG.java:1114)
	at org.testng.TestNG.run(TestNG.java:1082)
	at org.apache.maven.surefire.testng.TestNGExecutor.run(TestNGExecutor.java:155)
	at org.apache.maven.surefire.testng.TestNGDirectoryTestSuite.executeMulti(TestNGDirectoryTestSuite.java:169)
	at org.apache.maven.surefire.testng.TestNGDirectoryTestSuite.execute(TestNGDirectoryTestSuite.java:88)
	at org.apache.maven.surefire.testng.TestNGProvider.invoke(TestNGProvider.java:137)
	at org.apache.maven.surefire.booter.ForkedBooter.runSuitesInProcess(ForkedBooter.java:385)
	at org.apache.maven.surefire.booter.ForkedBooter.execute(ForkedBooter.java:162)
	at org.apache.maven.surefire.booter.ForkedBooter.run(ForkedBooter.java:507)
	at org.apache.maven.surefire.booter.ForkedBooter.main(ForkedBooter.java:495)
]]></failure>
    <system-out><![CDATA[🚀 Starting test execution...
📋 Testing POST /carts with negative quantities
]]></system-out>
  </testcase>
  <testcase name="testGetCartWithFloatId" classname="com.emmanuelarhu.tests.CartsApiTest" time="0.999">
    <failure message="1 expectation failed.&#10;Expected status code (&lt;400&gt; or &lt;404&gt; or &lt;403&gt;) but was &lt;200&gt;.&#10;" type="java.lang.AssertionError"><![CDATA[java.lang.AssertionError: 
1 expectation failed.
Expected status code (<400> or <404> or <403>) but was <200>.

	at java.base/jdk.internal.reflect.DirectConstructorHandleAccessor.newInstance(DirectConstructorHandleAccessor.java:62)
	at java.base/java.lang.reflect.Constructor.newInstanceWithCaller(Constructor.java:502)
	at java.base/java.lang.reflect.Constructor.newInstance(Constructor.java:486)
	at org.codehaus.groovy.reflection.CachedConstructor.invoke(CachedConstructor.java:73)
	at org.codehaus.groovy.runtime.callsite.ConstructorSite$ConstructorSiteNoUnwrapNoCoerce.callConstructor(ConstructorSite.java:108)
	at org.codehaus.groovy.runtime.callsite.AbstractCallSite.callConstructor(AbstractCallSite.java:277)
	at io.restassured.internal.ResponseSpecificationImpl$HamcrestAssertionClosure.validate(ResponseSpecificationImpl.groovy:512)
	at io.restassured.internal.ResponseSpecificationImpl$HamcrestAssertionClosure$validate$1.call(Unknown Source)
	at io.restassured.internal.ResponseSpecificationImpl.validateResponseIfRequired(ResponseSpecificationImpl.groovy:696)
	at io.restassured.internal.ResponseSpecificationImpl.this$2$validateResponseIfRequired(ResponseSpecificationImpl.groovy)
	at java.base/jdk.internal.reflect.DirectMethodHandleAccessor.invoke(DirectMethodHandleAccessor.java:103)
	at java.base/java.lang.reflect.Method.invoke(Method.java:580)
	at org.codehaus.groovy.runtime.callsite.PlainObjectMetaMethodSite.doInvoke(PlainObjectMetaMethodSite.java:43)
	at org.codehaus.groovy.runtime.callsite.PogoMetaMethodSite$PogoCachedMethodSiteNoUnwrapNoCoerce.invoke(PogoMetaMethodSite.java:198)
	at org.codehaus.groovy.runtime.callsite.PogoMetaMethodSite.callCurrent(PogoMetaMethodSite.java:62)
	at org.codehaus.groovy.runtime.callsite.AbstractCallSite.callCurrent(AbstractCallSite.java:185)
	at io.restassured.internal.ResponseSpecificationImpl.statusCode(ResponseSpecificationImpl.groovy:135)
	at io.restassured.internal.ValidatableResponseOptionsImpl.statusCode(ValidatableResponseOptionsImpl.java:84)
	at com.emmanuelarhu.tests.CartsApiTest.testGetCartWithFloatId(CartsApiTest.java:449)
	at java.base/jdk.internal.reflect.DirectMethodHandleAccessor.invoke(DirectMethodHandleAccessor.java:103)
	at java.base/java.lang.reflect.Method.invoke(Method.java:580)
	at org.testng.internal.invokers.MethodInvocationHelper.invokeMethod(MethodInvocationHelper.java:139)
	at org.testng.internal.invokers.TestInvoker.invokeMethod(TestInvoker.java:664)
	at org.testng.internal.invokers.TestInvoker.invokeTestMethod(TestInvoker.java:227)
	at org.testng.internal.invokers.MethodRunner.runInSequence(MethodRunner.java:50)
	at org.testng.internal.invokers.TestInvoker$MethodInvocationAgent.invoke(TestInvoker.java:957)
	at org.testng.internal.invokers.TestInvoker.invokeTestMethods(TestInvoker.java:200)
	at org.testng.internal.invokers.TestMethodWorker.invokeTestMethods(TestMethodWorker.java:148)
	at org.testng.internal.invokers.TestMethodWorker.run(TestMethodWorker.java:128)
	at java.base/java.util.ArrayList.forEach(ArrayList.java:1596)
	at org.testng.TestRunner.privateRun(TestRunner.java:848)
	at org.testng.TestRunner.run(TestRunner.java:621)
	at org.testng.SuiteRunner.runTest(SuiteRunner.java:443)
	at org.testng.SuiteRunner.runSequentially(SuiteRunner.java:437)
	at org.testng.SuiteRunner.privateRun(SuiteRunner.java:397)
	at org.testng.SuiteRunner.run(SuiteRunner.java:336)
	at org.testng.SuiteRunnerWorker.runSuite(SuiteRunnerWorker.java:52)
	at org.testng.SuiteRunnerWorker.run(SuiteRunnerWorker.java:95)
	at org.testng.TestNG.runSuitesSequentially(TestNG.java:1280)
	at org.testng.TestNG.runSuitesLocally(TestNG.java:1200)
	at org.testng.TestNG.runSuites(TestNG.java:1114)
	at org.testng.TestNG.run(TestNG.java:1082)
	at org.apache.maven.surefire.testng.TestNGExecutor.run(TestNGExecutor.java:155)
	at org.apache.maven.surefire.testng.TestNGDirectoryTestSuite.executeMulti(TestNGDirectoryTestSuite.java:169)
	at org.apache.maven.surefire.testng.TestNGDirectoryTestSuite.execute(TestNGDirectoryTestSuite.java:88)
	at org.apache.maven.surefire.testng.TestNGProvider.invoke(TestNGProvider.java:137)
	at org.apache.maven.surefire.booter.ForkedBooter.runSuitesInProcess(ForkedBooter.java:385)
	at org.apache.maven.surefire.booter.ForkedBooter.execute(ForkedBooter.java:162)
	at org.apache.maven.surefire.booter.ForkedBooter.run(ForkedBooter.java:507)
	at org.apache.maven.surefire.booter.ForkedBooter.main(ForkedBooter.java:495)
]]></failure>
    <system-out><![CDATA[🚀 Starting test execution...
📋 Testing GET /carts/1.5 (float ID)
]]></system-out>
  </testcase>
  <testcase name="testCreateCartWithEmptyProducts" classname="com.emmanuelarhu.tests.CartsApiTest" time="0.969">
    <failure message="1 expectation failed.&#10;Expected status code (&lt;400&gt; or &lt;422&gt; or &lt;403&gt;) but was &lt;201&gt;.&#10;" type="java.lang.AssertionError"><![CDATA[java.lang.AssertionError: 
1 expectation failed.
Expected status code (<400> or <422> or <403>) but was <201>.

	at java.base/jdk.internal.reflect.DirectConstructorHandleAccessor.newInstance(DirectConstructorHandleAccessor.java:62)
	at java.base/java.lang.reflect.Constructor.newInstanceWithCaller(Constructor.java:502)
	at java.base/java.lang.reflect.Constructor.newInstance(Constructor.java:486)
	at org.codehaus.groovy.reflection.CachedConstructor.invoke(CachedConstructor.java:73)
	at org.codehaus.groovy.runtime.callsite.ConstructorSite$ConstructorSiteNoUnwrapNoCoerce.callConstructor(ConstructorSite.java:108)
	at org.codehaus.groovy.runtime.callsite.AbstractCallSite.callConstructor(AbstractCallSite.java:277)
	at io.restassured.internal.ResponseSpecificationImpl$HamcrestAssertionClosure.validate(ResponseSpecificationImpl.groovy:512)
	at io.restassured.internal.ResponseSpecificationImpl$HamcrestAssertionClosure$validate$1.call(Unknown Source)
	at io.restassured.internal.ResponseSpecificationImpl.validateResponseIfRequired(ResponseSpecificationImpl.groovy:696)
	at io.restassured.internal.ResponseSpecificationImpl.this$2$validateResponseIfRequired(ResponseSpecificationImpl.groovy)
	at java.base/jdk.internal.reflect.DirectMethodHandleAccessor.invoke(DirectMethodHandleAccessor.java:103)
	at java.base/java.lang.reflect.Method.invoke(Method.java:580)
	at org.codehaus.groovy.runtime.callsite.PlainObjectMetaMethodSite.doInvoke(PlainObjectMetaMethodSite.java:43)
	at org.codehaus.groovy.runtime.callsite.PogoMetaMethodSite$PogoCachedMethodSiteNoUnwrapNoCoerce.invoke(PogoMetaMethodSite.java:198)
	at org.codehaus.groovy.runtime.callsite.PogoMetaMethodSite.callCurrent(PogoMetaMethodSite.java:62)
	at org.codehaus.groovy.runtime.callsite.AbstractCallSite.callCurrent(AbstractCallSite.java:185)
	at io.restassured.internal.ResponseSpecificationImpl.statusCode(ResponseSpecificationImpl.groovy:135)
	at io.restassured.internal.ValidatableResponseOptionsImpl.statusCode(ValidatableResponseOptionsImpl.java:84)
	at com.emmanuelarhu.tests.CartsApiTest.testCreateCartWithEmptyProducts(CartsApiTest.java:475)
	at java.base/jdk.internal.reflect.DirectMethodHandleAccessor.invoke(DirectMethodHandleAccessor.java:103)
	at java.base/java.lang.reflect.Method.invoke(Method.java:580)
	at org.testng.internal.invokers.MethodInvocationHelper.invokeMethod(MethodInvocationHelper.java:139)
	at org.testng.internal.invokers.TestInvoker.invokeMethod(TestInvoker.java:664)
	at org.testng.internal.invokers.TestInvoker.invokeTestMethod(TestInvoker.java:227)
	at org.testng.internal.invokers.MethodRunner.runInSequence(MethodRunner.java:50)
	at org.testng.internal.invokers.TestInvoker$MethodInvocationAgent.invoke(TestInvoker.java:957)
	at org.testng.internal.invokers.TestInvoker.invokeTestMethods(TestInvoker.java:200)
	at org.testng.internal.invokers.TestMethodWorker.invokeTestMethods(TestMethodWorker.java:148)
	at org.testng.internal.invokers.TestMethodWorker.run(TestMethodWorker.java:128)
	at java.base/java.util.ArrayList.forEach(ArrayList.java:1596)
	at org.testng.TestRunner.privateRun(TestRunner.java:848)
	at org.testng.TestRunner.run(TestRunner.java:621)
	at org.testng.SuiteRunner.runTest(SuiteRunner.java:443)
	at org.testng.SuiteRunner.runSequentially(SuiteRunner.java:437)
	at org.testng.SuiteRunner.privateRun(SuiteRunner.java:397)
	at org.testng.SuiteRunner.run(SuiteRunner.java:336)
	at org.testng.SuiteRunnerWorker.runSuite(SuiteRunnerWorker.java:52)
	at org.testng.SuiteRunnerWorker.run(SuiteRunnerWorker.java:95)
	at org.testng.TestNG.runSuitesSequentially(TestNG.java:1280)
	at org.testng.TestNG.runSuitesLocally(TestNG.java:1200)
	at org.testng.TestNG.runSuites(TestNG.java:1114)
	at org.testng.TestNG.run(TestNG.java:1082)
	at org.apache.maven.surefire.testng.TestNGExecutor.run(TestNGExecutor.java:155)
	at org.apache.maven.surefire.testng.TestNGDirectoryTestSuite.executeMulti(TestNGDirectoryTestSuite.java:169)
	at org.apache.maven.surefire.testng.TestNGDirectoryTestSuite.execute(TestNGDirectoryTestSuite.java:88)
	at org.apache.maven.surefire.testng.TestNGProvider.invoke(TestNGProvider.java:137)
	at org.apache.maven.surefire.booter.ForkedBooter.runSuitesInProcess(ForkedBooter.java:385)
	at org.apache.maven.surefire.booter.ForkedBooter.execute(ForkedBooter.java:162)
	at org.apache.maven.surefire.booter.ForkedBooter.run(ForkedBooter.java:507)
	at org.apache.maven.surefire.booter.ForkedBooter.main(ForkedBooter.java:495)
]]></failure>
    <system-out><![CDATA[🚀 Starting test execution...
📋 Testing POST /carts with empty products array
]]></system-out>
  </testcase>
  <testcase name="testLoginWithValidCredentials[LoginRequest{username=&apos;mor_2314&apos;, password=&apos;***&apos;}](1)" classname="com.emmanuelarhu.tests.AuthApiTest" time="1.621">
    <system-out><![CDATA[🔧 BaseTest setup completed - Base URL: https://fakestoreapi.com
🚀 Starting test execution...
📋 Testing POST /auth/login with valid credentials: mor_2314
HTTP/1.1 201 Created
Date: Fri, 15 Aug 2025 13:49:40 GMT
Content-Type: application/json; charset=utf-8
Content-Length: 152
Connection: keep-alive
Access-Control-Allow-Origin: *
Etag: W/"98-+HKfNJ50a0AqXRfTYzxKW29We1A"
X-Powered-By: Express
Cf-Cache-Status: DYNAMIC
Nel: {"report_to":"cf-nel","success_fraction":0.0,"max_age":604800}
Report-To: {"group":"cf-nel","max_age":604800,"endpoints":[{"url":"https://a.nel.cloudflare.com/report/v4?s=epdBX%2Bg3%2Frh6WJYQDf%2BcSI5sJG8gF%2FiO19HPkoNxOg9ZVIyEECp57t9dVhPZmPrso5zYeAh7meM9Plnr5TD1DP99W1J5zXV6zNOOfY3l6DE%3D"}]}
Server: cloudflare
CF-RAY: 96f928159d2f74cd-CDG
alt-svc: h3=":443"; ma=86400

{
    "token": "eyJhbGciOiJIUzI1NiIsInR5cCI6IkpXVCJ9.eyJzdWIiOjIsInVzZXIiOiJtb3JfMjMxNCIsImlhdCI6MTc1NTI2NTc4MH0.adcKsFxu0BtkW7bPd611_xfcVokGQWXFXZavrwcF-BA"
}
✅ Login successful, status code: 201
✅ Login successful, token received
]]></system-out>
  </testcase>
  <testcase name="testLoginWithValidCredentials[LoginRequest{username=&apos;kevinryan&apos;, password=&apos;***&apos;}](2)" classname="com.emmanuelarhu.tests.AuthApiTest" time="1.723">
    <system-out><![CDATA[🚀 Starting test execution...
📋 Testing POST /auth/login with valid credentials: kevinryan
HTTP/1.1 201 Created
Date: Fri, 15 Aug 2025 13:49:41 GMT
Content-Type: application/json; charset=utf-8
Content-Length: 153
Connection: keep-alive
Access-Control-Allow-Origin: *
Etag: W/"99-WsI0rQ6gPiPrpS68VMVIBgJr+Pc"
X-Powered-By: Express
Cf-Cache-Status: DYNAMIC
Nel: {"report_to":"cf-nel","success_fraction":0.0,"max_age":604800}
Report-To: {"group":"cf-nel","max_age":604800,"endpoints":[{"url":"https://a.nel.cloudflare.com/report/v4?s=fGB%2FozrDS68wdwB5hip2BjGNcVoLHCpWoSQwpVf8jATReheWDevyNR74rhMuF38U3HyLSngZDdAjal6VGdtl%2B%2FUnwdztk3UG%2F%2BYXCmWmTXU%3D"}]}
Server: cloudflare
CF-RAY: 96f9281fa8e22a65-CDG
alt-svc: h3=":443"; ma=86400

{
    "token": "eyJhbGciOiJIUzI1NiIsInR5cCI6IkpXVCJ9.eyJzdWIiOjMsInVzZXIiOiJrZXZpbnJ5YW4iLCJpYXQiOjE3NTUyNjU3ODF9.KejMTHrLQCDa_qen59Tt5-2ozDlhybIoqnDNMssG_jk"
}
✅ Login successful, status code: 201
✅ Login successful, token received
]]></system-out>
  </testcase>
  <testcase name="testLoginWithValidCredentials[LoginRequest{username=&apos;donero&apos;, password=&apos;***&apos;}](3)" classname="com.emmanuelarhu.tests.AuthApiTest" time="1.886">
    <system-out><![CDATA[🚀 Starting test execution...
📋 Testing POST /auth/login with valid credentials: donero
HTTP/1.1 201 Created
Date: Fri, 15 Aug 2025 13:49:43 GMT
Content-Type: application/json; charset=utf-8
Content-Length: 149
Connection: keep-alive
Access-Control-Allow-Origin: *
Etag: W/"95-7LICf6z0cijd4PwVEs5wTBrE9X8"
X-Powered-By: Express
Cf-Cache-Status: DYNAMIC
Nel: {"report_to":"cf-nel","success_fraction":0.0,"max_age":604800}
Report-To: {"group":"cf-nel","max_age":604800,"endpoints":[{"url":"https://a.nel.cloudflare.com/report/v4?s=pDrhcl9AK%2FF5Ao2PvYabu4eK%2Fz7VbIfMLEksUTdi6%2BrgvjbNdVYjofCj2ZjeCDoqU82J1X9Bs1r54AIQis8AsdCxxFNczZgBGhrfvtQE5jU%3D"}]}
Server: cloudflare
CF-RAY: 96f9282a3a5cd10f-CDG
alt-svc: h3=":443"; ma=86400

{
    "token": "eyJhbGciOiJIUzI1NiIsInR5cCI6IkpXVCJ9.eyJzdWIiOjQsInVzZXIiOiJkb25lcm8iLCJpYXQiOjE3NTUyNjU3ODN9.FUXp-TewfJbMQLVvv0kKhYk8iqecoFmBh0WOReByfEA"
}
✅ Login successful, status code: 201
✅ Login successful, token received
]]></system-out>
  </testcase>
  <testcase name="testLoginWithValidCredentials[LoginRequest{username=&apos;derek&apos;, password=&apos;***&apos;}](4)" classname="com.emmanuelarhu.tests.AuthApiTest" time="2.389">
    <system-out><![CDATA[🚀 Starting test execution...
📋 Testing POST /auth/login with valid credentials: derek
HTTP/1.1 201 Created
Date: Fri, 15 Aug 2025 13:49:45 GMT
Content-Type: application/json; charset=utf-8
Content-Length: 148
Connection: keep-alive
Access-Control-Allow-Origin: *
Etag: W/"94-y9O7Klz3nmHFP6+qe/gS0R/vCfA"
X-Powered-By: Express
Cf-Cache-Status: DYNAMIC
Nel: {"report_to":"cf-nel","success_fraction":0.0,"max_age":604800}
Report-To: {"group":"cf-nel","max_age":604800,"endpoints":[{"url":"https://a.nel.cloudflare.com/report/v4?s=3WudApGOR3Zjxziqtby4ot5pTs53JgQcPro1NDjAfmLvLdK4dphS%2BJT1BOyeV%2FCVFkVH8IdDHqYdlDuz%2FAILLno%2Be2xjFjmtZrUpmvKrFMI%3D"}]}
Server: cloudflare
CF-RAY: 96f92836ca52d6b6-CDG
alt-svc: h3=":443"; ma=86400

{
    "token": "eyJhbGciOiJIUzI1NiIsInR5cCI6IkpXVCJ9.eyJzdWIiOjUsInVzZXIiOiJkZXJlayIsImlhdCI6MTc1NTI2NTc4NX0.YgwkMATElpRNF_JWyIjy8xqjRV0MsQh1xbgMnqpBSXw"
}
✅ Login successful, status code: 201
✅ Login successful, token received
]]></system-out>
  </testcase>
  <testcase name="testLoginWithValidCredentials[LoginRequest{username=&apos;david_r&apos;, password=&apos;***&apos;}](5)" classname="com.emmanuelarhu.tests.AuthApiTest" time="2.532">
    <system-out><![CDATA[🚀 Starting test execution...
📋 Testing POST /auth/login with valid credentials: david_r
HTTP/1.1 201 Created
Date: Fri, 15 Aug 2025 13:49:48 GMT
Content-Type: application/json; charset=utf-8
Content-Length: 151
Connection: keep-alive
Access-Control-Allow-Origin: *
Etag: W/"97-akKIWFZPi1ZAbhVoSUmzAqymBF4"
X-Powered-By: Express
Cf-Cache-Status: DYNAMIC
Nel: {"report_to":"cf-nel","success_fraction":0.0,"max_age":604800}
Report-To: {"group":"cf-nel","max_age":604800,"endpoints":[{"url":"https://a.nel.cloudflare.com/report/v4?s=IV%2FKM7TzYz7ggt6ghgYcEcoxiY3QfWkH6ovyROkdKKlDrfDVLhoSPlnbYzIJ45fbTUhOfBk97cWg4SwZiPRxbPDiJLNEL%2BRWMMGhUYATKF8%3D"}]}
Server: cloudflare
CF-RAY: 96f9284b083aa289-CDG
alt-svc: h3=":443"; ma=86400

{
    "token": "eyJhbGciOiJIUzI1NiIsInR5cCI6IkpXVCJ9.eyJzdWIiOjYsInVzZXIiOiJkYXZpZF9yIiwiaWF0IjoxNzU1MjY1Nzg4fQ.Xu6fUPtMjXCboLnQZZRA-OFqMt-EmKyqFMzhe6Xs5MQ"
}
✅ Login successful, status code: 201
✅ Login successful, token received
]]></system-out>
  </testcase>
  <testcase name="testLoginWithInvalidCredentials[LoginRequest{username=&apos;wrong_user&apos;, password=&apos;***&apos;}, username](1)" classname="com.emmanuelarhu.tests.AuthApiTest" time="2.072">
    <system-out><![CDATA[🚀 Starting test execution...
📋 Testing POST /auth/login with invalid username
HTTP/1.1 401 Unauthorized
Date: Fri, 15 Aug 2025 13:49:50 GMT
Content-Type: text/html; charset=utf-8
Content-Length: 33
Connection: keep-alive
Access-Control-Allow-Origin: *
Etag: W/"21-kqEUlF5d6RRpf3XO8rj97canyAM"
X-Powered-By: Express
Cf-Cache-Status: DYNAMIC
Nel: {"report_to":"cf-nel","success_fraction":0.0,"max_age":604800}
Report-To: {"group":"cf-nel","max_age":604800,"endpoints":[{"url":"https://a.nel.cloudflare.com/report/v4?s=%2Bo0R1HYpC7xLseLSS34w61ruFnm44WymeKo0rGJwK1Z36YmktDNZjnuV83vLMuWCIlPSs3BPqWz90xgC6LIEkpxgcXhVwZCYaNE6aGDROOY%3D"}]}
Server: cloudflare
CF-RAY: 96f928552e076f1a-CDG
alt-svc: h3=":443"; ma=86400

<html>
  <body>username or password is incorrect</body>
</html>
]]></system-out>
  </testcase>
  <testcase name="testLoginWithInvalidCredentials[LoginRequest{username=&apos;mor_2314&apos;, password=&apos;***&apos;}, password](2)" classname="com.emmanuelarhu.tests.AuthApiTest" time="0.86">
    <system-out><![CDATA[🚀 Starting test execution...
📋 Testing POST /auth/login with invalid password
HTTP/1.1 401 Unauthorized
Date: Fri, 15 Aug 2025 13:49:52 GMT
Content-Type: text/html; charset=utf-8
Content-Length: 33
Connection: keep-alive
Access-Control-Allow-Origin: *
Etag: W/"21-kqEUlF5d6RRpf3XO8rj97canyAM"
X-Powered-By: Express
Cf-Cache-Status: DYNAMIC
Nel: {"report_to":"cf-nel","success_fraction":0.0,"max_age":604800}
Report-To: {"group":"cf-nel","max_age":604800,"endpoints":[{"url":"https://a.nel.cloudflare.com/report/v4?s=JijNoVCeZZcjz9tMho5MfWu3YTPg3%2F2zm1jnm7AdtZN7ZOCQsPjmqnavjBKqiNs0fQbiYuzmi233VHYkdi3BXtGfsjAPtarZqqO75p4e8Aw%3D"}]}
Server: cloudflare
CF-RAY: 96f928618e5f7036-CDG
alt-svc: h3=":443"; ma=86400

<html>
  <body>username or password is incorrect</body>
</html>
]]></system-out>
  </testcase>
  <testcase name="testLoginWithInvalidCredentials[LoginRequest{username=&apos;wrong_user&apos;, password=&apos;***&apos;}, both](3)" classname="com.emmanuelarhu.tests.AuthApiTest" time="11.883">
    <system-out><![CDATA[🚀 Starting test execution...
📋 Testing POST /auth/login with invalid both
HTTP/1.1 401 Unauthorized
Date: Fri, 15 Aug 2025 13:50:05 GMT
Content-Type: text/html; charset=utf-8
Content-Length: 33
Connection: keep-alive
Access-Control-Allow-Origin: *
Etag: W/"21-kqEUlF5d6RRpf3XO8rj97canyAM"
X-Powered-By: Express
Cf-Cache-Status: DYNAMIC
Nel: {"report_to":"cf-nel","success_fraction":0.0,"max_age":604800}
Report-To: {"group":"cf-nel","max_age":604800,"endpoints":[{"url":"https://a.nel.cloudflare.com/report/v4?s=5i9HQoJL78lyWkmwUNk2Pou8a01U906Itt1bo6YgKjQa5k181rg%2Bubtm8o%2FN2Ih9KZw%2FE4E0UdV3OzD6UzcsxNJBn2k9R92defY3Shoquk4%3D"}]}
Server: cloudflare
CF-RAY: 96f928b128570246-CDG
alt-svc: h3=":443"; ma=86400

<html>
  <body>username or password is incorrect</body>
</html>
]]></system-out>
  </testcase>
  <testcase name="testLoginWithInvalidCredentials[LoginRequest{username=&apos;&apos;, password=&apos;***&apos;}, username](4)" classname="com.emmanuelarhu.tests.AuthApiTest" time="2.783">
    <system-out><![CDATA[🚀 Starting test execution...
📋 Testing POST /auth/login with invalid username
HTTP/1.1 400 Bad Request
Date: Fri, 15 Aug 2025 13:50:08 GMT
Content-Type: text/html; charset=utf-8
Content-Length: 53
Connection: keep-alive
Access-Control-Allow-Origin: *
Etag: W/"35-rdWdMc+5t+Ebsw3LCVarsmPsFiQ"
X-Powered-By: Express
Cf-Cache-Status: DYNAMIC
Nel: {"report_to":"cf-nel","success_fraction":0.0,"max_age":604800}
Report-To: {"group":"cf-nel","max_age":604800,"endpoints":[{"url":"https://a.nel.cloudflare.com/report/v4?s=p2cl%2FTUAZKTu%2F784CvTaFZVO2qXBU6Xs6PARvnN%2FHa5DGicLmzEwO0ZMlhnWcesrKbnG4Ws7LJFrKFnH5zRxAp0rHXBc8Gs4w5aTpr%2F5DUI%3D"}]}
Server: cloudflare
CF-RAY: 96f928c51d6f6984-CDG
alt-svc: h3=":443"; ma=86400

<html>
  <body>username and password are not provided in JSON format</body>
</html>
]]></system-out>
  </testcase>
  <testcase name="testLoginWithInvalidCredentials[LoginRequest{username=&apos;mor_2314&apos;, password=&apos;***&apos;}, password](5)" classname="com.emmanuelarhu.tests.AuthApiTest" time="1.934">
    <system-out><![CDATA[🚀 Starting test execution...
📋 Testing POST /auth/login with invalid password
HTTP/1.1 400 Bad Request
Date: Fri, 15 Aug 2025 13:50:10 GMT
Content-Type: text/html; charset=utf-8
Content-Length: 53
Connection: keep-alive
Access-Control-Allow-Origin: *
Etag: W/"35-rdWdMc+5t+Ebsw3LCVarsmPsFiQ"
X-Powered-By: Express
Cf-Cache-Status: DYNAMIC
Nel: {"report_to":"cf-nel","success_fraction":0.0,"max_age":604800}
Report-To: {"group":"cf-nel","max_age":604800,"endpoints":[{"url":"https://a.nel.cloudflare.com/report/v4?s=2M%2F6bL2OEiuTzfy7F%2F4EoahReC2lyN%2BtbEoVrFxXhNZXLsU4JRbt99w%2FFdj0iVZUVgLVvpS8dYOddYyj4ANArGxMJzrCU6EEU2I93MjgI2M%3D"}]}
Server: cloudflare
CF-RAY: 96f928d29f3602db-CDG
alt-svc: h3=":443"; ma=86400

<html>
  <body>username and password are not provided in JSON format</body>
</html>
]]></system-out>
  </testcase>
  <testcase name="testLoginWithInvalidCredentials[LoginRequest{username=&apos;&apos;, password=&apos;***&apos;}, both](6)" classname="com.emmanuelarhu.tests.AuthApiTest" time="7.294">
    <system-out><![CDATA[🚀 Starting test execution...
📋 Testing POST /auth/login with invalid both
HTTP/1.1 400 Bad Request
Date: Fri, 15 Aug 2025 13:50:16 GMT
Content-Type: text/html; charset=utf-8
Content-Length: 53
Connection: keep-alive
Access-Control-Allow-Origin: *
Etag: W/"35-rdWdMc+5t+Ebsw3LCVarsmPsFiQ"
X-Powered-By: Express
Cf-Cache-Status: DYNAMIC
Nel: {"report_to":"cf-nel","success_fraction":0.0,"max_age":604800}
Report-To: {"group":"cf-nel","max_age":604800,"endpoints":[{"url":"https://a.nel.cloudflare.com/report/v4?s=zzzyhoFKsRLbSlFWBPBRptTMiUp5jBnuRWLxQfQS9jyhjm%2BMOew8hscKSVREGe4HKma9E4akheLFN1DFYiLe1P6aOFs0qktO0kCuyrbhR2c%3D"}]}
Server: cloudflare
CF-RAY: 96f928fb5fecbb57-CDG
alt-svc: h3=":443"; ma=86400

<html>
  <body>username and password are not provided in JSON format</body>
</html>
]]></system-out>
  </testcase>
  <testcase name="testLoginWithInvalidCredentials[LoginRequest{username=&apos;null&apos;, password=&apos;***&apos;}, username](7)" classname="com.emmanuelarhu.tests.AuthApiTest" time="1.354">
    <system-out><![CDATA[🚀 Starting test execution...
📋 Testing POST /auth/login with invalid username
HTTP/1.1 400 Bad Request
Date: Fri, 15 Aug 2025 13:50:17 GMT
Content-Type: text/html; charset=utf-8
Content-Length: 53
Connection: keep-alive
Access-Control-Allow-Origin: *
Etag: W/"35-rdWdMc+5t+Ebsw3LCVarsmPsFiQ"
X-Powered-By: Express
Cf-Cache-Status: DYNAMIC
Nel: {"report_to":"cf-nel","success_fraction":0.0,"max_age":604800}
Report-To: {"group":"cf-nel","max_age":604800,"endpoints":[{"url":"https://a.nel.cloudflare.com/report/v4?s=iXyvJL8jOSXbdi0LVp15fl%2FK8cUmdhZUqob84W1iIBTbaxr5tgWti7hCrL0mEH6Eg1XyrD%2FRueeGNJMCVe8K63cn2C8FuAATtYn5YcGsvWE%3D"}]}
Server: cloudflare
CF-RAY: 96f929008b9f9edd-CDG
alt-svc: h3=":443"; ma=86400

<html>
  <body>username and password are not provided in JSON format</body>
</html>
]]></system-out>
  </testcase>
  <testcase name="testLoginWithInvalidCredentials[LoginRequest{username=&apos;mor_2314&apos;, password=&apos;***&apos;}, password](8)" classname="com.emmanuelarhu.tests.AuthApiTest" time="1.808">
    <system-out><![CDATA[🚀 Starting test execution...
📋 Testing POST /auth/login with invalid password
HTTP/1.1 400 Bad Request
Date: Fri, 15 Aug 2025 13:50:20 GMT
Content-Type: text/html; charset=utf-8
Content-Length: 53
Connection: keep-alive
Access-Control-Allow-Origin: *
Etag: W/"35-rdWdMc+5t+Ebsw3LCVarsmPsFiQ"
X-Powered-By: Express
Cf-Cache-Status: DYNAMIC
Nel: {"report_to":"cf-nel","success_fraction":0.0,"max_age":604800}
Report-To: {"group":"cf-nel","max_age":604800,"endpoints":[{"url":"https://a.nel.cloudflare.com/report/v4?s=aLxJ8KzIbWvm7BQqMiRF22tkutYgWAc6U4HX9ISa1kwjuVWBWZPpNb34WmYEGH7%2BXLSwSK3nMjm99zQMZWUCIO5Hl7vyQ4r8Cnn9%2BD1%2BGLs%3D"}]}
Server: cloudflare
CF-RAY: 96f92910ec6dd0b3-CDG
alt-svc: h3=":443"; ma=86400

<html>
  <body>username and password are not provided in JSON format</body>
</html>
]]></system-out>
  </testcase>
  <testcase name="testLoginWithInvalidCredentials[LoginRequest{username=&apos;MOR_2314&apos;, password=&apos;***&apos;}, username](9)" classname="com.emmanuelarhu.tests.AuthApiTest" time="0.951">
    <system-out><![CDATA[🚀 Starting test execution...
📋 Testing POST /auth/login with invalid username
HTTP/1.1 401 Unauthorized
Date: Fri, 15 Aug 2025 13:50:21 GMT
Content-Type: text/html; charset=utf-8
Content-Length: 33
Connection: keep-alive
Access-Control-Allow-Origin: *
Etag: W/"21-kqEUlF5d6RRpf3XO8rj97canyAM"
X-Powered-By: Express
Cf-Cache-Status: DYNAMIC
Nel: {"report_to":"cf-nel","success_fraction":0.0,"max_age":604800}
Report-To: {"group":"cf-nel","max_age":604800,"endpoints":[{"url":"https://a.nel.cloudflare.com/report/v4?s=63APBaGWkevaG3L6YwSwyAUxR2%2BHZ20YbXdX0pE2yXN21HE8C9vOjZgRq5Q0%2Fa8IHB472SS%2BKM2PNurHGSA3u%2FLt7xoOZRbipLHTWonaMPw%3D"}]}
Server: cloudflare
CF-RAY: 96f929167cd3e8ce-CDG
alt-svc: h3=":443"; ma=86400

<html>
  <body>username or password is incorrect</body>
</html>
]]></system-out>
  </testcase>
  <testcase name="testLoginWithInvalidCredentials[LoginRequest{username=&apos;mor 2314&apos;, password=&apos;***&apos;}, username](10)" classname="com.emmanuelarhu.tests.AuthApiTest" time="0.944">
    <system-out><![CDATA[🚀 Starting test execution...
📋 Testing POST /auth/login with invalid username
HTTP/1.1 401 Unauthorized
Date: Fri, 15 Aug 2025 13:50:22 GMT
Content-Type: text/html; charset=utf-8
Content-Length: 33
Connection: keep-alive
Access-Control-Allow-Origin: *
Etag: W/"21-kqEUlF5d6RRpf3XO8rj97canyAM"
X-Powered-By: Express
Cf-Cache-Status: DYNAMIC
Nel: {"report_to":"cf-nel","success_fraction":0.0,"max_age":604800}
Report-To: {"group":"cf-nel","max_age":604800,"endpoints":[{"url":"https://a.nel.cloudflare.com/report/v4?s=vnQw9nYQOZojNwuAMzIYq9Pbqx2pVr2tqBzoFYhdypDYdXkXkXPCUyQok529XHrneYJpY825XUrpbOJ9Q2%2FjDPuPkeQct%2FIi7U7lVlof%2BVo%3D"}]}
Server: cloudflare
CF-RAY: 96f9291d1dde701f-CDG
alt-svc: h3=":443"; ma=86400

<html>
  <body>username or password is incorrect</body>
</html>
]]></system-out>
  </testcase>
  <testcase name="testLoginWithInvalidCredentials[LoginRequest{username=&apos;mor_2314&apos;, password=&apos;***&apos;}, password](11)" classname="com.emmanuelarhu.tests.AuthApiTest" time="1.812">
    <system-out><![CDATA[🚀 Starting test execution...
📋 Testing POST /auth/login with invalid password
HTTP/1.1 401 Unauthorized
Date: Fri, 15 Aug 2025 13:50:23 GMT
Content-Type: text/html; charset=utf-8
Content-Length: 33
Connection: keep-alive
Access-Control-Allow-Origin: *
Etag: W/"21-kqEUlF5d6RRpf3XO8rj97canyAM"
X-Powered-By: Express
Cf-Cache-Status: DYNAMIC
Nel: {"report_to":"cf-nel","success_fraction":0.0,"max_age":604800}
Report-To: {"group":"cf-nel","max_age":604800,"endpoints":[{"url":"https://a.nel.cloudflare.com/report/v4?s=paxh2u3W9s6%2FUdHJSX3GP7Qa3nJcVop3CYOQTWRfatPCBAMNlWDDsIkJ0qzllwObcuD%2BVgMeADwruQqd2J9tIK%2FzD%2F8Ndz9oEhip6IKTJP8%3D"}]}
Server: cloudflare
CF-RAY: 96f92923afb701c5-CDG
alt-svc: h3=":443"; ma=86400

<html>
  <body>username or password is incorrect</body>
</html>
]]></system-out>
  </testcase>
  <testcase name="testLoginWithEmptyBody" classname="com.emmanuelarhu.tests.AuthApiTest" time="1.86">
    <system-out><![CDATA[🚀 Starting test execution...
📋 Testing POST /auth/login with empty body
HTTP/1.1 400 Bad Request
Date: Fri, 15 Aug 2025 13:50:26 GMT
Content-Type: text/html; charset=utf-8
Content-Length: 53
Connection: keep-alive
Access-Control-Allow-Origin: *
Etag: W/"35-rdWdMc+5t+Ebsw3LCVarsmPsFiQ"
X-Powered-By: Express
Cf-Cache-Status: DYNAMIC
Nel: {"report_to":"cf-nel","success_fraction":0.0,"max_age":604800}
Report-To: {"group":"cf-nel","max_age":604800,"endpoints":[{"url":"https://a.nel.cloudflare.com/report/v4?s=O7o3lLfWhB4jGdLlIaXVxXhSa3p8sxFlbVA16T5MmDS1vh07wA3EScLrJT1VDr4R1udHXV5Z%2FDd0%2F%2FAsf66CMmjTDg%2FpKrrQROjbmLVrbbM%3D"}]}
Server: cloudflare
CF-RAY: 96f92936a9906f17-CDG
alt-svc: h3=":443"; ma=86400

<html>
  <body>username and password are not provided in JSON format</body>
</html>
]]></system-out>
  </testcase>
  <testcase name="testLoginWithMissingUsername" classname="com.emmanuelarhu.tests.AuthApiTest" time="0.77">
    <system-out><![CDATA[🚀 Starting test execution...
📋 Testing POST /auth/login with missing username
HTTP/1.1 400 Bad Request
Date: Fri, 15 Aug 2025 13:50:27 GMT
Content-Type: text/html; charset=utf-8
Content-Length: 53
Connection: keep-alive
Access-Control-Allow-Origin: *
Etag: W/"35-rdWdMc+5t+Ebsw3LCVarsmPsFiQ"
X-Powered-By: Express
Cf-Cache-Status: DYNAMIC
Nel: {"report_to":"cf-nel","success_fraction":0.0,"max_age":604800}
Report-To: {"group":"cf-nel","max_age":604800,"endpoints":[{"url":"https://a.nel.cloudflare.com/report/v4?s=geaobhGjOEe1vruoEgIGJSse8tsv9gZrePxDzR0zP0QUg5d2hjARIiocXiLiFM0goD6cUj2h6EXY%2B%2FoT13ugz39qQhq2cMEfFmBSOFUaHvs%3D"}]}
Server: cloudflare
CF-RAY: 96f9293c3c79bb3f-CDG
alt-svc: h3=":443"; ma=86400

<html>
  <body>username and password are not provided in JSON format</body>
</html>
]]></system-out>
  </testcase>
  <testcase name="testLoginWithMissingPassword" classname="com.emmanuelarhu.tests.AuthApiTest" time="0.583">
    <system-out><![CDATA[🚀 Starting test execution...
📋 Testing POST /auth/login with missing password
HTTP/1.1 400 Bad Request
Date: Fri, 15 Aug 2025 13:50:28 GMT
Content-Type: text/html; charset=utf-8
Content-Length: 53
Connection: keep-alive
Access-Control-Allow-Origin: *
Etag: W/"35-rdWdMc+5t+Ebsw3LCVarsmPsFiQ"
X-Powered-By: Express
Cf-Cache-Status: DYNAMIC
Nel: {"report_to":"cf-nel","success_fraction":0.0,"max_age":604800}
Report-To: {"group":"cf-nel","max_age":604800,"endpoints":[{"url":"https://a.nel.cloudflare.com/report/v4?s=9omtuRY9QQ0UVwO%2BdUVXgYs9LS63Au0iNP9U3jnejWUKfJ%2Bm3G2vpq8w%2Bf98pOtDnX7HsoCNX8GUR%2BW%2FFSHI5J%2BLuiJjuNxw6P31grrW%2FK8%3D"}]}
Server: cloudflare
CF-RAY: 96f92940f9ae9ea2-CDG
alt-svc: h3=":443"; ma=86400

<html>
  <body>username and password are not provided in JSON format</body>
</html>
]]></system-out>
  </testcase>
  <testcase name="testLoginWithMalformedJson[{username: &apos;mor_2314&apos;, password: &apos;83r5^_&apos;}](1)" classname="com.emmanuelarhu.tests.AuthApiTest" time="1.707">
    <system-out><![CDATA[🚀 Starting test execution...
📋 Testing POST /auth/login with malformed JSON
HTTP/1.1 400 Bad Request
Date: Fri, 15 Aug 2025 13:50:28 GMT
Content-Type: text/html; charset=utf-8
Transfer-Encoding: chunked
Connection: keep-alive
Access-Control-Allow-Origin: *
Content-Security-Policy: default-src 'none'
X-Content-Type-Options: nosniff
X-Powered-By: Express
Cf-Cache-Status: DYNAMIC
Nel: {"report_to":"cf-nel","success_fraction":0.0,"max_age":604800}
Report-To: {"group":"cf-nel","max_age":604800,"endpoints":[{"url":"https://a.nel.cloudflare.com/report/v4?s=d%2BXnfJhzv1y9bm%2FWY87vOY2bbIsGZ38TAt5sbgM%2B5CThofwRx5ftyPIPqZ3FJY72rtSZ4%2BvwXFIzzE92EF78v98RK7CrYkAAjBq71jSw4ks%3D"}]}
Server: cloudflare
CF-RAY: 96f9294558b5d131-CDG
alt-svc: h3=":443"; ma=86400

<html lang="en">
  <head>
    <meta charset="utf-8"/>
    <title>Error</title>
  </head>
  <body>
    <pre>Bad Request</pre>
    <script>(function(){function c(){var b=a.contentDocument||a.contentWindow.document;if(b){var d=b.createElement('script');d.innerHTML="window.__CF$cv$params={r:'96f9294558b5d131',t:'MTc1NTI2NTgyOA=='};var a=document.createElement('script');a.src='/cdn-cgi/challenge-platform/scripts/jsd/main.js';document.getElementsByTagName('head')[0].appendChild(a);";b.getElementsByTagName('head')[0].appendChild(d)}}if(document.body){var a=document.createElement('iframe');a.height=1;a.width=1;a.style.position='absolute';a.style.top=0;a.style.left=0;a.style.border='none';a.style.visibility='hidden';document.body.appendChild(a);if('loading'!==document.readyState)c();else if(window.addEventListener)document.addEventListener('DOMContentLoaded',c);else{var e=document.onreadystatechange||function(){};document.onreadystatechange=function(b){e(b);'loading'!==document.readyState&amp;&amp;(document.onreadystatechange=e,c())}}}})();</script>
  </body>
</html>
]]></system-out>
  </testcase>
  <testcase name="testLoginWithMalformedJson[{&quot;username&quot;: &quot;mor_2314&quot;, &quot;password&quot;: }](2)" classname="com.emmanuelarhu.tests.AuthApiTest" time="0.852">
    <system-out><![CDATA[🚀 Starting test execution...
📋 Testing POST /auth/login with malformed JSON
HTTP/1.1 400 Bad Request
Date: Fri, 15 Aug 2025 13:50:30 GMT
Content-Type: text/html; charset=utf-8
Transfer-Encoding: chunked
Connection: keep-alive
Access-Control-Allow-Origin: *
Content-Security-Policy: default-src 'none'
X-Content-Type-Options: nosniff
X-Powered-By: Express
Cf-Cache-Status: DYNAMIC
Nel: {"report_to":"cf-nel","success_fraction":0.0,"max_age":604800}
Report-To: {"group":"cf-nel","max_age":604800,"endpoints":[{"url":"https://a.nel.cloudflare.com/report/v4?s=tnOrs8WzT91nA3joEbl3zcMziGXI41mVqNxoCaEGYYiCKc1PSkOc3%2B5dg8sxOh094SitqAyMsv%2FvKZ39cmIPOQwDZxMnUUcaLASqnP6rCG8%3D"}]}
Server: cloudflare
CF-RAY: 96f92951885a0342-CDG
alt-svc: h3=":443"; ma=86400

<html lang="en">
  <head>
    <meta charset="utf-8"/>
    <title>Error</title>
  </head>
  <body>
    <pre>Bad Request</pre>
    <script>(function(){function c(){var b=a.contentDocument||a.contentWindow.document;if(b){var d=b.createElement('script');d.innerHTML="window.__CF$cv$params={r:'96f92951885a0342',t:'MTc1NTI2NTgzMA=='};var a=document.createElement('script');a.src='/cdn-cgi/challenge-platform/scripts/jsd/main.js';document.getElementsByTagName('head')[0].appendChild(a);";b.getElementsByTagName('head')[0].appendChild(d)}}if(document.body){var a=document.createElement('iframe');a.height=1;a.width=1;a.style.position='absolute';a.style.top=0;a.style.left=0;a.style.border='none';a.style.visibility='hidden';document.body.appendChild(a);if('loading'!==document.readyState)c();else if(window.addEventListener)document.addEventListener('DOMContentLoaded',c);else{var e=document.onreadystatechange||function(){};document.onreadystatechange=function(b){e(b);'loading'!==document.readyState&amp;&amp;(document.onreadystatechange=e,c())}}}})();</script>
  </body>
</html>
]]></system-out>
  </testcase>
  <testcase name="testLoginWithMalformedJson[{&quot;username&quot;: &quot;mor_2314&quot;, &quot;password&quot;: &quot;83r5^_&quot;](3)" classname="com.emmanuelarhu.tests.AuthApiTest" time="0.787">
    <system-out><![CDATA[🚀 Starting test execution...
📋 Testing POST /auth/login with malformed JSON
HTTP/1.1 400 Bad Request
Date: Fri, 15 Aug 2025 13:50:31 GMT
Content-Type: text/html; charset=utf-8
Transfer-Encoding: chunked
Connection: keep-alive
Access-Control-Allow-Origin: *
Content-Security-Policy: default-src 'none'
X-Content-Type-Options: nosniff
X-Powered-By: Express
Cf-Cache-Status: DYNAMIC
Nel: {"report_to":"cf-nel","success_fraction":0.0,"max_age":604800}
Report-To: {"group":"cf-nel","max_age":604800,"endpoints":[{"url":"https://a.nel.cloudflare.com/report/v4?s=55uqieXdzDW6o0V6YFck0ouK54G7boQ2cmemS05j%2FULUyIs9EiPpDs5ExmZNg0XIcGa7yRT635huTK2S7MzNPh0V7vHFvzr6jwoBfKjI1g0%3D"}]}
Server: cloudflare
CF-RAY: 96f929573d06d12b-CDG
alt-svc: h3=":443"; ma=86400

<html lang="en">
  <head>
    <meta charset="utf-8"/>
    <title>Error</title>
  </head>
  <body>
    <pre>Bad Request</pre>
    <script>(function(){function c(){var b=a.contentDocument||a.contentWindow.document;if(b){var d=b.createElement('script');d.innerHTML="window.__CF$cv$params={r:'96f929573d06d12b',t:'MTc1NTI2NTgzMQ=='};var a=document.createElement('script');a.src='/cdn-cgi/challenge-platform/scripts/jsd/main.js';document.getElementsByTagName('head')[0].appendChild(a);";b.getElementsByTagName('head')[0].appendChild(d)}}if(document.body){var a=document.createElement('iframe');a.height=1;a.width=1;a.style.position='absolute';a.style.top=0;a.style.left=0;a.style.border='none';a.style.visibility='hidden';document.body.appendChild(a);if('loading'!==document.readyState)c();else if(window.addEventListener)document.addEventListener('DOMContentLoaded',c);else{var e=document.onreadystatechange||function(){};document.onreadystatechange=function(b){e(b);'loading'!==document.readyState&amp;&amp;(document.onreadystatechange=e,c())}}}})();</script>
  </body>
</html>
]]></system-out>
  </testcase>
  <testcase name="testLoginWithMalformedJson[username: &apos;mor_2314&apos;, password: &apos;83r5^_&apos;](4)" classname="com.emmanuelarhu.tests.AuthApiTest" time="0.736">
    <system-out><![CDATA[🚀 Starting test execution...
📋 Testing POST /auth/login with malformed JSON
HTTP/1.1 400 Bad Request
Date: Fri, 15 Aug 2025 13:50:32 GMT
Content-Type: text/html; charset=utf-8
Transfer-Encoding: chunked
Connection: keep-alive
Access-Control-Allow-Origin: *
Content-Security-Policy: default-src 'none'
X-Content-Type-Options: nosniff
X-Powered-By: Express
Cf-Cache-Status: DYNAMIC
Nel: {"report_to":"cf-nel","success_fraction":0.0,"max_age":604800}
Report-To: {"group":"cf-nel","max_age":604800,"endpoints":[{"url":"https://a.nel.cloudflare.com/report/v4?s=LuyPFt4WCRZawdXq0atY18UkOnQSu3Oh5pKFOmxjcdatq8XoFuvslAOFu%2FmCxM0OyhgJCurklikGq0KIFyjyEd6gOJSeTZxWbzkudmr%2Fy88%3D"}]}
Server: cloudflare
CF-RAY: 96f9295c2b3d57ed-CDG
alt-svc: h3=":443"; ma=86400

<html lang="en">
  <head>
    <meta charset="utf-8"/>
    <title>Error</title>
  </head>
  <body>
    <pre>Bad Request</pre>
    <script>(function(){function c(){var b=a.contentDocument||a.contentWindow.document;if(b){var d=b.createElement('script');d.innerHTML="window.__CF$cv$params={r:'96f9295c2b3d57ed',t:'MTc1NTI2NTgzMg=='};var a=document.createElement('script');a.src='/cdn-cgi/challenge-platform/scripts/jsd/main.js';document.getElementsByTagName('head')[0].appendChild(a);";b.getElementsByTagName('head')[0].appendChild(d)}}if(document.body){var a=document.createElement('iframe');a.height=1;a.width=1;a.style.position='absolute';a.style.top=0;a.style.left=0;a.style.border='none';a.style.visibility='hidden';document.body.appendChild(a);if('loading'!==document.readyState)c();else if(window.addEventListener)document.addEventListener('DOMContentLoaded',c);else{var e=document.onreadystatechange||function(){};document.onreadystatechange=function(b){e(b);'loading'!==document.readyState&amp;&amp;(document.onreadystatechange=e,c())}}}})();</script>
  </body>
</html>
]]></system-out>
  </testcase>
  <testcase name="testLoginWithMalformedJson[{&quot;username&quot;: &quot;mor_2314&quot;, &quot;password&quot;: &quot;83r5^_&quot;, }](5)" classname="com.emmanuelarhu.tests.AuthApiTest" time="0.802">
    <system-out><![CDATA[🚀 Starting test execution...
📋 Testing POST /auth/login with malformed JSON
HTTP/1.1 400 Bad Request
Date: Fri, 15 Aug 2025 13:50:33 GMT
Content-Type: text/html; charset=utf-8
Transfer-Encoding: chunked
Connection: keep-alive
Access-Control-Allow-Origin: *
Content-Security-Policy: default-src 'none'
X-Content-Type-Options: nosniff
X-Powered-By: Express
Cf-Cache-Status: DYNAMIC
Nel: {"report_to":"cf-nel","success_fraction":0.0,"max_age":604800}
Report-To: {"group":"cf-nel","max_age":604800,"endpoints":[{"url":"https://a.nel.cloudflare.com/report/v4?s=vHcdsysxKi7as10WYRio%2Fm7%2BKDgAR09d5uWJvYE%2BJ0OieKrDjcf3DKR5SACvdlFsJsXreEabWGfQ8T5i8i%2BrNUxo8sipHhWlXHHR1wEwWS8%3D"}]}
Server: cloudflare
CF-RAY: 96f92961aa9e3d5d-CDG
alt-svc: h3=":443"; ma=86400

<html lang="en">
  <head>
    <meta charset="utf-8"/>
    <title>Error</title>
  </head>
  <body>
    <pre>Bad Request</pre>
    <script>(function(){function c(){var b=a.contentDocument||a.contentWindow.document;if(b){var d=b.createElement('script');d.innerHTML="window.__CF$cv$params={r:'96f92961aa9e3d5d',t:'MTc1NTI2NTgzMw=='};var a=document.createElement('script');a.src='/cdn-cgi/challenge-platform/scripts/jsd/main.js';document.getElementsByTagName('head')[0].appendChild(a);";b.getElementsByTagName('head')[0].appendChild(d)}}if(document.body){var a=document.createElement('iframe');a.height=1;a.width=1;a.style.position='absolute';a.style.top=0;a.style.left=0;a.style.border='none';a.style.visibility='hidden';document.body.appendChild(a);if('loading'!==document.readyState)c();else if(window.addEventListener)document.addEventListener('DOMContentLoaded',c);else{var e=document.onreadystatechange||function(){};document.onreadystatechange=function(b){e(b);'loading'!==document.readyState&amp;&amp;(document.onreadystatechange=e,c())}}}})();</script>
  </body>
</html>
]]></system-out>
  </testcase>
  <testcase name="testLoginWithMalformedJson[{&quot;username&quot;: &quot;mor_2314&quot; &quot;password&quot;: &quot;83r5^_&quot;}](6)" classname="com.emmanuelarhu.tests.AuthApiTest" time="1.065">
    <system-out><![CDATA[🚀 Starting test execution...
📋 Testing POST /auth/login with malformed JSON
HTTP/1.1 400 Bad Request
Date: Fri, 15 Aug 2025 13:50:34 GMT
Content-Type: text/html; charset=utf-8
Transfer-Encoding: chunked
Connection: keep-alive
Access-Control-Allow-Origin: *
Content-Security-Policy: default-src 'none'
X-Content-Type-Options: nosniff
X-Powered-By: Express
Cf-Cache-Status: DYNAMIC
Nel: {"report_to":"cf-nel","success_fraction":0.0,"max_age":604800}
Report-To: {"group":"cf-nel","max_age":604800,"endpoints":[{"url":"https://a.nel.cloudflare.com/report/v4?s=S5bOji9NgepbkDy2niW66M7UXZT8WxRETzDQA6lb3RarS2vzfrFIcosj75TlRs2qLCPHi9H3kLib9rsuu%2BcW4XvRRYOEsGh87ElB3l4RJok%3D"}]}
Server: cloudflare
CF-RAY: 96f92966da0c027e-CDG
alt-svc: h3=":443"; ma=86400

<html lang="en">
  <head>
    <meta charset="utf-8"/>
    <title>Error</title>
  </head>
  <body>
    <pre>Bad Request</pre>
    <script>(function(){function c(){var b=a.contentDocument||a.contentWindow.document;if(b){var d=b.createElement('script');d.innerHTML="window.__CF$cv$params={r:'96f92966da0c027e',t:'MTc1NTI2NTgzNA=='};var a=document.createElement('script');a.src='/cdn-cgi/challenge-platform/scripts/jsd/main.js';document.getElementsByTagName('head')[0].appendChild(a);";b.getElementsByTagName('head')[0].appendChild(d)}}if(document.body){var a=document.createElement('iframe');a.height=1;a.width=1;a.style.position='absolute';a.style.top=0;a.style.left=0;a.style.border='none';a.style.visibility='hidden';document.body.appendChild(a);if('loading'!==document.readyState)c();else if(window.addEventListener)document.addEventListener('DOMContentLoaded',c);else{var e=document.onreadystatechange||function(){};document.onreadystatechange=function(b){e(b);'loading'!==document.readyState&amp;&amp;(document.onreadystatechange=e,c())}}}})();</script>
  </body>
</html>
]]></system-out>
  </testcase>
  <testcase name="testLoginWithMalformedJson[{&apos;username&apos;: &apos;mor_2314&apos;, &apos;password&apos;: &apos;83r5^_&apos;}](7)" classname="com.emmanuelarhu.tests.AuthApiTest" time="0.906">
    <system-out><![CDATA[🚀 Starting test execution...
📋 Testing POST /auth/login with malformed JSON
HTTP/1.1 400 Bad Request
Date: Fri, 15 Aug 2025 13:50:35 GMT
Content-Type: text/html; charset=utf-8
Transfer-Encoding: chunked
Connection: keep-alive
Access-Control-Allow-Origin: *
Content-Security-Policy: default-src 'none'
X-Content-Type-Options: nosniff
X-Powered-By: Express
Cf-Cache-Status: DYNAMIC
Nel: {"report_to":"cf-nel","success_fraction":0.0,"max_age":604800}
Report-To: {"group":"cf-nel","max_age":604800,"endpoints":[{"url":"https://a.nel.cloudflare.com/report/v4?s=C8Ja97EUboMLP9GDCTNuT5PKFczc8l8%2FytMBvg935khQBaUhw37IkYDgXWBzhuJ6w9cdJO%2BAxx3tE2HDuDu9sRDy7CEnPz6hKKZplZmL%2F64%3D"}]}
Server: cloudflare
CF-RAY: 96f9296f08d50151-CDG
alt-svc: h3=":443"; ma=86400

<html lang="en">
  <head>
    <meta charset="utf-8"/>
    <title>Error</title>
  </head>
  <body>
    <pre>Bad Request</pre>
    <script>(function(){function c(){var b=a.contentDocument||a.contentWindow.document;if(b){var d=b.createElement('script');d.innerHTML="window.__CF$cv$params={r:'96f9296f08d50151',t:'MTc1NTI2NTgzNQ=='};var a=document.createElement('script');a.src='/cdn-cgi/challenge-platform/scripts/jsd/main.js';document.getElementsByTagName('head')[0].appendChild(a);";b.getElementsByTagName('head')[0].appendChild(d)}}if(document.body){var a=document.createElement('iframe');a.height=1;a.width=1;a.style.position='absolute';a.style.top=0;a.style.left=0;a.style.border='none';a.style.visibility='hidden';document.body.appendChild(a);if('loading'!==document.readyState)c();else if(window.addEventListener)document.addEventListener('DOMContentLoaded',c);else{var e=document.onreadystatechange||function(){};document.onreadystatechange=function(b){e(b);'loading'!==document.readyState&amp;&amp;(document.onreadystatechange=e,c())}}}})();</script>
  </body>
</html>
]]></system-out>
  </testcase>
  <testcase name="testSqlInjectionInLogin[&apos; OR &apos;1&apos;=&apos;1](1)" classname="com.emmanuelarhu.tests.AuthApiTest" time="1.048">
    <system-out><![CDATA[🚀 Starting test execution...
📋 Testing SQL injection protection in login with: ' OR '1'='1
HTTP/1.1 401 Unauthorized
Date: Fri, 15 Aug 2025 13:50:36 GMT
Content-Type: text/html; charset=utf-8
Content-Length: 33
Connection: keep-alive
Access-Control-Allow-Origin: *
Etag: W/"21-kqEUlF5d6RRpf3XO8rj97canyAM"
X-Powered-By: Express
Cf-Cache-Status: DYNAMIC
Nel: {"report_to":"cf-nel","success_fraction":0.0,"max_age":604800}
Report-To: {"group":"cf-nel","max_age":604800,"endpoints":[{"url":"https://a.nel.cloudflare.com/report/v4?s=GQWA6qaUTFooZdAQu%2BMn%2FhD9apumCNKF775de1GdHhtXUpkOV75X%2FRd16mi0tqTqy3nNBPJ4%2FZo15C7QAztUxxhs%2BAD63VBtO9Xdhx2gO2k%3D"}]}
Server: cloudflare
CF-RAY: 96f929754910f533-CDG
alt-svc: h3=":443"; ma=86400

<html>
  <body>username or password is incorrect</body>
</html>
]]></system-out>
  </testcase>
  <testcase name="testSqlInjectionInLogin[admin&apos;--](2)" classname="com.emmanuelarhu.tests.AuthApiTest" time="0.933">
    <system-out><![CDATA[🚀 Starting test execution...
📋 Testing SQL injection protection in login with: admin'--
HTTP/1.1 401 Unauthorized
Date: Fri, 15 Aug 2025 13:50:37 GMT
Content-Type: text/html; charset=utf-8
Content-Length: 33
Connection: keep-alive
Access-Control-Allow-Origin: *
Etag: W/"21-kqEUlF5d6RRpf3XO8rj97canyAM"
X-Powered-By: Express
Cf-Cache-Status: DYNAMIC
Nel: {"report_to":"cf-nel","success_fraction":0.0,"max_age":604800}
Report-To: {"group":"cf-nel","max_age":604800,"endpoints":[{"url":"https://a.nel.cloudflare.com/report/v4?s=S8EvycoplD%2FDolSiA0YW7G5LBfOG4%2BX3Ngt605zbAdi9GqzqtL77cvid2At5QnnceMKgUnTEEdxOjDLotOrQlyRxRdn26ZQFSx1ShyIEL4Q%3D"}]}
Server: cloudflare
CF-RAY: 96f9297c5c5b9a29-CDG
alt-svc: h3=":443"; ma=86400

<html>
  <body>username or password is incorrect</body>
</html>
]]></system-out>
  </testcase>
  <testcase name="testSqlInjectionInLogin[&apos; OR 1=1--](3)" classname="com.emmanuelarhu.tests.AuthApiTest" time="5.047">
    <system-out><![CDATA[🚀 Starting test execution...
📋 Testing SQL injection protection in login with: ' OR 1=1--
HTTP/1.1 401 Unauthorized
Date: Fri, 15 Aug 2025 13:50:43 GMT
Content-Type: text/html; charset=utf-8
Content-Length: 33
Connection: keep-alive
Access-Control-Allow-Origin: *
Etag: W/"21-kqEUlF5d6RRpf3XO8rj97canyAM"
X-Powered-By: Express
Cf-Cache-Status: DYNAMIC
Nel: {"report_to":"cf-nel","success_fraction":0.0,"max_age":604800}
Report-To: {"group":"cf-nel","max_age":604800,"endpoints":[{"url":"https://a.nel.cloudflare.com/report/v4?s=xUs9Lh2YuvAjhpduxT1bjRV7PGD8D3UtFY8YjosEkaIRRGAMo%2FVkd3ilHIYZhqU9lijhtixM%2FJV%2BqkzVw7YJCG8lgoNo0iCjyp5QO4ZBxUs%3D"}]}
Server: cloudflare
CF-RAY: 96f9299e5a9b2a4b-CDG
alt-svc: h3=":443"; ma=86400

<html>
  <body>username or password is incorrect</body>
</html>
]]></system-out>
  </testcase>
  <testcase name="testSqlInjectionInLogin[&apos;; DROP TABLE users; --](4)" classname="com.emmanuelarhu.tests.AuthApiTest" time="0.998">
    <system-out><![CDATA[🚀 Starting test execution...
📋 Testing SQL injection protection in login with: '; DROP TABLE users; --
HTTP/1.1 401 Unauthorized
Date: Fri, 15 Aug 2025 13:50:44 GMT
Content-Type: text/html; charset=utf-8
Content-Length: 33
Connection: keep-alive
Access-Control-Allow-Origin: *
Etag: W/"21-kqEUlF5d6RRpf3XO8rj97canyAM"
X-Powered-By: Express
Cf-Cache-Status: DYNAMIC
Nel: {"report_to":"cf-nel","success_fraction":0.0,"max_age":604800}
Report-To: {"group":"cf-nel","max_age":604800,"endpoints":[{"url":"https://a.nel.cloudflare.com/report/v4?s=A6Rfz5WLuHd9hlKSQpg12x1NFFWHsACqd%2BCpeme9v7dXX8woQbwvnaGYM9twoxT1YXsfCUMSNmhE%2FQN4WLIWybVtzI5JP%2BTWYlbagFtH3yM%3D"}]}
Server: cloudflare
CF-RAY: 96f929a4ddec2a7b-CDG
alt-svc: h3=":443"; ma=86400

<html>
  <body>username or password is incorrect</body>
</html>
]]></system-out>
  </testcase>
  <testcase name="testSqlInjectionInLogin[&apos; UNION SELECT * FROM users--](5)" classname="com.emmanuelarhu.tests.AuthApiTest" time="1.812">
    <system-out><![CDATA[🚀 Starting test execution...
📋 Testing SQL injection protection in login with: ' UNION SELECT * FROM users--
HTTP/1.1 401 Unauthorized
Date: Fri, 15 Aug 2025 13:50:46 GMT
Content-Type: text/html; charset=utf-8
Content-Length: 33
Connection: keep-alive
Access-Control-Allow-Origin: *
Etag: W/"21-kqEUlF5d6RRpf3XO8rj97canyAM"
X-Powered-By: Express
Cf-Cache-Status: DYNAMIC
Nel: {"report_to":"cf-nel","success_fraction":0.0,"max_age":604800}
Report-To: {"group":"cf-nel","max_age":604800,"endpoints":[{"url":"https://a.nel.cloudflare.com/report/v4?s=8UPHESqv6nCni4eyBAiMFjpLzWbzDq4qIz%2BwnCL01931XanNiyahbRDzj%2BSJMBqeJ4OIhDa6ZSx0VkaC8CWnolYc6mMq7EyhA1S7vaDme8U%3D"}]}
Server: cloudflare
CF-RAY: 96f929b18977e74e-CDG
alt-svc: h3=":443"; ma=86400

<html>
  <body>username or password is incorrect</body>
</html>
]]></system-out>
  </testcase>
  <testcase name="testSqlInjectionInLogin[admin&apos;; DELETE FROM users; --](6)" classname="com.emmanuelarhu.tests.AuthApiTest" time="0.911">
    <system-out><![CDATA[🚀 Starting test execution...
📋 Testing SQL injection protection in login with: admin'; DELETE FROM users; --
HTTP/1.1 401 Unauthorized
Date: Fri, 15 Aug 2025 13:50:47 GMT
Content-Type: text/html; charset=utf-8
Content-Length: 33
Connection: keep-alive
Access-Control-Allow-Origin: *
Etag: W/"21-kqEUlF5d6RRpf3XO8rj97canyAM"
X-Powered-By: Express
Cf-Cache-Status: DYNAMIC
Nel: {"report_to":"cf-nel","success_fraction":0.0,"max_age":604800}
Report-To: {"group":"cf-nel","max_age":604800,"endpoints":[{"url":"https://a.nel.cloudflare.com/report/v4?s=klO9Qgb3sHcDC0%2B6%2FE18JuhnxwcAHp%2B7phLHIHvAqhSWVHqRo%2FgU%2B846rcckpclo2m7JV%2Bh6AKf%2FbxrlGIB5jSE%2BDLxzqkU%2FJ%2FYx4nD97sI%3D"}]}
Server: cloudflare
CF-RAY: 96f929b7caf36f87-CDG
alt-svc: h3=":443"; ma=86400

<html>
  <body>username or password is incorrect</body>
</html>
]]></system-out>
  </testcase>
  <testcase name="testSqlInjectionInLogin[&apos; OR &apos;x&apos;=&apos;x](7)" classname="com.emmanuelarhu.tests.AuthApiTest" time="1.332">
    <system-out><![CDATA[🚀 Starting test execution...
📋 Testing SQL injection protection in login with: ' OR 'x'='x
HTTP/1.1 401 Unauthorized
Date: Fri, 15 Aug 2025 13:50:48 GMT
Content-Type: text/html; charset=utf-8
Content-Length: 33
Connection: keep-alive
Access-Control-Allow-Origin: *
Etag: W/"21-kqEUlF5d6RRpf3XO8rj97canyAM"
X-Powered-By: Express
Cf-Cache-Status: DYNAMIC
Nel: {"report_to":"cf-nel","success_fraction":0.0,"max_age":604800}
Report-To: {"group":"cf-nel","max_age":604800,"endpoints":[{"url":"https://a.nel.cloudflare.com/report/v4?s=IHIwtL36ti%2BjM7DdwD1EZBe9FAhD60pA1eYs7gLgt2aj5cPsSEhZISDb3inw9%2BSxI549rUimu3LzVx84xE6nWy%2FqcKd9D3jRLBy2v2kBfQ8%3D"}]}
Server: cloudflare
CF-RAY: 96f929bcf9d5783e-CDG
alt-svc: h3=":443"; ma=86400

<html>
  <body>username or password is incorrect</body>
</html>
]]></system-out>
  </testcase>
  <testcase name="testSqlInjectionInLogin[1&apos; OR &apos;1&apos;=&apos;1&apos; /*](8)" classname="com.emmanuelarhu.tests.AuthApiTest" time="0.684">
    <system-out><![CDATA[🚀 Starting test execution...
📋 Testing SQL injection protection in login with: 1' OR '1'='1' /*
HTTP/1.1 401 Unauthorized
Date: Fri, 15 Aug 2025 13:50:49 GMT
Content-Type: text/html; charset=utf-8
Content-Length: 33
Connection: keep-alive
Access-Control-Allow-Origin: *
Etag: W/"21-kqEUlF5d6RRpf3XO8rj97canyAM"
X-Powered-By: Express
Cf-Cache-Status: DYNAMIC
Nel: {"report_to":"cf-nel","success_fraction":0.0,"max_age":604800}
Report-To: {"group":"cf-nel","max_age":604800,"endpoints":[{"url":"https://a.nel.cloudflare.com/report/v4?s=A61TIaP6F9W9klN8oZJ0Iq5cjeXQL3u1wj6ko9ulz2ifHElp8RQsTPsXy3lWzTVUN1Q9SyPWXLFBfmIpbtgX0sVXUqEiBzB3AlhGI5VIp%2B8%3D"}]}
Server: cloudflare
CF-RAY: 96f929c62aa86fcc-CDG
alt-svc: h3=":443"; ma=86400

<html>
  <body>username or password is incorrect</body>
</html>
]]></system-out>
  </testcase>
  <testcase name="testSqlInjectionInLogin[admin&apos;/*](9)" classname="com.emmanuelarhu.tests.AuthApiTest" time="0.927">
    <system-out><![CDATA[🚀 Starting test execution...
📋 Testing SQL injection protection in login with: admin'/*
HTTP/1.1 401 Unauthorized
Date: Fri, 15 Aug 2025 13:50:50 GMT
Content-Type: text/html; charset=utf-8
Content-Length: 33
Connection: keep-alive
Access-Control-Allow-Origin: *
Etag: W/"21-kqEUlF5d6RRpf3XO8rj97canyAM"
X-Powered-By: Express
Cf-Cache-Status: DYNAMIC
Nel: {"report_to":"cf-nel","success_fraction":0.0,"max_age":604800}
Report-To: {"group":"cf-nel","max_age":604800,"endpoints":[{"url":"https://a.nel.cloudflare.com/report/v4?s=U%2BD1Zu5MgHjBNuWZ8GkPzoE85hqWTYWUxKBM0ZKT%2FohmwtnpMQiSkYeQB%2BD1hVSd4dEaizGs9rxw8twTLw4b39SLqk%2BqSqp3Fzw3megdhc8%3D"}]}
Server: cloudflare
CF-RAY: 96f929cbca66d14b-CDG
alt-svc: h3=":443"; ma=86400

<html>
  <body>username or password is incorrect</body>
</html>
]]></system-out>
  </testcase>
  <testcase name="testSqlInjectionInLogin[&apos; OR 1=1#](10)" classname="com.emmanuelarhu.tests.AuthApiTest" time="0.848">
    <system-out><![CDATA[🚀 Starting test execution...
📋 Testing SQL injection protection in login with: ' OR 1=1#
HTTP/1.1 401 Unauthorized
Date: Fri, 15 Aug 2025 13:50:51 GMT
Content-Type: text/html; charset=utf-8
Content-Length: 33
Connection: keep-alive
Access-Control-Allow-Origin: *
Etag: W/"21-kqEUlF5d6RRpf3XO8rj97canyAM"
X-Powered-By: Express
Cf-Cache-Status: DYNAMIC
Nel: {"report_to":"cf-nel","success_fraction":0.0,"max_age":604800}
Report-To: {"group":"cf-nel","max_age":604800,"endpoints":[{"url":"https://a.nel.cloudflare.com/report/v4?s=WzvBtd7cOOS9LwHLnwLxkZ5lDnfQaYyNRr8M2rBSPStXeBJqchZFAoUxzYuDPagUgcojfpLSjj69iIm4tRcW1oJ471ADw5sJ8rTQ4sLibP4%3D"}]}
Server: cloudflare
CF-RAY: 96f929d22a50d516-CDG
alt-svc: h3=":443"; ma=86400

<html>
  <body>username or password is incorrect</body>
</html>
]]></system-out>
  </testcase>
  <testcase name="testXssProtectionInLogin[&lt;script&gt;alert(&apos;xss&apos;)&lt;/script&gt;](1)" classname="com.emmanuelarhu.tests.AuthApiTest" time="0.924">
    <system-out><![CDATA[🚀 Starting test execution...
📋 Testing XSS protection in login with payload
HTTP/1.1 401 Unauthorized
Date: Fri, 15 Aug 2025 13:50:52 GMT
Content-Type: text/html; charset=utf-8
Content-Length: 33
Connection: keep-alive
Access-Control-Allow-Origin: *
Etag: W/"21-kqEUlF5d6RRpf3XO8rj97canyAM"
X-Powered-By: Express
Cf-Cache-Status: DYNAMIC
Nel: {"report_to":"cf-nel","success_fraction":0.0,"max_age":604800}
Report-To: {"group":"cf-nel","max_age":604800,"endpoints":[{"url":"https://a.nel.cloudflare.com/report/v4?s=xTvHZVz4aRsPEnqR%2FtlkfY%2BJGwORvTRzbQE%2F%2BCiG54%2BJD4v80w69H4EyL1IfIdtuqE2Lwm3tl9OhL71LJOLhmknvnowqwcIeZ%2FbO4fEQqYo%3D"}]}
Server: cloudflare
CF-RAY: 96f929d79d096f7e-CDG
alt-svc: h3=":443"; ma=86400

<html>
  <body>username or password is incorrect</body>
</html>
]]></system-out>
  </testcase>
  <testcase name="testXssProtectionInLogin[&lt;img src=x onerror=alert(&apos;xss&apos;)&gt;](2)" classname="com.emmanuelarhu.tests.AuthApiTest" time="1.813">
    <system-out><![CDATA[🚀 Starting test execution...
📋 Testing XSS protection in login with payload
HTTP/1.1 401 Unauthorized
Date: Fri, 15 Aug 2025 13:50:54 GMT
Content-Type: text/html; charset=utf-8
Content-Length: 33
Connection: keep-alive
Access-Control-Allow-Origin: *
Etag: W/"21-kqEUlF5d6RRpf3XO8rj97canyAM"
X-Powered-By: Express
Cf-Cache-Status: DYNAMIC
Nel: {"report_to":"cf-nel","success_fraction":0.0,"max_age":604800}
Report-To: {"group":"cf-nel","max_age":604800,"endpoints":[{"url":"https://a.nel.cloudflare.com/report/v4?s=%2BkpFsAtoc3G%2BDGlIGPbVEr38C419XpzoVslE3PZfYmajPgaic1Wlhab8IUJ0OcpRajQ0OQJA87X8xsFL9O%2FPcs52dhKik1euVTrRK%2Fp2%2F50%3D"}]}
Server: cloudflare
CF-RAY: 96f929e4cb0f9ed7-CDG
alt-svc: h3=":443"; ma=86400

<html>
  <body>username or password is incorrect</body>
</html>
]]></system-out>
  </testcase>
  <testcase name="testXssProtectionInLogin[javascript:alert(&apos;xss&apos;)](3)" classname="com.emmanuelarhu.tests.AuthApiTest" time="0.722">
    <system-out><![CDATA[🚀 Starting test execution...
📋 Testing XSS protection in login with payload
HTTP/1.1 401 Unauthorized
Date: Fri, 15 Aug 2025 13:50:55 GMT
Content-Type: text/html; charset=utf-8
Content-Length: 33
Connection: keep-alive
Access-Control-Allow-Origin: *
Etag: W/"21-kqEUlF5d6RRpf3XO8rj97canyAM"
X-Powered-By: Express
Cf-Cache-Status: DYNAMIC
Nel: {"report_to":"cf-nel","success_fraction":0.0,"max_age":604800}
Report-To: {"group":"cf-nel","max_age":604800,"endpoints":[{"url":"https://a.nel.cloudflare.com/report/v4?s=MdaK6zQbykBLfOOzzkkSItwH6QF9K%2B5p0xK%2FzrIauTLbGOuEUn33AzeRTuC5onMFfZZgA7QTWbD5LCGxnkKvIDqYBmUsiR59Fz6nxysum1c%3D"}]}
Server: cloudflare
CF-RAY: 96f929e9ed4d00d4-CDG
alt-svc: h3=":443"; ma=86400

<html>
  <body>username or password is incorrect</body>
</html>
]]></system-out>
  </testcase>
  <testcase name="testXssProtectionInLogin[&lt;svg onload=alert(&apos;xss&apos;)&gt;](4)" classname="com.emmanuelarhu.tests.AuthApiTest" time="0.659">
    <system-out><![CDATA[🚀 Starting test execution...
📋 Testing XSS protection in login with payload
HTTP/1.1 401 Unauthorized
Date: Fri, 15 Aug 2025 13:50:55 GMT
Content-Type: text/html; charset=utf-8
Content-Length: 33
Connection: keep-alive
Access-Control-Allow-Origin: *
Etag: W/"21-kqEUlF5d6RRpf3XO8rj97canyAM"
X-Powered-By: Express
Cf-Cache-Status: DYNAMIC
Nel: {"report_to":"cf-nel","success_fraction":0.0,"max_age":604800}
Report-To: {"group":"cf-nel","max_age":604800,"endpoints":[{"url":"https://a.nel.cloudflare.com/report/v4?s=6Ib3X3thQad8wYPMGEA8EvrqT9Owk1gGu%2BxT1IrVIe6qiVunvH4f2xPLTw6Io3opuotGPvo9zrF42I0fQ9McIJD29RqxoxIa2ultvd9VYLc%3D"}]}
Server: cloudflare
CF-RAY: 96f929ee4f2200b7-CDG
alt-svc: h3=":443"; ma=86400

<html>
  <body>username or password is incorrect</body>
</html>
]]></system-out>
  </testcase>
  <testcase name="testXssProtectionInLogin[&lt;iframe src=javascript:alert(&apos;xss&apos;)&gt;](5)" classname="com.emmanuelarhu.tests.AuthApiTest" time="0.808">
    <system-out><![CDATA[🚀 Starting test execution...
📋 Testing XSS protection in login with payload
HTTP/1.1 401 Unauthorized
Date: Fri, 15 Aug 2025 13:50:56 GMT
Content-Type: text/html; charset=utf-8
Content-Length: 33
Connection: keep-alive
Access-Control-Allow-Origin: *
Etag: W/"21-kqEUlF5d6RRpf3XO8rj97canyAM"
X-Powered-By: Express
Cf-Cache-Status: DYNAMIC
Nel: {"report_to":"cf-nel","success_fraction":0.0,"max_age":604800}
Report-To: {"group":"cf-nel","max_age":604800,"endpoints":[{"url":"https://a.nel.cloudflare.com/report/v4?s=9Q1xQvwxUJb0WuAKxYPp0EuKvnJ8xl0YcugKYqbkLSsF5PQy0IeH%2FfxyysDHW%2BfJNANILFpwEZEhFZLa%2Bh%2BnnzemmVApsl3OxuUHxVam"}]}
Server: cloudflare
CF-RAY: 96f929f39bd71542-CDG
alt-svc: h3=":443"; ma=86400

<html>
  <body>username or password is incorrect</body>
</html>
]]></system-out>
  </testcase>
  <testcase name="testXssProtectionInLogin[&lt;body onload=alert(&apos;xss&apos;)&gt;](6)" classname="com.emmanuelarhu.tests.AuthApiTest" time="0.663">
    <system-out><![CDATA[🚀 Starting test execution...
📋 Testing XSS protection in login with payload
HTTP/1.1 401 Unauthorized
Date: Fri, 15 Aug 2025 13:50:57 GMT
Content-Type: text/html; charset=utf-8
Content-Length: 33
Connection: keep-alive
Access-Control-Allow-Origin: *
Etag: W/"21-kqEUlF5d6RRpf3XO8rj97canyAM"
X-Powered-By: Express
Cf-Cache-Status: DYNAMIC
Nel: {"report_to":"cf-nel","success_fraction":0.0,"max_age":604800}
Report-To: {"group":"cf-nel","max_age":604800,"endpoints":[{"url":"https://a.nel.cloudflare.com/report/v4?s=izHT8D12kWTSO3f77qDPM6dP7WrHeZrk1iQyQEM3%2Foprly%2BdQD0lVRzoscPoA3eMZTcCJggIVIkTQJoTgozopYp7flkr4LBsM4Jqq8HAYOw%3D"}]}
Server: cloudflare
CF-RAY: 96f929f8aa5141aa-CDG
alt-svc: h3=":443"; ma=86400

<html>
  <body>username or password is incorrect</body>
</html>
]]></system-out>
  </testcase>
  <testcase name="testXssProtectionInLogin[&apos;;alert(&apos;xss&apos;);//](7)" classname="com.emmanuelarhu.tests.AuthApiTest" time="0.635">
    <system-out><![CDATA[🚀 Starting test execution...
📋 Testing XSS protection in login with payload
HTTP/1.1 401 Unauthorized
Date: Fri, 15 Aug 2025 13:50:58 GMT
Content-Type: text/html; charset=utf-8
Content-Length: 33
Connection: keep-alive
Access-Control-Allow-Origin: *
Etag: W/"21-kqEUlF5d6RRpf3XO8rj97canyAM"
X-Powered-By: Express
Cf-Cache-Status: DYNAMIC
Nel: {"report_to":"cf-nel","success_fraction":0.0,"max_age":604800}
Report-To: {"group":"cf-nel","max_age":604800,"endpoints":[{"url":"https://a.nel.cloudflare.com/report/v4?s=ZXpZCtd6V4mKk3cycbKq6p15Ogad8a%2F%2B0fq5f81PRROY2G2FmJxNhUidnHxhOD1nVWHLoa0EPSVVC1XFGqCimTl7yal5wozAA%2BTfZO7jCfU%3D"}]}
Server: cloudflare
CF-RAY: 96f929fcdf952291-CDG
alt-svc: h3=":443"; ma=86400

<html>
  <body>username or password is incorrect</body>
</html>
]]></system-out>
  </testcase>
  <testcase name="testXssProtectionInLogin[&lt;script&gt;document.cookie&lt;/script&gt;](8)" classname="com.emmanuelarhu.tests.AuthApiTest" time="0.939">
    <system-out><![CDATA[🚀 Starting test execution...
📋 Testing XSS protection in login with payload
HTTP/1.1 401 Unauthorized
Date: Fri, 15 Aug 2025 13:50:59 GMT
Content-Type: text/html; charset=utf-8
Content-Length: 33
Connection: keep-alive
Access-Control-Allow-Origin: *
Etag: W/"21-kqEUlF5d6RRpf3XO8rj97canyAM"
X-Powered-By: Express
Cf-Cache-Status: DYNAMIC
Nel: {"report_to":"cf-nel","success_fraction":0.0,"max_age":604800}
Report-To: {"group":"cf-nel","max_age":604800,"endpoints":[{"url":"https://a.nel.cloudflare.com/report/v4?s=AsRmce7xSVK6z5K10bEWEK0IKmIOnxWNLLlc6xnxNgojcr%2Br3BVoBRPjWlLCAkTWd5wf7IYlDLXCA36RvGXsaDgavvX2wv%2F8Z6HfjdOXIGo%3D"}]}
Server: cloudflare
CF-RAY: 96f92a02bb5d2afe-CDG
alt-svc: h3=":443"; ma=86400

<html>
  <body>username or password is incorrect</body>
</html>
]]></system-out>
  </testcase>
  <testcase name="testXssProtectionInLogin[&lt;img src=x onerror=document.location=&apos;http://evil.com&apos;&gt;](9)" classname="com.emmanuelarhu.tests.AuthApiTest" time="0.836">
    <system-out><![CDATA[🚀 Starting test execution...
📋 Testing XSS protection in login with payload
HTTP/1.1 401 Unauthorized
Date: Fri, 15 Aug 2025 13:51:00 GMT
Content-Type: text/html; charset=utf-8
Content-Length: 33
Connection: keep-alive
Access-Control-Allow-Origin: *
Etag: W/"21-kqEUlF5d6RRpf3XO8rj97canyAM"
X-Powered-By: Express
Cf-Cache-Status: DYNAMIC
Nel: {"report_to":"cf-nel","success_fraction":0.0,"max_age":604800}
Report-To: {"group":"cf-nel","max_age":604800,"endpoints":[{"url":"https://a.nel.cloudflare.com/report/v4?s=jAMDSlRpJLlHyH8r804fmE59p1r5e%2BylZMzy%2FmzQawsRON6bpAB1V1SZFL%2FaLIbi2WvitfUo7VPlTtyxaj45KQr3F27Z2RUsLHbP3zDfbAQ%3D"}]}
Server: cloudflare
CF-RAY: 96f92a082a5dae88-CDG
alt-svc: h3=":443"; ma=86400

<html>
  <body>username or password is incorrect</body>
</html>
]]></system-out>
  </testcase>
  <testcase name="testLoginWithLongUsername" classname="com.emmanuelarhu.tests.AuthApiTest" time="1.181">
    <system-out><![CDATA[🚀 Starting test execution...
📋 Testing POST /auth/login with extremely long username
HTTP/1.1 401 Unauthorized
Date: Fri, 15 Aug 2025 13:51:01 GMT
Content-Type: text/html; charset=utf-8
Content-Length: 33
Connection: keep-alive
Access-Control-Allow-Origin: *
Etag: W/"21-kqEUlF5d6RRpf3XO8rj97canyAM"
X-Powered-By: Express
Cf-Cache-Status: DYNAMIC
Nel: {"report_to":"cf-nel","success_fraction":0.0,"max_age":604800}
Report-To: {"group":"cf-nel","max_age":604800,"endpoints":[{"url":"https://a.nel.cloudflare.com/report/v4?s=IZlb79p6ZC6tSi05pVKmWRKy9rplyzSRv%2FxJGyLI4AKQ9JFR1mbjEV93erHMnR0LWyDWYpFv%2Bx0zmqxy97c8K3d9I7JuTZ11Dkd9zrlQtFM%3D"}]}
Server: cloudflare
CF-RAY: 96f92a0eef14029e-CDG
alt-svc: h3=":443"; ma=86400

<html>
  <body>username or password is incorrect</body>
</html>
]]></system-out>
  </testcase>
  <testcase name="testLoginWithLongPassword" classname="com.emmanuelarhu.tests.AuthApiTest" time="0.866">
    <system-out><![CDATA[🚀 Starting test execution...
📋 Testing POST /auth/login with extremely long password
HTTP/1.1 401 Unauthorized
Date: Fri, 15 Aug 2025 13:51:02 GMT
Content-Type: text/html; charset=utf-8
Content-Length: 33
Connection: keep-alive
Access-Control-Allow-Origin: *
Etag: W/"21-kqEUlF5d6RRpf3XO8rj97canyAM"
X-Powered-By: Express
Cf-Cache-Status: DYNAMIC
Nel: {"report_to":"cf-nel","success_fraction":0.0,"max_age":604800}
Report-To: {"group":"cf-nel","max_age":604800,"endpoints":[{"url":"https://a.nel.cloudflare.com/report/v4?s=UHjXhuYIoYPJo2rsYH9hLtK7MeNHzIkMmwgxSvy586BNCnU41mqA3Xik3KpOqMBcVqMDahhXgU4LWIJH6ZmiWVs1s9f4PxLGhuaJlOBS%2B3g%3D"}]}
Server: cloudflare
CF-RAY: 96f92a154c9a6f75-CDG
alt-svc: h3=":443"; ma=86400

<html>
  <body>username or password is incorrect</body>
</html>
]]></system-out>
  </testcase>
  <testcase name="testLoginWithSpecialCharacters[user@domain.com, password123](1)" classname="com.emmanuelarhu.tests.AuthApiTest" time="5.103">
    <system-out><![CDATA[🚀 Starting test execution...
📋 Testing POST /auth/login with special characters
HTTP/1.1 401 Unauthorized
Date: Fri, 15 Aug 2025 13:51:03 GMT
Content-Type: text/html; charset=utf-8
Content-Length: 33
Connection: keep-alive
Access-Control-Allow-Origin: *
Etag: W/"21-kqEUlF5d6RRpf3XO8rj97canyAM"
X-Powered-By: Express
Cf-Cache-Status: DYNAMIC
Nel: {"report_to":"cf-nel","success_fraction":0.0,"max_age":604800}
Report-To: {"group":"cf-nel","max_age":604800,"endpoints":[{"url":"https://a.nel.cloudflare.com/report/v4?s=RHXEqDiL29F9HnC1NM6Bu60CV3%2FUKj47x%2BC5zECWgc2uJfVXNqLunIwMFidnuT2%2BSn2AX3wsJf7UKWminpNImb0%2FbYH6qlcvTYvfngXrquc%3D"}]}
Server: cloudflare
CF-RAY: 96f92a1b0a086ebb-CDG
alt-svc: h3=":443"; ma=86400

<html>
  <body>username or password is incorrect</body>
</html>
]]></system-out>
  </testcase>
  <testcase name="testLoginWithSpecialCharacters[user.name, password123](2)" classname="com.emmanuelarhu.tests.AuthApiTest" time="0.84">
    <system-out><![CDATA[🚀 Starting test execution...
📋 Testing POST /auth/login with special characters
HTTP/1.1 401 Unauthorized
Date: Fri, 15 Aug 2025 13:51:03 GMT
Content-Type: text/html; charset=utf-8
Content-Length: 33
Connection: keep-alive
Access-Control-Allow-Origin: *
Etag: W/"21-kqEUlF5d6RRpf3XO8rj97canyAM"
X-Powered-By: Express
Cf-Cache-Status: DYNAMIC
Nel: {"report_to":"cf-nel","success_fraction":0.0,"max_age":604800}
Report-To: {"group":"cf-nel","max_age":604800,"endpoints":[{"url":"https://a.nel.cloudflare.com/report/v4?s=2%2F8tRWXI1xlmWbJ%2Bf6NQKXveaF%2F%2BohkXfrcCYUiSUGUlrTok6kpudbvW0aMuWqV89lOGnl9%2BjCJobgBlqYU3UwVlxT%2Bxxzo1Zp77ETmEB4k%3D"}]}
Server: cloudflare
CF-RAY: 96f92a202ed8d522-CDG
alt-svc: h3=":443"; ma=86400

<html>
  <body>username or password is incorrect</body>
</html>
]]></system-out>
  </testcase>
  <testcase name="testLoginWithSpecialCharacters[user_name, password123](3)" classname="com.emmanuelarhu.tests.AuthApiTest" time="0.75">
    <system-out><![CDATA[🚀 Starting test execution...
📋 Testing POST /auth/login with special characters
HTTP/1.1 401 Unauthorized
Date: Fri, 15 Aug 2025 13:51:04 GMT
Content-Type: text/html; charset=utf-8
Content-Length: 33
Connection: keep-alive
Access-Control-Allow-Origin: *
Etag: W/"21-kqEUlF5d6RRpf3XO8rj97canyAM"
X-Powered-By: Express
Cf-Cache-Status: DYNAMIC
Nel: {"report_to":"cf-nel","success_fraction":0.0,"max_age":604800}
Report-To: {"group":"cf-nel","max_age":604800,"endpoints":[{"url":"https://a.nel.cloudflare.com/report/v4?s=w93U3DoUWS31aFP60J00msS3yKOOPYNv3%2B%2FwSuRzhyf8WjrWd4eZv4mppXHJ6Ka%2BF78seLK1pGI65npQjkmOaU4doTkBR3xpCX5UsvKKgzc%3D"}]}
Server: cloudflare
CF-RAY: 96f92a256fa1463a-CDG
alt-svc: h3=":443"; ma=86400

<html>
  <body>username or password is incorrect</body>
</html>
]]></system-out>
  </testcase>
  <testcase name="testLoginWithSpecialCharacters[user-name, password123](4)" classname="com.emmanuelarhu.tests.AuthApiTest" time="0.732">
    <system-out><![CDATA[🚀 Starting test execution...
📋 Testing POST /auth/login with special characters
HTTP/1.1 401 Unauthorized
Date: Fri, 15 Aug 2025 13:51:05 GMT
Content-Type: text/html; charset=utf-8
Content-Length: 33
Connection: keep-alive
Access-Control-Allow-Origin: *
Etag: W/"21-kqEUlF5d6RRpf3XO8rj97canyAM"
X-Powered-By: Express
Cf-Cache-Status: DYNAMIC
Nel: {"report_to":"cf-nel","success_fraction":0.0,"max_age":604800}
Report-To: {"group":"cf-nel","max_age":604800,"endpoints":[{"url":"https://a.nel.cloudflare.com/report/v4?s=vhbN91amdG%2BcXX7i6Fplix%2BxYDqHHdi5M5jNOJT61%2FkoGBAgJfK1Xh2fGrsoiizD9QPPMD2rSkAQOLDczaZiIRs1TQDzBjjPVwuVgGcIFf8%3D"}]}
Server: cloudflare
CF-RAY: 96f92a2a09ba592b-CDG
alt-svc: h3=":443"; ma=86400

<html>
  <body>username or password is incorrect</body>
</html>
]]></system-out>
  </testcase>
  <testcase name="testLoginWithSpecialCharacters[user+name, password123](5)" classname="com.emmanuelarhu.tests.AuthApiTest" time="0.721">
    <system-out><![CDATA[🚀 Starting test execution...
📋 Testing POST /auth/login with special characters
HTTP/1.1 401 Unauthorized
Date: Fri, 15 Aug 2025 13:51:06 GMT
Content-Type: text/html; charset=utf-8
Content-Length: 33
Connection: keep-alive
Access-Control-Allow-Origin: *
Etag: W/"21-kqEUlF5d6RRpf3XO8rj97canyAM"
X-Powered-By: Express
Cf-Cache-Status: DYNAMIC
Nel: {"report_to":"cf-nel","success_fraction":0.0,"max_age":604800}
Report-To: {"group":"cf-nel","max_age":604800,"endpoints":[{"url":"https://a.nel.cloudflare.com/report/v4?s=J1g9e6zUN4jnp5tPnw%2BOviwlW15K6FRA8ptPzyJIJJJKP5qhpvYwsnC9VSG7bWaJLtzPb3TdbqdOYiH8kj6p%2B7c%2FZRrMFJA4EzC8W0YRHNk%3D"}]}
Server: cloudflare
CF-RAY: 96f92a2e68fc2297-CDG
alt-svc: h3=":443"; ma=86400

<html>
  <body>username or password is incorrect</body>
</html>
]]></system-out>
  </testcase>
  <testcase name="testLoginWithSpecialCharacters[user name, password123](6)" classname="com.emmanuelarhu.tests.AuthApiTest" time="0.836">
    <system-out><![CDATA[🚀 Starting test execution...
📋 Testing POST /auth/login with special characters
HTTP/1.1 401 Unauthorized
Date: Fri, 15 Aug 2025 13:51:06 GMT
Content-Type: text/html; charset=utf-8
Content-Length: 33
Connection: keep-alive
Access-Control-Allow-Origin: *
Etag: W/"21-kqEUlF5d6RRpf3XO8rj97canyAM"
X-Powered-By: Express
Cf-Cache-Status: DYNAMIC
Nel: {"report_to":"cf-nel","success_fraction":0.0,"max_age":604800}
Report-To: {"group":"cf-nel","max_age":604800,"endpoints":[{"url":"https://a.nel.cloudflare.com/report/v4?s=F7bjjB81fyE00AJqon3zh0jDMDAPeKHVhgeTgtsWwqegfjyTn4ze4k%2BPmhib8oLvr0%2Bl3mESgQX9W3hcsHflQTMfj6XxW4tLw75%2FhVyLWhQ%3D"}]}
Server: cloudflare
CF-RAY: 96f92a330e5b41da-CDG
alt-svc: h3=":443"; ma=86400

<html>
  <body>username or password is incorrect</body>
</html>
]]></system-out>
  </testcase>
  <testcase name="testLoginWithSpecialCharacters[user#name, password123](7)" classname="com.emmanuelarhu.tests.AuthApiTest" time="1.768">
    <system-out><![CDATA[🚀 Starting test execution...
📋 Testing POST /auth/login with special characters
HTTP/1.1 401 Unauthorized
Date: Fri, 15 Aug 2025 13:51:08 GMT
Content-Type: text/html; charset=utf-8
Content-Length: 33
Connection: keep-alive
Access-Control-Allow-Origin: *
Etag: W/"21-kqEUlF5d6RRpf3XO8rj97canyAM"
X-Powered-By: Express
Cf-Cache-Status: DYNAMIC
Nel: {"report_to":"cf-nel","success_fraction":0.0,"max_age":604800}
Report-To: {"group":"cf-nel","max_age":604800,"endpoints":[{"url":"https://a.nel.cloudflare.com/report/v4?s=w4euPi5JSyhWC8Nbw0mDGmxvrYu1n8ZtVDtpILaO2%2FAkGNucxF60BKT7NzkaN8rf2atkHIxKDvUqBNfq7605VT6cgzie%2BENjRoCm4HIJnYs%3D"}]}
Server: cloudflare
CF-RAY: 96f92a3ed8adc0a4-CDG
alt-svc: h3=":443"; ma=86400

<html>
  <body>username or password is incorrect</body>
</html>
]]></system-out>
  </testcase>
  <testcase name="testLoginWithSpecialCharacters[user$name, password123](8)" classname="com.emmanuelarhu.tests.AuthApiTest" time="0.804">
    <system-out><![CDATA[🚀 Starting test execution...
📋 Testing POST /auth/login with special characters
HTTP/1.1 401 Unauthorized
Date: Fri, 15 Aug 2025 13:51:09 GMT
Content-Type: text/html; charset=utf-8
Content-Length: 33
Connection: keep-alive
Access-Control-Allow-Origin: *
Etag: W/"21-kqEUlF5d6RRpf3XO8rj97canyAM"
X-Powered-By: Express
Cf-Cache-Status: DYNAMIC
Nel: {"report_to":"cf-nel","success_fraction":0.0,"max_age":604800}
Report-To: {"group":"cf-nel","max_age":604800,"endpoints":[{"url":"https://a.nel.cloudflare.com/report/v4?s=IpTk1TycFyEApjuSFAxykEzzkGV4Avp2Fuj6t2AlVKhlylQ4DQltzfD6YmsKsfKWbW59Rr9Gwyot5HLESR7BVUqpL222%2BlKW6BUSMXXku7c%3D"}]}
Server: cloudflare
CF-RAY: 96f92a43ecc1565a-CDG
alt-svc: h3=":443"; ma=86400

<html>
  <body>username or password is incorrect</body>
</html>
]]></system-out>
  </testcase>
  <testcase name="testLoginWithSpecialCharacters[user%name, password123](9)" classname="com.emmanuelarhu.tests.AuthApiTest" time="0.707">
    <system-out><![CDATA[🚀 Starting test execution...
📋 Testing POST /auth/login with special characters
HTTP/1.1 401 Unauthorized
Date: Fri, 15 Aug 2025 13:51:10 GMT
Content-Type: text/html; charset=utf-8
Content-Length: 33
Connection: keep-alive
Access-Control-Allow-Origin: *
Etag: W/"21-kqEUlF5d6RRpf3XO8rj97canyAM"
X-Powered-By: Express
Cf-Cache-Status: DYNAMIC
Nel: {"report_to":"cf-nel","success_fraction":0.0,"max_age":604800}
Report-To: {"group":"cf-nel","max_age":604800,"endpoints":[{"url":"https://a.nel.cloudflare.com/report/v4?s=fCU%2F0UmBsywwIRYDMmP7WKCx50LhcjY7r%2FSz8Y9uPEMZc5aO%2Frn1IfNPIhAZt8DYAHGYDrk3UyGCMdCRTs%2FbH%2Fc4NAx57CMkdNVH%2Ff49bKc%3D"}]}
Server: cloudflare
CF-RAY: 96f92a488ea564a1-CDG
alt-svc: h3=":443"; ma=86400

<html>
  <body>username or password is incorrect</body>
</html>
]]></system-out>
  </testcase>
  <testcase name="testLoginWithSpecialCharacters[user&amp;name, password123](10)" classname="com.emmanuelarhu.tests.AuthApiTest" time="0.855">
    <system-out><![CDATA[🚀 Starting test execution...
📋 Testing POST /auth/login with special characters
HTTP/1.1 401 Unauthorized
Date: Fri, 15 Aug 2025 13:51:11 GMT
Content-Type: text/html; charset=utf-8
Content-Length: 33
Connection: keep-alive
Access-Control-Allow-Origin: *
Etag: W/"21-kqEUlF5d6RRpf3XO8rj97canyAM"
X-Powered-By: Express
Cf-Cache-Status: DYNAMIC
Nel: {"report_to":"cf-nel","success_fraction":0.0,"max_age":604800}
Report-To: {"group":"cf-nel","max_age":604800,"endpoints":[{"url":"https://a.nel.cloudflare.com/report/v4?s=qAB1FKWlUjgTyZR7Z1X2N1Y1RUhlgqABH4KuIOe3k%2BhUziLmKWK2T7DK5ZTJPcKMiGb3EwM%2Fjgwp1ingDvjLjlnnJyYKQkzgi7U97zJJCqg%3D"}]}
Server: cloudflare
CF-RAY: 96f92a4d1d97f6b5-CDG
alt-svc: h3=":443"; ma=86400

<html>
  <body>username or password is incorrect</body>
</html>
]]></system-out>
  </testcase>
  <testcase name="testLoginWithSpecialCharacters[user*name, password123](11)" classname="com.emmanuelarhu.tests.AuthApiTest" time="0.766">
    <system-out><![CDATA[🚀 Starting test execution...
📋 Testing POST /auth/login with special characters
HTTP/1.1 401 Unauthorized
Date: Fri, 15 Aug 2025 13:51:11 GMT
Content-Type: text/html; charset=utf-8
Content-Length: 33
Connection: keep-alive
Access-Control-Allow-Origin: *
Etag: W/"21-kqEUlF5d6RRpf3XO8rj97canyAM"
X-Powered-By: Express
Cf-Cache-Status: DYNAMIC
Nel: {"report_to":"cf-nel","success_fraction":0.0,"max_age":604800}
Report-To: {"group":"cf-nel","max_age":604800,"endpoints":[{"url":"https://a.nel.cloudflare.com/report/v4?s=H2dRRcuxwzDWu6QOgoSWibwFjd3plpmgPBtPfy2T4KrI6jOMRi6BntxG7GWtGXN7lLicGrv8UqqJCB6DQyEy%2F1%2BOIsuD3q04DhBG3d4VFO0%3D"}]}
Server: cloudflare
CF-RAY: 96f92a52bea12a5e-CDG
alt-svc: h3=":443"; ma=86400

<html>
  <body>username or password is incorrect</body>
</html>
]]></system-out>
  </testcase>
  <testcase name="testLoginWithSpecialCharacters[testuser, pass@word](12)" classname="com.emmanuelarhu.tests.AuthApiTest" time="0.712">
    <system-out><![CDATA[🚀 Starting test execution...
📋 Testing POST /auth/login with special characters
HTTP/1.1 401 Unauthorized
Date: Fri, 15 Aug 2025 13:51:12 GMT
Content-Type: text/html; charset=utf-8
Content-Length: 33
Connection: keep-alive
Access-Control-Allow-Origin: *
Etag: W/"21-kqEUlF5d6RRpf3XO8rj97canyAM"
X-Powered-By: Express
Cf-Cache-Status: DYNAMIC
Nel: {"report_to":"cf-nel","success_fraction":0.0,"max_age":604800}
Report-To: {"group":"cf-nel","max_age":604800,"endpoints":[{"url":"https://a.nel.cloudflare.com/report/v4?s=v2T00%2F8Og5XWsfG8n0VibXsqvAzvZpa08J80or9u9oLW5JlWtW3py1W4M%2Fu8tXWjCNCg9GbK57YXzyds5WSH9nf4Phw41NkeqFULEqILWZ4%3D"}]}
Server: cloudflare
CF-RAY: 96f92a56cda27034-CDG
alt-svc: h3=":443"; ma=86400

<html>
  <body>username or password is incorrect</body>
</html>
]]></system-out>
  </testcase>
  <testcase name="testLoginWithSpecialCharacters[testuser, pass#word](13)" classname="com.emmanuelarhu.tests.AuthApiTest" time="0.883">
    <system-out><![CDATA[🚀 Starting test execution...
📋 Testing POST /auth/login with special characters
HTTP/1.1 401 Unauthorized
Date: Fri, 15 Aug 2025 13:51:13 GMT
Content-Type: text/html; charset=utf-8
Content-Length: 33
Connection: keep-alive
Access-Control-Allow-Origin: *
Etag: W/"21-kqEUlF5d6RRpf3XO8rj97canyAM"
X-Powered-By: Express
Cf-Cache-Status: DYNAMIC
Nel: {"report_to":"cf-nel","success_fraction":0.0,"max_age":604800}
Report-To: {"group":"cf-nel","max_age":604800,"endpoints":[{"url":"https://a.nel.cloudflare.com/report/v4?s=TOspaPMgN1c5v%2FqR0HaD609krGizSeXEjvzA6%2FnP3Cs2VNiSgZhspeZrAAapQoqOcb8U9jIb%2Fqs5xlSigHxbVFA2ZNbfXdV8i8QDK%2FahnNE%3D"}]}
Server: cloudflare
CF-RAY: 96f92a5bbc43ebae-CDG
alt-svc: h3=":443"; ma=86400

<html>
  <body>username or password is incorrect</body>
</html>
]]></system-out>
  </testcase>
  <testcase name="testLoginWithSpecialCharacters[testuser, pass$word](14)" classname="com.emmanuelarhu.tests.AuthApiTest" time="0.965">
    <system-out><![CDATA[🚀 Starting test execution...
📋 Testing POST /auth/login with special characters
HTTP/1.1 401 Unauthorized
Date: Fri, 15 Aug 2025 13:51:14 GMT
Content-Type: text/html; charset=utf-8
Content-Length: 33
Connection: keep-alive
Access-Control-Allow-Origin: *
Etag: W/"21-kqEUlF5d6RRpf3XO8rj97canyAM"
X-Powered-By: Express
Cf-Cache-Status: DYNAMIC
Nel: {"report_to":"cf-nel","success_fraction":0.0,"max_age":604800}
Report-To: {"group":"cf-nel","max_age":604800,"endpoints":[{"url":"https://a.nel.cloudflare.com/report/v4?s=yORGhxM6DKf3GNKkmVZ1VJxglia5gdyuKI5daawt1SPR94SipoO8AFdcuReDldNRoD%2FjZVPN9wWthU0Q7aWmczjCwHksBouccE8S7Xw%2Fjmw%3D"}]}
Server: cloudflare
CF-RAY: 96f92a628bde0166-CDG
alt-svc: h3=":443"; ma=86400

<html>
  <body>username or password is incorrect</body>
</html>
]]></system-out>
  </testcase>
  <testcase name="testLoginWithSpecialCharacters[testuser, pass%word](15)" classname="com.emmanuelarhu.tests.AuthApiTest" time="1.738">
    <system-out><![CDATA[🚀 Starting test execution...
📋 Testing POST /auth/login with special characters
HTTP/1.1 401 Unauthorized
Date: Fri, 15 Aug 2025 13:51:16 GMT
Content-Type: text/html; charset=utf-8
Content-Length: 33
Connection: keep-alive
Access-Control-Allow-Origin: *
Etag: W/"21-kqEUlF5d6RRpf3XO8rj97canyAM"
X-Powered-By: Express
Cf-Cache-Status: DYNAMIC
Nel: {"report_to":"cf-nel","success_fraction":0.0,"max_age":604800}
Report-To: {"group":"cf-nel","max_age":604800,"endpoints":[{"url":"https://a.nel.cloudflare.com/report/v4?s=pP39SiruSzlbIDb9zEGnxVopOWS2dqabLBGfEmE4cfaqDGy4i7SlD4Z4I2C25e9JB38d0jpw9eSvGQ7GnCEbdJJv7Ixno%2F7pG1ACUGujlPY%3D"}]}
Server: cloudflare
CF-RAY: 96f92a6d3baecea9-CDG
alt-svc: h3=":443"; ma=86400

<html>
  <body>username or password is incorrect</body>
</html>
]]></system-out>
  </testcase>
  <testcase name="testLoginWithSpecialCharacters[testuser, pass&amp;word](16)" classname="com.emmanuelarhu.tests.AuthApiTest" time="0.751">
    <system-out><![CDATA[🚀 Starting test execution...
📋 Testing POST /auth/login with special characters
HTTP/1.1 401 Unauthorized
Date: Fri, 15 Aug 2025 13:51:16 GMT
Content-Type: text/html; charset=utf-8
Content-Length: 33
Connection: keep-alive
Access-Control-Allow-Origin: *
Etag: W/"21-kqEUlF5d6RRpf3XO8rj97canyAM"
X-Powered-By: Express
Cf-Cache-Status: DYNAMIC
Nel: {"report_to":"cf-nel","success_fraction":0.0,"max_age":604800}
Report-To: {"group":"cf-nel","max_age":604800,"endpoints":[{"url":"https://a.nel.cloudflare.com/report/v4?s=QWT6ZRiAL67xgmf1OMhQYmwZWXxNcIACIZ6T4k3Wy0hln0Cyuyt4fHuTt5Bfnu%2BBv7LHFIYaxmuqQqSc5ZnSRCHEmnR06pYlJiWGv0cfpzY%3D"}]}
Server: cloudflare
CF-RAY: 96f92a718b46a105-CDG
alt-svc: h3=":443"; ma=86400

<html>
  <body>username or password is incorrect</body>
</html>
]]></system-out>
  </testcase>
  <testcase name="testLoginWithSpecialCharacters[testuser, pass*word](17)" classname="com.emmanuelarhu.tests.AuthApiTest" time="0.926">
    <system-out><![CDATA[🚀 Starting test execution...
📋 Testing POST /auth/login with special characters
HTTP/1.1 401 Unauthorized
Date: Fri, 15 Aug 2025 13:51:17 GMT
Content-Type: text/html; charset=utf-8
Content-Length: 33
Connection: keep-alive
Access-Control-Allow-Origin: *
Etag: W/"21-kqEUlF5d6RRpf3XO8rj97canyAM"
X-Powered-By: Express
Cf-Cache-Status: DYNAMIC
Nel: {"report_to":"cf-nel","success_fraction":0.0,"max_age":604800}
Report-To: {"group":"cf-nel","max_age":604800,"endpoints":[{"url":"https://a.nel.cloudflare.com/report/v4?s=V3LxZeicPGPGn8Mzs24lPGj7TokPSQjRKx5CJyBheSwk2MvmW7tRJ3vLIKhN7VuYOubJNTBvpYHk2JHnp%2FLm5Yshz7F6IWCj61FCHDBOrbg%3D"}]}
Server: cloudflare
CF-RAY: 96f92a76cfa66f02-CDG
alt-svc: h3=":443"; ma=86400

<html>
  <body>username or password is incorrect</body>
</html>
]]></system-out>
  </testcase>
  <testcase name="testLoginWithSpecialCharacters[testuser, pass+word](18)" classname="com.emmanuelarhu.tests.AuthApiTest" time="0.899">
    <system-out><![CDATA[🚀 Starting test execution...
📋 Testing POST /auth/login with special characters
HTTP/1.1 401 Unauthorized
Date: Fri, 15 Aug 2025 13:51:18 GMT
Content-Type: text/html; charset=utf-8
Content-Length: 33
Connection: keep-alive
Access-Control-Allow-Origin: *
Etag: W/"21-kqEUlF5d6RRpf3XO8rj97canyAM"
X-Powered-By: Express
Cf-Cache-Status: DYNAMIC
Nel: {"report_to":"cf-nel","success_fraction":0.0,"max_age":604800}
Report-To: {"group":"cf-nel","max_age":604800,"endpoints":[{"url":"https://a.nel.cloudflare.com/report/v4?s=uTgVNLfmMPoCgUKTgA1dOoC2cIv8Mp%2F%2F5%2FCeTcuJhgS8J2OEgyN8AX82KvnMRRjeEi%2Br%2Brqbu1GP2MFzifhNudyDIbu4288dIUDAScMfO6M%3D"}]}
Server: cloudflare
CF-RAY: 96f92a7c9f9fbb21-CDG
alt-svc: h3=":443"; ma=86400

<html>
  <body>username or password is incorrect</body>
</html>
]]></system-out>
  </testcase>
  <testcase name="testLoginWithSpecialCharacters[testuser, pass=word](19)" classname="com.emmanuelarhu.tests.AuthApiTest" time="1.664">
    <system-out><![CDATA[🚀 Starting test execution...
📋 Testing POST /auth/login with special characters
HTTP/1.1 401 Unauthorized
Date: Fri, 15 Aug 2025 13:51:20 GMT
Content-Type: text/html; charset=utf-8
Content-Length: 33
Connection: keep-alive
Access-Control-Allow-Origin: *
Etag: W/"21-kqEUlF5d6RRpf3XO8rj97canyAM"
X-Powered-By: Express
Cf-Cache-Status: DYNAMIC
Nel: {"report_to":"cf-nel","success_fraction":0.0,"max_age":604800}
Report-To: {"group":"cf-nel","max_age":604800,"endpoints":[{"url":"https://a.nel.cloudflare.com/report/v4?s=cf8Rx7bejC2o80DWY6nzHEgtRI%2FYhkCoFQ%2FIxPh0G7SKVJV8CbFTvMexzF8db%2Fr6g9nwr7cC2BMDBBM8yTMDz7atuo8Y%2Fraqjo1r%2BERYieo%3D"}]}
Server: cloudflare
CF-RAY: 96f92a878a55ebb2-CDG
alt-svc: h3=":443"; ma=86400

<html>
  <body>username or password is incorrect</body>
</html>
]]></system-out>
  </testcase>
  <testcase name="testLoginWithSpecialCharacters[testuser, pass word](20)" classname="com.emmanuelarhu.tests.AuthApiTest" time="0.805">
    <system-out><![CDATA[🚀 Starting test execution...
📋 Testing POST /auth/login with special characters
HTTP/1.1 401 Unauthorized
Date: Fri, 15 Aug 2025 13:51:21 GMT
Content-Type: text/html; charset=utf-8
Content-Length: 33
Connection: keep-alive
Access-Control-Allow-Origin: *
Etag: W/"21-kqEUlF5d6RRpf3XO8rj97canyAM"
X-Powered-By: Express
Cf-Cache-Status: DYNAMIC
Nel: {"report_to":"cf-nel","success_fraction":0.0,"max_age":604800}
Report-To: {"group":"cf-nel","max_age":604800,"endpoints":[{"url":"https://a.nel.cloudflare.com/report/v4?s=s9yU1GpUD6t51DNa%2FP3KlhdeayWF5pi8NqZAKZrI8D%2FACVMPMESuNOEfjtP9uVdnSBRW%2B8XjYHLFObCn%2F5syUk9wJ6RCRamzW7eDlVrmfOw%3D"}]}
Server: cloudflare
CF-RAY: 96f92a8ca985d085-CDG
alt-svc: h3=":443"; ma=86400

<html>
  <body>username or password is incorrect</body>
</html>
]]></system-out>
  </testcase>
  <testcase name="testLoginWithSpecialCharacters[testuser, pass	word](21)" classname="com.emmanuelarhu.tests.AuthApiTest" time="0.869">
    <system-out><![CDATA[🚀 Starting test execution...
📋 Testing POST /auth/login with special characters
HTTP/1.1 401 Unauthorized
Date: Fri, 15 Aug 2025 13:51:22 GMT
Content-Type: text/html; charset=utf-8
Content-Length: 33
Connection: keep-alive
Access-Control-Allow-Origin: *
Etag: W/"21-kqEUlF5d6RRpf3XO8rj97canyAM"
X-Powered-By: Express
Cf-Cache-Status: DYNAMIC
Nel: {"report_to":"cf-nel","success_fraction":0.0,"max_age":604800}
Report-To: {"group":"cf-nel","max_age":604800,"endpoints":[{"url":"https://a.nel.cloudflare.com/report/v4?s=34BdCYws5a%2BqGREhjLqKuLBvFK5pM22Ey%2BVmMOlAp7hKAK3SLSieMmMA2RAeMOFIRlYUUmqZxndwang4K%2FSaBcJ2Rx62FJPnsQD59vEvKsY%3D"}]}
Server: cloudflare
CF-RAY: 96f92a915c259ee4-CDG
alt-svc: h3=":443"; ma=86400

<html>
  <body>username or password is incorrect</body>
</html>
]]></system-out>
  </testcase>
  <testcase name="testLoginWithSpecialCharacters[testuser, pass&#10;word](22)" classname="com.emmanuelarhu.tests.AuthApiTest" time="0.565">
    <system-out><![CDATA[🚀 Starting test execution...
📋 Testing POST /auth/login with special characters
HTTP/1.1 401 Unauthorized
Date: Fri, 15 Aug 2025 13:51:22 GMT
Content-Type: text/html; charset=utf-8
Content-Length: 33
Connection: keep-alive
Access-Control-Allow-Origin: *
Etag: W/"21-kqEUlF5d6RRpf3XO8rj97canyAM"
X-Powered-By: Express
Cf-Cache-Status: DYNAMIC
Nel: {"report_to":"cf-nel","success_fraction":0.0,"max_age":604800}
Report-To: {"group":"cf-nel","max_age":604800,"endpoints":[{"url":"https://a.nel.cloudflare.com/report/v4?s=CzTXHAGkUANgaRrFBOomT8xBy2nQE0UHq7UafK%2BHiqcvmykifRpMFQUJi8iEcU6B59QegLitCZmQmst3VXrFRVM2bXVF1o4upcTi5XSv6HI%3D"}]}
Server: cloudflare
CF-RAY: 96f92a95ae9dbb6f-CDG
alt-svc: h3=":443"; ma=86400

<html>
  <body>username or password is incorrect</body>
</html>
]]></system-out>
  </testcase>
  <testcase name="testLoginWithNullValues" classname="com.emmanuelarhu.tests.AuthApiTest" time="0.689">
    <system-out><![CDATA[🚀 Starting test execution...
📋 Testing POST /auth/login with null values
HTTP/1.1 400 Bad Request
Date: Fri, 15 Aug 2025 13:51:23 GMT
Content-Type: text/html; charset=utf-8
Content-Length: 53
Connection: keep-alive
Access-Control-Allow-Origin: *
Etag: W/"35-rdWdMc+5t+Ebsw3LCVarsmPsFiQ"
X-Powered-By: Express
Cf-Cache-Status: DYNAMIC
Nel: {"report_to":"cf-nel","success_fraction":0.0,"max_age":604800}
Report-To: {"group":"cf-nel","max_age":604800,"endpoints":[{"url":"https://a.nel.cloudflare.com/report/v4?s=qDKrBpZiH3yIr3%2BkJtAvEn31bgS%2Bj7%2FQr5rVRASxk%2FDCuNrBQZgOSx0sTuM93h3swf41CYX%2BlCJAhHyfxvhJ5%2B1sbUhqsop8UkTxV1H5aps%3D"}]}
Server: cloudflare
CF-RAY: 96f92a9a7b822a35-CDG
alt-svc: h3=":443"; ma=86400

<html>
  <body>username and password are not provided in JSON format</body>
</html>
]]></system-out>
  </testcase>
  <testcase name="testLoginResponseTime" classname="com.emmanuelarhu.tests.AuthApiTest" time="0.807">
    <system-out><![CDATA[🚀 Starting test execution...
📋 Testing POST /auth/login response time
HTTP/1.1 201 Created
Date: Fri, 15 Aug 2025 13:51:24 GMT
Content-Type: application/json; charset=utf-8
Content-Length: 152
Connection: keep-alive
Access-Control-Allow-Origin: *
Etag: W/"98-GCs7NAzJcLCewVlrxaOfSXitXzY"
X-Powered-By: Express
Cf-Cache-Status: DYNAMIC
Nel: {"report_to":"cf-nel","success_fraction":0.0,"max_age":604800}
Report-To: {"group":"cf-nel","max_age":604800,"endpoints":[{"url":"https://a.nel.cloudflare.com/report/v4?s=98T9zdWEt%2B4bdL2kNQGPre%2FdwmBCVZCCij8v3oJ4S6aHTW9hvW1gZEvUKAe4CymNOuZG9if6qANMnKpFPsdFrtrnEZDIEdI4JYG7V6LQY94%3D"}]}
Server: cloudflare
CF-RAY: 96f92a9f1c28017f-CDG
alt-svc: h3=":443"; ma=86400

{
    "token": "eyJhbGciOiJIUzI1NiIsInR5cCI6IkpXVCJ9.eyJzdWIiOjIsInVzZXIiOiJtb3JfMjMxNCIsImlhdCI6MTc1NTI2NTg4NH0.2Sy5ZEDGM-LJCxBuCc5AST3OWjiwrv7vbX72iK9gKXc"
}
]]></system-out>
  </testcase>
  <testcase name="testGetAllProducts" classname="com.emmanuelarhu.tests.ProductsApiTest" time="0.718">
    <system-out><![CDATA[🔧 BaseTest setup completed - Base URL: https://fakestoreapi.com
🚀 Starting test execution...
📋 Testing GET /products endpoint
HTTP/1.1 200 OK
Date: Fri, 15 Aug 2025 13:51:24 GMT
Content-Type: application/json; charset=utf-8
Transfer-Encoding: chunked
Connection: keep-alive
Access-Control-Allow-Origin: *
Etag: W/"2990-lZ2o94A2EDKiYW3/6/3oI74HHkw"
X-Powered-By: Express
Cf-Cache-Status: DYNAMIC
Nel: {"report_to":"cf-nel","success_fraction":0.0,"max_age":604800}
Report-To: {"group":"cf-nel","max_age":604800,"endpoints":[{"url":"https://a.nel.cloudflare.com/report/v4?s=sfajDINp%2FvKxF0HZD5fYY%2FTdeuZ%2FH7os0aH%2FGAQdblNWSYQcnX0AwvDlxcMsvgL%2BTTmRleS8M0B5laS9kdYn8goaMwP7%2BjFo7izEccByTJU%3D"}]}
Content-Encoding: gzip
Server: cloudflare
CF-RAY: 96f92aa39a6a6f1e-CDG
alt-svc: h3=":443"; ma=86400

[
    {
        "id": 1,
        "title": "Fjallraven - Foldsack No. 1 Backpack, Fits 15 Laptops",
        "price": 109.95,
        "description": "Your perfect pack for everyday use and walks in the forest. Stash your laptop (up to 15 inches) in the padded sleeve, your everyday",
        "category": "men's clothing",
        "image": "https://fakestoreapi.com/img/81fPKd-2AYL._AC_SL1500_t.png",
        "rating": {
            "rate": 3.9,
            "count": 120
        }
    },
    {
        "id": 2,
        "title": "Mens Casual Premium Slim Fit T-Shirts ",
        "price": 22.3,
        "description": "Slim-fitting style, contrast raglan long sleeve, three-button henley placket, light weight & soft fabric for breathable and comfortable wearing. And Solid stitched shirts with round neck made for durability and a great fit for casual fashion wear and diehard baseball fans. The Henley style round neckline includes a three-button placket.",
        "category": "men's clothing",
        "image": "https://fakestoreapi.com/img/71-3HjGNDUL._AC_SY879._SX._UX._SY._UY_t.png",
        "rating": {
            "rate": 4.1,
            "count": 259
        }
    },
    {
        "id": 3,
        "title": "Mens Cotton Jacket",
        "price": 55.99,
        "description": "great outerwear jackets for Spring/Autumn/Winter, suitable for many occasions, such as working, hiking, camping, mountain/rock climbing, cycling, traveling or other outdoors. Good gift choice for you or your family member. A warm hearted love to Father, husband or son in this thanksgiving or Christmas Day.",
        "category": "men's clothing",
        "image": "https://fakestoreapi.com/img/71li-ujtlUL._AC_UX679_t.png",
        "rating": {
            "rate": 4.7,
            "count": 500
        }
    },
    {
        "id": 4,
        "title": "Mens Casual Slim Fit",
        "price": 15.99,
        "description": "The color could be slightly different between on the screen and in practice. / Please note that body builds vary by person, therefore, detailed size information should be reviewed below on the product description.",
        "category": "men's clothing",
        "image": "https://fakestoreapi.com/img/71YXzeOuslL._AC_UY879_t.png",
        "rating": {
            "rate": 2.1,
            "count": 430
        }
    },
    {
        "id": 5,
        "title": "John Hardy Women's Legends Naga Gold & Silver Dragon Station Chain Bracelet",
        "price": 695,
        "description": "From our Legends Collection, the Naga was inspired by the mythical water dragon that protects the ocean's pearl. Wear facing inward to be bestowed with love and abundance, or outward for protection.",
        "category": "jewelery",
        "image": "https://fakestoreapi.com/img/71pWzhdJNwL._AC_UL640_QL65_ML3_t.png",
        "rating": {
            "rate": 4.6,
            "count": 400
        }
    },
    {
        "id": 6,
        "title": "Solid Gold Petite Micropave ",
        "price": 168,
        "description": "Satisfaction Guaranteed. Return or exchange any order within 30 days.Designed and sold by Hafeez Center in the United States. Satisfaction Guaranteed. Return or exchange any order within 30 days.",
        "category": "jewelery",
        "image": "https://fakestoreapi.com/img/61sbMiUnoGL._AC_UL640_QL65_ML3_t.png",
        "rating": {
            "rate": 3.9,
            "count": 70
        }
    },
    {
        "id": 7,
        "title": "White Gold Plated Princess",
        "price": 9.99,
        "description": "Classic Created Wedding Engagement Solitaire Diamond Promise Ring for Her. Gifts to spoil your love more for Engagement, Wedding, Anniversary, Valentine's Day...",
        "category": "jewelery",
        "image": "https://fakestoreapi.com/img/71YAIFU48IL._AC_UL640_QL65_ML3_t.png",
        "rating": {
            "rate": 3,
            "count": 400
        }
    },
    {
        "id": 8,
        "title": "Pierced Owl Rose Gold Plated Stainless Steel Double",
        "price": 10.99,
        "description": "Rose Gold Plated Double Flared Tunnel Plug Earrings. Made of 316L Stainless Steel",
        "category": "jewelery",
        "image": "https://fakestoreapi.com/img/51UDEzMJVpL._AC_UL640_QL65_ML3_t.png",
        "rating": {
            "rate": 1.9,
            "count": 100
        }
    },
    {
        "id": 9,
        "title": "WD 2TB Elements Portable External Hard Drive - USB 3.0 ",
        "price": 64,
        "description": "USB 3.0 and USB 2.0 Compatibility Fast data transfers Improve PC Performance High Capacity; Compatibility Formatted NTFS for Windows 10, Windows 8.1, Windows 7; Reformatting may be required for other operating systems; Compatibility may vary depending on user’s hardware configuration and operating system",
        "category": "electronics",
        "image": "https://fakestoreapi.com/img/61IBBVJvSDL._AC_SY879_t.png",
        "rating": {
            "rate": 3.3,
            "count": 203
        }
    },
    {
        "id": 10,
        "title": "SanDisk SSD PLUS 1TB Internal SSD - SATA III 6 Gb/s",
        "price": 109,
        "description": "Easy upgrade for faster boot up, shutdown, application load and response (As compared to 5400 RPM SATA 2.5” hard drive; Based on published specifications and internal benchmarking tests using PCMark vantage scores) Boosts burst write performance, making it ideal for typical PC workloads The perfect balance of performance and reliability Read/write speeds of up to 535MB/s/450MB/s (Based on internal testing; Performance may vary depending upon drive capacity, host device, OS and application.)",
        "category": "electronics",
        "image": "https://fakestoreapi.com/img/61U7T1koQqL._AC_SX679_t.png",
        "rating": {
            "rate": 2.9,
            "count": 470
        }
    },
    {
        "id": 11,
        "title": "Silicon Power 256GB SSD 3D NAND A55 SLC Cache Performance Boost SATA III 2.5",
        "price": 109,
        "description": "3D NAND flash are applied to deliver high transfer speeds Remarkable transfer speeds that enable faster bootup and improved overall system performance. The advanced SLC Cache Technology allows performance boost and longer lifespan 7mm slim design suitable for Ultrabooks and Ultra-slim notebooks. Supports TRIM command, Garbage Collection technology, RAID, and ECC (Error Checking & Correction) to provide the optimized performance and enhanced reliability.",
        "category": "electronics",
        "image": "https://fakestoreapi.com/img/71kWymZ+c+L._AC_SX679_t.png",
        "rating": {
            "rate": 4.8,
            "count": 319
        }
    },
    {
        "id": 12,
        "title": "WD 4TB Gaming Drive Works with Playstation 4 Portable External Hard Drive",
        "price": 114,
        "description": "Expand your PS4 gaming experience, Play anywhere Fast and easy, setup Sleek design with high capacity, 3-year manufacturer's limited warranty",
        "category": "electronics",
        "image": "https://fakestoreapi.com/img/61mtL65D4cL._AC_SX679_t.png",
        "rating": {
            "rate": 4.8,
            "count": 400
        }
    },
    {
        "id": 13,
        "title": "Acer SB220Q bi 21.5 inches Full HD (1920 x 1080) IPS Ultra-Thin",
        "price": 599,
        "description": "21. 5 inches Full HD (1920 x 1080) widescreen IPS display And Radeon free Sync technology. No compatibility for VESA Mount Refresh Rate: 75Hz - Using HDMI port Zero-frame design | ultra-thin | 4ms response time | IPS panel Aspect ratio - 16: 9. Color Supported - 16. 7 million colors. Brightness - 250 nit Tilt angle -5 degree to 15 degree. Horizontal viewing angle-178 degree. Vertical viewing angle-178 degree 75 hertz",
        "category": "electronics",
        "image": "https://fakestoreapi.com/img/81QpkIctqPL._AC_SX679_t.png",
        "rating": {
            "rate": 2.9,
            "count": 250
        }
    },
    {
        "id": 14,
        "title": "Samsung 49-Inch CHG90 144Hz Curved Gaming Monitor (LC49HG90DMNXZA) – Super Ultrawide Screen QLED ",
        "price": 999.99,
        "description": "49 INCH SUPER ULTRAWIDE 32:9 CURVED GAMING MONITOR with dual 27 inch screen side by side QUANTUM DOT (QLED) TECHNOLOGY, HDR support and factory calibration provides stunningly realistic and accurate color and contrast 144HZ HIGH REFRESH RATE and 1ms ultra fast response time work to eliminate motion blur, ghosting, and reduce input lag",
        "category": "electronics",
        "image": "https://fakestoreapi.com/img/81Zt42ioCgL._AC_SX679_t.png",
        "rating": {
            "rate": 2.2,
            "count": 140
        }
    },
    {
        "id": 15,
        "title": "BIYLACLESEN Women's 3-in-1 Snowboard Jacket Winter Coats",
        "price": 56.99,
        "description": "Note:The Jackets is US standard size, Please choose size as your usual wear Material: 100% Polyester; Detachable Liner Fabric: Warm Fleece. Detachable Functional Liner: Skin Friendly, Lightweigt and Warm.Stand Collar Liner jacket, keep you warm in cold weather. Zippered Pockets: 2 Zippered Hand Pockets, 2 Zippered Pockets on Chest (enough to keep cards or keys)and 1 Hidden Pocket Inside.Zippered Hand Pockets and Hidden Pocket keep your things secure. Humanized Design: Adjustable and Detachable Hood and Adjustable cuff to prevent the wind and water,for a comfortable fit. 3 in 1 Detachable Design provide more convenience, you can separate the coat and inner as needed, or wear it together. It is suitable for different season and help you adapt to different climates",
        "category": "women's clothing",
        "image": "https://fakestoreapi.com/img/51Y5NI-I5jL._AC_UX679_t.png",
        "rating": {
            "rate": 2.6,
            "count": 235
        }
    },
    {
        "id": 16,
        "title": "Lock and Love Women's Removable Hooded Faux Leather Moto Biker Jacket",
        "price": 29.95,
        "description": "100% POLYURETHANE(shell) 100% POLYESTER(lining) 75% POLYESTER 25% COTTON (SWEATER), Faux leather material for style and comfort / 2 pockets of front, 2-For-One Hooded denim style faux leather jacket, Button detail on waist / Detail stitching at sides, HAND WASH ONLY / DO NOT BLEACH / LINE DRY / DO NOT IRON",
        "category": "women's clothing",
        "image": "https://fakestoreapi.com/img/81XH0e8fefL._AC_UY879_t.png",
        "rating": {
            "rate": 2.9,
            "count": 340
        }
    },
    {
        "id": 17,
        "title": "Rain Jacket Women Windbreaker Striped Climbing Raincoats",
        "price": 39.99,
        "description": "Lightweight perfet for trip or casual wear---Long sleeve with hooded, adjustable drawstring waist design. Button and zipper front closure raincoat, fully stripes Lined and The Raincoat has 2 side pockets are a good size to hold all kinds of things, it covers the hips, and the hood is generous but doesn't overdo it.Attached Cotton Lined Hood with Adjustable Drawstrings give it a real styled look.",
        "category": "women's clothing",
        "image": "https://fakestoreapi.com/img/71HblAHs5xL._AC_UY879_-2t.png",
        "rating": {
            "rate": 3.8,
            "count": 679
        }
    },
    {
        "id": 18,
        "title": "MBJ Women's Solid Short Sleeve Boat Neck V ",
        "price": 9.85,
        "description": "95% RAYON 5% SPANDEX, Made in USA or Imported, Do Not Bleach, Lightweight fabric with great stretch for comfort, Ribbed on sleeves and neckline / Double stitching on bottom hem",
        "category": "women's clothing",
        "image": "https://fakestoreapi.com/img/71z3kpMAYsL._AC_UY879_t.png",
        "rating": {
            "rate": 4.7,
            "count": 130
        }
    },
    {
        "id": 19,
        "title": "Opna Women's Short Sleeve Moisture",
        "price": 7.95,
        "description": "100% Polyester, Machine wash, 100% cationic polyester interlock, Machine Wash & Pre Shrunk for a Great Fit, Lightweight, roomy and highly breathable with moisture wicking fabric which helps to keep moisture away, Soft Lightweight Fabric with comfortable V-neck collar and a slimmer fit, delivers a sleek, more feminine silhouette and Added Comfort",
        "category": "women's clothing",
        "image": "https://fakestoreapi.com/img/51eg55uWmdL._AC_UX679_t.png",
        "rating": {
            "rate": 4.5,
            "count": 146
        }
    },
    {
        "id": 20,
        "title": "DANVOUY Womens T Shirt Casual Cotton Short",
        "price": 12.99,
        "description": "95%Cotton,5%Spandex, Features: Casual, Short Sleeve, Letter Print,V-Neck,Fashion Tees, The fabric is soft and has some stretch., Occasion: Casual/Office/Beach/School/Home/Street. Season: Spring,Summer,Autumn,Winter.",
        "category": "women's clothing",
        "image": "https://fakestoreapi.com/img/61pHAEJ4NML._AC_UX679_t.png",
        "rating": {
            "rate": 3.6,
            "count": 145
        }
    }
]
]]></system-out>
  </testcase>
  <testcase name="testGetAllProductsResponseTime" classname="com.emmanuelarhu.tests.ProductsApiTest" time="0.631">
    <system-out><![CDATA[🚀 Starting test execution...
📋 Testing response time for GET /products
HTTP/1.1 200 OK
Date: Fri, 15 Aug 2025 13:51:25 GMT
Content-Type: application/json; charset=utf-8
Transfer-Encoding: chunked
Connection: keep-alive
Access-Control-Allow-Origin: *
Etag: W/"2990-lZ2o94A2EDKiYW3/6/3oI74HHkw"
X-Powered-By: Express
Cf-Cache-Status: DYNAMIC
Nel: {"report_to":"cf-nel","success_fraction":0.0,"max_age":604800}
Report-To: {"group":"cf-nel","max_age":604800,"endpoints":[{"url":"https://a.nel.cloudflare.com/report/v4?s=EtJO4LxhGqfGb%2BxqI6GqpsrFH4IAhy2qwDj4qD1hwji10IxZH31ax8WhbfZbHmMUcXa0zvGxSr3TL7URJYaKH9dnJzdPsAIFkh3dVfuiDEY%3D"}]}
Content-Encoding: gzip
Server: cloudflare
CF-RAY: 96f92aa84add036f-CDG
alt-svc: h3=":443"; ma=86400

[
    {
        "id": 1,
        "title": "Fjallraven - Foldsack No. 1 Backpack, Fits 15 Laptops",
        "price": 109.95,
        "description": "Your perfect pack for everyday use and walks in the forest. Stash your laptop (up to 15 inches) in the padded sleeve, your everyday",
        "category": "men's clothing",
        "image": "https://fakestoreapi.com/img/81fPKd-2AYL._AC_SL1500_t.png",
        "rating": {
            "rate": 3.9,
            "count": 120
        }
    },
    {
        "id": 2,
        "title": "Mens Casual Premium Slim Fit T-Shirts ",
        "price": 22.3,
        "description": "Slim-fitting style, contrast raglan long sleeve, three-button henley placket, light weight & soft fabric for breathable and comfortable wearing. And Solid stitched shirts with round neck made for durability and a great fit for casual fashion wear and diehard baseball fans. The Henley style round neckline includes a three-button placket.",
        "category": "men's clothing",
        "image": "https://fakestoreapi.com/img/71-3HjGNDUL._AC_SY879._SX._UX._SY._UY_t.png",
        "rating": {
            "rate": 4.1,
            "count": 259
        }
    },
    {
        "id": 3,
        "title": "Mens Cotton Jacket",
        "price": 55.99,
        "description": "great outerwear jackets for Spring/Autumn/Winter, suitable for many occasions, such as working, hiking, camping, mountain/rock climbing, cycling, traveling or other outdoors. Good gift choice for you or your family member. A warm hearted love to Father, husband or son in this thanksgiving or Christmas Day.",
        "category": "men's clothing",
        "image": "https://fakestoreapi.com/img/71li-ujtlUL._AC_UX679_t.png",
        "rating": {
            "rate": 4.7,
            "count": 500
        }
    },
    {
        "id": 4,
        "title": "Mens Casual Slim Fit",
        "price": 15.99,
        "description": "The color could be slightly different between on the screen and in practice. / Please note that body builds vary by person, therefore, detailed size information should be reviewed below on the product description.",
        "category": "men's clothing",
        "image": "https://fakestoreapi.com/img/71YXzeOuslL._AC_UY879_t.png",
        "rating": {
            "rate": 2.1,
            "count": 430
        }
    },
    {
        "id": 5,
        "title": "John Hardy Women's Legends Naga Gold & Silver Dragon Station Chain Bracelet",
        "price": 695,
        "description": "From our Legends Collection, the Naga was inspired by the mythical water dragon that protects the ocean's pearl. Wear facing inward to be bestowed with love and abundance, or outward for protection.",
        "category": "jewelery",
        "image": "https://fakestoreapi.com/img/71pWzhdJNwL._AC_UL640_QL65_ML3_t.png",
        "rating": {
            "rate": 4.6,
            "count": 400
        }
    },
    {
        "id": 6,
        "title": "Solid Gold Petite Micropave ",
        "price": 168,
        "description": "Satisfaction Guaranteed. Return or exchange any order within 30 days.Designed and sold by Hafeez Center in the United States. Satisfaction Guaranteed. Return or exchange any order within 30 days.",
        "category": "jewelery",
        "image": "https://fakestoreapi.com/img/61sbMiUnoGL._AC_UL640_QL65_ML3_t.png",
        "rating": {
            "rate": 3.9,
            "count": 70
        }
    },
    {
        "id": 7,
        "title": "White Gold Plated Princess",
        "price": 9.99,
        "description": "Classic Created Wedding Engagement Solitaire Diamond Promise Ring for Her. Gifts to spoil your love more for Engagement, Wedding, Anniversary, Valentine's Day...",
        "category": "jewelery",
        "image": "https://fakestoreapi.com/img/71YAIFU48IL._AC_UL640_QL65_ML3_t.png",
        "rating": {
            "rate": 3,
            "count": 400
        }
    },
    {
        "id": 8,
        "title": "Pierced Owl Rose Gold Plated Stainless Steel Double",
        "price": 10.99,
        "description": "Rose Gold Plated Double Flared Tunnel Plug Earrings. Made of 316L Stainless Steel",
        "category": "jewelery",
        "image": "https://fakestoreapi.com/img/51UDEzMJVpL._AC_UL640_QL65_ML3_t.png",
        "rating": {
            "rate": 1.9,
            "count": 100
        }
    },
    {
        "id": 9,
        "title": "WD 2TB Elements Portable External Hard Drive - USB 3.0 ",
        "price": 64,
        "description": "USB 3.0 and USB 2.0 Compatibility Fast data transfers Improve PC Performance High Capacity; Compatibility Formatted NTFS for Windows 10, Windows 8.1, Windows 7; Reformatting may be required for other operating systems; Compatibility may vary depending on user’s hardware configuration and operating system",
        "category": "electronics",
        "image": "https://fakestoreapi.com/img/61IBBVJvSDL._AC_SY879_t.png",
        "rating": {
            "rate": 3.3,
            "count": 203
        }
    },
    {
        "id": 10,
        "title": "SanDisk SSD PLUS 1TB Internal SSD - SATA III 6 Gb/s",
        "price": 109,
        "description": "Easy upgrade for faster boot up, shutdown, application load and response (As compared to 5400 RPM SATA 2.5” hard drive; Based on published specifications and internal benchmarking tests using PCMark vantage scores) Boosts burst write performance, making it ideal for typical PC workloads The perfect balance of performance and reliability Read/write speeds of up to 535MB/s/450MB/s (Based on internal testing; Performance may vary depending upon drive capacity, host device, OS and application.)",
        "category": "electronics",
        "image": "https://fakestoreapi.com/img/61U7T1koQqL._AC_SX679_t.png",
        "rating": {
            "rate": 2.9,
            "count": 470
        }
    },
    {
        "id": 11,
        "title": "Silicon Power 256GB SSD 3D NAND A55 SLC Cache Performance Boost SATA III 2.5",
        "price": 109,
        "description": "3D NAND flash are applied to deliver high transfer speeds Remarkable transfer speeds that enable faster bootup and improved overall system performance. The advanced SLC Cache Technology allows performance boost and longer lifespan 7mm slim design suitable for Ultrabooks and Ultra-slim notebooks. Supports TRIM command, Garbage Collection technology, RAID, and ECC (Error Checking & Correction) to provide the optimized performance and enhanced reliability.",
        "category": "electronics",
        "image": "https://fakestoreapi.com/img/71kWymZ+c+L._AC_SX679_t.png",
        "rating": {
            "rate": 4.8,
            "count": 319
        }
    },
    {
        "id": 12,
        "title": "WD 4TB Gaming Drive Works with Playstation 4 Portable External Hard Drive",
        "price": 114,
        "description": "Expand your PS4 gaming experience, Play anywhere Fast and easy, setup Sleek design with high capacity, 3-year manufacturer's limited warranty",
        "category": "electronics",
        "image": "https://fakestoreapi.com/img/61mtL65D4cL._AC_SX679_t.png",
        "rating": {
            "rate": 4.8,
            "count": 400
        }
    },
    {
        "id": 13,
        "title": "Acer SB220Q bi 21.5 inches Full HD (1920 x 1080) IPS Ultra-Thin",
        "price": 599,
        "description": "21. 5 inches Full HD (1920 x 1080) widescreen IPS display And Radeon free Sync technology. No compatibility for VESA Mount Refresh Rate: 75Hz - Using HDMI port Zero-frame design | ultra-thin | 4ms response time | IPS panel Aspect ratio - 16: 9. Color Supported - 16. 7 million colors. Brightness - 250 nit Tilt angle -5 degree to 15 degree. Horizontal viewing angle-178 degree. Vertical viewing angle-178 degree 75 hertz",
        "category": "electronics",
        "image": "https://fakestoreapi.com/img/81QpkIctqPL._AC_SX679_t.png",
        "rating": {
            "rate": 2.9,
            "count": 250
        }
    },
    {
        "id": 14,
        "title": "Samsung 49-Inch CHG90 144Hz Curved Gaming Monitor (LC49HG90DMNXZA) – Super Ultrawide Screen QLED ",
        "price": 999.99,
        "description": "49 INCH SUPER ULTRAWIDE 32:9 CURVED GAMING MONITOR with dual 27 inch screen side by side QUANTUM DOT (QLED) TECHNOLOGY, HDR support and factory calibration provides stunningly realistic and accurate color and contrast 144HZ HIGH REFRESH RATE and 1ms ultra fast response time work to eliminate motion blur, ghosting, and reduce input lag",
        "category": "electronics",
        "image": "https://fakestoreapi.com/img/81Zt42ioCgL._AC_SX679_t.png",
        "rating": {
            "rate": 2.2,
            "count": 140
        }
    },
    {
        "id": 15,
        "title": "BIYLACLESEN Women's 3-in-1 Snowboard Jacket Winter Coats",
        "price": 56.99,
        "description": "Note:The Jackets is US standard size, Please choose size as your usual wear Material: 100% Polyester; Detachable Liner Fabric: Warm Fleece. Detachable Functional Liner: Skin Friendly, Lightweigt and Warm.Stand Collar Liner jacket, keep you warm in cold weather. Zippered Pockets: 2 Zippered Hand Pockets, 2 Zippered Pockets on Chest (enough to keep cards or keys)and 1 Hidden Pocket Inside.Zippered Hand Pockets and Hidden Pocket keep your things secure. Humanized Design: Adjustable and Detachable Hood and Adjustable cuff to prevent the wind and water,for a comfortable fit. 3 in 1 Detachable Design provide more convenience, you can separate the coat and inner as needed, or wear it together. It is suitable for different season and help you adapt to different climates",
        "category": "women's clothing",
        "image": "https://fakestoreapi.com/img/51Y5NI-I5jL._AC_UX679_t.png",
        "rating": {
            "rate": 2.6,
            "count": 235
        }
    },
    {
        "id": 16,
        "title": "Lock and Love Women's Removable Hooded Faux Leather Moto Biker Jacket",
        "price": 29.95,
        "description": "100% POLYURETHANE(shell) 100% POLYESTER(lining) 75% POLYESTER 25% COTTON (SWEATER), Faux leather material for style and comfort / 2 pockets of front, 2-For-One Hooded denim style faux leather jacket, Button detail on waist / Detail stitching at sides, HAND WASH ONLY / DO NOT BLEACH / LINE DRY / DO NOT IRON",
        "category": "women's clothing",
        "image": "https://fakestoreapi.com/img/81XH0e8fefL._AC_UY879_t.png",
        "rating": {
            "rate": 2.9,
            "count": 340
        }
    },
    {
        "id": 17,
        "title": "Rain Jacket Women Windbreaker Striped Climbing Raincoats",
        "price": 39.99,
        "description": "Lightweight perfet for trip or casual wear---Long sleeve with hooded, adjustable drawstring waist design. Button and zipper front closure raincoat, fully stripes Lined and The Raincoat has 2 side pockets are a good size to hold all kinds of things, it covers the hips, and the hood is generous but doesn't overdo it.Attached Cotton Lined Hood with Adjustable Drawstrings give it a real styled look.",
        "category": "women's clothing",
        "image": "https://fakestoreapi.com/img/71HblAHs5xL._AC_UY879_-2t.png",
        "rating": {
            "rate": 3.8,
            "count": 679
        }
    },
    {
        "id": 18,
        "title": "MBJ Women's Solid Short Sleeve Boat Neck V ",
        "price": 9.85,
        "description": "95% RAYON 5% SPANDEX, Made in USA or Imported, Do Not Bleach, Lightweight fabric with great stretch for comfort, Ribbed on sleeves and neckline / Double stitching on bottom hem",
        "category": "women's clothing",
        "image": "https://fakestoreapi.com/img/71z3kpMAYsL._AC_UY879_t.png",
        "rating": {
            "rate": 4.7,
            "count": 130
        }
    },
    {
        "id": 19,
        "title": "Opna Women's Short Sleeve Moisture",
        "price": 7.95,
        "description": "100% Polyester, Machine wash, 100% cationic polyester interlock, Machine Wash & Pre Shrunk for a Great Fit, Lightweight, roomy and highly breathable with moisture wicking fabric which helps to keep moisture away, Soft Lightweight Fabric with comfortable V-neck collar and a slimmer fit, delivers a sleek, more feminine silhouette and Added Comfort",
        "category": "women's clothing",
        "image": "https://fakestoreapi.com/img/51eg55uWmdL._AC_UX679_t.png",
        "rating": {
            "rate": 4.5,
            "count": 146
        }
    },
    {
        "id": 20,
        "title": "DANVOUY Womens T Shirt Casual Cotton Short",
        "price": 12.99,
        "description": "95%Cotton,5%Spandex, Features: Casual, Short Sleeve, Letter Print,V-Neck,Fashion Tees, The fabric is soft and has some stretch., Occasion: Casual/Office/Beach/School/Home/Street. Season: Spring,Summer,Autumn,Winter.",
        "category": "women's clothing",
        "image": "https://fakestoreapi.com/img/61pHAEJ4NML._AC_UX679_t.png",
        "rating": {
            "rate": 3.6,
            "count": 145
        }
    }
]
]]></system-out>
  </testcase>
  <testcase name="testGetSingleProductByValidId[1](1)" classname="com.emmanuelarhu.tests.ProductsApiTest" time="0.614">
    <system-out><![CDATA[🚀 Starting test execution...
📋 Testing GET /products/1
HTTP/1.1 200 OK
Date: Fri, 15 Aug 2025 13:51:26 GMT
Content-Type: application/json; charset=utf-8
Transfer-Encoding: chunked
Connection: keep-alive
Access-Control-Allow-Origin: *
Etag: W/"16d-ryVvNeDR+OwaJd+i2vi/OPo/G4Y"
X-Powered-By: Express
Cf-Cache-Status: DYNAMIC
Nel: {"report_to":"cf-nel","success_fraction":0.0,"max_age":604800}
Report-To: {"group":"cf-nel","max_age":604800,"endpoints":[{"url":"https://a.nel.cloudflare.com/report/v4?s=NGYW1vqUHue89HNdOxD9EkZ7TkdUKx667PWLE%2BpnDcAlYX7srlGVIDlBbUUxyLujBINQvq%2FMm%2Bg1Cj3tdSfpBsxdzK%2FG33ZGvrCimrsLAaY%3D"}]}
Content-Encoding: gzip
Server: cloudflare
CF-RAY: 96f92aac2f7598c6-CDG
alt-svc: h3=":443"; ma=86400

{
    "id": 1,
    "title": "Fjallraven - Foldsack No. 1 Backpack, Fits 15 Laptops",
    "price": 109.95,
    "description": "Your perfect pack for everyday use and walks in the forest. Stash your laptop (up to 15 inches) in the padded sleeve, your everyday",
    "category": "men's clothing",
    "image": "https://fakestoreapi.com/img/81fPKd-2AYL._AC_SL1500_t.png",
    "rating": {
        "rate": 3.9,
        "count": 120
    }
}
]]></system-out>
  </testcase>
  <testcase name="testGetSingleProductByValidId[2](2)" classname="com.emmanuelarhu.tests.ProductsApiTest" time="0.512">
    <system-out><![CDATA[🚀 Starting test execution...
📋 Testing GET /products/2
HTTP/1.1 200 OK
Date: Fri, 15 Aug 2025 13:51:26 GMT
Content-Type: application/json; charset=utf-8
Transfer-Encoding: chunked
Connection: keep-alive
Access-Control-Allow-Origin: *
Etag: W/"23a-0iB5/10WS3ieJsZi8d+ziNIQAxQ"
X-Powered-By: Express
Cf-Cache-Status: DYNAMIC
Nel: {"report_to":"cf-nel","success_fraction":0.0,"max_age":604800}
Report-To: {"group":"cf-nel","max_age":604800,"endpoints":[{"url":"https://a.nel.cloudflare.com/report/v4?s=r7Xtv1b52TVGPy7QsET4OqkgrOSq%2BjSWDj3HaVo8xuHqN3cFscqMPvukAXfbEdLQ6EQalv4KYd9ltpYAF97miqxkuYLLWKKDcuzoMhLK6xg%3D"}]}
Content-Encoding: gzip
Server: cloudflare
CF-RAY: 96f92aafab0501c7-CDG
alt-svc: h3=":443"; ma=86400

{
    "id": 2,
    "title": "Mens Casual Premium Slim Fit T-Shirts ",
    "price": 22.3,
    "description": "Slim-fitting style, contrast raglan long sleeve, three-button henley placket, light weight & soft fabric for breathable and comfortable wearing. And Solid stitched shirts with round neck made for durability and a great fit for casual fashion wear and diehard baseball fans. The Henley style round neckline includes a three-button placket.",
    "category": "men's clothing",
    "image": "https://fakestoreapi.com/img/71-3HjGNDUL._AC_SY879._SX._UX._SY._UY_t.png",
    "rating": {
        "rate": 4.1,
        "count": 259
    }
}
]]></system-out>
  </testcase>
  <testcase name="testGetSingleProductByValidId[3](3)" classname="com.emmanuelarhu.tests.ProductsApiTest" time="0.661">
    <system-out><![CDATA[🚀 Starting test execution...
📋 Testing GET /products/3
HTTP/1.1 200 OK
Date: Fri, 15 Aug 2025 13:51:27 GMT
Content-Type: application/json; charset=utf-8
Transfer-Encoding: chunked
Connection: keep-alive
Access-Control-Allow-Origin: *
Etag: W/"1f8-CUf1dxfWtuMZ23qkYsdngAswa6E"
X-Powered-By: Express
Cf-Cache-Status: DYNAMIC
Nel: {"report_to":"cf-nel","success_fraction":0.0,"max_age":604800}
Report-To: {"group":"cf-nel","max_age":604800,"endpoints":[{"url":"https://a.nel.cloudflare.com/report/v4?s=Vhz1Ujn90qgv%2BlTv3M5k7Cl7voIBVTji%2Fah5x7OjPQLisL1r14c8E%2FuqZvTfzzSzjq3oe6esf2%2FNIBxpzgjzAJr%2BE%2BXiPO1ZAV0fIOQpPHA%3D"}]}
Content-Encoding: gzip
Server: cloudflare
CF-RAY: 96f92ab36e19022d-CDG
alt-svc: h3=":443"; ma=86400

{
    "id": 3,
    "title": "Mens Cotton Jacket",
    "price": 55.99,
    "description": "great outerwear jackets for Spring/Autumn/Winter, suitable for many occasions, such as working, hiking, camping, mountain/rock climbing, cycling, traveling or other outdoors. Good gift choice for you or your family member. A warm hearted love to Father, husband or son in this thanksgiving or Christmas Day.",
    "category": "men's clothing",
    "image": "https://fakestoreapi.com/img/71li-ujtlUL._AC_UX679_t.png",
    "rating": {
        "rate": 4.7,
        "count": 500
    }
}
]]></system-out>
  </testcase>
  <testcase name="testGetSingleProductByValidId[4](4)" classname="com.emmanuelarhu.tests.ProductsApiTest" time="0.565">
    <system-out><![CDATA[🚀 Starting test execution...
📋 Testing GET /products/4
HTTP/1.1 200 OK
Date: Fri, 15 Aug 2025 13:51:27 GMT
Content-Type: application/json; charset=utf-8
Transfer-Encoding: chunked
Connection: keep-alive
Access-Control-Allow-Origin: *
Etag: W/"19c-5I628cgKa8Dk33FW494MsgZPHMk"
X-Powered-By: Express
Cf-Cache-Status: DYNAMIC
Nel: {"report_to":"cf-nel","success_fraction":0.0,"max_age":604800}
Report-To: {"group":"cf-nel","max_age":604800,"endpoints":[{"url":"https://a.nel.cloudflare.com/report/v4?s=oqidZGo%2FMtX4DOwibyIeh50LmIY9hZUApEaSZqkd%2Fw%2Be4KXObDLbL5Cj%2BHSfTx4ingEdoNx3YdV6nMtcId5cQUPIRuhcr29l9YHCwqhSPxk%3D"}]}
Content-Encoding: gzip
Server: cloudflare
CF-RAY: 96f92ab73f08eba8-CDG
alt-svc: h3=":443"; ma=86400

{
    "id": 4,
    "title": "Mens Casual Slim Fit",
    "price": 15.99,
    "description": "The color could be slightly different between on the screen and in practice. / Please note that body builds vary by person, therefore, detailed size information should be reviewed below on the product description.",
    "category": "men's clothing",
    "image": "https://fakestoreapi.com/img/71YXzeOuslL._AC_UY879_t.png",
    "rating": {
        "rate": 2.1,
        "count": 430
    }
}
]]></system-out>
  </testcase>
  <testcase name="testGetSingleProductByValidId[5](5)" classname="com.emmanuelarhu.tests.ProductsApiTest" time="0.502">
    <system-out><![CDATA[🚀 Starting test execution...
📋 Testing GET /products/5
HTTP/1.1 200 OK
Date: Fri, 15 Aug 2025 13:51:28 GMT
Content-Type: application/json; charset=utf-8
Transfer-Encoding: chunked
Connection: keep-alive
Access-Control-Allow-Origin: *
Etag: W/"1c5-hn7yK+1ySDENi1YywHYdNJQc1QI"
X-Powered-By: Express
Cf-Cache-Status: DYNAMIC
Nel: {"report_to":"cf-nel","success_fraction":0.0,"max_age":604800}
Report-To: {"group":"cf-nel","max_age":604800,"endpoints":[{"url":"https://a.nel.cloudflare.com/report/v4?s=jDjaU%2BnFRsjM0DpBm0ImcMUB6gyoy%2Bl2HFVmIWG9rmSbNOlo%2BhfpaYGT81TUlMhXhuLgLhfcyU7IKcg%2Bp2IXuzGd91rqpe9u8M%2F05VeQlGA%3D"}]}
Content-Encoding: gzip
Server: cloudflare
CF-RAY: 96f92abafdbae182-CDG
alt-svc: h3=":443"; ma=86400

{
    "id": 5,
    "title": "John Hardy Women's Legends Naga Gold & Silver Dragon Station Chain Bracelet",
    "price": 695,
    "description": "From our Legends Collection, the Naga was inspired by the mythical water dragon that protects the ocean's pearl. Wear facing inward to be bestowed with love and abundance, or outward for protection.",
    "category": "jewelery",
    "image": "https://fakestoreapi.com/img/71pWzhdJNwL._AC_UL640_QL65_ML3_t.png",
    "rating": {
        "rate": 4.6,
        "count": 400
    }
}
]]></system-out>
  </testcase>
  <testcase name="testGetSingleProductByValidId[10](6)" classname="com.emmanuelarhu.tests.ProductsApiTest" time="0.413">
    <system-out><![CDATA[🚀 Starting test execution...
📋 Testing GET /products/10
HTTP/1.1 200 OK
Date: Fri, 15 Aug 2025 13:51:28 GMT
Content-Type: application/json; charset=utf-8
Transfer-Encoding: chunked
Connection: keep-alive
Access-Control-Allow-Origin: *
Etag: W/"2d3-H6XcgyxErE5G4PiaNqK38MOWYus"
X-Powered-By: Express
Cf-Cache-Status: DYNAMIC
Nel: {"report_to":"cf-nel","success_fraction":0.0,"max_age":604800}
Report-To: {"group":"cf-nel","max_age":604800,"endpoints":[{"url":"https://a.nel.cloudflare.com/report/v4?s=1YJqzUHAVpg1IpDwwGkzRAXEP5dNGGVFAmffEHqITHNK%2BxEETAPsJuaJl2Kyt5SSkIgqsEOSbYGAQ%2BBelU8zBg5FLVjGpViz1eBELwmlj3U%3D"}]}
Content-Encoding: gzip
Server: cloudflare
CF-RAY: 96f92abdb9a46fd5-CDG
alt-svc: h3=":443"; ma=86400

{
    "id": 10,
    "title": "SanDisk SSD PLUS 1TB Internal SSD - SATA III 6 Gb/s",
    "price": 109,
    "description": "Easy upgrade for faster boot up, shutdown, application load and response (As compared to 5400 RPM SATA 2.5” hard drive; Based on published specifications and internal benchmarking tests using PCMark vantage scores) Boosts burst write performance, making it ideal for typical PC workloads The perfect balance of performance and reliability Read/write speeds of up to 535MB/s/450MB/s (Based on internal testing; Performance may vary depending upon drive capacity, host device, OS and application.)",
    "category": "electronics",
    "image": "https://fakestoreapi.com/img/61U7T1koQqL._AC_SX679_t.png",
    "rating": {
        "rate": 2.9,
        "count": 470
    }
}
]]></system-out>
  </testcase>
  <testcase name="testGetSingleProductByValidId[15](7)" classname="com.emmanuelarhu.tests.ProductsApiTest" time="0.565">
    <system-out><![CDATA[🚀 Starting test execution...
📋 Testing GET /products/15
HTTP/1.1 200 OK
Date: Fri, 15 Aug 2025 13:51:29 GMT
Content-Type: application/json; charset=utf-8
Transfer-Encoding: chunked
Connection: keep-alive
Access-Control-Allow-Origin: *
Etag: W/"3f2-9smaCdan04k8rixVIu+nL4Kx+6c"
X-Powered-By: Express
Cf-Cache-Status: DYNAMIC
Nel: {"report_to":"cf-nel","success_fraction":0.0,"max_age":604800}
Report-To: {"group":"cf-nel","max_age":604800,"endpoints":[{"url":"https://a.nel.cloudflare.com/report/v4?s=L05FJfoErHWxbKmxEVWhjoK8KkLhoq462gpGDd5htocsiP5aTdRPNSMtvkqommNgJMwtVstxlXTgtQA0xbK%2BMmjxFayjIkO6i05UARrhWwQ%3D"}]}
Content-Encoding: gzip
Server: cloudflare
CF-RAY: 96f92ac14fcd6fea-CDG
alt-svc: h3=":443"; ma=86400

{
    "id": 15,
    "title": "BIYLACLESEN Women's 3-in-1 Snowboard Jacket Winter Coats",
    "price": 56.99,
    "description": "Note:The Jackets is US standard size, Please choose size as your usual wear Material: 100% Polyester; Detachable Liner Fabric: Warm Fleece. Detachable Functional Liner: Skin Friendly, Lightweigt and Warm.Stand Collar Liner jacket, keep you warm in cold weather. Zippered Pockets: 2 Zippered Hand Pockets, 2 Zippered Pockets on Chest (enough to keep cards or keys)and 1 Hidden Pocket Inside.Zippered Hand Pockets and Hidden Pocket keep your things secure. Humanized Design: Adjustable and Detachable Hood and Adjustable cuff to prevent the wind and water,for a comfortable fit. 3 in 1 Detachable Design provide more convenience, you can separate the coat and inner as needed, or wear it together. It is suitable for different season and help you adapt to different climates",
    "category": "women's clothing",
    "image": "https://fakestoreapi.com/img/51Y5NI-I5jL._AC_UX679_t.png",
    "rating": {
        "rate": 2.6,
        "count": 235
    }
}
]]></system-out>
  </testcase>
  <testcase name="testGetSingleProductByValidId[20](8)" classname="com.emmanuelarhu.tests.ProductsApiTest" time="0.708">
    <system-out><![CDATA[🚀 Starting test execution...
📋 Testing GET /products/20
HTTP/1.1 200 OK
Date: Fri, 15 Aug 2025 13:51:30 GMT
Content-Type: application/json; charset=utf-8
Transfer-Encoding: chunked
Connection: keep-alive
Access-Control-Allow-Origin: *
Etag: W/"1b7-rHVB8dHoavzBUFvgricpm59T5II"
X-Powered-By: Express
Cf-Cache-Status: DYNAMIC
Nel: {"report_to":"cf-nel","success_fraction":0.0,"max_age":604800}
Report-To: {"group":"cf-nel","max_age":604800,"endpoints":[{"url":"https://a.nel.cloudflare.com/report/v4?s=vTMhEpBe3j0v2w69eM0mWU4M%2B8eyM5hcQRvy%2F8xuR9BBUDBoN3uBH1VwxBst1HPFIlKpeR5FXlRIaT0dn8tMK6ljxCgwF%2BlPnPyBmAeVyWg%3D"}]}
Content-Encoding: gzip
Server: cloudflare
CF-RAY: 96f92ac628717a75-CDG
alt-svc: h3=":443"; ma=86400

{
    "id": 20,
    "title": "DANVOUY Womens T Shirt Casual Cotton Short",
    "price": 12.99,
    "description": "95%Cotton,5%Spandex, Features: Casual, Short Sleeve, Letter Print,V-Neck,Fashion Tees, The fabric is soft and has some stretch., Occasion: Casual/Office/Beach/School/Home/Street. Season: Spring,Summer,Autumn,Winter.",
    "category": "women's clothing",
    "image": "https://fakestoreapi.com/img/61pHAEJ4NML._AC_UX679_t.png",
    "rating": {
        "rate": 3.6,
        "count": 145
    }
}
]]></system-out>
  </testcase>
  <testcase name="testGetSingleProductByInvalidId[-1](1)" classname="com.emmanuelarhu.tests.ProductsApiTest" time="0.656">
    <failure message="1 expectation failed.&#10;Expected status code (&lt;400&gt; or &lt;404&gt; or &lt;403&gt;) but was &lt;200&gt;.&#10;" type="java.lang.AssertionError"><![CDATA[java.lang.AssertionError: 
1 expectation failed.
Expected status code (<400> or <404> or <403>) but was <200>.

	at java.base/jdk.internal.reflect.DirectConstructorHandleAccessor.newInstance(DirectConstructorHandleAccessor.java:62)
	at java.base/java.lang.reflect.Constructor.newInstanceWithCaller(Constructor.java:502)
	at java.base/java.lang.reflect.Constructor.newInstance(Constructor.java:486)
	at org.codehaus.groovy.reflection.CachedConstructor.invoke(CachedConstructor.java:73)
	at org.codehaus.groovy.runtime.callsite.ConstructorSite$ConstructorSiteNoUnwrapNoCoerce.callConstructor(ConstructorSite.java:108)
	at org.codehaus.groovy.runtime.callsite.AbstractCallSite.callConstructor(AbstractCallSite.java:277)
	at io.restassured.internal.ResponseSpecificationImpl$HamcrestAssertionClosure.validate(ResponseSpecificationImpl.groovy:512)
	at io.restassured.internal.ResponseSpecificationImpl$HamcrestAssertionClosure$validate$1.call(Unknown Source)
	at io.restassured.internal.ResponseSpecificationImpl.validateResponseIfRequired(ResponseSpecificationImpl.groovy:696)
	at io.restassured.internal.ResponseSpecificationImpl.this$2$validateResponseIfRequired(ResponseSpecificationImpl.groovy)
	at java.base/jdk.internal.reflect.DirectMethodHandleAccessor.invoke(DirectMethodHandleAccessor.java:103)
	at java.base/java.lang.reflect.Method.invoke(Method.java:580)
	at org.codehaus.groovy.runtime.callsite.PlainObjectMetaMethodSite.doInvoke(PlainObjectMetaMethodSite.java:43)
	at org.codehaus.groovy.runtime.callsite.PogoMetaMethodSite$PogoCachedMethodSiteNoUnwrapNoCoerce.invoke(PogoMetaMethodSite.java:198)
	at org.codehaus.groovy.runtime.callsite.PogoMetaMethodSite.callCurrent(PogoMetaMethodSite.java:62)
	at org.codehaus.groovy.runtime.callsite.AbstractCallSite.callCurrent(AbstractCallSite.java:185)
	at io.restassured.internal.ResponseSpecificationImpl.statusCode(ResponseSpecificationImpl.groovy:135)
	at io.restassured.internal.ValidatableResponseOptionsImpl.statusCode(ValidatableResponseOptionsImpl.java:84)
	at com.emmanuelarhu.tests.ProductsApiTest.testGetSingleProductByInvalidId(ProductsApiTest.java:105)
	at java.base/jdk.internal.reflect.DirectMethodHandleAccessor.invoke(DirectMethodHandleAccessor.java:103)
	at java.base/java.lang.reflect.Method.invoke(Method.java:580)
	at org.testng.internal.invokers.MethodInvocationHelper.invokeMethod(MethodInvocationHelper.java:139)
	at org.testng.internal.invokers.TestInvoker.invokeMethod(TestInvoker.java:664)
	at org.testng.internal.invokers.TestInvoker.invokeTestMethod(TestInvoker.java:227)
	at org.testng.internal.invokers.MethodRunner.runInSequence(MethodRunner.java:50)
	at org.testng.internal.invokers.TestInvoker$MethodInvocationAgent.invoke(TestInvoker.java:957)
	at org.testng.internal.invokers.TestInvoker.invokeTestMethods(TestInvoker.java:200)
	at org.testng.internal.invokers.TestMethodWorker.invokeTestMethods(TestMethodWorker.java:148)
	at org.testng.internal.invokers.TestMethodWorker.run(TestMethodWorker.java:128)
	at java.base/java.util.ArrayList.forEach(ArrayList.java:1596)
	at org.testng.TestRunner.privateRun(TestRunner.java:848)
	at org.testng.TestRunner.run(TestRunner.java:621)
	at org.testng.SuiteRunner.runTest(SuiteRunner.java:443)
	at org.testng.SuiteRunner.runSequentially(SuiteRunner.java:437)
	at org.testng.SuiteRunner.privateRun(SuiteRunner.java:397)
	at org.testng.SuiteRunner.run(SuiteRunner.java:336)
	at org.testng.SuiteRunnerWorker.runSuite(SuiteRunnerWorker.java:52)
	at org.testng.SuiteRunnerWorker.run(SuiteRunnerWorker.java:95)
	at org.testng.TestNG.runSuitesSequentially(TestNG.java:1280)
	at org.testng.TestNG.runSuitesLocally(TestNG.java:1200)
	at org.testng.TestNG.runSuites(TestNG.java:1114)
	at org.testng.TestNG.run(TestNG.java:1082)
	at org.apache.maven.surefire.testng.TestNGExecutor.run(TestNGExecutor.java:155)
	at org.apache.maven.surefire.testng.TestNGDirectoryTestSuite.executeMulti(TestNGDirectoryTestSuite.java:169)
	at org.apache.maven.surefire.testng.TestNGDirectoryTestSuite.execute(TestNGDirectoryTestSuite.java:88)
	at org.apache.maven.surefire.testng.TestNGProvider.invoke(TestNGProvider.java:137)
	at org.apache.maven.surefire.booter.ForkedBooter.runSuitesInProcess(ForkedBooter.java:385)
	at org.apache.maven.surefire.booter.ForkedBooter.execute(ForkedBooter.java:162)
	at org.apache.maven.surefire.booter.ForkedBooter.run(ForkedBooter.java:507)
	at org.apache.maven.surefire.booter.ForkedBooter.main(ForkedBooter.java:495)
]]></failure>
    <system-out><![CDATA[🚀 Starting test execution...
📋 Testing GET /products/-1 (invalid ID)
]]></system-out>
  </testcase>
  <testcase name="testGetSingleProductByInvalidId[0](2)" classname="com.emmanuelarhu.tests.ProductsApiTest" time="0.456">
    <failure message="1 expectation failed.&#10;Expected status code (&lt;400&gt; or &lt;404&gt; or &lt;403&gt;) but was &lt;200&gt;.&#10;" type="java.lang.AssertionError"><![CDATA[java.lang.AssertionError: 
1 expectation failed.
Expected status code (<400> or <404> or <403>) but was <200>.

	at java.base/jdk.internal.reflect.DirectConstructorHandleAccessor.newInstance(DirectConstructorHandleAccessor.java:62)
	at java.base/java.lang.reflect.Constructor.newInstanceWithCaller(Constructor.java:502)
	at java.base/java.lang.reflect.Constructor.newInstance(Constructor.java:486)
	at org.codehaus.groovy.reflection.CachedConstructor.invoke(CachedConstructor.java:73)
	at org.codehaus.groovy.runtime.callsite.ConstructorSite$ConstructorSiteNoUnwrapNoCoerce.callConstructor(ConstructorSite.java:108)
	at org.codehaus.groovy.runtime.callsite.AbstractCallSite.callConstructor(AbstractCallSite.java:277)
	at io.restassured.internal.ResponseSpecificationImpl$HamcrestAssertionClosure.validate(ResponseSpecificationImpl.groovy:512)
	at io.restassured.internal.ResponseSpecificationImpl$HamcrestAssertionClosure$validate$1.call(Unknown Source)
	at io.restassured.internal.ResponseSpecificationImpl.validateResponseIfRequired(ResponseSpecificationImpl.groovy:696)
	at io.restassured.internal.ResponseSpecificationImpl.this$2$validateResponseIfRequired(ResponseSpecificationImpl.groovy)
	at java.base/jdk.internal.reflect.DirectMethodHandleAccessor.invoke(DirectMethodHandleAccessor.java:103)
	at java.base/java.lang.reflect.Method.invoke(Method.java:580)
	at org.codehaus.groovy.runtime.callsite.PlainObjectMetaMethodSite.doInvoke(PlainObjectMetaMethodSite.java:43)
	at org.codehaus.groovy.runtime.callsite.PogoMetaMethodSite$PogoCachedMethodSiteNoUnwrapNoCoerce.invoke(PogoMetaMethodSite.java:198)
	at org.codehaus.groovy.runtime.callsite.PogoMetaMethodSite.callCurrent(PogoMetaMethodSite.java:62)
	at org.codehaus.groovy.runtime.callsite.AbstractCallSite.callCurrent(AbstractCallSite.java:185)
	at io.restassured.internal.ResponseSpecificationImpl.statusCode(ResponseSpecificationImpl.groovy:135)
	at io.restassured.internal.ValidatableResponseOptionsImpl.statusCode(ValidatableResponseOptionsImpl.java:84)
	at com.emmanuelarhu.tests.ProductsApiTest.testGetSingleProductByInvalidId(ProductsApiTest.java:105)
	at java.base/jdk.internal.reflect.DirectMethodHandleAccessor.invoke(DirectMethodHandleAccessor.java:103)
	at java.base/java.lang.reflect.Method.invoke(Method.java:580)
	at org.testng.internal.invokers.MethodInvocationHelper.invokeMethod(MethodInvocationHelper.java:139)
	at org.testng.internal.invokers.TestInvoker.invokeMethod(TestInvoker.java:664)
	at org.testng.internal.invokers.TestInvoker.invokeTestMethod(TestInvoker.java:227)
	at org.testng.internal.invokers.MethodRunner.runInSequence(MethodRunner.java:50)
	at org.testng.internal.invokers.TestInvoker$MethodInvocationAgent.invoke(TestInvoker.java:957)
	at org.testng.internal.invokers.TestInvoker.invokeTestMethods(TestInvoker.java:200)
	at org.testng.internal.invokers.TestMethodWorker.invokeTestMethods(TestMethodWorker.java:148)
	at org.testng.internal.invokers.TestMethodWorker.run(TestMethodWorker.java:128)
	at java.base/java.util.ArrayList.forEach(ArrayList.java:1596)
	at org.testng.TestRunner.privateRun(TestRunner.java:848)
	at org.testng.TestRunner.run(TestRunner.java:621)
	at org.testng.SuiteRunner.runTest(SuiteRunner.java:443)
	at org.testng.SuiteRunner.runSequentially(SuiteRunner.java:437)
	at org.testng.SuiteRunner.privateRun(SuiteRunner.java:397)
	at org.testng.SuiteRunner.run(SuiteRunner.java:336)
	at org.testng.SuiteRunnerWorker.runSuite(SuiteRunnerWorker.java:52)
	at org.testng.SuiteRunnerWorker.run(SuiteRunnerWorker.java:95)
	at org.testng.TestNG.runSuitesSequentially(TestNG.java:1280)
	at org.testng.TestNG.runSuitesLocally(TestNG.java:1200)
	at org.testng.TestNG.runSuites(TestNG.java:1114)
	at org.testng.TestNG.run(TestNG.java:1082)
	at org.apache.maven.surefire.testng.TestNGExecutor.run(TestNGExecutor.java:155)
	at org.apache.maven.surefire.testng.TestNGDirectoryTestSuite.executeMulti(TestNGDirectoryTestSuite.java:169)
	at org.apache.maven.surefire.testng.TestNGDirectoryTestSuite.execute(TestNGDirectoryTestSuite.java:88)
	at org.apache.maven.surefire.testng.TestNGProvider.invoke(TestNGProvider.java:137)
	at org.apache.maven.surefire.booter.ForkedBooter.runSuitesInProcess(ForkedBooter.java:385)
	at org.apache.maven.surefire.booter.ForkedBooter.execute(ForkedBooter.java:162)
	at org.apache.maven.surefire.booter.ForkedBooter.run(ForkedBooter.java:507)
	at org.apache.maven.surefire.booter.ForkedBooter.main(ForkedBooter.java:495)
]]></failure>
    <system-out><![CDATA[🚀 Starting test execution...
📋 Testing GET /products/0 (invalid ID)
]]></system-out>
  </testcase>
  <testcase name="testGetSingleProductByInvalidId[999](3)" classname="com.emmanuelarhu.tests.ProductsApiTest" time="0.522">
    <failure message="1 expectation failed.&#10;Expected status code (&lt;400&gt; or &lt;404&gt; or &lt;403&gt;) but was &lt;200&gt;.&#10;" type="java.lang.AssertionError"><![CDATA[java.lang.AssertionError: 
1 expectation failed.
Expected status code (<400> or <404> or <403>) but was <200>.

	at java.base/jdk.internal.reflect.DirectConstructorHandleAccessor.newInstance(DirectConstructorHandleAccessor.java:62)
	at java.base/java.lang.reflect.Constructor.newInstanceWithCaller(Constructor.java:502)
	at java.base/java.lang.reflect.Constructor.newInstance(Constructor.java:486)
	at org.codehaus.groovy.reflection.CachedConstructor.invoke(CachedConstructor.java:73)
	at org.codehaus.groovy.runtime.callsite.ConstructorSite$ConstructorSiteNoUnwrapNoCoerce.callConstructor(ConstructorSite.java:108)
	at org.codehaus.groovy.runtime.callsite.AbstractCallSite.callConstructor(AbstractCallSite.java:277)
	at io.restassured.internal.ResponseSpecificationImpl$HamcrestAssertionClosure.validate(ResponseSpecificationImpl.groovy:512)
	at io.restassured.internal.ResponseSpecificationImpl$HamcrestAssertionClosure$validate$1.call(Unknown Source)
	at io.restassured.internal.ResponseSpecificationImpl.validateResponseIfRequired(ResponseSpecificationImpl.groovy:696)
	at io.restassured.internal.ResponseSpecificationImpl.this$2$validateResponseIfRequired(ResponseSpecificationImpl.groovy)
	at java.base/jdk.internal.reflect.DirectMethodHandleAccessor.invoke(DirectMethodHandleAccessor.java:103)
	at java.base/java.lang.reflect.Method.invoke(Method.java:580)
	at org.codehaus.groovy.runtime.callsite.PlainObjectMetaMethodSite.doInvoke(PlainObjectMetaMethodSite.java:43)
	at org.codehaus.groovy.runtime.callsite.PogoMetaMethodSite$PogoCachedMethodSiteNoUnwrapNoCoerce.invoke(PogoMetaMethodSite.java:198)
	at org.codehaus.groovy.runtime.callsite.PogoMetaMethodSite.callCurrent(PogoMetaMethodSite.java:62)
	at org.codehaus.groovy.runtime.callsite.AbstractCallSite.callCurrent(AbstractCallSite.java:185)
	at io.restassured.internal.ResponseSpecificationImpl.statusCode(ResponseSpecificationImpl.groovy:135)
	at io.restassured.internal.ValidatableResponseOptionsImpl.statusCode(ValidatableResponseOptionsImpl.java:84)
	at com.emmanuelarhu.tests.ProductsApiTest.testGetSingleProductByInvalidId(ProductsApiTest.java:105)
	at java.base/jdk.internal.reflect.DirectMethodHandleAccessor.invoke(DirectMethodHandleAccessor.java:103)
	at java.base/java.lang.reflect.Method.invoke(Method.java:580)
	at org.testng.internal.invokers.MethodInvocationHelper.invokeMethod(MethodInvocationHelper.java:139)
	at org.testng.internal.invokers.TestInvoker.invokeMethod(TestInvoker.java:664)
	at org.testng.internal.invokers.TestInvoker.invokeTestMethod(TestInvoker.java:227)
	at org.testng.internal.invokers.MethodRunner.runInSequence(MethodRunner.java:50)
	at org.testng.internal.invokers.TestInvoker$MethodInvocationAgent.invoke(TestInvoker.java:957)
	at org.testng.internal.invokers.TestInvoker.invokeTestMethods(TestInvoker.java:200)
	at org.testng.internal.invokers.TestMethodWorker.invokeTestMethods(TestMethodWorker.java:148)
	at org.testng.internal.invokers.TestMethodWorker.run(TestMethodWorker.java:128)
	at java.base/java.util.ArrayList.forEach(ArrayList.java:1596)
	at org.testng.TestRunner.privateRun(TestRunner.java:848)
	at org.testng.TestRunner.run(TestRunner.java:621)
	at org.testng.SuiteRunner.runTest(SuiteRunner.java:443)
	at org.testng.SuiteRunner.runSequentially(SuiteRunner.java:437)
	at org.testng.SuiteRunner.privateRun(SuiteRunner.java:397)
	at org.testng.SuiteRunner.run(SuiteRunner.java:336)
	at org.testng.SuiteRunnerWorker.runSuite(SuiteRunnerWorker.java:52)
	at org.testng.SuiteRunnerWorker.run(SuiteRunnerWorker.java:95)
	at org.testng.TestNG.runSuitesSequentially(TestNG.java:1280)
	at org.testng.TestNG.runSuitesLocally(TestNG.java:1200)
	at org.testng.TestNG.runSuites(TestNG.java:1114)
	at org.testng.TestNG.run(TestNG.java:1082)
	at org.apache.maven.surefire.testng.TestNGExecutor.run(TestNGExecutor.java:155)
	at org.apache.maven.surefire.testng.TestNGDirectoryTestSuite.executeMulti(TestNGDirectoryTestSuite.java:169)
	at org.apache.maven.surefire.testng.TestNGDirectoryTestSuite.execute(TestNGDirectoryTestSuite.java:88)
	at org.apache.maven.surefire.testng.TestNGProvider.invoke(TestNGProvider.java:137)
	at org.apache.maven.surefire.booter.ForkedBooter.runSuitesInProcess(ForkedBooter.java:385)
	at org.apache.maven.surefire.booter.ForkedBooter.execute(ForkedBooter.java:162)
	at org.apache.maven.surefire.booter.ForkedBooter.run(ForkedBooter.java:507)
	at org.apache.maven.surefire.booter.ForkedBooter.main(ForkedBooter.java:495)
]]></failure>
    <system-out><![CDATA[🚀 Starting test execution...
📋 Testing GET /products/999 (invalid ID)
]]></system-out>
  </testcase>
  <testcase name="testGetSingleProductByInvalidId[1000](4)" classname="com.emmanuelarhu.tests.ProductsApiTest" time="0.462">
    <failure message="1 expectation failed.&#10;Expected status code (&lt;400&gt; or &lt;404&gt; or &lt;403&gt;) but was &lt;200&gt;.&#10;" type="java.lang.AssertionError"><![CDATA[java.lang.AssertionError: 
1 expectation failed.
Expected status code (<400> or <404> or <403>) but was <200>.

	at java.base/jdk.internal.reflect.DirectConstructorHandleAccessor.newInstance(DirectConstructorHandleAccessor.java:62)
	at java.base/java.lang.reflect.Constructor.newInstanceWithCaller(Constructor.java:502)
	at java.base/java.lang.reflect.Constructor.newInstance(Constructor.java:486)
	at org.codehaus.groovy.reflection.CachedConstructor.invoke(CachedConstructor.java:73)
	at org.codehaus.groovy.runtime.callsite.ConstructorSite$ConstructorSiteNoUnwrapNoCoerce.callConstructor(ConstructorSite.java:108)
	at org.codehaus.groovy.runtime.callsite.AbstractCallSite.callConstructor(AbstractCallSite.java:277)
	at io.restassured.internal.ResponseSpecificationImpl$HamcrestAssertionClosure.validate(ResponseSpecificationImpl.groovy:512)
	at io.restassured.internal.ResponseSpecificationImpl$HamcrestAssertionClosure$validate$1.call(Unknown Source)
	at io.restassured.internal.ResponseSpecificationImpl.validateResponseIfRequired(ResponseSpecificationImpl.groovy:696)
	at io.restassured.internal.ResponseSpecificationImpl.this$2$validateResponseIfRequired(ResponseSpecificationImpl.groovy)
	at java.base/jdk.internal.reflect.DirectMethodHandleAccessor.invoke(DirectMethodHandleAccessor.java:103)
	at java.base/java.lang.reflect.Method.invoke(Method.java:580)
	at org.codehaus.groovy.runtime.callsite.PlainObjectMetaMethodSite.doInvoke(PlainObjectMetaMethodSite.java:43)
	at org.codehaus.groovy.runtime.callsite.PogoMetaMethodSite$PogoCachedMethodSiteNoUnwrapNoCoerce.invoke(PogoMetaMethodSite.java:198)
	at org.codehaus.groovy.runtime.callsite.PogoMetaMethodSite.callCurrent(PogoMetaMethodSite.java:62)
	at org.codehaus.groovy.runtime.callsite.AbstractCallSite.callCurrent(AbstractCallSite.java:185)
	at io.restassured.internal.ResponseSpecificationImpl.statusCode(ResponseSpecificationImpl.groovy:135)
	at io.restassured.internal.ValidatableResponseOptionsImpl.statusCode(ValidatableResponseOptionsImpl.java:84)
	at com.emmanuelarhu.tests.ProductsApiTest.testGetSingleProductByInvalidId(ProductsApiTest.java:105)
	at java.base/jdk.internal.reflect.DirectMethodHandleAccessor.invoke(DirectMethodHandleAccessor.java:103)
	at java.base/java.lang.reflect.Method.invoke(Method.java:580)
	at org.testng.internal.invokers.MethodInvocationHelper.invokeMethod(MethodInvocationHelper.java:139)
	at org.testng.internal.invokers.TestInvoker.invokeMethod(TestInvoker.java:664)
	at org.testng.internal.invokers.TestInvoker.invokeTestMethod(TestInvoker.java:227)
	at org.testng.internal.invokers.MethodRunner.runInSequence(MethodRunner.java:50)
	at org.testng.internal.invokers.TestInvoker$MethodInvocationAgent.invoke(TestInvoker.java:957)
	at org.testng.internal.invokers.TestInvoker.invokeTestMethods(TestInvoker.java:200)
	at org.testng.internal.invokers.TestMethodWorker.invokeTestMethods(TestMethodWorker.java:148)
	at org.testng.internal.invokers.TestMethodWorker.run(TestMethodWorker.java:128)
	at java.base/java.util.ArrayList.forEach(ArrayList.java:1596)
	at org.testng.TestRunner.privateRun(TestRunner.java:848)
	at org.testng.TestRunner.run(TestRunner.java:621)
	at org.testng.SuiteRunner.runTest(SuiteRunner.java:443)
	at org.testng.SuiteRunner.runSequentially(SuiteRunner.java:437)
	at org.testng.SuiteRunner.privateRun(SuiteRunner.java:397)
	at org.testng.SuiteRunner.run(SuiteRunner.java:336)
	at org.testng.SuiteRunnerWorker.runSuite(SuiteRunnerWorker.java:52)
	at org.testng.SuiteRunnerWorker.run(SuiteRunnerWorker.java:95)
	at org.testng.TestNG.runSuitesSequentially(TestNG.java:1280)
	at org.testng.TestNG.runSuitesLocally(TestNG.java:1200)
	at org.testng.TestNG.runSuites(TestNG.java:1114)
	at org.testng.TestNG.run(TestNG.java:1082)
	at org.apache.maven.surefire.testng.TestNGExecutor.run(TestNGExecutor.java:155)
	at org.apache.maven.surefire.testng.TestNGDirectoryTestSuite.executeMulti(TestNGDirectoryTestSuite.java:169)
	at org.apache.maven.surefire.testng.TestNGDirectoryTestSuite.execute(TestNGDirectoryTestSuite.java:88)
	at org.apache.maven.surefire.testng.TestNGProvider.invoke(TestNGProvider.java:137)
	at org.apache.maven.surefire.booter.ForkedBooter.runSuitesInProcess(ForkedBooter.java:385)
	at org.apache.maven.surefire.booter.ForkedBooter.execute(ForkedBooter.java:162)
	at org.apache.maven.surefire.booter.ForkedBooter.run(ForkedBooter.java:507)
	at org.apache.maven.surefire.booter.ForkedBooter.main(ForkedBooter.java:495)
]]></failure>
    <system-out><![CDATA[🚀 Starting test execution...
📋 Testing GET /products/1000 (invalid ID)
]]></system-out>
  </testcase>
  <testcase name="testGetSingleProductByInvalidId[9999](5)" classname="com.emmanuelarhu.tests.ProductsApiTest" time="0.473">
    <failure message="1 expectation failed.&#10;Expected status code (&lt;400&gt; or &lt;404&gt; or &lt;403&gt;) but was &lt;200&gt;.&#10;" type="java.lang.AssertionError"><![CDATA[java.lang.AssertionError: 
1 expectation failed.
Expected status code (<400> or <404> or <403>) but was <200>.

	at java.base/jdk.internal.reflect.DirectConstructorHandleAccessor.newInstance(DirectConstructorHandleAccessor.java:62)
	at java.base/java.lang.reflect.Constructor.newInstanceWithCaller(Constructor.java:502)
	at java.base/java.lang.reflect.Constructor.newInstance(Constructor.java:486)
	at org.codehaus.groovy.reflection.CachedConstructor.invoke(CachedConstructor.java:73)
	at org.codehaus.groovy.runtime.callsite.ConstructorSite$ConstructorSiteNoUnwrapNoCoerce.callConstructor(ConstructorSite.java:108)
	at org.codehaus.groovy.runtime.callsite.AbstractCallSite.callConstructor(AbstractCallSite.java:277)
	at io.restassured.internal.ResponseSpecificationImpl$HamcrestAssertionClosure.validate(ResponseSpecificationImpl.groovy:512)
	at io.restassured.internal.ResponseSpecificationImpl$HamcrestAssertionClosure$validate$1.call(Unknown Source)
	at io.restassured.internal.ResponseSpecificationImpl.validateResponseIfRequired(ResponseSpecificationImpl.groovy:696)
	at io.restassured.internal.ResponseSpecificationImpl.this$2$validateResponseIfRequired(ResponseSpecificationImpl.groovy)
	at java.base/jdk.internal.reflect.DirectMethodHandleAccessor.invoke(DirectMethodHandleAccessor.java:103)
	at java.base/java.lang.reflect.Method.invoke(Method.java:580)
	at org.codehaus.groovy.runtime.callsite.PlainObjectMetaMethodSite.doInvoke(PlainObjectMetaMethodSite.java:43)
	at org.codehaus.groovy.runtime.callsite.PogoMetaMethodSite$PogoCachedMethodSiteNoUnwrapNoCoerce.invoke(PogoMetaMethodSite.java:198)
	at org.codehaus.groovy.runtime.callsite.PogoMetaMethodSite.callCurrent(PogoMetaMethodSite.java:62)
	at org.codehaus.groovy.runtime.callsite.AbstractCallSite.callCurrent(AbstractCallSite.java:185)
	at io.restassured.internal.ResponseSpecificationImpl.statusCode(ResponseSpecificationImpl.groovy:135)
	at io.restassured.internal.ValidatableResponseOptionsImpl.statusCode(ValidatableResponseOptionsImpl.java:84)
	at com.emmanuelarhu.tests.ProductsApiTest.testGetSingleProductByInvalidId(ProductsApiTest.java:105)
	at java.base/jdk.internal.reflect.DirectMethodHandleAccessor.invoke(DirectMethodHandleAccessor.java:103)
	at java.base/java.lang.reflect.Method.invoke(Method.java:580)
	at org.testng.internal.invokers.MethodInvocationHelper.invokeMethod(MethodInvocationHelper.java:139)
	at org.testng.internal.invokers.TestInvoker.invokeMethod(TestInvoker.java:664)
	at org.testng.internal.invokers.TestInvoker.invokeTestMethod(TestInvoker.java:227)
	at org.testng.internal.invokers.MethodRunner.runInSequence(MethodRunner.java:50)
	at org.testng.internal.invokers.TestInvoker$MethodInvocationAgent.invoke(TestInvoker.java:957)
	at org.testng.internal.invokers.TestInvoker.invokeTestMethods(TestInvoker.java:200)
	at org.testng.internal.invokers.TestMethodWorker.invokeTestMethods(TestMethodWorker.java:148)
	at org.testng.internal.invokers.TestMethodWorker.run(TestMethodWorker.java:128)
	at java.base/java.util.ArrayList.forEach(ArrayList.java:1596)
	at org.testng.TestRunner.privateRun(TestRunner.java:848)
	at org.testng.TestRunner.run(TestRunner.java:621)
	at org.testng.SuiteRunner.runTest(SuiteRunner.java:443)
	at org.testng.SuiteRunner.runSequentially(SuiteRunner.java:437)
	at org.testng.SuiteRunner.privateRun(SuiteRunner.java:397)
	at org.testng.SuiteRunner.run(SuiteRunner.java:336)
	at org.testng.SuiteRunnerWorker.runSuite(SuiteRunnerWorker.java:52)
	at org.testng.SuiteRunnerWorker.run(SuiteRunnerWorker.java:95)
	at org.testng.TestNG.runSuitesSequentially(TestNG.java:1280)
	at org.testng.TestNG.runSuitesLocally(TestNG.java:1200)
	at org.testng.TestNG.runSuites(TestNG.java:1114)
	at org.testng.TestNG.run(TestNG.java:1082)
	at org.apache.maven.surefire.testng.TestNGExecutor.run(TestNGExecutor.java:155)
	at org.apache.maven.surefire.testng.TestNGDirectoryTestSuite.executeMulti(TestNGDirectoryTestSuite.java:169)
	at org.apache.maven.surefire.testng.TestNGDirectoryTestSuite.execute(TestNGDirectoryTestSuite.java:88)
	at org.apache.maven.surefire.testng.TestNGProvider.invoke(TestNGProvider.java:137)
	at org.apache.maven.surefire.booter.ForkedBooter.runSuitesInProcess(ForkedBooter.java:385)
	at org.apache.maven.surefire.booter.ForkedBooter.execute(ForkedBooter.java:162)
	at org.apache.maven.surefire.booter.ForkedBooter.run(ForkedBooter.java:507)
	at org.apache.maven.surefire.booter.ForkedBooter.main(ForkedBooter.java:495)
]]></failure>
    <system-out><![CDATA[🚀 Starting test execution...
📋 Testing GET /products/9999 (invalid ID)
]]></system-out>
  </testcase>
  <testcase name="testGetSingleProductByInvalidId[2147483647](6)" classname="com.emmanuelarhu.tests.ProductsApiTest" time="0.558">
    <failure message="1 expectation failed.&#10;Expected status code (&lt;400&gt; or &lt;404&gt; or &lt;403&gt;) but was &lt;200&gt;.&#10;" type="java.lang.AssertionError"><![CDATA[java.lang.AssertionError: 
1 expectation failed.
Expected status code (<400> or <404> or <403>) but was <200>.

	at java.base/jdk.internal.reflect.DirectConstructorHandleAccessor.newInstance(DirectConstructorHandleAccessor.java:62)
	at java.base/java.lang.reflect.Constructor.newInstanceWithCaller(Constructor.java:502)
	at java.base/java.lang.reflect.Constructor.newInstance(Constructor.java:486)
	at org.codehaus.groovy.reflection.CachedConstructor.invoke(CachedConstructor.java:73)
	at org.codehaus.groovy.runtime.callsite.ConstructorSite$ConstructorSiteNoUnwrapNoCoerce.callConstructor(ConstructorSite.java:108)
	at org.codehaus.groovy.runtime.callsite.AbstractCallSite.callConstructor(AbstractCallSite.java:277)
	at io.restassured.internal.ResponseSpecificationImpl$HamcrestAssertionClosure.validate(ResponseSpecificationImpl.groovy:512)
	at io.restassured.internal.ResponseSpecificationImpl$HamcrestAssertionClosure$validate$1.call(Unknown Source)
	at io.restassured.internal.ResponseSpecificationImpl.validateResponseIfRequired(ResponseSpecificationImpl.groovy:696)
	at io.restassured.internal.ResponseSpecificationImpl.this$2$validateResponseIfRequired(ResponseSpecificationImpl.groovy)
	at java.base/jdk.internal.reflect.DirectMethodHandleAccessor.invoke(DirectMethodHandleAccessor.java:103)
	at java.base/java.lang.reflect.Method.invoke(Method.java:580)
	at org.codehaus.groovy.runtime.callsite.PlainObjectMetaMethodSite.doInvoke(PlainObjectMetaMethodSite.java:43)
	at org.codehaus.groovy.runtime.callsite.PogoMetaMethodSite$PogoCachedMethodSiteNoUnwrapNoCoerce.invoke(PogoMetaMethodSite.java:198)
	at org.codehaus.groovy.runtime.callsite.PogoMetaMethodSite.callCurrent(PogoMetaMethodSite.java:62)
	at org.codehaus.groovy.runtime.callsite.AbstractCallSite.callCurrent(AbstractCallSite.java:185)
	at io.restassured.internal.ResponseSpecificationImpl.statusCode(ResponseSpecificationImpl.groovy:135)
	at io.restassured.internal.ValidatableResponseOptionsImpl.statusCode(ValidatableResponseOptionsImpl.java:84)
	at com.emmanuelarhu.tests.ProductsApiTest.testGetSingleProductByInvalidId(ProductsApiTest.java:105)
	at java.base/jdk.internal.reflect.DirectMethodHandleAccessor.invoke(DirectMethodHandleAccessor.java:103)
	at java.base/java.lang.reflect.Method.invoke(Method.java:580)
	at org.testng.internal.invokers.MethodInvocationHelper.invokeMethod(MethodInvocationHelper.java:139)
	at org.testng.internal.invokers.TestInvoker.invokeMethod(TestInvoker.java:664)
	at org.testng.internal.invokers.TestInvoker.invokeTestMethod(TestInvoker.java:227)
	at org.testng.internal.invokers.MethodRunner.runInSequence(MethodRunner.java:50)
	at org.testng.internal.invokers.TestInvoker$MethodInvocationAgent.invoke(TestInvoker.java:957)
	at org.testng.internal.invokers.TestInvoker.invokeTestMethods(TestInvoker.java:200)
	at org.testng.internal.invokers.TestMethodWorker.invokeTestMethods(TestMethodWorker.java:148)
	at org.testng.internal.invokers.TestMethodWorker.run(TestMethodWorker.java:128)
	at java.base/java.util.ArrayList.forEach(ArrayList.java:1596)
	at org.testng.TestRunner.privateRun(TestRunner.java:848)
	at org.testng.TestRunner.run(TestRunner.java:621)
	at org.testng.SuiteRunner.runTest(SuiteRunner.java:443)
	at org.testng.SuiteRunner.runSequentially(SuiteRunner.java:437)
	at org.testng.SuiteRunner.privateRun(SuiteRunner.java:397)
	at org.testng.SuiteRunner.run(SuiteRunner.java:336)
	at org.testng.SuiteRunnerWorker.runSuite(SuiteRunnerWorker.java:52)
	at org.testng.SuiteRunnerWorker.run(SuiteRunnerWorker.java:95)
	at org.testng.TestNG.runSuitesSequentially(TestNG.java:1280)
	at org.testng.TestNG.runSuitesLocally(TestNG.java:1200)
	at org.testng.TestNG.runSuites(TestNG.java:1114)
	at org.testng.TestNG.run(TestNG.java:1082)
	at org.apache.maven.surefire.testng.TestNGExecutor.run(TestNGExecutor.java:155)
	at org.apache.maven.surefire.testng.TestNGDirectoryTestSuite.executeMulti(TestNGDirectoryTestSuite.java:169)
	at org.apache.maven.surefire.testng.TestNGDirectoryTestSuite.execute(TestNGDirectoryTestSuite.java:88)
	at org.apache.maven.surefire.testng.TestNGProvider.invoke(TestNGProvider.java:137)
	at org.apache.maven.surefire.booter.ForkedBooter.runSuitesInProcess(ForkedBooter.java:385)
	at org.apache.maven.surefire.booter.ForkedBooter.execute(ForkedBooter.java:162)
	at org.apache.maven.surefire.booter.ForkedBooter.run(ForkedBooter.java:507)
	at org.apache.maven.surefire.booter.ForkedBooter.main(ForkedBooter.java:495)
]]></failure>
    <system-out><![CDATA[🚀 Starting test execution...
📋 Testing GET /products/2147483647 (invalid ID)
]]></system-out>
  </testcase>
  <testcase name="testGetSingleProductByNonNumericId" classname="com.emmanuelarhu.tests.ProductsApiTest" time="0.484">
    <failure message="1 expectation failed.&#10;Expected status code (&lt;400&gt; or &lt;404&gt; or &lt;403&gt;) but was &lt;200&gt;.&#10;" type="java.lang.AssertionError"><![CDATA[java.lang.AssertionError: 
1 expectation failed.
Expected status code (<400> or <404> or <403>) but was <200>.

	at java.base/jdk.internal.reflect.DirectConstructorHandleAccessor.newInstance(DirectConstructorHandleAccessor.java:62)
	at java.base/java.lang.reflect.Constructor.newInstanceWithCaller(Constructor.java:502)
	at java.base/java.lang.reflect.Constructor.newInstance(Constructor.java:486)
	at org.codehaus.groovy.reflection.CachedConstructor.invoke(CachedConstructor.java:73)
	at org.codehaus.groovy.runtime.callsite.ConstructorSite$ConstructorSiteNoUnwrapNoCoerce.callConstructor(ConstructorSite.java:108)
	at org.codehaus.groovy.runtime.callsite.AbstractCallSite.callConstructor(AbstractCallSite.java:277)
	at io.restassured.internal.ResponseSpecificationImpl$HamcrestAssertionClosure.validate(ResponseSpecificationImpl.groovy:512)
	at io.restassured.internal.ResponseSpecificationImpl$HamcrestAssertionClosure$validate$1.call(Unknown Source)
	at io.restassured.internal.ResponseSpecificationImpl.validateResponseIfRequired(ResponseSpecificationImpl.groovy:696)
	at io.restassured.internal.ResponseSpecificationImpl.this$2$validateResponseIfRequired(ResponseSpecificationImpl.groovy)
	at java.base/jdk.internal.reflect.DirectMethodHandleAccessor.invoke(DirectMethodHandleAccessor.java:103)
	at java.base/java.lang.reflect.Method.invoke(Method.java:580)
	at org.codehaus.groovy.runtime.callsite.PlainObjectMetaMethodSite.doInvoke(PlainObjectMetaMethodSite.java:43)
	at org.codehaus.groovy.runtime.callsite.PogoMetaMethodSite$PogoCachedMethodSiteNoUnwrapNoCoerce.invoke(PogoMetaMethodSite.java:198)
	at org.codehaus.groovy.runtime.callsite.PogoMetaMethodSite.callCurrent(PogoMetaMethodSite.java:62)
	at org.codehaus.groovy.runtime.callsite.AbstractCallSite.callCurrent(AbstractCallSite.java:185)
	at io.restassured.internal.ResponseSpecificationImpl.statusCode(ResponseSpecificationImpl.groovy:135)
	at io.restassured.internal.ValidatableResponseOptionsImpl.statusCode(ValidatableResponseOptionsImpl.java:84)
	at com.emmanuelarhu.tests.ProductsApiTest.testGetSingleProductByNonNumericId(ProductsApiTest.java:125)
	at java.base/jdk.internal.reflect.DirectMethodHandleAccessor.invoke(DirectMethodHandleAccessor.java:103)
	at java.base/java.lang.reflect.Method.invoke(Method.java:580)
	at org.testng.internal.invokers.MethodInvocationHelper.invokeMethod(MethodInvocationHelper.java:139)
	at org.testng.internal.invokers.TestInvoker.invokeMethod(TestInvoker.java:664)
	at org.testng.internal.invokers.TestInvoker.invokeTestMethod(TestInvoker.java:227)
	at org.testng.internal.invokers.MethodRunner.runInSequence(MethodRunner.java:50)
	at org.testng.internal.invokers.TestInvoker$MethodInvocationAgent.invoke(TestInvoker.java:957)
	at org.testng.internal.invokers.TestInvoker.invokeTestMethods(TestInvoker.java:200)
	at org.testng.internal.invokers.TestMethodWorker.invokeTestMethods(TestMethodWorker.java:148)
	at org.testng.internal.invokers.TestMethodWorker.run(TestMethodWorker.java:128)
	at java.base/java.util.ArrayList.forEach(ArrayList.java:1596)
	at org.testng.TestRunner.privateRun(TestRunner.java:848)
	at org.testng.TestRunner.run(TestRunner.java:621)
	at org.testng.SuiteRunner.runTest(SuiteRunner.java:443)
	at org.testng.SuiteRunner.runSequentially(SuiteRunner.java:437)
	at org.testng.SuiteRunner.privateRun(SuiteRunner.java:397)
	at org.testng.SuiteRunner.run(SuiteRunner.java:336)
	at org.testng.SuiteRunnerWorker.runSuite(SuiteRunnerWorker.java:52)
	at org.testng.SuiteRunnerWorker.run(SuiteRunnerWorker.java:95)
	at org.testng.TestNG.runSuitesSequentially(TestNG.java:1280)
	at org.testng.TestNG.runSuitesLocally(TestNG.java:1200)
	at org.testng.TestNG.runSuites(TestNG.java:1114)
	at org.testng.TestNG.run(TestNG.java:1082)
	at org.apache.maven.surefire.testng.TestNGExecutor.run(TestNGExecutor.java:155)
	at org.apache.maven.surefire.testng.TestNGDirectoryTestSuite.executeMulti(TestNGDirectoryTestSuite.java:169)
	at org.apache.maven.surefire.testng.TestNGDirectoryTestSuite.execute(TestNGDirectoryTestSuite.java:88)
	at org.apache.maven.surefire.testng.TestNGProvider.invoke(TestNGProvider.java:137)
	at org.apache.maven.surefire.booter.ForkedBooter.runSuitesInProcess(ForkedBooter.java:385)
	at org.apache.maven.surefire.booter.ForkedBooter.execute(ForkedBooter.java:162)
	at org.apache.maven.surefire.booter.ForkedBooter.run(ForkedBooter.java:507)
	at org.apache.maven.surefire.booter.ForkedBooter.main(ForkedBooter.java:495)
]]></failure>
    <system-out><![CDATA[🚀 Starting test execution...
📋 Testing GET /products/abc (non-numeric ID)
]]></system-out>
  </testcase>
  <testcase name="testGetSingleProductBySpecialCharacterId" classname="com.emmanuelarhu.tests.ProductsApiTest" time="0.654">
    <failure message="1 expectation failed.&#10;Expected status code (&lt;400&gt; or &lt;404&gt; or &lt;403&gt;) but was &lt;200&gt;.&#10;" type="java.lang.AssertionError"><![CDATA[java.lang.AssertionError: 
1 expectation failed.
Expected status code (<400> or <404> or <403>) but was <200>.

	at java.base/jdk.internal.reflect.DirectConstructorHandleAccessor.newInstance(DirectConstructorHandleAccessor.java:62)
	at java.base/java.lang.reflect.Constructor.newInstanceWithCaller(Constructor.java:502)
	at java.base/java.lang.reflect.Constructor.newInstance(Constructor.java:486)
	at org.codehaus.groovy.reflection.CachedConstructor.invoke(CachedConstructor.java:73)
	at org.codehaus.groovy.runtime.callsite.ConstructorSite$ConstructorSiteNoUnwrapNoCoerce.callConstructor(ConstructorSite.java:108)
	at org.codehaus.groovy.runtime.callsite.AbstractCallSite.callConstructor(AbstractCallSite.java:277)
	at io.restassured.internal.ResponseSpecificationImpl$HamcrestAssertionClosure.validate(ResponseSpecificationImpl.groovy:512)
	at io.restassured.internal.ResponseSpecificationImpl$HamcrestAssertionClosure$validate$1.call(Unknown Source)
	at io.restassured.internal.ResponseSpecificationImpl.validateResponseIfRequired(ResponseSpecificationImpl.groovy:696)
	at io.restassured.internal.ResponseSpecificationImpl.this$2$validateResponseIfRequired(ResponseSpecificationImpl.groovy)
	at java.base/jdk.internal.reflect.DirectMethodHandleAccessor.invoke(DirectMethodHandleAccessor.java:103)
	at java.base/java.lang.reflect.Method.invoke(Method.java:580)
	at org.codehaus.groovy.runtime.callsite.PlainObjectMetaMethodSite.doInvoke(PlainObjectMetaMethodSite.java:43)
	at org.codehaus.groovy.runtime.callsite.PogoMetaMethodSite$PogoCachedMethodSiteNoUnwrapNoCoerce.invoke(PogoMetaMethodSite.java:198)
	at org.codehaus.groovy.runtime.callsite.PogoMetaMethodSite.callCurrent(PogoMetaMethodSite.java:62)
	at org.codehaus.groovy.runtime.callsite.AbstractCallSite.callCurrent(AbstractCallSite.java:185)
	at io.restassured.internal.ResponseSpecificationImpl.statusCode(ResponseSpecificationImpl.groovy:135)
	at io.restassured.internal.ValidatableResponseOptionsImpl.statusCode(ValidatableResponseOptionsImpl.java:84)
	at com.emmanuelarhu.tests.ProductsApiTest.testGetSingleProductBySpecialCharacterId(ProductsApiTest.java:145)
	at java.base/jdk.internal.reflect.DirectMethodHandleAccessor.invoke(DirectMethodHandleAccessor.java:103)
	at java.base/java.lang.reflect.Method.invoke(Method.java:580)
	at org.testng.internal.invokers.MethodInvocationHelper.invokeMethod(MethodInvocationHelper.java:139)
	at org.testng.internal.invokers.TestInvoker.invokeMethod(TestInvoker.java:664)
	at org.testng.internal.invokers.TestInvoker.invokeTestMethod(TestInvoker.java:227)
	at org.testng.internal.invokers.MethodRunner.runInSequence(MethodRunner.java:50)
	at org.testng.internal.invokers.TestInvoker$MethodInvocationAgent.invoke(TestInvoker.java:957)
	at org.testng.internal.invokers.TestInvoker.invokeTestMethods(TestInvoker.java:200)
	at org.testng.internal.invokers.TestMethodWorker.invokeTestMethods(TestMethodWorker.java:148)
	at org.testng.internal.invokers.TestMethodWorker.run(TestMethodWorker.java:128)
	at java.base/java.util.ArrayList.forEach(ArrayList.java:1596)
	at org.testng.TestRunner.privateRun(TestRunner.java:848)
	at org.testng.TestRunner.run(TestRunner.java:621)
	at org.testng.SuiteRunner.runTest(SuiteRunner.java:443)
	at org.testng.SuiteRunner.runSequentially(SuiteRunner.java:437)
	at org.testng.SuiteRunner.privateRun(SuiteRunner.java:397)
	at org.testng.SuiteRunner.run(SuiteRunner.java:336)
	at org.testng.SuiteRunnerWorker.runSuite(SuiteRunnerWorker.java:52)
	at org.testng.SuiteRunnerWorker.run(SuiteRunnerWorker.java:95)
	at org.testng.TestNG.runSuitesSequentially(TestNG.java:1280)
	at org.testng.TestNG.runSuitesLocally(TestNG.java:1200)
	at org.testng.TestNG.runSuites(TestNG.java:1114)
	at org.testng.TestNG.run(TestNG.java:1082)
	at org.apache.maven.surefire.testng.TestNGExecutor.run(TestNGExecutor.java:155)
	at org.apache.maven.surefire.testng.TestNGDirectoryTestSuite.executeMulti(TestNGDirectoryTestSuite.java:169)
	at org.apache.maven.surefire.testng.TestNGDirectoryTestSuite.execute(TestNGDirectoryTestSuite.java:88)
	at org.apache.maven.surefire.testng.TestNGProvider.invoke(TestNGProvider.java:137)
	at org.apache.maven.surefire.booter.ForkedBooter.runSuitesInProcess(ForkedBooter.java:385)
	at org.apache.maven.surefire.booter.ForkedBooter.execute(ForkedBooter.java:162)
	at org.apache.maven.surefire.booter.ForkedBooter.run(ForkedBooter.java:507)
	at org.apache.maven.surefire.booter.ForkedBooter.main(ForkedBooter.java:495)
]]></failure>
    <system-out><![CDATA[🚀 Starting test execution...
📋 Testing GET /products/@#$ (special characters)
]]></system-out>
  </testcase>
  <testcase name="testCreateProductWithValidData[Product{id=null, title=&apos;Test Smartphone&apos;, price=299.99, description=&apos;A great smartphone for testing&apos;, category=&apos;electronics&apos;, image=&apos;https://example.com/phone.jpg&apos;}](1)" classname="com.emmanuelarhu.tests.ProductsApiTest" time="1.214">
    <system-out><![CDATA[🚀 Starting test execution...
📋 Testing POST /products with valid data: Test Smartphone
HTTP/1.1 201 Created
Date: Fri, 15 Aug 2025 13:51:35 GMT
Content-Type: application/json; charset=utf-8
Content-Length: 162
Connection: keep-alive
Access-Control-Allow-Origin: *
Etag: W/"a2-g+YCOB+757fyrBuloVo9Cupkni8"
X-Powered-By: Express
Cf-Cache-Status: DYNAMIC
Nel: {"report_to":"cf-nel","success_fraction":0.0,"max_age":604800}
Report-To: {"group":"cf-nel","max_age":604800,"endpoints":[{"url":"https://a.nel.cloudflare.com/report/v4?s=rG3fOCoAwTU0eZ3YflocaUW48e%2B%2FIP7WLdXXvxvr3SPkSXIdNRwnpaABbTCx2YZLsiJIlvoX2PUd9IlA%2FWuPsdg5KvIPgZxJeAR7P8tl3Jo%3D"}]}
Server: cloudflare
CF-RAY: 96f92ae7cd802a46-CDG
alt-svc: h3=":443"; ma=86400

{
    "id": 21,
    "title": "Test Smartphone",
    "price": 299.99,
    "description": "A great smartphone for testing",
    "image": "https://example.com/phone.jpg",
    "category": "electronics"
}
✅ Product created with ID: 21
]]></system-out>
  </testcase>
  <testcase name="testCreateProductWithValidData[Product{id=null, title=&apos;Test Laptop&apos;, price=899.99, description=&apos;Powerful laptop for developers&apos;, category=&apos;electronics&apos;, image=&apos;https://example.com/laptop.jpg&apos;}](2)" classname="com.emmanuelarhu.tests.ProductsApiTest" time="0.743">
    <system-out><![CDATA[🚀 Starting test execution...
📋 Testing POST /products with valid data: Test Laptop
HTTP/1.1 201 Created
Date: Fri, 15 Aug 2025 13:51:36 GMT
Content-Type: application/json; charset=utf-8
Content-Length: 159
Connection: keep-alive
Access-Control-Allow-Origin: *
Etag: W/"9f-Tk5s5tjSfuVPXHO9KXOe/wX09r4"
X-Powered-By: Express
Cf-Cache-Status: DYNAMIC
Nel: {"report_to":"cf-nel","success_fraction":0.0,"max_age":604800}
Report-To: {"group":"cf-nel","max_age":604800,"endpoints":[{"url":"https://a.nel.cloudflare.com/report/v4?s=SnoF6Nce6b%2BSXu4iRBOf%2FJnl1Tb8jJiv25PsjjhwUHqBadZ23%2B4ORIssXuhY3pDRJH2cGnjzG5AjEflqd4DlEJyq8qvBf0a1bUFbtPvVlm4%3D"}]}
Server: cloudflare
CF-RAY: 96f92aecda4dee96-CDG
alt-svc: h3=":443"; ma=86400

{
    "id": 21,
    "title": "Test Laptop",
    "price": 899.99,
    "description": "Powerful laptop for developers",
    "image": "https://example.com/laptop.jpg",
    "category": "electronics"
}
✅ Product created with ID: 21
]]></system-out>
  </testcase>
  <testcase name="testCreateProductWithValidData[Product{id=null, title=&apos;Test T-Shirt&apos;, price=19.99, description=&apos;Comfortable cotton t-shirt&apos;, category=&apos;men&apos;s clothing&apos;, image=&apos;https://example.com/tshirt.jpg&apos;}](3)" classname="com.emmanuelarhu.tests.ProductsApiTest" time="1.747">
    <system-out><![CDATA[🚀 Starting test execution...
📋 Testing POST /products with valid data: Test T-Shirt
HTTP/1.1 201 Created
Date: Fri, 15 Aug 2025 13:51:38 GMT
Content-Type: application/json; charset=utf-8
Content-Length: 158
Connection: keep-alive
Access-Control-Allow-Origin: *
Etag: W/"9e-H9sgzdPGUxzJTYRXdsEfrHxPfJ4"
X-Powered-By: Express
Cf-Cache-Status: DYNAMIC
Nel: {"report_to":"cf-nel","success_fraction":0.0,"max_age":604800}
Report-To: {"group":"cf-nel","max_age":604800,"endpoints":[{"url":"https://a.nel.cloudflare.com/report/v4?s=35WzGOp2sV%2Fynxcdj0ahWJTEG0aCDs9uAJ3dCQVZrDv1jUMP9kOqToZlbiSJfZ02IeZ7OVcry9%2FxyHfCE0N1iu0ymkXElYfVhE7NiLyW9LA%3D"}]}
Server: cloudflare
CF-RAY: 96f92af88a5ceeab-CDG
alt-svc: h3=":443"; ma=86400

{
    "id": 21,
    "title": "Test T-Shirt",
    "price": 19.99,
    "description": "Comfortable cotton t-shirt",
    "image": "https://example.com/tshirt.jpg",
    "category": "men's clothing"
}
✅ Product created with ID: 21
]]></system-out>
  </testcase>
  <testcase name="testCreateProductWithValidData[Product{id=null, title=&apos;Test Necklace&apos;, price=149.99, description=&apos;Beautiful gold necklace&apos;, category=&apos;jewelery&apos;, image=&apos;https://example.com/necklace.jpg&apos;}](4)" classname="com.emmanuelarhu.tests.ProductsApiTest" time="0.594">
    <system-out><![CDATA[🚀 Starting test execution...
📋 Testing POST /products with valid data: Test Necklace
HTTP/1.1 201 Created
Date: Fri, 15 Aug 2025 13:51:39 GMT
Content-Type: application/json; charset=utf-8
Content-Length: 153
Connection: keep-alive
Access-Control-Allow-Origin: *
Etag: W/"99-LzR2qxjp+Bphoc80fgpGvYvJyvQ"
X-Powered-By: Express
Cf-Cache-Status: DYNAMIC
Nel: {"report_to":"cf-nel","success_fraction":0.0,"max_age":604800}
Report-To: {"group":"cf-nel","max_age":604800,"endpoints":[{"url":"https://a.nel.cloudflare.com/report/v4?s=6y%2BGeOohNCcUCnXaH5L2tC1KzxaX%2B4S2faAG%2Fr0wWRyMhuSO%2BzhcdR8rbxFaxaYd2DXxmxIz8cQZnKo%2FRqVM6wSVXQqt%2BV%2F%2Fjcu9orqula0%3D"}]}
Server: cloudflare
CF-RAY: 96f92afdbbdc9ed2-CDG
alt-svc: h3=":443"; ma=86400

{
    "id": 21,
    "title": "Test Necklace",
    "price": 149.99,
    "description": "Beautiful gold necklace",
    "image": "https://example.com/necklace.jpg",
    "category": "jewelery"
}
✅ Product created with ID: 21
]]></system-out>
  </testcase>
  <testcase name="testCreateProductWithValidData[Product{id=null, title=&apos;Test Dress&apos;, price=79.99, description=&apos;Elegant women&apos;s dress&apos;, category=&apos;women&apos;s clothing&apos;, image=&apos;https://example.com/dress.jpg&apos;}](5)" classname="com.emmanuelarhu.tests.ProductsApiTest" time="0.794">
    <system-out><![CDATA[🚀 Starting test execution...
📋 Testing POST /products with valid data: Test Dress
HTTP/1.1 201 Created
Date: Fri, 15 Aug 2025 13:51:39 GMT
Content-Type: application/json; charset=utf-8
Content-Length: 152
Connection: keep-alive
Access-Control-Allow-Origin: *
Etag: W/"98-K43D/vQ+8hs1ief9eF9JCuziY2k"
X-Powered-By: Express
Cf-Cache-Status: DYNAMIC
Nel: {"report_to":"cf-nel","success_fraction":0.0,"max_age":604800}
Report-To: {"group":"cf-nel","max_age":604800,"endpoints":[{"url":"https://a.nel.cloudflare.com/report/v4?s=y6qFvTszCRPXeVcsz%2BmH0Pfrp1MsWQCo1G6BWeVwelvg3Rib2LCYnbWpj5gpjYZ8%2FjlITOSP8xjdXZnrYOh94XonbKzoHp%2F4K71Sn58tM%2BA%3D"}]}
Server: cloudflare
CF-RAY: 96f92b02c89ed12c-CDG
alt-svc: h3=":443"; ma=86400

{
    "id": 21,
    "title": "Test Dress",
    "price": 79.99,
    "description": "Elegant women's dress",
    "image": "https://example.com/dress.jpg",
    "category": "women's clothing"
}
✅ Product created with ID: 21
]]></system-out>
  </testcase>
  <testcase name="testCreateProductWithInvalidData[Product{id=null, title=&apos;&apos;, price=99.99, description=&apos;Description&apos;, category=&apos;electronics&apos;, image=&apos;https://example.com/image.jpg&apos;}, title](1)" classname="com.emmanuelarhu.tests.ProductsApiTest" time="0.5">
    <failure message="1 expectation failed.&#10;Expected status code (&lt;400&gt; or &lt;422&gt; or &lt;403&gt;) but was &lt;201&gt;.&#10;" type="java.lang.AssertionError"><![CDATA[java.lang.AssertionError: 
1 expectation failed.
Expected status code (<400> or <422> or <403>) but was <201>.

	at java.base/jdk.internal.reflect.DirectConstructorHandleAccessor.newInstance(DirectConstructorHandleAccessor.java:62)
	at java.base/java.lang.reflect.Constructor.newInstanceWithCaller(Constructor.java:502)
	at java.base/java.lang.reflect.Constructor.newInstance(Constructor.java:486)
	at org.codehaus.groovy.reflection.CachedConstructor.invoke(CachedConstructor.java:73)
	at org.codehaus.groovy.runtime.callsite.ConstructorSite$ConstructorSiteNoUnwrapNoCoerce.callConstructor(ConstructorSite.java:108)
	at org.codehaus.groovy.runtime.callsite.AbstractCallSite.callConstructor(AbstractCallSite.java:277)
	at io.restassured.internal.ResponseSpecificationImpl$HamcrestAssertionClosure.validate(ResponseSpecificationImpl.groovy:512)
	at io.restassured.internal.ResponseSpecificationImpl$HamcrestAssertionClosure$validate$1.call(Unknown Source)
	at io.restassured.internal.ResponseSpecificationImpl.validateResponseIfRequired(ResponseSpecificationImpl.groovy:696)
	at io.restassured.internal.ResponseSpecificationImpl.this$2$validateResponseIfRequired(ResponseSpecificationImpl.groovy)
	at java.base/jdk.internal.reflect.DirectMethodHandleAccessor.invoke(DirectMethodHandleAccessor.java:103)
	at java.base/java.lang.reflect.Method.invoke(Method.java:580)
	at org.codehaus.groovy.runtime.callsite.PlainObjectMetaMethodSite.doInvoke(PlainObjectMetaMethodSite.java:43)
	at org.codehaus.groovy.runtime.callsite.PogoMetaMethodSite$PogoCachedMethodSiteNoUnwrapNoCoerce.invoke(PogoMetaMethodSite.java:198)
	at org.codehaus.groovy.runtime.callsite.PogoMetaMethodSite.callCurrent(PogoMetaMethodSite.java:62)
	at org.codehaus.groovy.runtime.callsite.AbstractCallSite.callCurrent(AbstractCallSite.java:185)
	at io.restassured.internal.ResponseSpecificationImpl.statusCode(ResponseSpecificationImpl.groovy:135)
	at io.restassured.internal.ValidatableResponseOptionsImpl.statusCode(ValidatableResponseOptionsImpl.java:84)
	at com.emmanuelarhu.tests.ProductsApiTest.testCreateProductWithInvalidData(ProductsApiTest.java:200)
	at java.base/jdk.internal.reflect.DirectMethodHandleAccessor.invoke(DirectMethodHandleAccessor.java:103)
	at java.base/java.lang.reflect.Method.invoke(Method.java:580)
	at org.testng.internal.invokers.MethodInvocationHelper.invokeMethod(MethodInvocationHelper.java:139)
	at org.testng.internal.invokers.TestInvoker.invokeMethod(TestInvoker.java:664)
	at org.testng.internal.invokers.TestInvoker.invokeTestMethod(TestInvoker.java:227)
	at org.testng.internal.invokers.MethodRunner.runInSequence(MethodRunner.java:50)
	at org.testng.internal.invokers.TestInvoker$MethodInvocationAgent.invoke(TestInvoker.java:957)
	at org.testng.internal.invokers.TestInvoker.invokeTestMethods(TestInvoker.java:200)
	at org.testng.internal.invokers.TestMethodWorker.invokeTestMethods(TestMethodWorker.java:148)
	at org.testng.internal.invokers.TestMethodWorker.run(TestMethodWorker.java:128)
	at java.base/java.util.ArrayList.forEach(ArrayList.java:1596)
	at org.testng.TestRunner.privateRun(TestRunner.java:848)
	at org.testng.TestRunner.run(TestRunner.java:621)
	at org.testng.SuiteRunner.runTest(SuiteRunner.java:443)
	at org.testng.SuiteRunner.runSequentially(SuiteRunner.java:437)
	at org.testng.SuiteRunner.privateRun(SuiteRunner.java:397)
	at org.testng.SuiteRunner.run(SuiteRunner.java:336)
	at org.testng.SuiteRunnerWorker.runSuite(SuiteRunnerWorker.java:52)
	at org.testng.SuiteRunnerWorker.run(SuiteRunnerWorker.java:95)
	at org.testng.TestNG.runSuitesSequentially(TestNG.java:1280)
	at org.testng.TestNG.runSuitesLocally(TestNG.java:1200)
	at org.testng.TestNG.runSuites(TestNG.java:1114)
	at org.testng.TestNG.run(TestNG.java:1082)
	at org.apache.maven.surefire.testng.TestNGExecutor.run(TestNGExecutor.java:155)
	at org.apache.maven.surefire.testng.TestNGDirectoryTestSuite.executeMulti(TestNGDirectoryTestSuite.java:169)
	at org.apache.maven.surefire.testng.TestNGDirectoryTestSuite.execute(TestNGDirectoryTestSuite.java:88)
	at org.apache.maven.surefire.testng.TestNGProvider.invoke(TestNGProvider.java:137)
	at org.apache.maven.surefire.booter.ForkedBooter.runSuitesInProcess(ForkedBooter.java:385)
	at org.apache.maven.surefire.booter.ForkedBooter.execute(ForkedBooter.java:162)
	at org.apache.maven.surefire.booter.ForkedBooter.run(ForkedBooter.java:507)
	at org.apache.maven.surefire.booter.ForkedBooter.main(ForkedBooter.java:495)
]]></failure>
    <system-out><![CDATA[🚀 Starting test execution...
📋 Testing POST /products with invalid title
]]></system-out>
  </testcase>
  <testcase name="testCreateProductWithInvalidData[Product{id=null, title=&apos;Test Product&apos;, price=null, description=&apos;Description&apos;, category=&apos;electronics&apos;, image=&apos;https://example.com/image.jpg&apos;}, price](2)" classname="com.emmanuelarhu.tests.ProductsApiTest" time="0.624">
    <failure message="1 expectation failed.&#10;Expected status code (&lt;400&gt; or &lt;422&gt; or &lt;403&gt;) but was &lt;201&gt;.&#10;" type="java.lang.AssertionError"><![CDATA[java.lang.AssertionError: 
1 expectation failed.
Expected status code (<400> or <422> or <403>) but was <201>.

	at java.base/jdk.internal.reflect.DirectConstructorHandleAccessor.newInstance(DirectConstructorHandleAccessor.java:62)
	at java.base/java.lang.reflect.Constructor.newInstanceWithCaller(Constructor.java:502)
	at java.base/java.lang.reflect.Constructor.newInstance(Constructor.java:486)
	at org.codehaus.groovy.reflection.CachedConstructor.invoke(CachedConstructor.java:73)
	at org.codehaus.groovy.runtime.callsite.ConstructorSite$ConstructorSiteNoUnwrapNoCoerce.callConstructor(ConstructorSite.java:108)
	at org.codehaus.groovy.runtime.callsite.AbstractCallSite.callConstructor(AbstractCallSite.java:277)
	at io.restassured.internal.ResponseSpecificationImpl$HamcrestAssertionClosure.validate(ResponseSpecificationImpl.groovy:512)
	at io.restassured.internal.ResponseSpecificationImpl$HamcrestAssertionClosure$validate$1.call(Unknown Source)
	at io.restassured.internal.ResponseSpecificationImpl.validateResponseIfRequired(ResponseSpecificationImpl.groovy:696)
	at io.restassured.internal.ResponseSpecificationImpl.this$2$validateResponseIfRequired(ResponseSpecificationImpl.groovy)
	at java.base/jdk.internal.reflect.DirectMethodHandleAccessor.invoke(DirectMethodHandleAccessor.java:103)
	at java.base/java.lang.reflect.Method.invoke(Method.java:580)
	at org.codehaus.groovy.runtime.callsite.PlainObjectMetaMethodSite.doInvoke(PlainObjectMetaMethodSite.java:43)
	at org.codehaus.groovy.runtime.callsite.PogoMetaMethodSite$PogoCachedMethodSiteNoUnwrapNoCoerce.invoke(PogoMetaMethodSite.java:198)
	at org.codehaus.groovy.runtime.callsite.PogoMetaMethodSite.callCurrent(PogoMetaMethodSite.java:62)
	at org.codehaus.groovy.runtime.callsite.AbstractCallSite.callCurrent(AbstractCallSite.java:185)
	at io.restassured.internal.ResponseSpecificationImpl.statusCode(ResponseSpecificationImpl.groovy:135)
	at io.restassured.internal.ValidatableResponseOptionsImpl.statusCode(ValidatableResponseOptionsImpl.java:84)
	at com.emmanuelarhu.tests.ProductsApiTest.testCreateProductWithInvalidData(ProductsApiTest.java:200)
	at java.base/jdk.internal.reflect.DirectMethodHandleAccessor.invoke(DirectMethodHandleAccessor.java:103)
	at java.base/java.lang.reflect.Method.invoke(Method.java:580)
	at org.testng.internal.invokers.MethodInvocationHelper.invokeMethod(MethodInvocationHelper.java:139)
	at org.testng.internal.invokers.TestInvoker.invokeMethod(TestInvoker.java:664)
	at org.testng.internal.invokers.TestInvoker.invokeTestMethod(TestInvoker.java:227)
	at org.testng.internal.invokers.MethodRunner.runInSequence(MethodRunner.java:50)
	at org.testng.internal.invokers.TestInvoker$MethodInvocationAgent.invoke(TestInvoker.java:957)
	at org.testng.internal.invokers.TestInvoker.invokeTestMethods(TestInvoker.java:200)
	at org.testng.internal.invokers.TestMethodWorker.invokeTestMethods(TestMethodWorker.java:148)
	at org.testng.internal.invokers.TestMethodWorker.run(TestMethodWorker.java:128)
	at java.base/java.util.ArrayList.forEach(ArrayList.java:1596)
	at org.testng.TestRunner.privateRun(TestRunner.java:848)
	at org.testng.TestRunner.run(TestRunner.java:621)
	at org.testng.SuiteRunner.runTest(SuiteRunner.java:443)
	at org.testng.SuiteRunner.runSequentially(SuiteRunner.java:437)
	at org.testng.SuiteRunner.privateRun(SuiteRunner.java:397)
	at org.testng.SuiteRunner.run(SuiteRunner.java:336)
	at org.testng.SuiteRunnerWorker.runSuite(SuiteRunnerWorker.java:52)
	at org.testng.SuiteRunnerWorker.run(SuiteRunnerWorker.java:95)
	at org.testng.TestNG.runSuitesSequentially(TestNG.java:1280)
	at org.testng.TestNG.runSuitesLocally(TestNG.java:1200)
	at org.testng.TestNG.runSuites(TestNG.java:1114)
	at org.testng.TestNG.run(TestNG.java:1082)
	at org.apache.maven.surefire.testng.TestNGExecutor.run(TestNGExecutor.java:155)
	at org.apache.maven.surefire.testng.TestNGDirectoryTestSuite.executeMulti(TestNGDirectoryTestSuite.java:169)
	at org.apache.maven.surefire.testng.TestNGDirectoryTestSuite.execute(TestNGDirectoryTestSuite.java:88)
	at org.apache.maven.surefire.testng.TestNGProvider.invoke(TestNGProvider.java:137)
	at org.apache.maven.surefire.booter.ForkedBooter.runSuitesInProcess(ForkedBooter.java:385)
	at org.apache.maven.surefire.booter.ForkedBooter.execute(ForkedBooter.java:162)
	at org.apache.maven.surefire.booter.ForkedBooter.run(ForkedBooter.java:507)
	at org.apache.maven.surefire.booter.ForkedBooter.main(ForkedBooter.java:495)
]]></failure>
    <system-out><![CDATA[🚀 Starting test execution...
📋 Testing POST /products with invalid price
]]></system-out>
  </testcase>
  <testcase name="testCreateProductWithInvalidData[Product{id=null, title=&apos;Test Product&apos;, price=99.99, description=&apos;&apos;, category=&apos;electronics&apos;, image=&apos;https://example.com/image.jpg&apos;}, description](3)" classname="com.emmanuelarhu.tests.ProductsApiTest" time="0.552">
    <failure message="1 expectation failed.&#10;Expected status code (&lt;400&gt; or &lt;422&gt; or &lt;403&gt;) but was &lt;201&gt;.&#10;" type="java.lang.AssertionError"><![CDATA[java.lang.AssertionError: 
1 expectation failed.
Expected status code (<400> or <422> or <403>) but was <201>.

	at java.base/jdk.internal.reflect.DirectConstructorHandleAccessor.newInstance(DirectConstructorHandleAccessor.java:62)
	at java.base/java.lang.reflect.Constructor.newInstanceWithCaller(Constructor.java:502)
	at java.base/java.lang.reflect.Constructor.newInstance(Constructor.java:486)
	at org.codehaus.groovy.reflection.CachedConstructor.invoke(CachedConstructor.java:73)
	at org.codehaus.groovy.runtime.callsite.ConstructorSite$ConstructorSiteNoUnwrapNoCoerce.callConstructor(ConstructorSite.java:108)
	at org.codehaus.groovy.runtime.callsite.AbstractCallSite.callConstructor(AbstractCallSite.java:277)
	at io.restassured.internal.ResponseSpecificationImpl$HamcrestAssertionClosure.validate(ResponseSpecificationImpl.groovy:512)
	at io.restassured.internal.ResponseSpecificationImpl$HamcrestAssertionClosure$validate$1.call(Unknown Source)
	at io.restassured.internal.ResponseSpecificationImpl.validateResponseIfRequired(ResponseSpecificationImpl.groovy:696)
	at io.restassured.internal.ResponseSpecificationImpl.this$2$validateResponseIfRequired(ResponseSpecificationImpl.groovy)
	at java.base/jdk.internal.reflect.DirectMethodHandleAccessor.invoke(DirectMethodHandleAccessor.java:103)
	at java.base/java.lang.reflect.Method.invoke(Method.java:580)
	at org.codehaus.groovy.runtime.callsite.PlainObjectMetaMethodSite.doInvoke(PlainObjectMetaMethodSite.java:43)
	at org.codehaus.groovy.runtime.callsite.PogoMetaMethodSite$PogoCachedMethodSiteNoUnwrapNoCoerce.invoke(PogoMetaMethodSite.java:198)
	at org.codehaus.groovy.runtime.callsite.PogoMetaMethodSite.callCurrent(PogoMetaMethodSite.java:62)
	at org.codehaus.groovy.runtime.callsite.AbstractCallSite.callCurrent(AbstractCallSite.java:185)
	at io.restassured.internal.ResponseSpecificationImpl.statusCode(ResponseSpecificationImpl.groovy:135)
	at io.restassured.internal.ValidatableResponseOptionsImpl.statusCode(ValidatableResponseOptionsImpl.java:84)
	at com.emmanuelarhu.tests.ProductsApiTest.testCreateProductWithInvalidData(ProductsApiTest.java:200)
	at java.base/jdk.internal.reflect.DirectMethodHandleAccessor.invoke(DirectMethodHandleAccessor.java:103)
	at java.base/java.lang.reflect.Method.invoke(Method.java:580)
	at org.testng.internal.invokers.MethodInvocationHelper.invokeMethod(MethodInvocationHelper.java:139)
	at org.testng.internal.invokers.TestInvoker.invokeMethod(TestInvoker.java:664)
	at org.testng.internal.invokers.TestInvoker.invokeTestMethod(TestInvoker.java:227)
	at org.testng.internal.invokers.MethodRunner.runInSequence(MethodRunner.java:50)
	at org.testng.internal.invokers.TestInvoker$MethodInvocationAgent.invoke(TestInvoker.java:957)
	at org.testng.internal.invokers.TestInvoker.invokeTestMethods(TestInvoker.java:200)
	at org.testng.internal.invokers.TestMethodWorker.invokeTestMethods(TestMethodWorker.java:148)
	at org.testng.internal.invokers.TestMethodWorker.run(TestMethodWorker.java:128)
	at java.base/java.util.ArrayList.forEach(ArrayList.java:1596)
	at org.testng.TestRunner.privateRun(TestRunner.java:848)
	at org.testng.TestRunner.run(TestRunner.java:621)
	at org.testng.SuiteRunner.runTest(SuiteRunner.java:443)
	at org.testng.SuiteRunner.runSequentially(SuiteRunner.java:437)
	at org.testng.SuiteRunner.privateRun(SuiteRunner.java:397)
	at org.testng.SuiteRunner.run(SuiteRunner.java:336)
	at org.testng.SuiteRunnerWorker.runSuite(SuiteRunnerWorker.java:52)
	at org.testng.SuiteRunnerWorker.run(SuiteRunnerWorker.java:95)
	at org.testng.TestNG.runSuitesSequentially(TestNG.java:1280)
	at org.testng.TestNG.runSuitesLocally(TestNG.java:1200)
	at org.testng.TestNG.runSuites(TestNG.java:1114)
	at org.testng.TestNG.run(TestNG.java:1082)
	at org.apache.maven.surefire.testng.TestNGExecutor.run(TestNGExecutor.java:155)
	at org.apache.maven.surefire.testng.TestNGDirectoryTestSuite.executeMulti(TestNGDirectoryTestSuite.java:169)
	at org.apache.maven.surefire.testng.TestNGDirectoryTestSuite.execute(TestNGDirectoryTestSuite.java:88)
	at org.apache.maven.surefire.testng.TestNGProvider.invoke(TestNGProvider.java:137)
	at org.apache.maven.surefire.booter.ForkedBooter.runSuitesInProcess(ForkedBooter.java:385)
	at org.apache.maven.surefire.booter.ForkedBooter.execute(ForkedBooter.java:162)
	at org.apache.maven.surefire.booter.ForkedBooter.run(ForkedBooter.java:507)
	at org.apache.maven.surefire.booter.ForkedBooter.main(ForkedBooter.java:495)
]]></failure>
    <system-out><![CDATA[🚀 Starting test execution...
📋 Testing POST /products with invalid description
]]></system-out>
  </testcase>
  <testcase name="testCreateProductWithInvalidData[Product{id=null, title=&apos;Test Product&apos;, price=99.99, description=&apos;Description&apos;, category=&apos;&apos;, image=&apos;https://example.com/image.jpg&apos;}, category](4)" classname="com.emmanuelarhu.tests.ProductsApiTest" time="0.534">
    <failure message="1 expectation failed.&#10;Expected status code (&lt;400&gt; or &lt;422&gt; or &lt;403&gt;) but was &lt;201&gt;.&#10;" type="java.lang.AssertionError"><![CDATA[java.lang.AssertionError: 
1 expectation failed.
Expected status code (<400> or <422> or <403>) but was <201>.

	at java.base/jdk.internal.reflect.DirectConstructorHandleAccessor.newInstance(DirectConstructorHandleAccessor.java:62)
	at java.base/java.lang.reflect.Constructor.newInstanceWithCaller(Constructor.java:502)
	at java.base/java.lang.reflect.Constructor.newInstance(Constructor.java:486)
	at org.codehaus.groovy.reflection.CachedConstructor.invoke(CachedConstructor.java:73)
	at org.codehaus.groovy.runtime.callsite.ConstructorSite$ConstructorSiteNoUnwrapNoCoerce.callConstructor(ConstructorSite.java:108)
	at org.codehaus.groovy.runtime.callsite.AbstractCallSite.callConstructor(AbstractCallSite.java:277)
	at io.restassured.internal.ResponseSpecificationImpl$HamcrestAssertionClosure.validate(ResponseSpecificationImpl.groovy:512)
	at io.restassured.internal.ResponseSpecificationImpl$HamcrestAssertionClosure$validate$1.call(Unknown Source)
	at io.restassured.internal.ResponseSpecificationImpl.validateResponseIfRequired(ResponseSpecificationImpl.groovy:696)
	at io.restassured.internal.ResponseSpecificationImpl.this$2$validateResponseIfRequired(ResponseSpecificationImpl.groovy)
	at java.base/jdk.internal.reflect.DirectMethodHandleAccessor.invoke(DirectMethodHandleAccessor.java:103)
	at java.base/java.lang.reflect.Method.invoke(Method.java:580)
	at org.codehaus.groovy.runtime.callsite.PlainObjectMetaMethodSite.doInvoke(PlainObjectMetaMethodSite.java:43)
	at org.codehaus.groovy.runtime.callsite.PogoMetaMethodSite$PogoCachedMethodSiteNoUnwrapNoCoerce.invoke(PogoMetaMethodSite.java:198)
	at org.codehaus.groovy.runtime.callsite.PogoMetaMethodSite.callCurrent(PogoMetaMethodSite.java:62)
	at org.codehaus.groovy.runtime.callsite.AbstractCallSite.callCurrent(AbstractCallSite.java:185)
	at io.restassured.internal.ResponseSpecificationImpl.statusCode(ResponseSpecificationImpl.groovy:135)
	at io.restassured.internal.ValidatableResponseOptionsImpl.statusCode(ValidatableResponseOptionsImpl.java:84)
	at com.emmanuelarhu.tests.ProductsApiTest.testCreateProductWithInvalidData(ProductsApiTest.java:200)
	at java.base/jdk.internal.reflect.DirectMethodHandleAccessor.invoke(DirectMethodHandleAccessor.java:103)
	at java.base/java.lang.reflect.Method.invoke(Method.java:580)
	at org.testng.internal.invokers.MethodInvocationHelper.invokeMethod(MethodInvocationHelper.java:139)
	at org.testng.internal.invokers.TestInvoker.invokeMethod(TestInvoker.java:664)
	at org.testng.internal.invokers.TestInvoker.invokeTestMethod(TestInvoker.java:227)
	at org.testng.internal.invokers.MethodRunner.runInSequence(MethodRunner.java:50)
	at org.testng.internal.invokers.TestInvoker$MethodInvocationAgent.invoke(TestInvoker.java:957)
	at org.testng.internal.invokers.TestInvoker.invokeTestMethods(TestInvoker.java:200)
	at org.testng.internal.invokers.TestMethodWorker.invokeTestMethods(TestMethodWorker.java:148)
	at org.testng.internal.invokers.TestMethodWorker.run(TestMethodWorker.java:128)
	at java.base/java.util.ArrayList.forEach(ArrayList.java:1596)
	at org.testng.TestRunner.privateRun(TestRunner.java:848)
	at org.testng.TestRunner.run(TestRunner.java:621)
	at org.testng.SuiteRunner.runTest(SuiteRunner.java:443)
	at org.testng.SuiteRunner.runSequentially(SuiteRunner.java:437)
	at org.testng.SuiteRunner.privateRun(SuiteRunner.java:397)
	at org.testng.SuiteRunner.run(SuiteRunner.java:336)
	at org.testng.SuiteRunnerWorker.runSuite(SuiteRunnerWorker.java:52)
	at org.testng.SuiteRunnerWorker.run(SuiteRunnerWorker.java:95)
	at org.testng.TestNG.runSuitesSequentially(TestNG.java:1280)
	at org.testng.TestNG.runSuitesLocally(TestNG.java:1200)
	at org.testng.TestNG.runSuites(TestNG.java:1114)
	at org.testng.TestNG.run(TestNG.java:1082)
	at org.apache.maven.surefire.testng.TestNGExecutor.run(TestNGExecutor.java:155)
	at org.apache.maven.surefire.testng.TestNGDirectoryTestSuite.executeMulti(TestNGDirectoryTestSuite.java:169)
	at org.apache.maven.surefire.testng.TestNGDirectoryTestSuite.execute(TestNGDirectoryTestSuite.java:88)
	at org.apache.maven.surefire.testng.TestNGProvider.invoke(TestNGProvider.java:137)
	at org.apache.maven.surefire.booter.ForkedBooter.runSuitesInProcess(ForkedBooter.java:385)
	at org.apache.maven.surefire.booter.ForkedBooter.execute(ForkedBooter.java:162)
	at org.apache.maven.surefire.booter.ForkedBooter.run(ForkedBooter.java:507)
	at org.apache.maven.surefire.booter.ForkedBooter.main(ForkedBooter.java:495)
]]></failure>
    <system-out><![CDATA[🚀 Starting test execution...
📋 Testing POST /products with invalid category
]]></system-out>
  </testcase>
  <testcase name="testCreateProductWithInvalidData[Product{id=null, title=&apos;Test Product&apos;, price=99.99, description=&apos;Description&apos;, category=&apos;electronics&apos;, image=&apos;&apos;}, image](5)" classname="com.emmanuelarhu.tests.ProductsApiTest" time="0.587">
    <failure message="1 expectation failed.&#10;Expected status code (&lt;400&gt; or &lt;422&gt; or &lt;403&gt;) but was &lt;201&gt;.&#10;" type="java.lang.AssertionError"><![CDATA[java.lang.AssertionError: 
1 expectation failed.
Expected status code (<400> or <422> or <403>) but was <201>.

	at java.base/jdk.internal.reflect.DirectConstructorHandleAccessor.newInstance(DirectConstructorHandleAccessor.java:62)
	at java.base/java.lang.reflect.Constructor.newInstanceWithCaller(Constructor.java:502)
	at java.base/java.lang.reflect.Constructor.newInstance(Constructor.java:486)
	at org.codehaus.groovy.reflection.CachedConstructor.invoke(CachedConstructor.java:73)
	at org.codehaus.groovy.runtime.callsite.ConstructorSite$ConstructorSiteNoUnwrapNoCoerce.callConstructor(ConstructorSite.java:108)
	at org.codehaus.groovy.runtime.callsite.AbstractCallSite.callConstructor(AbstractCallSite.java:277)
	at io.restassured.internal.ResponseSpecificationImpl$HamcrestAssertionClosure.validate(ResponseSpecificationImpl.groovy:512)
	at io.restassured.internal.ResponseSpecificationImpl$HamcrestAssertionClosure$validate$1.call(Unknown Source)
	at io.restassured.internal.ResponseSpecificationImpl.validateResponseIfRequired(ResponseSpecificationImpl.groovy:696)
	at io.restassured.internal.ResponseSpecificationImpl.this$2$validateResponseIfRequired(ResponseSpecificationImpl.groovy)
	at java.base/jdk.internal.reflect.DirectMethodHandleAccessor.invoke(DirectMethodHandleAccessor.java:103)
	at java.base/java.lang.reflect.Method.invoke(Method.java:580)
	at org.codehaus.groovy.runtime.callsite.PlainObjectMetaMethodSite.doInvoke(PlainObjectMetaMethodSite.java:43)
	at org.codehaus.groovy.runtime.callsite.PogoMetaMethodSite$PogoCachedMethodSiteNoUnwrapNoCoerce.invoke(PogoMetaMethodSite.java:198)
	at org.codehaus.groovy.runtime.callsite.PogoMetaMethodSite.callCurrent(PogoMetaMethodSite.java:62)
	at org.codehaus.groovy.runtime.callsite.AbstractCallSite.callCurrent(AbstractCallSite.java:185)
	at io.restassured.internal.ResponseSpecificationImpl.statusCode(ResponseSpecificationImpl.groovy:135)
	at io.restassured.internal.ValidatableResponseOptionsImpl.statusCode(ValidatableResponseOptionsImpl.java:84)
	at com.emmanuelarhu.tests.ProductsApiTest.testCreateProductWithInvalidData(ProductsApiTest.java:200)
	at java.base/jdk.internal.reflect.DirectMethodHandleAccessor.invoke(DirectMethodHandleAccessor.java:103)
	at java.base/java.lang.reflect.Method.invoke(Method.java:580)
	at org.testng.internal.invokers.MethodInvocationHelper.invokeMethod(MethodInvocationHelper.java:139)
	at org.testng.internal.invokers.TestInvoker.invokeMethod(TestInvoker.java:664)
	at org.testng.internal.invokers.TestInvoker.invokeTestMethod(TestInvoker.java:227)
	at org.testng.internal.invokers.MethodRunner.runInSequence(MethodRunner.java:50)
	at org.testng.internal.invokers.TestInvoker$MethodInvocationAgent.invoke(TestInvoker.java:957)
	at org.testng.internal.invokers.TestInvoker.invokeTestMethods(TestInvoker.java:200)
	at org.testng.internal.invokers.TestMethodWorker.invokeTestMethods(TestMethodWorker.java:148)
	at org.testng.internal.invokers.TestMethodWorker.run(TestMethodWorker.java:128)
	at java.base/java.util.ArrayList.forEach(ArrayList.java:1596)
	at org.testng.TestRunner.privateRun(TestRunner.java:848)
	at org.testng.TestRunner.run(TestRunner.java:621)
	at org.testng.SuiteRunner.runTest(SuiteRunner.java:443)
	at org.testng.SuiteRunner.runSequentially(SuiteRunner.java:437)
	at org.testng.SuiteRunner.privateRun(SuiteRunner.java:397)
	at org.testng.SuiteRunner.run(SuiteRunner.java:336)
	at org.testng.SuiteRunnerWorker.runSuite(SuiteRunnerWorker.java:52)
	at org.testng.SuiteRunnerWorker.run(SuiteRunnerWorker.java:95)
	at org.testng.TestNG.runSuitesSequentially(TestNG.java:1280)
	at org.testng.TestNG.runSuitesLocally(TestNG.java:1200)
	at org.testng.TestNG.runSuites(TestNG.java:1114)
	at org.testng.TestNG.run(TestNG.java:1082)
	at org.apache.maven.surefire.testng.TestNGExecutor.run(TestNGExecutor.java:155)
	at org.apache.maven.surefire.testng.TestNGDirectoryTestSuite.executeMulti(TestNGDirectoryTestSuite.java:169)
	at org.apache.maven.surefire.testng.TestNGDirectoryTestSuite.execute(TestNGDirectoryTestSuite.java:88)
	at org.apache.maven.surefire.testng.TestNGProvider.invoke(TestNGProvider.java:137)
	at org.apache.maven.surefire.booter.ForkedBooter.runSuitesInProcess(ForkedBooter.java:385)
	at org.apache.maven.surefire.booter.ForkedBooter.execute(ForkedBooter.java:162)
	at org.apache.maven.surefire.booter.ForkedBooter.run(ForkedBooter.java:507)
	at org.apache.maven.surefire.booter.ForkedBooter.main(ForkedBooter.java:495)
]]></failure>
    <system-out><![CDATA[🚀 Starting test execution...
📋 Testing POST /products with invalid image
]]></system-out>
  </testcase>
  <testcase name="testCreateProductWithInvalidData[Product{id=null, title=&apos;null&apos;, price=99.99, description=&apos;Description&apos;, category=&apos;electronics&apos;, image=&apos;https://example.com/image.jpg&apos;}, title](6)" classname="com.emmanuelarhu.tests.ProductsApiTest" time="0.613">
    <failure message="1 expectation failed.&#10;Expected status code (&lt;400&gt; or &lt;422&gt; or &lt;403&gt;) but was &lt;201&gt;.&#10;" type="java.lang.AssertionError"><![CDATA[java.lang.AssertionError: 
1 expectation failed.
Expected status code (<400> or <422> or <403>) but was <201>.

	at java.base/jdk.internal.reflect.DirectConstructorHandleAccessor.newInstance(DirectConstructorHandleAccessor.java:62)
	at java.base/java.lang.reflect.Constructor.newInstanceWithCaller(Constructor.java:502)
	at java.base/java.lang.reflect.Constructor.newInstance(Constructor.java:486)
	at org.codehaus.groovy.reflection.CachedConstructor.invoke(CachedConstructor.java:73)
	at org.codehaus.groovy.runtime.callsite.ConstructorSite$ConstructorSiteNoUnwrapNoCoerce.callConstructor(ConstructorSite.java:108)
	at org.codehaus.groovy.runtime.callsite.AbstractCallSite.callConstructor(AbstractCallSite.java:277)
	at io.restassured.internal.ResponseSpecificationImpl$HamcrestAssertionClosure.validate(ResponseSpecificationImpl.groovy:512)
	at io.restassured.internal.ResponseSpecificationImpl$HamcrestAssertionClosure$validate$1.call(Unknown Source)
	at io.restassured.internal.ResponseSpecificationImpl.validateResponseIfRequired(ResponseSpecificationImpl.groovy:696)
	at io.restassured.internal.ResponseSpecificationImpl.this$2$validateResponseIfRequired(ResponseSpecificationImpl.groovy)
	at java.base/jdk.internal.reflect.DirectMethodHandleAccessor.invoke(DirectMethodHandleAccessor.java:103)
	at java.base/java.lang.reflect.Method.invoke(Method.java:580)
	at org.codehaus.groovy.runtime.callsite.PlainObjectMetaMethodSite.doInvoke(PlainObjectMetaMethodSite.java:43)
	at org.codehaus.groovy.runtime.callsite.PogoMetaMethodSite$PogoCachedMethodSiteNoUnwrapNoCoerce.invoke(PogoMetaMethodSite.java:198)
	at org.codehaus.groovy.runtime.callsite.PogoMetaMethodSite.callCurrent(PogoMetaMethodSite.java:62)
	at org.codehaus.groovy.runtime.callsite.AbstractCallSite.callCurrent(AbstractCallSite.java:185)
	at io.restassured.internal.ResponseSpecificationImpl.statusCode(ResponseSpecificationImpl.groovy:135)
	at io.restassured.internal.ValidatableResponseOptionsImpl.statusCode(ValidatableResponseOptionsImpl.java:84)
	at com.emmanuelarhu.tests.ProductsApiTest.testCreateProductWithInvalidData(ProductsApiTest.java:200)
	at java.base/jdk.internal.reflect.DirectMethodHandleAccessor.invoke(DirectMethodHandleAccessor.java:103)
	at java.base/java.lang.reflect.Method.invoke(Method.java:580)
	at org.testng.internal.invokers.MethodInvocationHelper.invokeMethod(MethodInvocationHelper.java:139)
	at org.testng.internal.invokers.TestInvoker.invokeMethod(TestInvoker.java:664)
	at org.testng.internal.invokers.TestInvoker.invokeTestMethod(TestInvoker.java:227)
	at org.testng.internal.invokers.MethodRunner.runInSequence(MethodRunner.java:50)
	at org.testng.internal.invokers.TestInvoker$MethodInvocationAgent.invoke(TestInvoker.java:957)
	at org.testng.internal.invokers.TestInvoker.invokeTestMethods(TestInvoker.java:200)
	at org.testng.internal.invokers.TestMethodWorker.invokeTestMethods(TestMethodWorker.java:148)
	at org.testng.internal.invokers.TestMethodWorker.run(TestMethodWorker.java:128)
	at java.base/java.util.ArrayList.forEach(ArrayList.java:1596)
	at org.testng.TestRunner.privateRun(TestRunner.java:848)
	at org.testng.TestRunner.run(TestRunner.java:621)
	at org.testng.SuiteRunner.runTest(SuiteRunner.java:443)
	at org.testng.SuiteRunner.runSequentially(SuiteRunner.java:437)
	at org.testng.SuiteRunner.privateRun(SuiteRunner.java:397)
	at org.testng.SuiteRunner.run(SuiteRunner.java:336)
	at org.testng.SuiteRunnerWorker.runSuite(SuiteRunnerWorker.java:52)
	at org.testng.SuiteRunnerWorker.run(SuiteRunnerWorker.java:95)
	at org.testng.TestNG.runSuitesSequentially(TestNG.java:1280)
	at org.testng.TestNG.runSuitesLocally(TestNG.java:1200)
	at org.testng.TestNG.runSuites(TestNG.java:1114)
	at org.testng.TestNG.run(TestNG.java:1082)
	at org.apache.maven.surefire.testng.TestNGExecutor.run(TestNGExecutor.java:155)
	at org.apache.maven.surefire.testng.TestNGDirectoryTestSuite.executeMulti(TestNGDirectoryTestSuite.java:169)
	at org.apache.maven.surefire.testng.TestNGDirectoryTestSuite.execute(TestNGDirectoryTestSuite.java:88)
	at org.apache.maven.surefire.testng.TestNGProvider.invoke(TestNGProvider.java:137)
	at org.apache.maven.surefire.booter.ForkedBooter.runSuitesInProcess(ForkedBooter.java:385)
	at org.apache.maven.surefire.booter.ForkedBooter.execute(ForkedBooter.java:162)
	at org.apache.maven.surefire.booter.ForkedBooter.run(ForkedBooter.java:507)
	at org.apache.maven.surefire.booter.ForkedBooter.main(ForkedBooter.java:495)
]]></failure>
    <system-out><![CDATA[🚀 Starting test execution...
📋 Testing POST /products with invalid title
]]></system-out>
  </testcase>
  <testcase name="testCreateProductWithInvalidData[Product{id=null, title=&apos;Test Product&apos;, price=null, description=&apos;Description&apos;, category=&apos;electronics&apos;, image=&apos;https://example.com/image.jpg&apos;}, price](7)" classname="com.emmanuelarhu.tests.ProductsApiTest" time="0.776">
    <failure message="1 expectation failed.&#10;Expected status code (&lt;400&gt; or &lt;422&gt; or &lt;403&gt;) but was &lt;201&gt;.&#10;" type="java.lang.AssertionError"><![CDATA[java.lang.AssertionError: 
1 expectation failed.
Expected status code (<400> or <422> or <403>) but was <201>.

	at java.base/jdk.internal.reflect.DirectConstructorHandleAccessor.newInstance(DirectConstructorHandleAccessor.java:62)
	at java.base/java.lang.reflect.Constructor.newInstanceWithCaller(Constructor.java:502)
	at java.base/java.lang.reflect.Constructor.newInstance(Constructor.java:486)
	at org.codehaus.groovy.reflection.CachedConstructor.invoke(CachedConstructor.java:73)
	at org.codehaus.groovy.runtime.callsite.ConstructorSite$ConstructorSiteNoUnwrapNoCoerce.callConstructor(ConstructorSite.java:108)
	at org.codehaus.groovy.runtime.callsite.AbstractCallSite.callConstructor(AbstractCallSite.java:277)
	at io.restassured.internal.ResponseSpecificationImpl$HamcrestAssertionClosure.validate(ResponseSpecificationImpl.groovy:512)
	at io.restassured.internal.ResponseSpecificationImpl$HamcrestAssertionClosure$validate$1.call(Unknown Source)
	at io.restassured.internal.ResponseSpecificationImpl.validateResponseIfRequired(ResponseSpecificationImpl.groovy:696)
	at io.restassured.internal.ResponseSpecificationImpl.this$2$validateResponseIfRequired(ResponseSpecificationImpl.groovy)
	at java.base/jdk.internal.reflect.DirectMethodHandleAccessor.invoke(DirectMethodHandleAccessor.java:103)
	at java.base/java.lang.reflect.Method.invoke(Method.java:580)
	at org.codehaus.groovy.runtime.callsite.PlainObjectMetaMethodSite.doInvoke(PlainObjectMetaMethodSite.java:43)
	at org.codehaus.groovy.runtime.callsite.PogoMetaMethodSite$PogoCachedMethodSiteNoUnwrapNoCoerce.invoke(PogoMetaMethodSite.java:198)
	at org.codehaus.groovy.runtime.callsite.PogoMetaMethodSite.callCurrent(PogoMetaMethodSite.java:62)
	at org.codehaus.groovy.runtime.callsite.AbstractCallSite.callCurrent(AbstractCallSite.java:185)
	at io.restassured.internal.ResponseSpecificationImpl.statusCode(ResponseSpecificationImpl.groovy:135)
	at io.restassured.internal.ValidatableResponseOptionsImpl.statusCode(ValidatableResponseOptionsImpl.java:84)
	at com.emmanuelarhu.tests.ProductsApiTest.testCreateProductWithInvalidData(ProductsApiTest.java:200)
	at java.base/jdk.internal.reflect.DirectMethodHandleAccessor.invoke(DirectMethodHandleAccessor.java:103)
	at java.base/java.lang.reflect.Method.invoke(Method.java:580)
	at org.testng.internal.invokers.MethodInvocationHelper.invokeMethod(MethodInvocationHelper.java:139)
	at org.testng.internal.invokers.TestInvoker.invokeMethod(TestInvoker.java:664)
	at org.testng.internal.invokers.TestInvoker.invokeTestMethod(TestInvoker.java:227)
	at org.testng.internal.invokers.MethodRunner.runInSequence(MethodRunner.java:50)
	at org.testng.internal.invokers.TestInvoker$MethodInvocationAgent.invoke(TestInvoker.java:957)
	at org.testng.internal.invokers.TestInvoker.invokeTestMethods(TestInvoker.java:200)
	at org.testng.internal.invokers.TestMethodWorker.invokeTestMethods(TestMethodWorker.java:148)
	at org.testng.internal.invokers.TestMethodWorker.run(TestMethodWorker.java:128)
	at java.base/java.util.ArrayList.forEach(ArrayList.java:1596)
	at org.testng.TestRunner.privateRun(TestRunner.java:848)
	at org.testng.TestRunner.run(TestRunner.java:621)
	at org.testng.SuiteRunner.runTest(SuiteRunner.java:443)
	at org.testng.SuiteRunner.runSequentially(SuiteRunner.java:437)
	at org.testng.SuiteRunner.privateRun(SuiteRunner.java:397)
	at org.testng.SuiteRunner.run(SuiteRunner.java:336)
	at org.testng.SuiteRunnerWorker.runSuite(SuiteRunnerWorker.java:52)
	at org.testng.SuiteRunnerWorker.run(SuiteRunnerWorker.java:95)
	at org.testng.TestNG.runSuitesSequentially(TestNG.java:1280)
	at org.testng.TestNG.runSuitesLocally(TestNG.java:1200)
	at org.testng.TestNG.runSuites(TestNG.java:1114)
	at org.testng.TestNG.run(TestNG.java:1082)
	at org.apache.maven.surefire.testng.TestNGExecutor.run(TestNGExecutor.java:155)
	at org.apache.maven.surefire.testng.TestNGDirectoryTestSuite.executeMulti(TestNGDirectoryTestSuite.java:169)
	at org.apache.maven.surefire.testng.TestNGDirectoryTestSuite.execute(TestNGDirectoryTestSuite.java:88)
	at org.apache.maven.surefire.testng.TestNGProvider.invoke(TestNGProvider.java:137)
	at org.apache.maven.surefire.booter.ForkedBooter.runSuitesInProcess(ForkedBooter.java:385)
	at org.apache.maven.surefire.booter.ForkedBooter.execute(ForkedBooter.java:162)
	at org.apache.maven.surefire.booter.ForkedBooter.run(ForkedBooter.java:507)
	at org.apache.maven.surefire.booter.ForkedBooter.main(ForkedBooter.java:495)
]]></failure>
    <system-out><![CDATA[🚀 Starting test execution...
📋 Testing POST /products with invalid price
]]></system-out>
  </testcase>
  <testcase name="testCreateProductWithInvalidData[Product{id=null, title=&apos;Test Product&apos;, price=99.99, description=&apos;null&apos;, category=&apos;electronics&apos;, image=&apos;https://example.com/image.jpg&apos;}, description](8)" classname="com.emmanuelarhu.tests.ProductsApiTest" time="0.591">
    <failure message="1 expectation failed.&#10;Expected status code (&lt;400&gt; or &lt;422&gt; or &lt;403&gt;) but was &lt;201&gt;.&#10;" type="java.lang.AssertionError"><![CDATA[java.lang.AssertionError: 
1 expectation failed.
Expected status code (<400> or <422> or <403>) but was <201>.

	at java.base/jdk.internal.reflect.DirectConstructorHandleAccessor.newInstance(DirectConstructorHandleAccessor.java:62)
	at java.base/java.lang.reflect.Constructor.newInstanceWithCaller(Constructor.java:502)
	at java.base/java.lang.reflect.Constructor.newInstance(Constructor.java:486)
	at org.codehaus.groovy.reflection.CachedConstructor.invoke(CachedConstructor.java:73)
	at org.codehaus.groovy.runtime.callsite.ConstructorSite$ConstructorSiteNoUnwrapNoCoerce.callConstructor(ConstructorSite.java:108)
	at org.codehaus.groovy.runtime.callsite.AbstractCallSite.callConstructor(AbstractCallSite.java:277)
	at io.restassured.internal.ResponseSpecificationImpl$HamcrestAssertionClosure.validate(ResponseSpecificationImpl.groovy:512)
	at io.restassured.internal.ResponseSpecificationImpl$HamcrestAssertionClosure$validate$1.call(Unknown Source)
	at io.restassured.internal.ResponseSpecificationImpl.validateResponseIfRequired(ResponseSpecificationImpl.groovy:696)
	at io.restassured.internal.ResponseSpecificationImpl.this$2$validateResponseIfRequired(ResponseSpecificationImpl.groovy)
	at java.base/jdk.internal.reflect.DirectMethodHandleAccessor.invoke(DirectMethodHandleAccessor.java:103)
	at java.base/java.lang.reflect.Method.invoke(Method.java:580)
	at org.codehaus.groovy.runtime.callsite.PlainObjectMetaMethodSite.doInvoke(PlainObjectMetaMethodSite.java:43)
	at org.codehaus.groovy.runtime.callsite.PogoMetaMethodSite$PogoCachedMethodSiteNoUnwrapNoCoerce.invoke(PogoMetaMethodSite.java:198)
	at org.codehaus.groovy.runtime.callsite.PogoMetaMethodSite.callCurrent(PogoMetaMethodSite.java:62)
	at org.codehaus.groovy.runtime.callsite.AbstractCallSite.callCurrent(AbstractCallSite.java:185)
	at io.restassured.internal.ResponseSpecificationImpl.statusCode(ResponseSpecificationImpl.groovy:135)
	at io.restassured.internal.ValidatableResponseOptionsImpl.statusCode(ValidatableResponseOptionsImpl.java:84)
	at com.emmanuelarhu.tests.ProductsApiTest.testCreateProductWithInvalidData(ProductsApiTest.java:200)
	at java.base/jdk.internal.reflect.DirectMethodHandleAccessor.invoke(DirectMethodHandleAccessor.java:103)
	at java.base/java.lang.reflect.Method.invoke(Method.java:580)
	at org.testng.internal.invokers.MethodInvocationHelper.invokeMethod(MethodInvocationHelper.java:139)
	at org.testng.internal.invokers.TestInvoker.invokeMethod(TestInvoker.java:664)
	at org.testng.internal.invokers.TestInvoker.invokeTestMethod(TestInvoker.java:227)
	at org.testng.internal.invokers.MethodRunner.runInSequence(MethodRunner.java:50)
	at org.testng.internal.invokers.TestInvoker$MethodInvocationAgent.invoke(TestInvoker.java:957)
	at org.testng.internal.invokers.TestInvoker.invokeTestMethods(TestInvoker.java:200)
	at org.testng.internal.invokers.TestMethodWorker.invokeTestMethods(TestMethodWorker.java:148)
	at org.testng.internal.invokers.TestMethodWorker.run(TestMethodWorker.java:128)
	at java.base/java.util.ArrayList.forEach(ArrayList.java:1596)
	at org.testng.TestRunner.privateRun(TestRunner.java:848)
	at org.testng.TestRunner.run(TestRunner.java:621)
	at org.testng.SuiteRunner.runTest(SuiteRunner.java:443)
	at org.testng.SuiteRunner.runSequentially(SuiteRunner.java:437)
	at org.testng.SuiteRunner.privateRun(SuiteRunner.java:397)
	at org.testng.SuiteRunner.run(SuiteRunner.java:336)
	at org.testng.SuiteRunnerWorker.runSuite(SuiteRunnerWorker.java:52)
	at org.testng.SuiteRunnerWorker.run(SuiteRunnerWorker.java:95)
	at org.testng.TestNG.runSuitesSequentially(TestNG.java:1280)
	at org.testng.TestNG.runSuitesLocally(TestNG.java:1200)
	at org.testng.TestNG.runSuites(TestNG.java:1114)
	at org.testng.TestNG.run(TestNG.java:1082)
	at org.apache.maven.surefire.testng.TestNGExecutor.run(TestNGExecutor.java:155)
	at org.apache.maven.surefire.testng.TestNGDirectoryTestSuite.executeMulti(TestNGDirectoryTestSuite.java:169)
	at org.apache.maven.surefire.testng.TestNGDirectoryTestSuite.execute(TestNGDirectoryTestSuite.java:88)
	at org.apache.maven.surefire.testng.TestNGProvider.invoke(TestNGProvider.java:137)
	at org.apache.maven.surefire.booter.ForkedBooter.runSuitesInProcess(ForkedBooter.java:385)
	at org.apache.maven.surefire.booter.ForkedBooter.execute(ForkedBooter.java:162)
	at org.apache.maven.surefire.booter.ForkedBooter.run(ForkedBooter.java:507)
	at org.apache.maven.surefire.booter.ForkedBooter.main(ForkedBooter.java:495)
]]></failure>
    <system-out><![CDATA[🚀 Starting test execution...
📋 Testing POST /products with invalid description
]]></system-out>
  </testcase>
  <testcase name="testCreateProductWithInvalidData[Product{id=null, title=&apos;Test Product&apos;, price=99.99, description=&apos;Description&apos;, category=&apos;null&apos;, image=&apos;https://example.com/image.jpg&apos;}, category](9)" classname="com.emmanuelarhu.tests.ProductsApiTest" time="0.5">
    <failure message="1 expectation failed.&#10;Expected status code (&lt;400&gt; or &lt;422&gt; or &lt;403&gt;) but was &lt;201&gt;.&#10;" type="java.lang.AssertionError"><![CDATA[java.lang.AssertionError: 
1 expectation failed.
Expected status code (<400> or <422> or <403>) but was <201>.

	at java.base/jdk.internal.reflect.DirectConstructorHandleAccessor.newInstance(DirectConstructorHandleAccessor.java:62)
	at java.base/java.lang.reflect.Constructor.newInstanceWithCaller(Constructor.java:502)
	at java.base/java.lang.reflect.Constructor.newInstance(Constructor.java:486)
	at org.codehaus.groovy.reflection.CachedConstructor.invoke(CachedConstructor.java:73)
	at org.codehaus.groovy.runtime.callsite.ConstructorSite$ConstructorSiteNoUnwrapNoCoerce.callConstructor(ConstructorSite.java:108)
	at org.codehaus.groovy.runtime.callsite.AbstractCallSite.callConstructor(AbstractCallSite.java:277)
	at io.restassured.internal.ResponseSpecificationImpl$HamcrestAssertionClosure.validate(ResponseSpecificationImpl.groovy:512)
	at io.restassured.internal.ResponseSpecificationImpl$HamcrestAssertionClosure$validate$1.call(Unknown Source)
	at io.restassured.internal.ResponseSpecificationImpl.validateResponseIfRequired(ResponseSpecificationImpl.groovy:696)
	at io.restassured.internal.ResponseSpecificationImpl.this$2$validateResponseIfRequired(ResponseSpecificationImpl.groovy)
	at java.base/jdk.internal.reflect.DirectMethodHandleAccessor.invoke(DirectMethodHandleAccessor.java:103)
	at java.base/java.lang.reflect.Method.invoke(Method.java:580)
	at org.codehaus.groovy.runtime.callsite.PlainObjectMetaMethodSite.doInvoke(PlainObjectMetaMethodSite.java:43)
	at org.codehaus.groovy.runtime.callsite.PogoMetaMethodSite$PogoCachedMethodSiteNoUnwrapNoCoerce.invoke(PogoMetaMethodSite.java:198)
	at org.codehaus.groovy.runtime.callsite.PogoMetaMethodSite.callCurrent(PogoMetaMethodSite.java:62)
	at org.codehaus.groovy.runtime.callsite.AbstractCallSite.callCurrent(AbstractCallSite.java:185)
	at io.restassured.internal.ResponseSpecificationImpl.statusCode(ResponseSpecificationImpl.groovy:135)
	at io.restassured.internal.ValidatableResponseOptionsImpl.statusCode(ValidatableResponseOptionsImpl.java:84)
	at com.emmanuelarhu.tests.ProductsApiTest.testCreateProductWithInvalidData(ProductsApiTest.java:200)
	at java.base/jdk.internal.reflect.DirectMethodHandleAccessor.invoke(DirectMethodHandleAccessor.java:103)
	at java.base/java.lang.reflect.Method.invoke(Method.java:580)
	at org.testng.internal.invokers.MethodInvocationHelper.invokeMethod(MethodInvocationHelper.java:139)
	at org.testng.internal.invokers.TestInvoker.invokeMethod(TestInvoker.java:664)
	at org.testng.internal.invokers.TestInvoker.invokeTestMethod(TestInvoker.java:227)
	at org.testng.internal.invokers.MethodRunner.runInSequence(MethodRunner.java:50)
	at org.testng.internal.invokers.TestInvoker$MethodInvocationAgent.invoke(TestInvoker.java:957)
	at org.testng.internal.invokers.TestInvoker.invokeTestMethods(TestInvoker.java:200)
	at org.testng.internal.invokers.TestMethodWorker.invokeTestMethods(TestMethodWorker.java:148)
	at org.testng.internal.invokers.TestMethodWorker.run(TestMethodWorker.java:128)
	at java.base/java.util.ArrayList.forEach(ArrayList.java:1596)
	at org.testng.TestRunner.privateRun(TestRunner.java:848)
	at org.testng.TestRunner.run(TestRunner.java:621)
	at org.testng.SuiteRunner.runTest(SuiteRunner.java:443)
	at org.testng.SuiteRunner.runSequentially(SuiteRunner.java:437)
	at org.testng.SuiteRunner.privateRun(SuiteRunner.java:397)
	at org.testng.SuiteRunner.run(SuiteRunner.java:336)
	at org.testng.SuiteRunnerWorker.runSuite(SuiteRunnerWorker.java:52)
	at org.testng.SuiteRunnerWorker.run(SuiteRunnerWorker.java:95)
	at org.testng.TestNG.runSuitesSequentially(TestNG.java:1280)
	at org.testng.TestNG.runSuitesLocally(TestNG.java:1200)
	at org.testng.TestNG.runSuites(TestNG.java:1114)
	at org.testng.TestNG.run(TestNG.java:1082)
	at org.apache.maven.surefire.testng.TestNGExecutor.run(TestNGExecutor.java:155)
	at org.apache.maven.surefire.testng.TestNGDirectoryTestSuite.executeMulti(TestNGDirectoryTestSuite.java:169)
	at org.apache.maven.surefire.testng.TestNGDirectoryTestSuite.execute(TestNGDirectoryTestSuite.java:88)
	at org.apache.maven.surefire.testng.TestNGProvider.invoke(TestNGProvider.java:137)
	at org.apache.maven.surefire.booter.ForkedBooter.runSuitesInProcess(ForkedBooter.java:385)
	at org.apache.maven.surefire.booter.ForkedBooter.execute(ForkedBooter.java:162)
	at org.apache.maven.surefire.booter.ForkedBooter.run(ForkedBooter.java:507)
	at org.apache.maven.surefire.booter.ForkedBooter.main(ForkedBooter.java:495)
]]></failure>
    <system-out><![CDATA[🚀 Starting test execution...
📋 Testing POST /products with invalid category
]]></system-out>
  </testcase>
  <testcase name="testCreateProductWithInvalidData[Product{id=null, title=&apos;Test Product&apos;, price=99.99, description=&apos;Description&apos;, category=&apos;electronics&apos;, image=&apos;null&apos;}, image](10)" classname="com.emmanuelarhu.tests.ProductsApiTest" time="0.58">
    <failure message="1 expectation failed.&#10;Expected status code (&lt;400&gt; or &lt;422&gt; or &lt;403&gt;) but was &lt;201&gt;.&#10;" type="java.lang.AssertionError"><![CDATA[java.lang.AssertionError: 
1 expectation failed.
Expected status code (<400> or <422> or <403>) but was <201>.

	at java.base/jdk.internal.reflect.DirectConstructorHandleAccessor.newInstance(DirectConstructorHandleAccessor.java:62)
	at java.base/java.lang.reflect.Constructor.newInstanceWithCaller(Constructor.java:502)
	at java.base/java.lang.reflect.Constructor.newInstance(Constructor.java:486)
	at org.codehaus.groovy.reflection.CachedConstructor.invoke(CachedConstructor.java:73)
	at org.codehaus.groovy.runtime.callsite.ConstructorSite$ConstructorSiteNoUnwrapNoCoerce.callConstructor(ConstructorSite.java:108)
	at org.codehaus.groovy.runtime.callsite.AbstractCallSite.callConstructor(AbstractCallSite.java:277)
	at io.restassured.internal.ResponseSpecificationImpl$HamcrestAssertionClosure.validate(ResponseSpecificationImpl.groovy:512)
	at io.restassured.internal.ResponseSpecificationImpl$HamcrestAssertionClosure$validate$1.call(Unknown Source)
	at io.restassured.internal.ResponseSpecificationImpl.validateResponseIfRequired(ResponseSpecificationImpl.groovy:696)
	at io.restassured.internal.ResponseSpecificationImpl.this$2$validateResponseIfRequired(ResponseSpecificationImpl.groovy)
	at java.base/jdk.internal.reflect.DirectMethodHandleAccessor.invoke(DirectMethodHandleAccessor.java:103)
	at java.base/java.lang.reflect.Method.invoke(Method.java:580)
	at org.codehaus.groovy.runtime.callsite.PlainObjectMetaMethodSite.doInvoke(PlainObjectMetaMethodSite.java:43)
	at org.codehaus.groovy.runtime.callsite.PogoMetaMethodSite$PogoCachedMethodSiteNoUnwrapNoCoerce.invoke(PogoMetaMethodSite.java:198)
	at org.codehaus.groovy.runtime.callsite.PogoMetaMethodSite.callCurrent(PogoMetaMethodSite.java:62)
	at org.codehaus.groovy.runtime.callsite.AbstractCallSite.callCurrent(AbstractCallSite.java:185)
	at io.restassured.internal.ResponseSpecificationImpl.statusCode(ResponseSpecificationImpl.groovy:135)
	at io.restassured.internal.ValidatableResponseOptionsImpl.statusCode(ValidatableResponseOptionsImpl.java:84)
	at com.emmanuelarhu.tests.ProductsApiTest.testCreateProductWithInvalidData(ProductsApiTest.java:200)
	at java.base/jdk.internal.reflect.DirectMethodHandleAccessor.invoke(DirectMethodHandleAccessor.java:103)
	at java.base/java.lang.reflect.Method.invoke(Method.java:580)
	at org.testng.internal.invokers.MethodInvocationHelper.invokeMethod(MethodInvocationHelper.java:139)
	at org.testng.internal.invokers.TestInvoker.invokeMethod(TestInvoker.java:664)
	at org.testng.internal.invokers.TestInvoker.invokeTestMethod(TestInvoker.java:227)
	at org.testng.internal.invokers.MethodRunner.runInSequence(MethodRunner.java:50)
	at org.testng.internal.invokers.TestInvoker$MethodInvocationAgent.invoke(TestInvoker.java:957)
	at org.testng.internal.invokers.TestInvoker.invokeTestMethods(TestInvoker.java:200)
	at org.testng.internal.invokers.TestMethodWorker.invokeTestMethods(TestMethodWorker.java:148)
	at org.testng.internal.invokers.TestMethodWorker.run(TestMethodWorker.java:128)
	at java.base/java.util.ArrayList.forEach(ArrayList.java:1596)
	at org.testng.TestRunner.privateRun(TestRunner.java:848)
	at org.testng.TestRunner.run(TestRunner.java:621)
	at org.testng.SuiteRunner.runTest(SuiteRunner.java:443)
	at org.testng.SuiteRunner.runSequentially(SuiteRunner.java:437)
	at org.testng.SuiteRunner.privateRun(SuiteRunner.java:397)
	at org.testng.SuiteRunner.run(SuiteRunner.java:336)
	at org.testng.SuiteRunnerWorker.runSuite(SuiteRunnerWorker.java:52)
	at org.testng.SuiteRunnerWorker.run(SuiteRunnerWorker.java:95)
	at org.testng.TestNG.runSuitesSequentially(TestNG.java:1280)
	at org.testng.TestNG.runSuitesLocally(TestNG.java:1200)
	at org.testng.TestNG.runSuites(TestNG.java:1114)
	at org.testng.TestNG.run(TestNG.java:1082)
	at org.apache.maven.surefire.testng.TestNGExecutor.run(TestNGExecutor.java:155)
	at org.apache.maven.surefire.testng.TestNGDirectoryTestSuite.executeMulti(TestNGDirectoryTestSuite.java:169)
	at org.apache.maven.surefire.testng.TestNGDirectoryTestSuite.execute(TestNGDirectoryTestSuite.java:88)
	at org.apache.maven.surefire.testng.TestNGProvider.invoke(TestNGProvider.java:137)
	at org.apache.maven.surefire.booter.ForkedBooter.runSuitesInProcess(ForkedBooter.java:385)
	at org.apache.maven.surefire.booter.ForkedBooter.execute(ForkedBooter.java:162)
	at org.apache.maven.surefire.booter.ForkedBooter.run(ForkedBooter.java:507)
	at org.apache.maven.surefire.booter.ForkedBooter.main(ForkedBooter.java:495)
]]></failure>
    <system-out><![CDATA[🚀 Starting test execution...
📋 Testing POST /products with invalid image
]]></system-out>
  </testcase>
  <testcase name="testCreateProductWithEmptyBody" classname="com.emmanuelarhu.tests.ProductsApiTest" time="0.667">
    <failure message="1 expectation failed.&#10;Expected status code (&lt;400&gt; or &lt;422&gt; or &lt;403&gt;) but was &lt;201&gt;.&#10;" type="java.lang.AssertionError"><![CDATA[java.lang.AssertionError: 
1 expectation failed.
Expected status code (<400> or <422> or <403>) but was <201>.

	at java.base/jdk.internal.reflect.DirectConstructorHandleAccessor.newInstance(DirectConstructorHandleAccessor.java:62)
	at java.base/java.lang.reflect.Constructor.newInstanceWithCaller(Constructor.java:502)
	at java.base/java.lang.reflect.Constructor.newInstance(Constructor.java:486)
	at org.codehaus.groovy.reflection.CachedConstructor.invoke(CachedConstructor.java:73)
	at org.codehaus.groovy.runtime.callsite.ConstructorSite$ConstructorSiteNoUnwrapNoCoerce.callConstructor(ConstructorSite.java:108)
	at org.codehaus.groovy.runtime.callsite.AbstractCallSite.callConstructor(AbstractCallSite.java:277)
	at io.restassured.internal.ResponseSpecificationImpl$HamcrestAssertionClosure.validate(ResponseSpecificationImpl.groovy:512)
	at io.restassured.internal.ResponseSpecificationImpl$HamcrestAssertionClosure$validate$1.call(Unknown Source)
	at io.restassured.internal.ResponseSpecificationImpl.validateResponseIfRequired(ResponseSpecificationImpl.groovy:696)
	at io.restassured.internal.ResponseSpecificationImpl.this$2$validateResponseIfRequired(ResponseSpecificationImpl.groovy)
	at java.base/jdk.internal.reflect.DirectMethodHandleAccessor.invoke(DirectMethodHandleAccessor.java:103)
	at java.base/java.lang.reflect.Method.invoke(Method.java:580)
	at org.codehaus.groovy.runtime.callsite.PlainObjectMetaMethodSite.doInvoke(PlainObjectMetaMethodSite.java:43)
	at org.codehaus.groovy.runtime.callsite.PogoMetaMethodSite$PogoCachedMethodSiteNoUnwrapNoCoerce.invoke(PogoMetaMethodSite.java:198)
	at org.codehaus.groovy.runtime.callsite.PogoMetaMethodSite.callCurrent(PogoMetaMethodSite.java:62)
	at org.codehaus.groovy.runtime.callsite.AbstractCallSite.callCurrent(AbstractCallSite.java:185)
	at io.restassured.internal.ResponseSpecificationImpl.statusCode(ResponseSpecificationImpl.groovy:135)
	at io.restassured.internal.ValidatableResponseOptionsImpl.statusCode(ValidatableResponseOptionsImpl.java:84)
	at com.emmanuelarhu.tests.ProductsApiTest.testCreateProductWithEmptyBody(ProductsApiTest.java:221)
	at java.base/jdk.internal.reflect.DirectMethodHandleAccessor.invoke(DirectMethodHandleAccessor.java:103)
	at java.base/java.lang.reflect.Method.invoke(Method.java:580)
	at org.testng.internal.invokers.MethodInvocationHelper.invokeMethod(MethodInvocationHelper.java:139)
	at org.testng.internal.invokers.TestInvoker.invokeMethod(TestInvoker.java:664)
	at org.testng.internal.invokers.TestInvoker.invokeTestMethod(TestInvoker.java:227)
	at org.testng.internal.invokers.MethodRunner.runInSequence(MethodRunner.java:50)
	at org.testng.internal.invokers.TestInvoker$MethodInvocationAgent.invoke(TestInvoker.java:957)
	at org.testng.internal.invokers.TestInvoker.invokeTestMethods(TestInvoker.java:200)
	at org.testng.internal.invokers.TestMethodWorker.invokeTestMethods(TestMethodWorker.java:148)
	at org.testng.internal.invokers.TestMethodWorker.run(TestMethodWorker.java:128)
	at java.base/java.util.ArrayList.forEach(ArrayList.java:1596)
	at org.testng.TestRunner.privateRun(TestRunner.java:848)
	at org.testng.TestRunner.run(TestRunner.java:621)
	at org.testng.SuiteRunner.runTest(SuiteRunner.java:443)
	at org.testng.SuiteRunner.runSequentially(SuiteRunner.java:437)
	at org.testng.SuiteRunner.privateRun(SuiteRunner.java:397)
	at org.testng.SuiteRunner.run(SuiteRunner.java:336)
	at org.testng.SuiteRunnerWorker.runSuite(SuiteRunnerWorker.java:52)
	at org.testng.SuiteRunnerWorker.run(SuiteRunnerWorker.java:95)
	at org.testng.TestNG.runSuitesSequentially(TestNG.java:1280)
	at org.testng.TestNG.runSuitesLocally(TestNG.java:1200)
	at org.testng.TestNG.runSuites(TestNG.java:1114)
	at org.testng.TestNG.run(TestNG.java:1082)
	at org.apache.maven.surefire.testng.TestNGExecutor.run(TestNGExecutor.java:155)
	at org.apache.maven.surefire.testng.TestNGDirectoryTestSuite.executeMulti(TestNGDirectoryTestSuite.java:169)
	at org.apache.maven.surefire.testng.TestNGDirectoryTestSuite.execute(TestNGDirectoryTestSuite.java:88)
	at org.apache.maven.surefire.testng.TestNGProvider.invoke(TestNGProvider.java:137)
	at org.apache.maven.surefire.booter.ForkedBooter.runSuitesInProcess(ForkedBooter.java:385)
	at org.apache.maven.surefire.booter.ForkedBooter.execute(ForkedBooter.java:162)
	at org.apache.maven.surefire.booter.ForkedBooter.run(ForkedBooter.java:507)
	at org.apache.maven.surefire.booter.ForkedBooter.main(ForkedBooter.java:495)
]]></failure>
    <system-out><![CDATA[🚀 Starting test execution...
📋 Testing POST /products with empty body
]]></system-out>
  </testcase>
  <testcase name="testCreateProductWithNegativePrice[-1.0](1)" classname="com.emmanuelarhu.tests.ProductsApiTest" time="0.695">
    <failure message="1 expectation failed.&#10;Expected status code (&lt;400&gt; or &lt;422&gt; or &lt;403&gt;) but was &lt;201&gt;.&#10;" type="java.lang.AssertionError"><![CDATA[java.lang.AssertionError: 
1 expectation failed.
Expected status code (<400> or <422> or <403>) but was <201>.

	at java.base/jdk.internal.reflect.DirectConstructorHandleAccessor.newInstance(DirectConstructorHandleAccessor.java:62)
	at java.base/java.lang.reflect.Constructor.newInstanceWithCaller(Constructor.java:502)
	at java.base/java.lang.reflect.Constructor.newInstance(Constructor.java:486)
	at org.codehaus.groovy.reflection.CachedConstructor.invoke(CachedConstructor.java:73)
	at org.codehaus.groovy.runtime.callsite.ConstructorSite$ConstructorSiteNoUnwrapNoCoerce.callConstructor(ConstructorSite.java:108)
	at org.codehaus.groovy.runtime.callsite.AbstractCallSite.callConstructor(AbstractCallSite.java:277)
	at io.restassured.internal.ResponseSpecificationImpl$HamcrestAssertionClosure.validate(ResponseSpecificationImpl.groovy:512)
	at io.restassured.internal.ResponseSpecificationImpl$HamcrestAssertionClosure$validate$1.call(Unknown Source)
	at io.restassured.internal.ResponseSpecificationImpl.validateResponseIfRequired(ResponseSpecificationImpl.groovy:696)
	at io.restassured.internal.ResponseSpecificationImpl.this$2$validateResponseIfRequired(ResponseSpecificationImpl.groovy)
	at java.base/jdk.internal.reflect.DirectMethodHandleAccessor.invoke(DirectMethodHandleAccessor.java:103)
	at java.base/java.lang.reflect.Method.invoke(Method.java:580)
	at org.codehaus.groovy.runtime.callsite.PlainObjectMetaMethodSite.doInvoke(PlainObjectMetaMethodSite.java:43)
	at org.codehaus.groovy.runtime.callsite.PogoMetaMethodSite$PogoCachedMethodSiteNoUnwrapNoCoerce.invoke(PogoMetaMethodSite.java:198)
	at org.codehaus.groovy.runtime.callsite.PogoMetaMethodSite.callCurrent(PogoMetaMethodSite.java:62)
	at org.codehaus.groovy.runtime.callsite.AbstractCallSite.callCurrent(AbstractCallSite.java:185)
	at io.restassured.internal.ResponseSpecificationImpl.statusCode(ResponseSpecificationImpl.groovy:135)
	at io.restassured.internal.ValidatableResponseOptionsImpl.statusCode(ValidatableResponseOptionsImpl.java:84)
	at com.emmanuelarhu.tests.ProductsApiTest.testCreateProductWithNegativePrice(ProductsApiTest.java:244)
	at java.base/jdk.internal.reflect.DirectMethodHandleAccessor.invoke(DirectMethodHandleAccessor.java:103)
	at java.base/java.lang.reflect.Method.invoke(Method.java:580)
	at org.testng.internal.invokers.MethodInvocationHelper.invokeMethod(MethodInvocationHelper.java:139)
	at org.testng.internal.invokers.TestInvoker.invokeMethod(TestInvoker.java:664)
	at org.testng.internal.invokers.TestInvoker.invokeTestMethod(TestInvoker.java:227)
	at org.testng.internal.invokers.MethodRunner.runInSequence(MethodRunner.java:50)
	at org.testng.internal.invokers.TestInvoker$MethodInvocationAgent.invoke(TestInvoker.java:957)
	at org.testng.internal.invokers.TestInvoker.invokeTestMethods(TestInvoker.java:200)
	at org.testng.internal.invokers.TestMethodWorker.invokeTestMethods(TestMethodWorker.java:148)
	at org.testng.internal.invokers.TestMethodWorker.run(TestMethodWorker.java:128)
	at java.base/java.util.ArrayList.forEach(ArrayList.java:1596)
	at org.testng.TestRunner.privateRun(TestRunner.java:848)
	at org.testng.TestRunner.run(TestRunner.java:621)
	at org.testng.SuiteRunner.runTest(SuiteRunner.java:443)
	at org.testng.SuiteRunner.runSequentially(SuiteRunner.java:437)
	at org.testng.SuiteRunner.privateRun(SuiteRunner.java:397)
	at org.testng.SuiteRunner.run(SuiteRunner.java:336)
	at org.testng.SuiteRunnerWorker.runSuite(SuiteRunnerWorker.java:52)
	at org.testng.SuiteRunnerWorker.run(SuiteRunnerWorker.java:95)
	at org.testng.TestNG.runSuitesSequentially(TestNG.java:1280)
	at org.testng.TestNG.runSuitesLocally(TestNG.java:1200)
	at org.testng.TestNG.runSuites(TestNG.java:1114)
	at org.testng.TestNG.run(TestNG.java:1082)
	at org.apache.maven.surefire.testng.TestNGExecutor.run(TestNGExecutor.java:155)
	at org.apache.maven.surefire.testng.TestNGDirectoryTestSuite.executeMulti(TestNGDirectoryTestSuite.java:169)
	at org.apache.maven.surefire.testng.TestNGDirectoryTestSuite.execute(TestNGDirectoryTestSuite.java:88)
	at org.apache.maven.surefire.testng.TestNGProvider.invoke(TestNGProvider.java:137)
	at org.apache.maven.surefire.booter.ForkedBooter.runSuitesInProcess(ForkedBooter.java:385)
	at org.apache.maven.surefire.booter.ForkedBooter.execute(ForkedBooter.java:162)
	at org.apache.maven.surefire.booter.ForkedBooter.run(ForkedBooter.java:507)
	at org.apache.maven.surefire.booter.ForkedBooter.main(ForkedBooter.java:495)
]]></failure>
    <system-out><![CDATA[🚀 Starting test execution...
📋 Testing POST /products with negative/zero price: -1.0
]]></system-out>
  </testcase>
  <testcase name="testCreateProductWithNegativePrice[-50.0](2)" classname="com.emmanuelarhu.tests.ProductsApiTest" time="0.689">
    <failure message="1 expectation failed.&#10;Expected status code (&lt;400&gt; or &lt;422&gt; or &lt;403&gt;) but was &lt;201&gt;.&#10;" type="java.lang.AssertionError"><![CDATA[java.lang.AssertionError: 
1 expectation failed.
Expected status code (<400> or <422> or <403>) but was <201>.

	at java.base/jdk.internal.reflect.DirectConstructorHandleAccessor.newInstance(DirectConstructorHandleAccessor.java:62)
	at java.base/java.lang.reflect.Constructor.newInstanceWithCaller(Constructor.java:502)
	at java.base/java.lang.reflect.Constructor.newInstance(Constructor.java:486)
	at org.codehaus.groovy.reflection.CachedConstructor.invoke(CachedConstructor.java:73)
	at org.codehaus.groovy.runtime.callsite.ConstructorSite$ConstructorSiteNoUnwrapNoCoerce.callConstructor(ConstructorSite.java:108)
	at org.codehaus.groovy.runtime.callsite.AbstractCallSite.callConstructor(AbstractCallSite.java:277)
	at io.restassured.internal.ResponseSpecificationImpl$HamcrestAssertionClosure.validate(ResponseSpecificationImpl.groovy:512)
	at io.restassured.internal.ResponseSpecificationImpl$HamcrestAssertionClosure$validate$1.call(Unknown Source)
	at io.restassured.internal.ResponseSpecificationImpl.validateResponseIfRequired(ResponseSpecificationImpl.groovy:696)
	at io.restassured.internal.ResponseSpecificationImpl.this$2$validateResponseIfRequired(ResponseSpecificationImpl.groovy)
	at java.base/jdk.internal.reflect.DirectMethodHandleAccessor.invoke(DirectMethodHandleAccessor.java:103)
	at java.base/java.lang.reflect.Method.invoke(Method.java:580)
	at org.codehaus.groovy.runtime.callsite.PlainObjectMetaMethodSite.doInvoke(PlainObjectMetaMethodSite.java:43)
	at org.codehaus.groovy.runtime.callsite.PogoMetaMethodSite$PogoCachedMethodSiteNoUnwrapNoCoerce.invoke(PogoMetaMethodSite.java:198)
	at org.codehaus.groovy.runtime.callsite.PogoMetaMethodSite.callCurrent(PogoMetaMethodSite.java:62)
	at org.codehaus.groovy.runtime.callsite.AbstractCallSite.callCurrent(AbstractCallSite.java:185)
	at io.restassured.internal.ResponseSpecificationImpl.statusCode(ResponseSpecificationImpl.groovy:135)
	at io.restassured.internal.ValidatableResponseOptionsImpl.statusCode(ValidatableResponseOptionsImpl.java:84)
	at com.emmanuelarhu.tests.ProductsApiTest.testCreateProductWithNegativePrice(ProductsApiTest.java:244)
	at java.base/jdk.internal.reflect.DirectMethodHandleAccessor.invoke(DirectMethodHandleAccessor.java:103)
	at java.base/java.lang.reflect.Method.invoke(Method.java:580)
	at org.testng.internal.invokers.MethodInvocationHelper.invokeMethod(MethodInvocationHelper.java:139)
	at org.testng.internal.invokers.TestInvoker.invokeMethod(TestInvoker.java:664)
	at org.testng.internal.invokers.TestInvoker.invokeTestMethod(TestInvoker.java:227)
	at org.testng.internal.invokers.MethodRunner.runInSequence(MethodRunner.java:50)
	at org.testng.internal.invokers.TestInvoker$MethodInvocationAgent.invoke(TestInvoker.java:957)
	at org.testng.internal.invokers.TestInvoker.invokeTestMethods(TestInvoker.java:200)
	at org.testng.internal.invokers.TestMethodWorker.invokeTestMethods(TestMethodWorker.java:148)
	at org.testng.internal.invokers.TestMethodWorker.run(TestMethodWorker.java:128)
	at java.base/java.util.ArrayList.forEach(ArrayList.java:1596)
	at org.testng.TestRunner.privateRun(TestRunner.java:848)
	at org.testng.TestRunner.run(TestRunner.java:621)
	at org.testng.SuiteRunner.runTest(SuiteRunner.java:443)
	at org.testng.SuiteRunner.runSequentially(SuiteRunner.java:437)
	at org.testng.SuiteRunner.privateRun(SuiteRunner.java:397)
	at org.testng.SuiteRunner.run(SuiteRunner.java:336)
	at org.testng.SuiteRunnerWorker.runSuite(SuiteRunnerWorker.java:52)
	at org.testng.SuiteRunnerWorker.run(SuiteRunnerWorker.java:95)
	at org.testng.TestNG.runSuitesSequentially(TestNG.java:1280)
	at org.testng.TestNG.runSuitesLocally(TestNG.java:1200)
	at org.testng.TestNG.runSuites(TestNG.java:1114)
	at org.testng.TestNG.run(TestNG.java:1082)
	at org.apache.maven.surefire.testng.TestNGExecutor.run(TestNGExecutor.java:155)
	at org.apache.maven.surefire.testng.TestNGDirectoryTestSuite.executeMulti(TestNGDirectoryTestSuite.java:169)
	at org.apache.maven.surefire.testng.TestNGDirectoryTestSuite.execute(TestNGDirectoryTestSuite.java:88)
	at org.apache.maven.surefire.testng.TestNGProvider.invoke(TestNGProvider.java:137)
	at org.apache.maven.surefire.booter.ForkedBooter.runSuitesInProcess(ForkedBooter.java:385)
	at org.apache.maven.surefire.booter.ForkedBooter.execute(ForkedBooter.java:162)
	at org.apache.maven.surefire.booter.ForkedBooter.run(ForkedBooter.java:507)
	at org.apache.maven.surefire.booter.ForkedBooter.main(ForkedBooter.java:495)
]]></failure>
    <system-out><![CDATA[🚀 Starting test execution...
📋 Testing POST /products with negative/zero price: -50.0
]]></system-out>
  </testcase>
  <testcase name="testCreateProductWithNegativePrice[0.0](3)" classname="com.emmanuelarhu.tests.ProductsApiTest" time="0.674">
    <failure message="1 expectation failed.&#10;Expected status code (&lt;400&gt; or &lt;422&gt; or &lt;403&gt;) but was &lt;201&gt;.&#10;" type="java.lang.AssertionError"><![CDATA[java.lang.AssertionError: 
1 expectation failed.
Expected status code (<400> or <422> or <403>) but was <201>.

	at java.base/jdk.internal.reflect.DirectConstructorHandleAccessor.newInstance(DirectConstructorHandleAccessor.java:62)
	at java.base/java.lang.reflect.Constructor.newInstanceWithCaller(Constructor.java:502)
	at java.base/java.lang.reflect.Constructor.newInstance(Constructor.java:486)
	at org.codehaus.groovy.reflection.CachedConstructor.invoke(CachedConstructor.java:73)
	at org.codehaus.groovy.runtime.callsite.ConstructorSite$ConstructorSiteNoUnwrapNoCoerce.callConstructor(ConstructorSite.java:108)
	at org.codehaus.groovy.runtime.callsite.AbstractCallSite.callConstructor(AbstractCallSite.java:277)
	at io.restassured.internal.ResponseSpecificationImpl$HamcrestAssertionClosure.validate(ResponseSpecificationImpl.groovy:512)
	at io.restassured.internal.ResponseSpecificationImpl$HamcrestAssertionClosure$validate$1.call(Unknown Source)
	at io.restassured.internal.ResponseSpecificationImpl.validateResponseIfRequired(ResponseSpecificationImpl.groovy:696)
	at io.restassured.internal.ResponseSpecificationImpl.this$2$validateResponseIfRequired(ResponseSpecificationImpl.groovy)
	at java.base/jdk.internal.reflect.DirectMethodHandleAccessor.invoke(DirectMethodHandleAccessor.java:103)
	at java.base/java.lang.reflect.Method.invoke(Method.java:580)
	at org.codehaus.groovy.runtime.callsite.PlainObjectMetaMethodSite.doInvoke(PlainObjectMetaMethodSite.java:43)
	at org.codehaus.groovy.runtime.callsite.PogoMetaMethodSite$PogoCachedMethodSiteNoUnwrapNoCoerce.invoke(PogoMetaMethodSite.java:198)
	at org.codehaus.groovy.runtime.callsite.PogoMetaMethodSite.callCurrent(PogoMetaMethodSite.java:62)
	at org.codehaus.groovy.runtime.callsite.AbstractCallSite.callCurrent(AbstractCallSite.java:185)
	at io.restassured.internal.ResponseSpecificationImpl.statusCode(ResponseSpecificationImpl.groovy:135)
	at io.restassured.internal.ValidatableResponseOptionsImpl.statusCode(ValidatableResponseOptionsImpl.java:84)
	at com.emmanuelarhu.tests.ProductsApiTest.testCreateProductWithNegativePrice(ProductsApiTest.java:244)
	at java.base/jdk.internal.reflect.DirectMethodHandleAccessor.invoke(DirectMethodHandleAccessor.java:103)
	at java.base/java.lang.reflect.Method.invoke(Method.java:580)
	at org.testng.internal.invokers.MethodInvocationHelper.invokeMethod(MethodInvocationHelper.java:139)
	at org.testng.internal.invokers.TestInvoker.invokeMethod(TestInvoker.java:664)
	at org.testng.internal.invokers.TestInvoker.invokeTestMethod(TestInvoker.java:227)
	at org.testng.internal.invokers.MethodRunner.runInSequence(MethodRunner.java:50)
	at org.testng.internal.invokers.TestInvoker$MethodInvocationAgent.invoke(TestInvoker.java:957)
	at org.testng.internal.invokers.TestInvoker.invokeTestMethods(TestInvoker.java:200)
	at org.testng.internal.invokers.TestMethodWorker.invokeTestMethods(TestMethodWorker.java:148)
	at org.testng.internal.invokers.TestMethodWorker.run(TestMethodWorker.java:128)
	at java.base/java.util.ArrayList.forEach(ArrayList.java:1596)
	at org.testng.TestRunner.privateRun(TestRunner.java:848)
	at org.testng.TestRunner.run(TestRunner.java:621)
	at org.testng.SuiteRunner.runTest(SuiteRunner.java:443)
	at org.testng.SuiteRunner.runSequentially(SuiteRunner.java:437)
	at org.testng.SuiteRunner.privateRun(SuiteRunner.java:397)
	at org.testng.SuiteRunner.run(SuiteRunner.java:336)
	at org.testng.SuiteRunnerWorker.runSuite(SuiteRunnerWorker.java:52)
	at org.testng.SuiteRunnerWorker.run(SuiteRunnerWorker.java:95)
	at org.testng.TestNG.runSuitesSequentially(TestNG.java:1280)
	at org.testng.TestNG.runSuitesLocally(TestNG.java:1200)
	at org.testng.TestNG.runSuites(TestNG.java:1114)
	at org.testng.TestNG.run(TestNG.java:1082)
	at org.apache.maven.surefire.testng.TestNGExecutor.run(TestNGExecutor.java:155)
	at org.apache.maven.surefire.testng.TestNGDirectoryTestSuite.executeMulti(TestNGDirectoryTestSuite.java:169)
	at org.apache.maven.surefire.testng.TestNGDirectoryTestSuite.execute(TestNGDirectoryTestSuite.java:88)
	at org.apache.maven.surefire.testng.TestNGProvider.invoke(TestNGProvider.java:137)
	at org.apache.maven.surefire.booter.ForkedBooter.runSuitesInProcess(ForkedBooter.java:385)
	at org.apache.maven.surefire.booter.ForkedBooter.execute(ForkedBooter.java:162)
	at org.apache.maven.surefire.booter.ForkedBooter.run(ForkedBooter.java:507)
	at org.apache.maven.surefire.booter.ForkedBooter.main(ForkedBooter.java:495)
]]></failure>
    <system-out><![CDATA[🚀 Starting test execution...
📋 Testing POST /products with negative/zero price: 0.0
]]></system-out>
  </testcase>
  <testcase name="testCreateProductWithNegativePrice[-999.99](4)" classname="com.emmanuelarhu.tests.ProductsApiTest" time="0.471">
    <failure message="1 expectation failed.&#10;Expected status code (&lt;400&gt; or &lt;422&gt; or &lt;403&gt;) but was &lt;201&gt;.&#10;" type="java.lang.AssertionError"><![CDATA[java.lang.AssertionError: 
1 expectation failed.
Expected status code (<400> or <422> or <403>) but was <201>.

	at java.base/jdk.internal.reflect.DirectConstructorHandleAccessor.newInstance(DirectConstructorHandleAccessor.java:62)
	at java.base/java.lang.reflect.Constructor.newInstanceWithCaller(Constructor.java:502)
	at java.base/java.lang.reflect.Constructor.newInstance(Constructor.java:486)
	at org.codehaus.groovy.reflection.CachedConstructor.invoke(CachedConstructor.java:73)
	at org.codehaus.groovy.runtime.callsite.ConstructorSite$ConstructorSiteNoUnwrapNoCoerce.callConstructor(ConstructorSite.java:108)
	at org.codehaus.groovy.runtime.callsite.AbstractCallSite.callConstructor(AbstractCallSite.java:277)
	at io.restassured.internal.ResponseSpecificationImpl$HamcrestAssertionClosure.validate(ResponseSpecificationImpl.groovy:512)
	at io.restassured.internal.ResponseSpecificationImpl$HamcrestAssertionClosure$validate$1.call(Unknown Source)
	at io.restassured.internal.ResponseSpecificationImpl.validateResponseIfRequired(ResponseSpecificationImpl.groovy:696)
	at io.restassured.internal.ResponseSpecificationImpl.this$2$validateResponseIfRequired(ResponseSpecificationImpl.groovy)
	at java.base/jdk.internal.reflect.DirectMethodHandleAccessor.invoke(DirectMethodHandleAccessor.java:103)
	at java.base/java.lang.reflect.Method.invoke(Method.java:580)
	at org.codehaus.groovy.runtime.callsite.PlainObjectMetaMethodSite.doInvoke(PlainObjectMetaMethodSite.java:43)
	at org.codehaus.groovy.runtime.callsite.PogoMetaMethodSite$PogoCachedMethodSiteNoUnwrapNoCoerce.invoke(PogoMetaMethodSite.java:198)
	at org.codehaus.groovy.runtime.callsite.PogoMetaMethodSite.callCurrent(PogoMetaMethodSite.java:62)
	at org.codehaus.groovy.runtime.callsite.AbstractCallSite.callCurrent(AbstractCallSite.java:185)
	at io.restassured.internal.ResponseSpecificationImpl.statusCode(ResponseSpecificationImpl.groovy:135)
	at io.restassured.internal.ValidatableResponseOptionsImpl.statusCode(ValidatableResponseOptionsImpl.java:84)
	at com.emmanuelarhu.tests.ProductsApiTest.testCreateProductWithNegativePrice(ProductsApiTest.java:244)
	at java.base/jdk.internal.reflect.DirectMethodHandleAccessor.invoke(DirectMethodHandleAccessor.java:103)
	at java.base/java.lang.reflect.Method.invoke(Method.java:580)
	at org.testng.internal.invokers.MethodInvocationHelper.invokeMethod(MethodInvocationHelper.java:139)
	at org.testng.internal.invokers.TestInvoker.invokeMethod(TestInvoker.java:664)
	at org.testng.internal.invokers.TestInvoker.invokeTestMethod(TestInvoker.java:227)
	at org.testng.internal.invokers.MethodRunner.runInSequence(MethodRunner.java:50)
	at org.testng.internal.invokers.TestInvoker$MethodInvocationAgent.invoke(TestInvoker.java:957)
	at org.testng.internal.invokers.TestInvoker.invokeTestMethods(TestInvoker.java:200)
	at org.testng.internal.invokers.TestMethodWorker.invokeTestMethods(TestMethodWorker.java:148)
	at org.testng.internal.invokers.TestMethodWorker.run(TestMethodWorker.java:128)
	at java.base/java.util.ArrayList.forEach(ArrayList.java:1596)
	at org.testng.TestRunner.privateRun(TestRunner.java:848)
	at org.testng.TestRunner.run(TestRunner.java:621)
	at org.testng.SuiteRunner.runTest(SuiteRunner.java:443)
	at org.testng.SuiteRunner.runSequentially(SuiteRunner.java:437)
	at org.testng.SuiteRunner.privateRun(SuiteRunner.java:397)
	at org.testng.SuiteRunner.run(SuiteRunner.java:336)
	at org.testng.SuiteRunnerWorker.runSuite(SuiteRunnerWorker.java:52)
	at org.testng.SuiteRunnerWorker.run(SuiteRunnerWorker.java:95)
	at org.testng.TestNG.runSuitesSequentially(TestNG.java:1280)
	at org.testng.TestNG.runSuitesLocally(TestNG.java:1200)
	at org.testng.TestNG.runSuites(TestNG.java:1114)
	at org.testng.TestNG.run(TestNG.java:1082)
	at org.apache.maven.surefire.testng.TestNGExecutor.run(TestNGExecutor.java:155)
	at org.apache.maven.surefire.testng.TestNGDirectoryTestSuite.executeMulti(TestNGDirectoryTestSuite.java:169)
	at org.apache.maven.surefire.testng.TestNGDirectoryTestSuite.execute(TestNGDirectoryTestSuite.java:88)
	at org.apache.maven.surefire.testng.TestNGProvider.invoke(TestNGProvider.java:137)
	at org.apache.maven.surefire.booter.ForkedBooter.runSuitesInProcess(ForkedBooter.java:385)
	at org.apache.maven.surefire.booter.ForkedBooter.execute(ForkedBooter.java:162)
	at org.apache.maven.surefire.booter.ForkedBooter.run(ForkedBooter.java:507)
	at org.apache.maven.surefire.booter.ForkedBooter.main(ForkedBooter.java:495)
]]></failure>
    <system-out><![CDATA[🚀 Starting test execution...
📋 Testing POST /products with negative/zero price: -999.99
]]></system-out>
  </testcase>
  <testcase name="testCreateProductWithNegativePrice[-Infinity](5)" classname="com.emmanuelarhu.tests.ProductsApiTest" time="0.625">
    <failure message="1 expectation failed.&#10;Expected status code (&lt;400&gt; or &lt;422&gt; or &lt;403&gt;) but was &lt;201&gt;.&#10;" type="java.lang.AssertionError"><![CDATA[java.lang.AssertionError: 
1 expectation failed.
Expected status code (<400> or <422> or <403>) but was <201>.

	at java.base/jdk.internal.reflect.DirectConstructorHandleAccessor.newInstance(DirectConstructorHandleAccessor.java:62)
	at java.base/java.lang.reflect.Constructor.newInstanceWithCaller(Constructor.java:502)
	at java.base/java.lang.reflect.Constructor.newInstance(Constructor.java:486)
	at org.codehaus.groovy.reflection.CachedConstructor.invoke(CachedConstructor.java:73)
	at org.codehaus.groovy.runtime.callsite.ConstructorSite$ConstructorSiteNoUnwrapNoCoerce.callConstructor(ConstructorSite.java:108)
	at org.codehaus.groovy.runtime.callsite.AbstractCallSite.callConstructor(AbstractCallSite.java:277)
	at io.restassured.internal.ResponseSpecificationImpl$HamcrestAssertionClosure.validate(ResponseSpecificationImpl.groovy:512)
	at io.restassured.internal.ResponseSpecificationImpl$HamcrestAssertionClosure$validate$1.call(Unknown Source)
	at io.restassured.internal.ResponseSpecificationImpl.validateResponseIfRequired(ResponseSpecificationImpl.groovy:696)
	at io.restassured.internal.ResponseSpecificationImpl.this$2$validateResponseIfRequired(ResponseSpecificationImpl.groovy)
	at java.base/jdk.internal.reflect.DirectMethodHandleAccessor.invoke(DirectMethodHandleAccessor.java:103)
	at java.base/java.lang.reflect.Method.invoke(Method.java:580)
	at org.codehaus.groovy.runtime.callsite.PlainObjectMetaMethodSite.doInvoke(PlainObjectMetaMethodSite.java:43)
	at org.codehaus.groovy.runtime.callsite.PogoMetaMethodSite$PogoCachedMethodSiteNoUnwrapNoCoerce.invoke(PogoMetaMethodSite.java:198)
	at org.codehaus.groovy.runtime.callsite.PogoMetaMethodSite.callCurrent(PogoMetaMethodSite.java:62)
	at org.codehaus.groovy.runtime.callsite.AbstractCallSite.callCurrent(AbstractCallSite.java:185)
	at io.restassured.internal.ResponseSpecificationImpl.statusCode(ResponseSpecificationImpl.groovy:135)
	at io.restassured.internal.ValidatableResponseOptionsImpl.statusCode(ValidatableResponseOptionsImpl.java:84)
	at com.emmanuelarhu.tests.ProductsApiTest.testCreateProductWithNegativePrice(ProductsApiTest.java:244)
	at java.base/jdk.internal.reflect.DirectMethodHandleAccessor.invoke(DirectMethodHandleAccessor.java:103)
	at java.base/java.lang.reflect.Method.invoke(Method.java:580)
	at org.testng.internal.invokers.MethodInvocationHelper.invokeMethod(MethodInvocationHelper.java:139)
	at org.testng.internal.invokers.TestInvoker.invokeMethod(TestInvoker.java:664)
	at org.testng.internal.invokers.TestInvoker.invokeTestMethod(TestInvoker.java:227)
	at org.testng.internal.invokers.MethodRunner.runInSequence(MethodRunner.java:50)
	at org.testng.internal.invokers.TestInvoker$MethodInvocationAgent.invoke(TestInvoker.java:957)
	at org.testng.internal.invokers.TestInvoker.invokeTestMethods(TestInvoker.java:200)
	at org.testng.internal.invokers.TestMethodWorker.invokeTestMethods(TestMethodWorker.java:148)
	at org.testng.internal.invokers.TestMethodWorker.run(TestMethodWorker.java:128)
	at java.base/java.util.ArrayList.forEach(ArrayList.java:1596)
	at org.testng.TestRunner.privateRun(TestRunner.java:848)
	at org.testng.TestRunner.run(TestRunner.java:621)
	at org.testng.SuiteRunner.runTest(SuiteRunner.java:443)
	at org.testng.SuiteRunner.runSequentially(SuiteRunner.java:437)
	at org.testng.SuiteRunner.privateRun(SuiteRunner.java:397)
	at org.testng.SuiteRunner.run(SuiteRunner.java:336)
	at org.testng.SuiteRunnerWorker.runSuite(SuiteRunnerWorker.java:52)
	at org.testng.SuiteRunnerWorker.run(SuiteRunnerWorker.java:95)
	at org.testng.TestNG.runSuitesSequentially(TestNG.java:1280)
	at org.testng.TestNG.runSuitesLocally(TestNG.java:1200)
	at org.testng.TestNG.runSuites(TestNG.java:1114)
	at org.testng.TestNG.run(TestNG.java:1082)
	at org.apache.maven.surefire.testng.TestNGExecutor.run(TestNGExecutor.java:155)
	at org.apache.maven.surefire.testng.TestNGDirectoryTestSuite.executeMulti(TestNGDirectoryTestSuite.java:169)
	at org.apache.maven.surefire.testng.TestNGDirectoryTestSuite.execute(TestNGDirectoryTestSuite.java:88)
	at org.apache.maven.surefire.testng.TestNGProvider.invoke(TestNGProvider.java:137)
	at org.apache.maven.surefire.booter.ForkedBooter.runSuitesInProcess(ForkedBooter.java:385)
	at org.apache.maven.surefire.booter.ForkedBooter.execute(ForkedBooter.java:162)
	at org.apache.maven.surefire.booter.ForkedBooter.run(ForkedBooter.java:507)
	at org.apache.maven.surefire.booter.ForkedBooter.main(ForkedBooter.java:495)
]]></failure>
    <system-out><![CDATA[🚀 Starting test execution...
📋 Testing POST /products with negative/zero price: -Infinity
]]></system-out>
  </testcase>
  <testcase name="testUpdateProductWithValidData[1, Product{id=1, title=&apos;Updated Product 1&apos;, price=199.99, description=&apos;Updated description&apos;, category=&apos;electronics&apos;, image=&apos;https://example.com/updated1.jpg&apos;}](1)" classname="com.emmanuelarhu.tests.ProductsApiTest" time="0.563">
    <system-out><![CDATA[🚀 Starting test execution...
📋 Testing PUT /products/1 with valid data
HTTP/1.1 200 OK
Date: Fri, 15 Aug 2025 13:51:51 GMT
Content-Type: application/json; charset=utf-8
Transfer-Encoding: chunked
Connection: keep-alive
Access-Control-Allow-Origin: *
Etag: W/"9b-mMGMykUkasX/oeW6s+6Xioxoz9g"
X-Powered-By: Express
Cf-Cache-Status: DYNAMIC
Nel: {"report_to":"cf-nel","success_fraction":0.0,"max_age":604800}
Report-To: {"group":"cf-nel","max_age":604800,"endpoints":[{"url":"https://a.nel.cloudflare.com/report/v4?s=GqEysznD3AUI344%2BKo1svazNxWX0nU6lqMH23fw4zV77JtF9XPwqLGbZZF%2FUVJxUHEGa%2BfXZc%2FciYblAWjpTOQtpKazdWdJFOdzg8tFEB14%3D"}]}
Content-Encoding: gzip
Server: cloudflare
CF-RAY: 96f92b4a49ce6f76-CDG
alt-svc: h3=":443"; ma=86400

{
    "id": 1,
    "title": "Updated Product 1",
    "price": 199.99,
    "description": "Updated description",
    "image": "https://example.com/updated1.jpg",
    "category": "electronics"
}
]]></system-out>
  </testcase>
  <testcase name="testUpdateProductWithValidData[2, Product{id=2, title=&apos;Updated Product 2&apos;, price=299.99, description=&apos;Updated description&apos;, category=&apos;jewelery&apos;, image=&apos;https://example.com/updated2.jpg&apos;}](2)" classname="com.emmanuelarhu.tests.ProductsApiTest" time="0.479">
    <system-out><![CDATA[🚀 Starting test execution...
📋 Testing PUT /products/2 with valid data
HTTP/1.1 200 OK
Date: Fri, 15 Aug 2025 13:51:52 GMT
Content-Type: application/json; charset=utf-8
Transfer-Encoding: chunked
Connection: keep-alive
Access-Control-Allow-Origin: *
Etag: W/"98-Mwp6fra3wvan/hYdyF5V8u45wxo"
X-Powered-By: Express
Cf-Cache-Status: DYNAMIC
Nel: {"report_to":"cf-nel","success_fraction":0.0,"max_age":604800}
Report-To: {"group":"cf-nel","max_age":604800,"endpoints":[{"url":"https://a.nel.cloudflare.com/report/v4?s=HHfy6IiDh0NrwhXgfbPPxcJ14tVLor3PRhftZEAPSqpXlVK7zadLwN6ATzeCnALEJx%2Bt0xvrq0DHb5KHwCw2zY9RKuuhSN9j2WUr5fnoxzA%3D"}]}
Content-Encoding: gzip
Server: cloudflare
CF-RAY: 96f92b4dcb7df6dd-CDG
alt-svc: h3=":443"; ma=86400

{
    "id": 2,
    "title": "Updated Product 2",
    "price": 299.99,
    "description": "Updated description",
    "image": "https://example.com/updated2.jpg",
    "category": "jewelery"
}
]]></system-out>
  </testcase>
  <testcase name="testUpdateProductWithValidData[3, Product{id=3, title=&apos;Updated Product 3&apos;, price=399.99, description=&apos;Updated description&apos;, category=&apos;men&apos;s clothing&apos;, image=&apos;https://example.com/updated3.jpg&apos;}](3)" classname="com.emmanuelarhu.tests.ProductsApiTest" time="0.517">
    <system-out><![CDATA[🚀 Starting test execution...
📋 Testing PUT /products/3 with valid data
HTTP/1.1 200 OK
Date: Fri, 15 Aug 2025 13:51:52 GMT
Content-Type: application/json; charset=utf-8
Transfer-Encoding: chunked
Connection: keep-alive
Access-Control-Allow-Origin: *
Etag: W/"9e-HjFFrZhI6hwM6WIzdxWE/KXRRlE"
X-Powered-By: Express
Cf-Cache-Status: DYNAMIC
Nel: {"report_to":"cf-nel","success_fraction":0.0,"max_age":604800}
Report-To: {"group":"cf-nel","max_age":604800,"endpoints":[{"url":"https://a.nel.cloudflare.com/report/v4?s=Kx79CTHPs8ENwNbiFIDXvSBBDweSiw%2BeDX%2F%2Bp73xTYAviw3%2Bi8fU%2BCEO4voC9Kfib9wiq1SS5OQHYLv2wUZoOmXhb0FDBdoH4lRkn3EzNAo%3D"}]}
Content-Encoding: gzip
Server: cloudflare
CF-RAY: 96f92b516cfcc262-CDG
alt-svc: h3=":443"; ma=86400

{
    "id": 3,
    "title": "Updated Product 3",
    "price": 399.99,
    "description": "Updated description",
    "image": "https://example.com/updated3.jpg",
    "category": "men's clothing"
}
]]></system-out>
  </testcase>
  <testcase name="testUpdateNonExistentProduct" classname="com.emmanuelarhu.tests.ProductsApiTest" time="0.508">
    <system-out><![CDATA[🚀 Starting test execution...
📋 Testing PUT /products/9999 (non-existent)
HTTP/1.1 200 OK
Date: Fri, 15 Aug 2025 13:51:53 GMT
Content-Type: application/json; charset=utf-8
Transfer-Encoding: chunked
Connection: keep-alive
Access-Control-Allow-Origin: *
Etag: W/"a4-ZvwQu18ToH9lbVjmkD3LyFKGB/U"
X-Powered-By: Express
Cf-Cache-Status: DYNAMIC
Nel: {"report_to":"cf-nel","success_fraction":0.0,"max_age":604800}
Report-To: {"group":"cf-nel","max_age":604800,"endpoints":[{"url":"https://a.nel.cloudflare.com/report/v4?s=vcfp2MhDUaXQ0AzYHIUTtoqdzgQMjZkOgv0vkQQ4LySsR54DtXWAZqDjmvEEL1LQkTYWYixJZJ1PW%2BJ%2BUoc0N0ZuobOu1%2BV0C5K1VU9mJ0k%3D"}]}
Content-Encoding: gzip
Server: cloudflare
CF-RAY: 96f92b54cb4a0166-CDG
alt-svc: h3=":443"; ma=86400

{
    "id": 9999,
    "title": "Non-existent Product",
    "price": 99.99,
    "description": "This product doesn't exist",
    "image": "https://example.com/image.jpg",
    "category": "electronics"
}
]]></system-out>
  </testcase>
  <testcase name="testUpdateProductWithInvalidPrice" classname="com.emmanuelarhu.tests.ProductsApiTest" time="0.489">
    <failure message="1 expectation failed.&#10;Expected status code (&lt;400&gt; or &lt;422&gt; or &lt;403&gt;) but was &lt;200&gt;.&#10;" type="java.lang.AssertionError"><![CDATA[java.lang.AssertionError: 
1 expectation failed.
Expected status code (<400> or <422> or <403>) but was <200>.

	at java.base/jdk.internal.reflect.DirectConstructorHandleAccessor.newInstance(DirectConstructorHandleAccessor.java:62)
	at java.base/java.lang.reflect.Constructor.newInstanceWithCaller(Constructor.java:502)
	at java.base/java.lang.reflect.Constructor.newInstance(Constructor.java:486)
	at org.codehaus.groovy.reflection.CachedConstructor.invoke(CachedConstructor.java:73)
	at org.codehaus.groovy.runtime.callsite.ConstructorSite$ConstructorSiteNoUnwrapNoCoerce.callConstructor(ConstructorSite.java:108)
	at org.codehaus.groovy.runtime.callsite.AbstractCallSite.callConstructor(AbstractCallSite.java:277)
	at io.restassured.internal.ResponseSpecificationImpl$HamcrestAssertionClosure.validate(ResponseSpecificationImpl.groovy:512)
	at io.restassured.internal.ResponseSpecificationImpl$HamcrestAssertionClosure$validate$1.call(Unknown Source)
	at io.restassured.internal.ResponseSpecificationImpl.validateResponseIfRequired(ResponseSpecificationImpl.groovy:696)
	at io.restassured.internal.ResponseSpecificationImpl.this$2$validateResponseIfRequired(ResponseSpecificationImpl.groovy)
	at java.base/jdk.internal.reflect.DirectMethodHandleAccessor.invoke(DirectMethodHandleAccessor.java:103)
	at java.base/java.lang.reflect.Method.invoke(Method.java:580)
	at org.codehaus.groovy.runtime.callsite.PlainObjectMetaMethodSite.doInvoke(PlainObjectMetaMethodSite.java:43)
	at org.codehaus.groovy.runtime.callsite.PogoMetaMethodSite$PogoCachedMethodSiteNoUnwrapNoCoerce.invoke(PogoMetaMethodSite.java:198)
	at org.codehaus.groovy.runtime.callsite.PogoMetaMethodSite.callCurrent(PogoMetaMethodSite.java:62)
	at org.codehaus.groovy.runtime.callsite.AbstractCallSite.callCurrent(AbstractCallSite.java:185)
	at io.restassured.internal.ResponseSpecificationImpl.statusCode(ResponseSpecificationImpl.groovy:135)
	at io.restassured.internal.ValidatableResponseOptionsImpl.statusCode(ValidatableResponseOptionsImpl.java:84)
	at com.emmanuelarhu.tests.ProductsApiTest.testUpdateProductWithInvalidPrice(ProductsApiTest.java:315)
	at java.base/jdk.internal.reflect.DirectMethodHandleAccessor.invoke(DirectMethodHandleAccessor.java:103)
	at java.base/java.lang.reflect.Method.invoke(Method.java:580)
	at org.testng.internal.invokers.MethodInvocationHelper.invokeMethod(MethodInvocationHelper.java:139)
	at org.testng.internal.invokers.TestInvoker.invokeMethod(TestInvoker.java:664)
	at org.testng.internal.invokers.TestInvoker.invokeTestMethod(TestInvoker.java:227)
	at org.testng.internal.invokers.MethodRunner.runInSequence(MethodRunner.java:50)
	at org.testng.internal.invokers.TestInvoker$MethodInvocationAgent.invoke(TestInvoker.java:957)
	at org.testng.internal.invokers.TestInvoker.invokeTestMethods(TestInvoker.java:200)
	at org.testng.internal.invokers.TestMethodWorker.invokeTestMethods(TestMethodWorker.java:148)
	at org.testng.internal.invokers.TestMethodWorker.run(TestMethodWorker.java:128)
	at java.base/java.util.ArrayList.forEach(ArrayList.java:1596)
	at org.testng.TestRunner.privateRun(TestRunner.java:848)
	at org.testng.TestRunner.run(TestRunner.java:621)
	at org.testng.SuiteRunner.runTest(SuiteRunner.java:443)
	at org.testng.SuiteRunner.runSequentially(SuiteRunner.java:437)
	at org.testng.SuiteRunner.privateRun(SuiteRunner.java:397)
	at org.testng.SuiteRunner.run(SuiteRunner.java:336)
	at org.testng.SuiteRunnerWorker.runSuite(SuiteRunnerWorker.java:52)
	at org.testng.SuiteRunnerWorker.run(SuiteRunnerWorker.java:95)
	at org.testng.TestNG.runSuitesSequentially(TestNG.java:1280)
	at org.testng.TestNG.runSuitesLocally(TestNG.java:1200)
	at org.testng.TestNG.runSuites(TestNG.java:1114)
	at org.testng.TestNG.run(TestNG.java:1082)
	at org.apache.maven.surefire.testng.TestNGExecutor.run(TestNGExecutor.java:155)
	at org.apache.maven.surefire.testng.TestNGDirectoryTestSuite.executeMulti(TestNGDirectoryTestSuite.java:169)
	at org.apache.maven.surefire.testng.TestNGDirectoryTestSuite.execute(TestNGDirectoryTestSuite.java:88)
	at org.apache.maven.surefire.testng.TestNGProvider.invoke(TestNGProvider.java:137)
	at org.apache.maven.surefire.booter.ForkedBooter.runSuitesInProcess(ForkedBooter.java:385)
	at org.apache.maven.surefire.booter.ForkedBooter.execute(ForkedBooter.java:162)
	at org.apache.maven.surefire.booter.ForkedBooter.run(ForkedBooter.java:507)
	at org.apache.maven.surefire.booter.ForkedBooter.main(ForkedBooter.java:495)
]]></failure>
    <system-out><![CDATA[🚀 Starting test execution...
📋 Testing PUT /products/1 with invalid price
]]></system-out>
  </testcase>
  <testcase name="testDeleteExistingProduct" classname="com.emmanuelarhu.tests.ProductsApiTest" time="0.622">
    <system-out><![CDATA[🚀 Starting test execution...
📋 Testing DELETE /products/1
HTTP/1.1 200 OK
Date: Fri, 15 Aug 2025 13:51:54 GMT
Content-Type: application/json; charset=utf-8
Transfer-Encoding: chunked
Connection: keep-alive
Access-Control-Allow-Origin: *
Etag: W/"16c-MMdrqY6N0sTiefLdsgtBej9eunY"
X-Powered-By: Express
Cf-Cache-Status: DYNAMIC
Nel: {"report_to":"cf-nel","success_fraction":0.0,"max_age":604800}
Report-To: {"group":"cf-nel","max_age":604800,"endpoints":[{"url":"https://a.nel.cloudflare.com/report/v4?s=BxfWP79UB%2B9gJ3YFlZd5n%2B0h6uKGocPrPPdBuQZiZwZa8z%2Fq1j%2F8fSvlBAjagW8VqqIqLdpq9eCTmzCeeixV323UGObRDAlvNg0HJvJEW%2FY%3D"}]}
Content-Encoding: gzip
Server: cloudflare
CF-RAY: 96f92b5bfa03f82e-CDG
alt-svc: h3=":443"; ma=86400

{
    "id": 1,
    "title": "Fjallraven - Foldsack No. 1 Backpack, Fits 15 Laptops",
    "price": 109.95,
    "description": "Your perfect pack for everyday use and walks in the forest. Stash your laptop (up to 15 inches) in the padded sleeve, your everyday",
    "category": "men's clothing",
    "image": "https://fakestoreapi.com/img/81fPKd-2AYL._AC_SL1500_.jpg",
    "rating": {
        "rate": 3.9,
        "count": 120
    }
}
]]></system-out>
  </testcase>
  <testcase name="testDeleteNonExistentProduct" classname="com.emmanuelarhu.tests.ProductsApiTest" time="0.663">
    <system-out><![CDATA[🚀 Starting test execution...
📋 Testing DELETE /products/9999 (non-existent)
HTTP/1.1 200 OK
Date: Fri, 15 Aug 2025 13:51:55 GMT
Content-Type: application/json; charset=utf-8
Transfer-Encoding: chunked
Connection: keep-alive
Access-Control-Allow-Origin: *
Etag: W/"4-K+iMpCQsduglOsYkdIUQZQMtaDM"
X-Powered-By: Express
Cf-Cache-Status: DYNAMIC
Nel: {"report_to":"cf-nel","success_fraction":0.0,"max_age":604800}
Report-To: {"group":"cf-nel","max_age":604800,"endpoints":[{"url":"https://a.nel.cloudflare.com/report/v4?s=2946%2FqmiBmGV0NPJ8YyGIGNg%2B5uyLih1hJRPth9y50TTaoA4B7X9r3T9SjrNlRAb1PHUcynCuRM%2BOmv9%2FWfUi8srQTSwNXwoz0CEg4KvaBU%3D"}]}
Content-Encoding: gzip
Server: cloudflare
CF-RAY: 96f92b6078308156-CDG
alt-svc: h3=":443"; ma=86400

null
]]></system-out>
  </testcase>
  <testcase name="testDeleteProductWithInvalidId" classname="com.emmanuelarhu.tests.ProductsApiTest" time="0.652">
    <system-out><![CDATA[🚀 Starting test execution...
📋 Testing DELETE /products/invalid
HTTP/1.1 400 Bad Request
Date: Fri, 15 Aug 2025 13:51:55 GMT
Content-Type: application/json; charset=utf-8
Content-Length: 60
Connection: keep-alive
Access-Control-Allow-Origin: *
Etag: W/"3c-qDWc7CBSCdcHfGFZgGwxOqVw5sM"
X-Powered-By: Express
Cf-Cache-Status: DYNAMIC
Nel: {"report_to":"cf-nel","success_fraction":0.0,"max_age":604800}
Report-To: {"group":"cf-nel","max_age":604800,"endpoints":[{"url":"https://a.nel.cloudflare.com/report/v4?s=IB4ouxNIffQ8TpmamcxLR0n8Yye%2FkjHjJFyjhPrcwiDEGxEX6KV3rSX%2BjfU4N1FVeIUuAXBjz8UZP5exRjNuaTLCocuGcmUg%2BFBYWt%2F%2BLns%3D"}]}
Server: cloudflare
CF-RAY: 96f92b64ed976f96-CDG
alt-svc: h3=":443"; ma=86400

{
    "status": "error",
    "message": "product id should be provided"
}
]]></system-out>
  </testcase>
  <testcase name="testSqlInjectionProtection[1&apos; OR &apos;1&apos;=&apos;1](1)" classname="com.emmanuelarhu.tests.ProductsApiTest" time="0.727">
    <failure message="1 expectation failed.&#10;Expected status code (&lt;400&gt; or &lt;404&gt; or &lt;403&gt;) but was &lt;200&gt;.&#10;" type="java.lang.AssertionError"><![CDATA[java.lang.AssertionError: 
1 expectation failed.
Expected status code (<400> or <404> or <403>) but was <200>.

	at java.base/jdk.internal.reflect.DirectConstructorHandleAccessor.newInstance(DirectConstructorHandleAccessor.java:62)
	at java.base/java.lang.reflect.Constructor.newInstanceWithCaller(Constructor.java:502)
	at java.base/java.lang.reflect.Constructor.newInstance(Constructor.java:486)
	at org.codehaus.groovy.reflection.CachedConstructor.invoke(CachedConstructor.java:73)
	at org.codehaus.groovy.runtime.callsite.ConstructorSite$ConstructorSiteNoUnwrapNoCoerce.callConstructor(ConstructorSite.java:108)
	at org.codehaus.groovy.runtime.callsite.AbstractCallSite.callConstructor(AbstractCallSite.java:277)
	at io.restassured.internal.ResponseSpecificationImpl$HamcrestAssertionClosure.validate(ResponseSpecificationImpl.groovy:512)
	at io.restassured.internal.ResponseSpecificationImpl$HamcrestAssertionClosure$validate$1.call(Unknown Source)
	at io.restassured.internal.ResponseSpecificationImpl.validateResponseIfRequired(ResponseSpecificationImpl.groovy:696)
	at io.restassured.internal.ResponseSpecificationImpl.this$2$validateResponseIfRequired(ResponseSpecificationImpl.groovy)
	at java.base/jdk.internal.reflect.DirectMethodHandleAccessor.invoke(DirectMethodHandleAccessor.java:103)
	at java.base/java.lang.reflect.Method.invoke(Method.java:580)
	at org.codehaus.groovy.runtime.callsite.PlainObjectMetaMethodSite.doInvoke(PlainObjectMetaMethodSite.java:43)
	at org.codehaus.groovy.runtime.callsite.PogoMetaMethodSite$PogoCachedMethodSiteNoUnwrapNoCoerce.invoke(PogoMetaMethodSite.java:198)
	at org.codehaus.groovy.runtime.callsite.PogoMetaMethodSite.callCurrent(PogoMetaMethodSite.java:62)
	at org.codehaus.groovy.runtime.callsite.AbstractCallSite.callCurrent(AbstractCallSite.java:185)
	at io.restassured.internal.ResponseSpecificationImpl.statusCode(ResponseSpecificationImpl.groovy:135)
	at io.restassured.internal.ValidatableResponseOptionsImpl.statusCode(ValidatableResponseOptionsImpl.java:84)
	at com.emmanuelarhu.tests.ProductsApiTest.testSqlInjectionProtection(ProductsApiTest.java:400)
	at java.base/jdk.internal.reflect.DirectMethodHandleAccessor.invoke(DirectMethodHandleAccessor.java:103)
	at java.base/java.lang.reflect.Method.invoke(Method.java:580)
	at org.testng.internal.invokers.MethodInvocationHelper.invokeMethod(MethodInvocationHelper.java:139)
	at org.testng.internal.invokers.TestInvoker.invokeMethod(TestInvoker.java:664)
	at org.testng.internal.invokers.TestInvoker.invokeTestMethod(TestInvoker.java:227)
	at org.testng.internal.invokers.MethodRunner.runInSequence(MethodRunner.java:50)
	at org.testng.internal.invokers.TestInvoker$MethodInvocationAgent.invoke(TestInvoker.java:957)
	at org.testng.internal.invokers.TestInvoker.invokeTestMethods(TestInvoker.java:200)
	at org.testng.internal.invokers.TestMethodWorker.invokeTestMethods(TestMethodWorker.java:148)
	at org.testng.internal.invokers.TestMethodWorker.run(TestMethodWorker.java:128)
	at java.base/java.util.ArrayList.forEach(ArrayList.java:1596)
	at org.testng.TestRunner.privateRun(TestRunner.java:848)
	at org.testng.TestRunner.run(TestRunner.java:621)
	at org.testng.SuiteRunner.runTest(SuiteRunner.java:443)
	at org.testng.SuiteRunner.runSequentially(SuiteRunner.java:437)
	at org.testng.SuiteRunner.privateRun(SuiteRunner.java:397)
	at org.testng.SuiteRunner.run(SuiteRunner.java:336)
	at org.testng.SuiteRunnerWorker.runSuite(SuiteRunnerWorker.java:52)
	at org.testng.SuiteRunnerWorker.run(SuiteRunnerWorker.java:95)
	at org.testng.TestNG.runSuitesSequentially(TestNG.java:1280)
	at org.testng.TestNG.runSuitesLocally(TestNG.java:1200)
	at org.testng.TestNG.runSuites(TestNG.java:1114)
	at org.testng.TestNG.run(TestNG.java:1082)
	at org.apache.maven.surefire.testng.TestNGExecutor.run(TestNGExecutor.java:155)
	at org.apache.maven.surefire.testng.TestNGDirectoryTestSuite.executeMulti(TestNGDirectoryTestSuite.java:169)
	at org.apache.maven.surefire.testng.TestNGDirectoryTestSuite.execute(TestNGDirectoryTestSuite.java:88)
	at org.apache.maven.surefire.testng.TestNGProvider.invoke(TestNGProvider.java:137)
	at org.apache.maven.surefire.booter.ForkedBooter.runSuitesInProcess(ForkedBooter.java:385)
	at org.apache.maven.surefire.booter.ForkedBooter.execute(ForkedBooter.java:162)
	at org.apache.maven.surefire.booter.ForkedBooter.run(ForkedBooter.java:507)
	at org.apache.maven.surefire.booter.ForkedBooter.main(ForkedBooter.java:495)
]]></failure>
    <system-out><![CDATA[🚀 Starting test execution...
📋 Testing SQL injection protection with: 1' OR '1'='1
]]></system-out>
  </testcase>
  <testcase name="testSqlInjectionProtection[1; DROP TABLE products;](2)" classname="com.emmanuelarhu.tests.ProductsApiTest" time="0.588">
    <failure message="1 expectation failed.&#10;Expected status code (&lt;400&gt; or &lt;404&gt; or &lt;403&gt;) but was &lt;200&gt;.&#10;" type="java.lang.AssertionError"><![CDATA[java.lang.AssertionError: 
1 expectation failed.
Expected status code (<400> or <404> or <403>) but was <200>.

	at java.base/jdk.internal.reflect.DirectConstructorHandleAccessor.newInstance(DirectConstructorHandleAccessor.java:62)
	at java.base/java.lang.reflect.Constructor.newInstanceWithCaller(Constructor.java:502)
	at java.base/java.lang.reflect.Constructor.newInstance(Constructor.java:486)
	at org.codehaus.groovy.reflection.CachedConstructor.invoke(CachedConstructor.java:73)
	at org.codehaus.groovy.runtime.callsite.ConstructorSite$ConstructorSiteNoUnwrapNoCoerce.callConstructor(ConstructorSite.java:108)
	at org.codehaus.groovy.runtime.callsite.AbstractCallSite.callConstructor(AbstractCallSite.java:277)
	at io.restassured.internal.ResponseSpecificationImpl$HamcrestAssertionClosure.validate(ResponseSpecificationImpl.groovy:512)
	at io.restassured.internal.ResponseSpecificationImpl$HamcrestAssertionClosure$validate$1.call(Unknown Source)
	at io.restassured.internal.ResponseSpecificationImpl.validateResponseIfRequired(ResponseSpecificationImpl.groovy:696)
	at io.restassured.internal.ResponseSpecificationImpl.this$2$validateResponseIfRequired(ResponseSpecificationImpl.groovy)
	at java.base/jdk.internal.reflect.DirectMethodHandleAccessor.invoke(DirectMethodHandleAccessor.java:103)
	at java.base/java.lang.reflect.Method.invoke(Method.java:580)
	at org.codehaus.groovy.runtime.callsite.PlainObjectMetaMethodSite.doInvoke(PlainObjectMetaMethodSite.java:43)
	at org.codehaus.groovy.runtime.callsite.PogoMetaMethodSite$PogoCachedMethodSiteNoUnwrapNoCoerce.invoke(PogoMetaMethodSite.java:198)
	at org.codehaus.groovy.runtime.callsite.PogoMetaMethodSite.callCurrent(PogoMetaMethodSite.java:62)
	at org.codehaus.groovy.runtime.callsite.AbstractCallSite.callCurrent(AbstractCallSite.java:185)
	at io.restassured.internal.ResponseSpecificationImpl.statusCode(ResponseSpecificationImpl.groovy:135)
	at io.restassured.internal.ValidatableResponseOptionsImpl.statusCode(ValidatableResponseOptionsImpl.java:84)
	at com.emmanuelarhu.tests.ProductsApiTest.testSqlInjectionProtection(ProductsApiTest.java:400)
	at java.base/jdk.internal.reflect.DirectMethodHandleAccessor.invoke(DirectMethodHandleAccessor.java:103)
	at java.base/java.lang.reflect.Method.invoke(Method.java:580)
	at org.testng.internal.invokers.MethodInvocationHelper.invokeMethod(MethodInvocationHelper.java:139)
	at org.testng.internal.invokers.TestInvoker.invokeMethod(TestInvoker.java:664)
	at org.testng.internal.invokers.TestInvoker.invokeTestMethod(TestInvoker.java:227)
	at org.testng.internal.invokers.MethodRunner.runInSequence(MethodRunner.java:50)
	at org.testng.internal.invokers.TestInvoker$MethodInvocationAgent.invoke(TestInvoker.java:957)
	at org.testng.internal.invokers.TestInvoker.invokeTestMethods(TestInvoker.java:200)
	at org.testng.internal.invokers.TestMethodWorker.invokeTestMethods(TestMethodWorker.java:148)
	at org.testng.internal.invokers.TestMethodWorker.run(TestMethodWorker.java:128)
	at java.base/java.util.ArrayList.forEach(ArrayList.java:1596)
	at org.testng.TestRunner.privateRun(TestRunner.java:848)
	at org.testng.TestRunner.run(TestRunner.java:621)
	at org.testng.SuiteRunner.runTest(SuiteRunner.java:443)
	at org.testng.SuiteRunner.runSequentially(SuiteRunner.java:437)
	at org.testng.SuiteRunner.privateRun(SuiteRunner.java:397)
	at org.testng.SuiteRunner.run(SuiteRunner.java:336)
	at org.testng.SuiteRunnerWorker.runSuite(SuiteRunnerWorker.java:52)
	at org.testng.SuiteRunnerWorker.run(SuiteRunnerWorker.java:95)
	at org.testng.TestNG.runSuitesSequentially(TestNG.java:1280)
	at org.testng.TestNG.runSuitesLocally(TestNG.java:1200)
	at org.testng.TestNG.runSuites(TestNG.java:1114)
	at org.testng.TestNG.run(TestNG.java:1082)
	at org.apache.maven.surefire.testng.TestNGExecutor.run(TestNGExecutor.java:155)
	at org.apache.maven.surefire.testng.TestNGDirectoryTestSuite.executeMulti(TestNGDirectoryTestSuite.java:169)
	at org.apache.maven.surefire.testng.TestNGDirectoryTestSuite.execute(TestNGDirectoryTestSuite.java:88)
	at org.apache.maven.surefire.testng.TestNGProvider.invoke(TestNGProvider.java:137)
	at org.apache.maven.surefire.booter.ForkedBooter.runSuitesInProcess(ForkedBooter.java:385)
	at org.apache.maven.surefire.booter.ForkedBooter.execute(ForkedBooter.java:162)
	at org.apache.maven.surefire.booter.ForkedBooter.run(ForkedBooter.java:507)
	at org.apache.maven.surefire.booter.ForkedBooter.main(ForkedBooter.java:495)
]]></failure>
    <system-out><![CDATA[🚀 Starting test execution...
📋 Testing SQL injection protection with: 1; DROP TABLE products;
]]></system-out>
  </testcase>
  <testcase name="testSqlInjectionProtection[1&apos; UNION SELECT * FROM products--](3)" classname="com.emmanuelarhu.tests.ProductsApiTest" time="0.548">
    <failure message="1 expectation failed.&#10;Expected status code (&lt;400&gt; or &lt;404&gt; or &lt;403&gt;) but was &lt;200&gt;.&#10;" type="java.lang.AssertionError"><![CDATA[java.lang.AssertionError: 
1 expectation failed.
Expected status code (<400> or <404> or <403>) but was <200>.

	at java.base/jdk.internal.reflect.DirectConstructorHandleAccessor.newInstance(DirectConstructorHandleAccessor.java:62)
	at java.base/java.lang.reflect.Constructor.newInstanceWithCaller(Constructor.java:502)
	at java.base/java.lang.reflect.Constructor.newInstance(Constructor.java:486)
	at org.codehaus.groovy.reflection.CachedConstructor.invoke(CachedConstructor.java:73)
	at org.codehaus.groovy.runtime.callsite.ConstructorSite$ConstructorSiteNoUnwrapNoCoerce.callConstructor(ConstructorSite.java:108)
	at org.codehaus.groovy.runtime.callsite.AbstractCallSite.callConstructor(AbstractCallSite.java:277)
	at io.restassured.internal.ResponseSpecificationImpl$HamcrestAssertionClosure.validate(ResponseSpecificationImpl.groovy:512)
	at io.restassured.internal.ResponseSpecificationImpl$HamcrestAssertionClosure$validate$1.call(Unknown Source)
	at io.restassured.internal.ResponseSpecificationImpl.validateResponseIfRequired(ResponseSpecificationImpl.groovy:696)
	at io.restassured.internal.ResponseSpecificationImpl.this$2$validateResponseIfRequired(ResponseSpecificationImpl.groovy)
	at java.base/jdk.internal.reflect.DirectMethodHandleAccessor.invoke(DirectMethodHandleAccessor.java:103)
	at java.base/java.lang.reflect.Method.invoke(Method.java:580)
	at org.codehaus.groovy.runtime.callsite.PlainObjectMetaMethodSite.doInvoke(PlainObjectMetaMethodSite.java:43)
	at org.codehaus.groovy.runtime.callsite.PogoMetaMethodSite$PogoCachedMethodSiteNoUnwrapNoCoerce.invoke(PogoMetaMethodSite.java:198)
	at org.codehaus.groovy.runtime.callsite.PogoMetaMethodSite.callCurrent(PogoMetaMethodSite.java:62)
	at org.codehaus.groovy.runtime.callsite.AbstractCallSite.callCurrent(AbstractCallSite.java:185)
	at io.restassured.internal.ResponseSpecificationImpl.statusCode(ResponseSpecificationImpl.groovy:135)
	at io.restassured.internal.ValidatableResponseOptionsImpl.statusCode(ValidatableResponseOptionsImpl.java:84)
	at com.emmanuelarhu.tests.ProductsApiTest.testSqlInjectionProtection(ProductsApiTest.java:400)
	at java.base/jdk.internal.reflect.DirectMethodHandleAccessor.invoke(DirectMethodHandleAccessor.java:103)
	at java.base/java.lang.reflect.Method.invoke(Method.java:580)
	at org.testng.internal.invokers.MethodInvocationHelper.invokeMethod(MethodInvocationHelper.java:139)
	at org.testng.internal.invokers.TestInvoker.invokeMethod(TestInvoker.java:664)
	at org.testng.internal.invokers.TestInvoker.invokeTestMethod(TestInvoker.java:227)
	at org.testng.internal.invokers.MethodRunner.runInSequence(MethodRunner.java:50)
	at org.testng.internal.invokers.TestInvoker$MethodInvocationAgent.invoke(TestInvoker.java:957)
	at org.testng.internal.invokers.TestInvoker.invokeTestMethods(TestInvoker.java:200)
	at org.testng.internal.invokers.TestMethodWorker.invokeTestMethods(TestMethodWorker.java:148)
	at org.testng.internal.invokers.TestMethodWorker.run(TestMethodWorker.java:128)
	at java.base/java.util.ArrayList.forEach(ArrayList.java:1596)
	at org.testng.TestRunner.privateRun(TestRunner.java:848)
	at org.testng.TestRunner.run(TestRunner.java:621)
	at org.testng.SuiteRunner.runTest(SuiteRunner.java:443)
	at org.testng.SuiteRunner.runSequentially(SuiteRunner.java:437)
	at org.testng.SuiteRunner.privateRun(SuiteRunner.java:397)
	at org.testng.SuiteRunner.run(SuiteRunner.java:336)
	at org.testng.SuiteRunnerWorker.runSuite(SuiteRunnerWorker.java:52)
	at org.testng.SuiteRunnerWorker.run(SuiteRunnerWorker.java:95)
	at org.testng.TestNG.runSuitesSequentially(TestNG.java:1280)
	at org.testng.TestNG.runSuitesLocally(TestNG.java:1200)
	at org.testng.TestNG.runSuites(TestNG.java:1114)
	at org.testng.TestNG.run(TestNG.java:1082)
	at org.apache.maven.surefire.testng.TestNGExecutor.run(TestNGExecutor.java:155)
	at org.apache.maven.surefire.testng.TestNGDirectoryTestSuite.executeMulti(TestNGDirectoryTestSuite.java:169)
	at org.apache.maven.surefire.testng.TestNGDirectoryTestSuite.execute(TestNGDirectoryTestSuite.java:88)
	at org.apache.maven.surefire.testng.TestNGProvider.invoke(TestNGProvider.java:137)
	at org.apache.maven.surefire.booter.ForkedBooter.runSuitesInProcess(ForkedBooter.java:385)
	at org.apache.maven.surefire.booter.ForkedBooter.execute(ForkedBooter.java:162)
	at org.apache.maven.surefire.booter.ForkedBooter.run(ForkedBooter.java:507)
	at org.apache.maven.surefire.booter.ForkedBooter.main(ForkedBooter.java:495)
]]></failure>
    <system-out><![CDATA[🚀 Starting test execution...
📋 Testing SQL injection protection with: 1' UNION SELECT * FROM products--
]]></system-out>
  </testcase>
  <testcase name="testSqlInjectionProtection[1&apos; OR 1=1--](4)" classname="com.emmanuelarhu.tests.ProductsApiTest" time="0.607">
    <failure message="1 expectation failed.&#10;Expected status code (&lt;400&gt; or &lt;404&gt; or &lt;403&gt;) but was &lt;200&gt;.&#10;" type="java.lang.AssertionError"><![CDATA[java.lang.AssertionError: 
1 expectation failed.
Expected status code (<400> or <404> or <403>) but was <200>.

	at java.base/jdk.internal.reflect.DirectConstructorHandleAccessor.newInstance(DirectConstructorHandleAccessor.java:62)
	at java.base/java.lang.reflect.Constructor.newInstanceWithCaller(Constructor.java:502)
	at java.base/java.lang.reflect.Constructor.newInstance(Constructor.java:486)
	at org.codehaus.groovy.reflection.CachedConstructor.invoke(CachedConstructor.java:73)
	at org.codehaus.groovy.runtime.callsite.ConstructorSite$ConstructorSiteNoUnwrapNoCoerce.callConstructor(ConstructorSite.java:108)
	at org.codehaus.groovy.runtime.callsite.AbstractCallSite.callConstructor(AbstractCallSite.java:277)
	at io.restassured.internal.ResponseSpecificationImpl$HamcrestAssertionClosure.validate(ResponseSpecificationImpl.groovy:512)
	at io.restassured.internal.ResponseSpecificationImpl$HamcrestAssertionClosure$validate$1.call(Unknown Source)
	at io.restassured.internal.ResponseSpecificationImpl.validateResponseIfRequired(ResponseSpecificationImpl.groovy:696)
	at io.restassured.internal.ResponseSpecificationImpl.this$2$validateResponseIfRequired(ResponseSpecificationImpl.groovy)
	at java.base/jdk.internal.reflect.DirectMethodHandleAccessor.invoke(DirectMethodHandleAccessor.java:103)
	at java.base/java.lang.reflect.Method.invoke(Method.java:580)
	at org.codehaus.groovy.runtime.callsite.PlainObjectMetaMethodSite.doInvoke(PlainObjectMetaMethodSite.java:43)
	at org.codehaus.groovy.runtime.callsite.PogoMetaMethodSite$PogoCachedMethodSiteNoUnwrapNoCoerce.invoke(PogoMetaMethodSite.java:198)
	at org.codehaus.groovy.runtime.callsite.PogoMetaMethodSite.callCurrent(PogoMetaMethodSite.java:62)
	at org.codehaus.groovy.runtime.callsite.AbstractCallSite.callCurrent(AbstractCallSite.java:185)
	at io.restassured.internal.ResponseSpecificationImpl.statusCode(ResponseSpecificationImpl.groovy:135)
	at io.restassured.internal.ValidatableResponseOptionsImpl.statusCode(ValidatableResponseOptionsImpl.java:84)
	at com.emmanuelarhu.tests.ProductsApiTest.testSqlInjectionProtection(ProductsApiTest.java:400)
	at java.base/jdk.internal.reflect.DirectMethodHandleAccessor.invoke(DirectMethodHandleAccessor.java:103)
	at java.base/java.lang.reflect.Method.invoke(Method.java:580)
	at org.testng.internal.invokers.MethodInvocationHelper.invokeMethod(MethodInvocationHelper.java:139)
	at org.testng.internal.invokers.TestInvoker.invokeMethod(TestInvoker.java:664)
	at org.testng.internal.invokers.TestInvoker.invokeTestMethod(TestInvoker.java:227)
	at org.testng.internal.invokers.MethodRunner.runInSequence(MethodRunner.java:50)
	at org.testng.internal.invokers.TestInvoker$MethodInvocationAgent.invoke(TestInvoker.java:957)
	at org.testng.internal.invokers.TestInvoker.invokeTestMethods(TestInvoker.java:200)
	at org.testng.internal.invokers.TestMethodWorker.invokeTestMethods(TestMethodWorker.java:148)
	at org.testng.internal.invokers.TestMethodWorker.run(TestMethodWorker.java:128)
	at java.base/java.util.ArrayList.forEach(ArrayList.java:1596)
	at org.testng.TestRunner.privateRun(TestRunner.java:848)
	at org.testng.TestRunner.run(TestRunner.java:621)
	at org.testng.SuiteRunner.runTest(SuiteRunner.java:443)
	at org.testng.SuiteRunner.runSequentially(SuiteRunner.java:437)
	at org.testng.SuiteRunner.privateRun(SuiteRunner.java:397)
	at org.testng.SuiteRunner.run(SuiteRunner.java:336)
	at org.testng.SuiteRunnerWorker.runSuite(SuiteRunnerWorker.java:52)
	at org.testng.SuiteRunnerWorker.run(SuiteRunnerWorker.java:95)
	at org.testng.TestNG.runSuitesSequentially(TestNG.java:1280)
	at org.testng.TestNG.runSuitesLocally(TestNG.java:1200)
	at org.testng.TestNG.runSuites(TestNG.java:1114)
	at org.testng.TestNG.run(TestNG.java:1082)
	at org.apache.maven.surefire.testng.TestNGExecutor.run(TestNGExecutor.java:155)
	at org.apache.maven.surefire.testng.TestNGDirectoryTestSuite.executeMulti(TestNGDirectoryTestSuite.java:169)
	at org.apache.maven.surefire.testng.TestNGDirectoryTestSuite.execute(TestNGDirectoryTestSuite.java:88)
	at org.apache.maven.surefire.testng.TestNGProvider.invoke(TestNGProvider.java:137)
	at org.apache.maven.surefire.booter.ForkedBooter.runSuitesInProcess(ForkedBooter.java:385)
	at org.apache.maven.surefire.booter.ForkedBooter.execute(ForkedBooter.java:162)
	at org.apache.maven.surefire.booter.ForkedBooter.run(ForkedBooter.java:507)
	at org.apache.maven.surefire.booter.ForkedBooter.main(ForkedBooter.java:495)
]]></failure>
    <system-out><![CDATA[🚀 Starting test execution...
📋 Testing SQL injection protection with: 1' OR 1=1--
]]></system-out>
  </testcase>
  <testcase name="testSqlInjectionProtection[admin&apos;--](5)" classname="com.emmanuelarhu.tests.ProductsApiTest" time="0.519">
    <failure message="1 expectation failed.&#10;Expected status code (&lt;400&gt; or &lt;404&gt; or &lt;403&gt;) but was &lt;200&gt;.&#10;" type="java.lang.AssertionError"><![CDATA[java.lang.AssertionError: 
1 expectation failed.
Expected status code (<400> or <404> or <403>) but was <200>.

	at java.base/jdk.internal.reflect.DirectConstructorHandleAccessor.newInstance(DirectConstructorHandleAccessor.java:62)
	at java.base/java.lang.reflect.Constructor.newInstanceWithCaller(Constructor.java:502)
	at java.base/java.lang.reflect.Constructor.newInstance(Constructor.java:486)
	at org.codehaus.groovy.reflection.CachedConstructor.invoke(CachedConstructor.java:73)
	at org.codehaus.groovy.runtime.callsite.ConstructorSite$ConstructorSiteNoUnwrapNoCoerce.callConstructor(ConstructorSite.java:108)
	at org.codehaus.groovy.runtime.callsite.AbstractCallSite.callConstructor(AbstractCallSite.java:277)
	at io.restassured.internal.ResponseSpecificationImpl$HamcrestAssertionClosure.validate(ResponseSpecificationImpl.groovy:512)
	at io.restassured.internal.ResponseSpecificationImpl$HamcrestAssertionClosure$validate$1.call(Unknown Source)
	at io.restassured.internal.ResponseSpecificationImpl.validateResponseIfRequired(ResponseSpecificationImpl.groovy:696)
	at io.restassured.internal.ResponseSpecificationImpl.this$2$validateResponseIfRequired(ResponseSpecificationImpl.groovy)
	at java.base/jdk.internal.reflect.DirectMethodHandleAccessor.invoke(DirectMethodHandleAccessor.java:103)
	at java.base/java.lang.reflect.Method.invoke(Method.java:580)
	at org.codehaus.groovy.runtime.callsite.PlainObjectMetaMethodSite.doInvoke(PlainObjectMetaMethodSite.java:43)
	at org.codehaus.groovy.runtime.callsite.PogoMetaMethodSite$PogoCachedMethodSiteNoUnwrapNoCoerce.invoke(PogoMetaMethodSite.java:198)
	at org.codehaus.groovy.runtime.callsite.PogoMetaMethodSite.callCurrent(PogoMetaMethodSite.java:62)
	at org.codehaus.groovy.runtime.callsite.AbstractCallSite.callCurrent(AbstractCallSite.java:185)
	at io.restassured.internal.ResponseSpecificationImpl.statusCode(ResponseSpecificationImpl.groovy:135)
	at io.restassured.internal.ValidatableResponseOptionsImpl.statusCode(ValidatableResponseOptionsImpl.java:84)
	at com.emmanuelarhu.tests.ProductsApiTest.testSqlInjectionProtection(ProductsApiTest.java:400)
	at java.base/jdk.internal.reflect.DirectMethodHandleAccessor.invoke(DirectMethodHandleAccessor.java:103)
	at java.base/java.lang.reflect.Method.invoke(Method.java:580)
	at org.testng.internal.invokers.MethodInvocationHelper.invokeMethod(MethodInvocationHelper.java:139)
	at org.testng.internal.invokers.TestInvoker.invokeMethod(TestInvoker.java:664)
	at org.testng.internal.invokers.TestInvoker.invokeTestMethod(TestInvoker.java:227)
	at org.testng.internal.invokers.MethodRunner.runInSequence(MethodRunner.java:50)
	at org.testng.internal.invokers.TestInvoker$MethodInvocationAgent.invoke(TestInvoker.java:957)
	at org.testng.internal.invokers.TestInvoker.invokeTestMethods(TestInvoker.java:200)
	at org.testng.internal.invokers.TestMethodWorker.invokeTestMethods(TestMethodWorker.java:148)
	at org.testng.internal.invokers.TestMethodWorker.run(TestMethodWorker.java:128)
	at java.base/java.util.ArrayList.forEach(ArrayList.java:1596)
	at org.testng.TestRunner.privateRun(TestRunner.java:848)
	at org.testng.TestRunner.run(TestRunner.java:621)
	at org.testng.SuiteRunner.runTest(SuiteRunner.java:443)
	at org.testng.SuiteRunner.runSequentially(SuiteRunner.java:437)
	at org.testng.SuiteRunner.privateRun(SuiteRunner.java:397)
	at org.testng.SuiteRunner.run(SuiteRunner.java:336)
	at org.testng.SuiteRunnerWorker.runSuite(SuiteRunnerWorker.java:52)
	at org.testng.SuiteRunnerWorker.run(SuiteRunnerWorker.java:95)
	at org.testng.TestNG.runSuitesSequentially(TestNG.java:1280)
	at org.testng.TestNG.runSuitesLocally(TestNG.java:1200)
	at org.testng.TestNG.runSuites(TestNG.java:1114)
	at org.testng.TestNG.run(TestNG.java:1082)
	at org.apache.maven.surefire.testng.TestNGExecutor.run(TestNGExecutor.java:155)
	at org.apache.maven.surefire.testng.TestNGDirectoryTestSuite.executeMulti(TestNGDirectoryTestSuite.java:169)
	at org.apache.maven.surefire.testng.TestNGDirectoryTestSuite.execute(TestNGDirectoryTestSuite.java:88)
	at org.apache.maven.surefire.testng.TestNGProvider.invoke(TestNGProvider.java:137)
	at org.apache.maven.surefire.booter.ForkedBooter.runSuitesInProcess(ForkedBooter.java:385)
	at org.apache.maven.surefire.booter.ForkedBooter.execute(ForkedBooter.java:162)
	at org.apache.maven.surefire.booter.ForkedBooter.run(ForkedBooter.java:507)
	at org.apache.maven.surefire.booter.ForkedBooter.main(ForkedBooter.java:495)
]]></failure>
    <system-out><![CDATA[🚀 Starting test execution...
📋 Testing SQL injection protection with: admin'--
]]></system-out>
  </testcase>
  <testcase name="testSqlInjectionProtection[&apos;; DELETE FROM products; --](6)" classname="com.emmanuelarhu.tests.ProductsApiTest" time="0.695">
    <failure message="1 expectation failed.&#10;Expected status code (&lt;400&gt; or &lt;404&gt; or &lt;403&gt;) but was &lt;200&gt;.&#10;" type="java.lang.AssertionError"><![CDATA[java.lang.AssertionError: 
1 expectation failed.
Expected status code (<400> or <404> or <403>) but was <200>.

	at java.base/jdk.internal.reflect.DirectConstructorHandleAccessor.newInstance(DirectConstructorHandleAccessor.java:62)
	at java.base/java.lang.reflect.Constructor.newInstanceWithCaller(Constructor.java:502)
	at java.base/java.lang.reflect.Constructor.newInstance(Constructor.java:486)
	at org.codehaus.groovy.reflection.CachedConstructor.invoke(CachedConstructor.java:73)
	at org.codehaus.groovy.runtime.callsite.ConstructorSite$ConstructorSiteNoUnwrapNoCoerce.callConstructor(ConstructorSite.java:108)
	at org.codehaus.groovy.runtime.callsite.AbstractCallSite.callConstructor(AbstractCallSite.java:277)
	at io.restassured.internal.ResponseSpecificationImpl$HamcrestAssertionClosure.validate(ResponseSpecificationImpl.groovy:512)
	at io.restassured.internal.ResponseSpecificationImpl$HamcrestAssertionClosure$validate$1.call(Unknown Source)
	at io.restassured.internal.ResponseSpecificationImpl.validateResponseIfRequired(ResponseSpecificationImpl.groovy:696)
	at io.restassured.internal.ResponseSpecificationImpl.this$2$validateResponseIfRequired(ResponseSpecificationImpl.groovy)
	at java.base/jdk.internal.reflect.DirectMethodHandleAccessor.invoke(DirectMethodHandleAccessor.java:103)
	at java.base/java.lang.reflect.Method.invoke(Method.java:580)
	at org.codehaus.groovy.runtime.callsite.PlainObjectMetaMethodSite.doInvoke(PlainObjectMetaMethodSite.java:43)
	at org.codehaus.groovy.runtime.callsite.PogoMetaMethodSite$PogoCachedMethodSiteNoUnwrapNoCoerce.invoke(PogoMetaMethodSite.java:198)
	at org.codehaus.groovy.runtime.callsite.PogoMetaMethodSite.callCurrent(PogoMetaMethodSite.java:62)
	at org.codehaus.groovy.runtime.callsite.AbstractCallSite.callCurrent(AbstractCallSite.java:185)
	at io.restassured.internal.ResponseSpecificationImpl.statusCode(ResponseSpecificationImpl.groovy:135)
	at io.restassured.internal.ValidatableResponseOptionsImpl.statusCode(ValidatableResponseOptionsImpl.java:84)
	at com.emmanuelarhu.tests.ProductsApiTest.testSqlInjectionProtection(ProductsApiTest.java:400)
	at java.base/jdk.internal.reflect.DirectMethodHandleAccessor.invoke(DirectMethodHandleAccessor.java:103)
	at java.base/java.lang.reflect.Method.invoke(Method.java:580)
	at org.testng.internal.invokers.MethodInvocationHelper.invokeMethod(MethodInvocationHelper.java:139)
	at org.testng.internal.invokers.TestInvoker.invokeMethod(TestInvoker.java:664)
	at org.testng.internal.invokers.TestInvoker.invokeTestMethod(TestInvoker.java:227)
	at org.testng.internal.invokers.MethodRunner.runInSequence(MethodRunner.java:50)
	at org.testng.internal.invokers.TestInvoker$MethodInvocationAgent.invoke(TestInvoker.java:957)
	at org.testng.internal.invokers.TestInvoker.invokeTestMethods(TestInvoker.java:200)
	at org.testng.internal.invokers.TestMethodWorker.invokeTestMethods(TestMethodWorker.java:148)
	at org.testng.internal.invokers.TestMethodWorker.run(TestMethodWorker.java:128)
	at java.base/java.util.ArrayList.forEach(ArrayList.java:1596)
	at org.testng.TestRunner.privateRun(TestRunner.java:848)
	at org.testng.TestRunner.run(TestRunner.java:621)
	at org.testng.SuiteRunner.runTest(SuiteRunner.java:443)
	at org.testng.SuiteRunner.runSequentially(SuiteRunner.java:437)
	at org.testng.SuiteRunner.privateRun(SuiteRunner.java:397)
	at org.testng.SuiteRunner.run(SuiteRunner.java:336)
	at org.testng.SuiteRunnerWorker.runSuite(SuiteRunnerWorker.java:52)
	at org.testng.SuiteRunnerWorker.run(SuiteRunnerWorker.java:95)
	at org.testng.TestNG.runSuitesSequentially(TestNG.java:1280)
	at org.testng.TestNG.runSuitesLocally(TestNG.java:1200)
	at org.testng.TestNG.runSuites(TestNG.java:1114)
	at org.testng.TestNG.run(TestNG.java:1082)
	at org.apache.maven.surefire.testng.TestNGExecutor.run(TestNGExecutor.java:155)
	at org.apache.maven.surefire.testng.TestNGDirectoryTestSuite.executeMulti(TestNGDirectoryTestSuite.java:169)
	at org.apache.maven.surefire.testng.TestNGDirectoryTestSuite.execute(TestNGDirectoryTestSuite.java:88)
	at org.apache.maven.surefire.testng.TestNGProvider.invoke(TestNGProvider.java:137)
	at org.apache.maven.surefire.booter.ForkedBooter.runSuitesInProcess(ForkedBooter.java:385)
	at org.apache.maven.surefire.booter.ForkedBooter.execute(ForkedBooter.java:162)
	at org.apache.maven.surefire.booter.ForkedBooter.run(ForkedBooter.java:507)
	at org.apache.maven.surefire.booter.ForkedBooter.main(ForkedBooter.java:495)
]]></failure>
    <system-out><![CDATA[🚀 Starting test execution...
📋 Testing SQL injection protection with: '; DELETE FROM products; --
]]></system-out>
  </testcase>
  <testcase name="testSqlInjectionProtection[1&apos; UNION SELECT id,title,price FROM products--](7)" classname="com.emmanuelarhu.tests.ProductsApiTest" time="0.46">
    <failure message="1 expectation failed.&#10;Expected status code (&lt;400&gt; or &lt;404&gt; or &lt;403&gt;) but was &lt;200&gt;.&#10;" type="java.lang.AssertionError"><![CDATA[java.lang.AssertionError: 
1 expectation failed.
Expected status code (<400> or <404> or <403>) but was <200>.

	at java.base/jdk.internal.reflect.DirectConstructorHandleAccessor.newInstance(DirectConstructorHandleAccessor.java:62)
	at java.base/java.lang.reflect.Constructor.newInstanceWithCaller(Constructor.java:502)
	at java.base/java.lang.reflect.Constructor.newInstance(Constructor.java:486)
	at org.codehaus.groovy.reflection.CachedConstructor.invoke(CachedConstructor.java:73)
	at org.codehaus.groovy.runtime.callsite.ConstructorSite$ConstructorSiteNoUnwrapNoCoerce.callConstructor(ConstructorSite.java:108)
	at org.codehaus.groovy.runtime.callsite.AbstractCallSite.callConstructor(AbstractCallSite.java:277)
	at io.restassured.internal.ResponseSpecificationImpl$HamcrestAssertionClosure.validate(ResponseSpecificationImpl.groovy:512)
	at io.restassured.internal.ResponseSpecificationImpl$HamcrestAssertionClosure$validate$1.call(Unknown Source)
	at io.restassured.internal.ResponseSpecificationImpl.validateResponseIfRequired(ResponseSpecificationImpl.groovy:696)
	at io.restassured.internal.ResponseSpecificationImpl.this$2$validateResponseIfRequired(ResponseSpecificationImpl.groovy)
	at java.base/jdk.internal.reflect.DirectMethodHandleAccessor.invoke(DirectMethodHandleAccessor.java:103)
	at java.base/java.lang.reflect.Method.invoke(Method.java:580)
	at org.codehaus.groovy.runtime.callsite.PlainObjectMetaMethodSite.doInvoke(PlainObjectMetaMethodSite.java:43)
	at org.codehaus.groovy.runtime.callsite.PogoMetaMethodSite$PogoCachedMethodSiteNoUnwrapNoCoerce.invoke(PogoMetaMethodSite.java:198)
	at org.codehaus.groovy.runtime.callsite.PogoMetaMethodSite.callCurrent(PogoMetaMethodSite.java:62)
	at org.codehaus.groovy.runtime.callsite.AbstractCallSite.callCurrent(AbstractCallSite.java:185)
	at io.restassured.internal.ResponseSpecificationImpl.statusCode(ResponseSpecificationImpl.groovy:135)
	at io.restassured.internal.ValidatableResponseOptionsImpl.statusCode(ValidatableResponseOptionsImpl.java:84)
	at com.emmanuelarhu.tests.ProductsApiTest.testSqlInjectionProtection(ProductsApiTest.java:400)
	at java.base/jdk.internal.reflect.DirectMethodHandleAccessor.invoke(DirectMethodHandleAccessor.java:103)
	at java.base/java.lang.reflect.Method.invoke(Method.java:580)
	at org.testng.internal.invokers.MethodInvocationHelper.invokeMethod(MethodInvocationHelper.java:139)
	at org.testng.internal.invokers.TestInvoker.invokeMethod(TestInvoker.java:664)
	at org.testng.internal.invokers.TestInvoker.invokeTestMethod(TestInvoker.java:227)
	at org.testng.internal.invokers.MethodRunner.runInSequence(MethodRunner.java:50)
	at org.testng.internal.invokers.TestInvoker$MethodInvocationAgent.invoke(TestInvoker.java:957)
	at org.testng.internal.invokers.TestInvoker.invokeTestMethods(TestInvoker.java:200)
	at org.testng.internal.invokers.TestMethodWorker.invokeTestMethods(TestMethodWorker.java:148)
	at org.testng.internal.invokers.TestMethodWorker.run(TestMethodWorker.java:128)
	at java.base/java.util.ArrayList.forEach(ArrayList.java:1596)
	at org.testng.TestRunner.privateRun(TestRunner.java:848)
	at org.testng.TestRunner.run(TestRunner.java:621)
	at org.testng.SuiteRunner.runTest(SuiteRunner.java:443)
	at org.testng.SuiteRunner.runSequentially(SuiteRunner.java:437)
	at org.testng.SuiteRunner.privateRun(SuiteRunner.java:397)
	at org.testng.SuiteRunner.run(SuiteRunner.java:336)
	at org.testng.SuiteRunnerWorker.runSuite(SuiteRunnerWorker.java:52)
	at org.testng.SuiteRunnerWorker.run(SuiteRunnerWorker.java:95)
	at org.testng.TestNG.runSuitesSequentially(TestNG.java:1280)
	at org.testng.TestNG.runSuitesLocally(TestNG.java:1200)
	at org.testng.TestNG.runSuites(TestNG.java:1114)
	at org.testng.TestNG.run(TestNG.java:1082)
	at org.apache.maven.surefire.testng.TestNGExecutor.run(TestNGExecutor.java:155)
	at org.apache.maven.surefire.testng.TestNGDirectoryTestSuite.executeMulti(TestNGDirectoryTestSuite.java:169)
	at org.apache.maven.surefire.testng.TestNGDirectoryTestSuite.execute(TestNGDirectoryTestSuite.java:88)
	at org.apache.maven.surefire.testng.TestNGProvider.invoke(TestNGProvider.java:137)
	at org.apache.maven.surefire.booter.ForkedBooter.runSuitesInProcess(ForkedBooter.java:385)
	at org.apache.maven.surefire.booter.ForkedBooter.execute(ForkedBooter.java:162)
	at org.apache.maven.surefire.booter.ForkedBooter.run(ForkedBooter.java:507)
	at org.apache.maven.surefire.booter.ForkedBooter.main(ForkedBooter.java:495)
]]></failure>
    <system-out><![CDATA[🚀 Starting test execution...
📋 Testing SQL injection protection with: 1' UNION SELECT id,title,price FROM products--
]]></system-out>
  </testcase>
  <testcase name="testCreateProductWithLongTitle" classname="com.emmanuelarhu.tests.ProductsApiTest" time="0.725">
    <failure message="1 expectation failed.&#10;Expected status code (&lt;400&gt; or &lt;401&gt; or &lt;422&gt; or &lt;403&gt;) but was &lt;201&gt;.&#10;" type="java.lang.AssertionError"><![CDATA[java.lang.AssertionError: 
1 expectation failed.
Expected status code (<400> or <401> or <422> or <403>) but was <201>.

	at java.base/jdk.internal.reflect.DirectConstructorHandleAccessor.newInstance(DirectConstructorHandleAccessor.java:62)
	at java.base/java.lang.reflect.Constructor.newInstanceWithCaller(Constructor.java:502)
	at java.base/java.lang.reflect.Constructor.newInstance(Constructor.java:486)
	at org.codehaus.groovy.reflection.CachedConstructor.invoke(CachedConstructor.java:73)
	at org.codehaus.groovy.runtime.callsite.ConstructorSite$ConstructorSiteNoUnwrapNoCoerce.callConstructor(ConstructorSite.java:108)
	at org.codehaus.groovy.runtime.callsite.AbstractCallSite.callConstructor(AbstractCallSite.java:277)
	at io.restassured.internal.ResponseSpecificationImpl$HamcrestAssertionClosure.validate(ResponseSpecificationImpl.groovy:512)
	at io.restassured.internal.ResponseSpecificationImpl$HamcrestAssertionClosure$validate$1.call(Unknown Source)
	at io.restassured.internal.ResponseSpecificationImpl.validateResponseIfRequired(ResponseSpecificationImpl.groovy:696)
	at io.restassured.internal.ResponseSpecificationImpl.this$2$validateResponseIfRequired(ResponseSpecificationImpl.groovy)
	at java.base/jdk.internal.reflect.DirectMethodHandleAccessor.invoke(DirectMethodHandleAccessor.java:103)
	at java.base/java.lang.reflect.Method.invoke(Method.java:580)
	at org.codehaus.groovy.runtime.callsite.PlainObjectMetaMethodSite.doInvoke(PlainObjectMetaMethodSite.java:43)
	at org.codehaus.groovy.runtime.callsite.PogoMetaMethodSite$PogoCachedMethodSiteNoUnwrapNoCoerce.invoke(PogoMetaMethodSite.java:198)
	at org.codehaus.groovy.runtime.callsite.PogoMetaMethodSite.callCurrent(PogoMetaMethodSite.java:62)
	at org.codehaus.groovy.runtime.callsite.AbstractCallSite.callCurrent(AbstractCallSite.java:185)
	at io.restassured.internal.ResponseSpecificationImpl.statusCode(ResponseSpecificationImpl.groovy:135)
	at io.restassured.internal.ValidatableResponseOptionsImpl.statusCode(ValidatableResponseOptionsImpl.java:84)
	at com.emmanuelarhu.tests.ProductsApiTest.testCreateProductWithLongTitle(ProductsApiTest.java:425)
	at java.base/jdk.internal.reflect.DirectMethodHandleAccessor.invoke(DirectMethodHandleAccessor.java:103)
	at java.base/java.lang.reflect.Method.invoke(Method.java:580)
	at org.testng.internal.invokers.MethodInvocationHelper.invokeMethod(MethodInvocationHelper.java:139)
	at org.testng.internal.invokers.TestInvoker.invokeMethod(TestInvoker.java:664)
	at org.testng.internal.invokers.TestInvoker.invokeTestMethod(TestInvoker.java:227)
	at org.testng.internal.invokers.MethodRunner.runInSequence(MethodRunner.java:50)
	at org.testng.internal.invokers.TestInvoker$MethodInvocationAgent.invoke(TestInvoker.java:957)
	at org.testng.internal.invokers.TestInvoker.invokeTestMethods(TestInvoker.java:200)
	at org.testng.internal.invokers.TestMethodWorker.invokeTestMethods(TestMethodWorker.java:148)
	at org.testng.internal.invokers.TestMethodWorker.run(TestMethodWorker.java:128)
	at java.base/java.util.ArrayList.forEach(ArrayList.java:1596)
	at org.testng.TestRunner.privateRun(TestRunner.java:848)
	at org.testng.TestRunner.run(TestRunner.java:621)
	at org.testng.SuiteRunner.runTest(SuiteRunner.java:443)
	at org.testng.SuiteRunner.runSequentially(SuiteRunner.java:437)
	at org.testng.SuiteRunner.privateRun(SuiteRunner.java:397)
	at org.testng.SuiteRunner.run(SuiteRunner.java:336)
	at org.testng.SuiteRunnerWorker.runSuite(SuiteRunnerWorker.java:52)
	at org.testng.SuiteRunnerWorker.run(SuiteRunnerWorker.java:95)
	at org.testng.TestNG.runSuitesSequentially(TestNG.java:1280)
	at org.testng.TestNG.runSuitesLocally(TestNG.java:1200)
	at org.testng.TestNG.runSuites(TestNG.java:1114)
	at org.testng.TestNG.run(TestNG.java:1082)
	at org.apache.maven.surefire.testng.TestNGExecutor.run(TestNGExecutor.java:155)
	at org.apache.maven.surefire.testng.TestNGDirectoryTestSuite.executeMulti(TestNGDirectoryTestSuite.java:169)
	at org.apache.maven.surefire.testng.TestNGDirectoryTestSuite.execute(TestNGDirectoryTestSuite.java:88)
	at org.apache.maven.surefire.testng.TestNGProvider.invoke(TestNGProvider.java:137)
	at org.apache.maven.surefire.booter.ForkedBooter.runSuitesInProcess(ForkedBooter.java:385)
	at org.apache.maven.surefire.booter.ForkedBooter.execute(ForkedBooter.java:162)
	at org.apache.maven.surefire.booter.ForkedBooter.run(ForkedBooter.java:507)
	at org.apache.maven.surefire.booter.ForkedBooter.main(ForkedBooter.java:495)
]]></failure>
    <system-out><![CDATA[🚀 Starting test execution...
📋 Testing POST /products with extremely long title
]]></system-out>
  </testcase>
  <testcase name="testCreateProductWithInvalidImageUrl" classname="com.emmanuelarhu.tests.ProductsApiTest" time="0.463">
    <failure message="1 expectation failed.&#10;Expected status code (&lt;400&gt; or &lt;422&gt; or &lt;403&gt;) but was &lt;201&gt;.&#10;" type="java.lang.AssertionError"><![CDATA[java.lang.AssertionError: 
1 expectation failed.
Expected status code (<400> or <422> or <403>) but was <201>.

	at java.base/jdk.internal.reflect.DirectConstructorHandleAccessor.newInstance(DirectConstructorHandleAccessor.java:62)
	at java.base/java.lang.reflect.Constructor.newInstanceWithCaller(Constructor.java:502)
	at java.base/java.lang.reflect.Constructor.newInstance(Constructor.java:486)
	at org.codehaus.groovy.reflection.CachedConstructor.invoke(CachedConstructor.java:73)
	at org.codehaus.groovy.runtime.callsite.ConstructorSite$ConstructorSiteNoUnwrapNoCoerce.callConstructor(ConstructorSite.java:108)
	at org.codehaus.groovy.runtime.callsite.AbstractCallSite.callConstructor(AbstractCallSite.java:277)
	at io.restassured.internal.ResponseSpecificationImpl$HamcrestAssertionClosure.validate(ResponseSpecificationImpl.groovy:512)
	at io.restassured.internal.ResponseSpecificationImpl$HamcrestAssertionClosure$validate$1.call(Unknown Source)
	at io.restassured.internal.ResponseSpecificationImpl.validateResponseIfRequired(ResponseSpecificationImpl.groovy:696)
	at io.restassured.internal.ResponseSpecificationImpl.this$2$validateResponseIfRequired(ResponseSpecificationImpl.groovy)
	at java.base/jdk.internal.reflect.DirectMethodHandleAccessor.invoke(DirectMethodHandleAccessor.java:103)
	at java.base/java.lang.reflect.Method.invoke(Method.java:580)
	at org.codehaus.groovy.runtime.callsite.PlainObjectMetaMethodSite.doInvoke(PlainObjectMetaMethodSite.java:43)
	at org.codehaus.groovy.runtime.callsite.PogoMetaMethodSite$PogoCachedMethodSiteNoUnwrapNoCoerce.invoke(PogoMetaMethodSite.java:198)
	at org.codehaus.groovy.runtime.callsite.PogoMetaMethodSite.callCurrent(PogoMetaMethodSite.java:62)
	at org.codehaus.groovy.runtime.callsite.AbstractCallSite.callCurrent(AbstractCallSite.java:185)
	at io.restassured.internal.ResponseSpecificationImpl.statusCode(ResponseSpecificationImpl.groovy:135)
	at io.restassured.internal.ValidatableResponseOptionsImpl.statusCode(ValidatableResponseOptionsImpl.java:84)
	at com.emmanuelarhu.tests.ProductsApiTest.testCreateProductWithInvalidImageUrl(ProductsApiTest.java:448)
	at java.base/jdk.internal.reflect.DirectMethodHandleAccessor.invoke(DirectMethodHandleAccessor.java:103)
	at java.base/java.lang.reflect.Method.invoke(Method.java:580)
	at org.testng.internal.invokers.MethodInvocationHelper.invokeMethod(MethodInvocationHelper.java:139)
	at org.testng.internal.invokers.TestInvoker.invokeMethod(TestInvoker.java:664)
	at org.testng.internal.invokers.TestInvoker.invokeTestMethod(TestInvoker.java:227)
	at org.testng.internal.invokers.MethodRunner.runInSequence(MethodRunner.java:50)
	at org.testng.internal.invokers.TestInvoker$MethodInvocationAgent.invoke(TestInvoker.java:957)
	at org.testng.internal.invokers.TestInvoker.invokeTestMethods(TestInvoker.java:200)
	at org.testng.internal.invokers.TestMethodWorker.invokeTestMethods(TestMethodWorker.java:148)
	at org.testng.internal.invokers.TestMethodWorker.run(TestMethodWorker.java:128)
	at java.base/java.util.ArrayList.forEach(ArrayList.java:1596)
	at org.testng.TestRunner.privateRun(TestRunner.java:848)
	at org.testng.TestRunner.run(TestRunner.java:621)
	at org.testng.SuiteRunner.runTest(SuiteRunner.java:443)
	at org.testng.SuiteRunner.runSequentially(SuiteRunner.java:437)
	at org.testng.SuiteRunner.privateRun(SuiteRunner.java:397)
	at org.testng.SuiteRunner.run(SuiteRunner.java:336)
	at org.testng.SuiteRunnerWorker.runSuite(SuiteRunnerWorker.java:52)
	at org.testng.SuiteRunnerWorker.run(SuiteRunnerWorker.java:95)
	at org.testng.TestNG.runSuitesSequentially(TestNG.java:1280)
	at org.testng.TestNG.runSuitesLocally(TestNG.java:1200)
	at org.testng.TestNG.runSuites(TestNG.java:1114)
	at org.testng.TestNG.run(TestNG.java:1082)
	at org.apache.maven.surefire.testng.TestNGExecutor.run(TestNGExecutor.java:155)
	at org.apache.maven.surefire.testng.TestNGDirectoryTestSuite.executeMulti(TestNGDirectoryTestSuite.java:169)
	at org.apache.maven.surefire.testng.TestNGDirectoryTestSuite.execute(TestNGDirectoryTestSuite.java:88)
	at org.apache.maven.surefire.testng.TestNGProvider.invoke(TestNGProvider.java:137)
	at org.apache.maven.surefire.booter.ForkedBooter.runSuitesInProcess(ForkedBooter.java:385)
	at org.apache.maven.surefire.booter.ForkedBooter.execute(ForkedBooter.java:162)
	at org.apache.maven.surefire.booter.ForkedBooter.run(ForkedBooter.java:507)
	at org.apache.maven.surefire.booter.ForkedBooter.main(ForkedBooter.java:495)
]]></failure>
    <system-out><![CDATA[🚀 Starting test execution...
📋 Testing POST /products with invalid image URL
]]></system-out>
  </testcase>
  <testcase name="testGetProductWithFloatId" classname="com.emmanuelarhu.tests.ProductsApiTest" time="0.517">
    <failure message="1 expectation failed.&#10;Expected status code (&lt;400&gt; or &lt;404&gt; or &lt;403&gt;) but was &lt;200&gt;.&#10;" type="java.lang.AssertionError"><![CDATA[java.lang.AssertionError: 
1 expectation failed.
Expected status code (<400> or <404> or <403>) but was <200>.

	at java.base/jdk.internal.reflect.DirectConstructorHandleAccessor.newInstance(DirectConstructorHandleAccessor.java:62)
	at java.base/java.lang.reflect.Constructor.newInstanceWithCaller(Constructor.java:502)
	at java.base/java.lang.reflect.Constructor.newInstance(Constructor.java:486)
	at org.codehaus.groovy.reflection.CachedConstructor.invoke(CachedConstructor.java:73)
	at org.codehaus.groovy.runtime.callsite.ConstructorSite$ConstructorSiteNoUnwrapNoCoerce.callConstructor(ConstructorSite.java:108)
	at org.codehaus.groovy.runtime.callsite.AbstractCallSite.callConstructor(AbstractCallSite.java:277)
	at io.restassured.internal.ResponseSpecificationImpl$HamcrestAssertionClosure.validate(ResponseSpecificationImpl.groovy:512)
	at io.restassured.internal.ResponseSpecificationImpl$HamcrestAssertionClosure$validate$1.call(Unknown Source)
	at io.restassured.internal.ResponseSpecificationImpl.validateResponseIfRequired(ResponseSpecificationImpl.groovy:696)
	at io.restassured.internal.ResponseSpecificationImpl.this$2$validateResponseIfRequired(ResponseSpecificationImpl.groovy)
	at java.base/jdk.internal.reflect.DirectMethodHandleAccessor.invoke(DirectMethodHandleAccessor.java:103)
	at java.base/java.lang.reflect.Method.invoke(Method.java:580)
	at org.codehaus.groovy.runtime.callsite.PlainObjectMetaMethodSite.doInvoke(PlainObjectMetaMethodSite.java:43)
	at org.codehaus.groovy.runtime.callsite.PogoMetaMethodSite$PogoCachedMethodSiteNoUnwrapNoCoerce.invoke(PogoMetaMethodSite.java:198)
	at org.codehaus.groovy.runtime.callsite.PogoMetaMethodSite.callCurrent(PogoMetaMethodSite.java:62)
	at org.codehaus.groovy.runtime.callsite.AbstractCallSite.callCurrent(AbstractCallSite.java:185)
	at io.restassured.internal.ResponseSpecificationImpl.statusCode(ResponseSpecificationImpl.groovy:135)
	at io.restassured.internal.ValidatableResponseOptionsImpl.statusCode(ValidatableResponseOptionsImpl.java:84)
	at com.emmanuelarhu.tests.ProductsApiTest.testGetProductWithFloatId(ProductsApiTest.java:468)
	at java.base/jdk.internal.reflect.DirectMethodHandleAccessor.invoke(DirectMethodHandleAccessor.java:103)
	at java.base/java.lang.reflect.Method.invoke(Method.java:580)
	at org.testng.internal.invokers.MethodInvocationHelper.invokeMethod(MethodInvocationHelper.java:139)
	at org.testng.internal.invokers.TestInvoker.invokeMethod(TestInvoker.java:664)
	at org.testng.internal.invokers.TestInvoker.invokeTestMethod(TestInvoker.java:227)
	at org.testng.internal.invokers.MethodRunner.runInSequence(MethodRunner.java:50)
	at org.testng.internal.invokers.TestInvoker$MethodInvocationAgent.invoke(TestInvoker.java:957)
	at org.testng.internal.invokers.TestInvoker.invokeTestMethods(TestInvoker.java:200)
	at org.testng.internal.invokers.TestMethodWorker.invokeTestMethods(TestMethodWorker.java:148)
	at org.testng.internal.invokers.TestMethodWorker.run(TestMethodWorker.java:128)
	at java.base/java.util.ArrayList.forEach(ArrayList.java:1596)
	at org.testng.TestRunner.privateRun(TestRunner.java:848)
	at org.testng.TestRunner.run(TestRunner.java:621)
	at org.testng.SuiteRunner.runTest(SuiteRunner.java:443)
	at org.testng.SuiteRunner.runSequentially(SuiteRunner.java:437)
	at org.testng.SuiteRunner.privateRun(SuiteRunner.java:397)
	at org.testng.SuiteRunner.run(SuiteRunner.java:336)
	at org.testng.SuiteRunnerWorker.runSuite(SuiteRunnerWorker.java:52)
	at org.testng.SuiteRunnerWorker.run(SuiteRunnerWorker.java:95)
	at org.testng.TestNG.runSuitesSequentially(TestNG.java:1280)
	at org.testng.TestNG.runSuitesLocally(TestNG.java:1200)
	at org.testng.TestNG.runSuites(TestNG.java:1114)
	at org.testng.TestNG.run(TestNG.java:1082)
	at org.apache.maven.surefire.testng.TestNGExecutor.run(TestNGExecutor.java:155)
	at org.apache.maven.surefire.testng.TestNGDirectoryTestSuite.executeMulti(TestNGDirectoryTestSuite.java:169)
	at org.apache.maven.surefire.testng.TestNGDirectoryTestSuite.execute(TestNGDirectoryTestSuite.java:88)
	at org.apache.maven.surefire.testng.TestNGProvider.invoke(TestNGProvider.java:137)
	at org.apache.maven.surefire.booter.ForkedBooter.runSuitesInProcess(ForkedBooter.java:385)
	at org.apache.maven.surefire.booter.ForkedBooter.execute(ForkedBooter.java:162)
	at org.apache.maven.surefire.booter.ForkedBooter.run(ForkedBooter.java:507)
	at org.apache.maven.surefire.booter.ForkedBooter.main(ForkedBooter.java:495)
]]></failure>
    <system-out><![CDATA[🚀 Starting test execution...
📋 Testing GET /products/1.5 (float ID)
]]></system-out>
  </testcase>
  <testcase name="testGetAllUsers" classname="com.emmanuelarhu.tests.UsersApiTest" time="0.57">
    <system-out><![CDATA[🔧 BaseTest setup completed - Base URL: https://fakestoreapi.com
🚀 Starting test execution...
📋 Testing GET /users endpoint
HTTP/1.1 200 OK
Date: Fri, 15 Aug 2025 13:52:02 GMT
Content-Type: application/json; charset=utf-8
Transfer-Encoding: chunked
Connection: keep-alive
Access-Control-Allow-Origin: *
Etag: W/"bae-Vi0JNVg0EAD6LcGk4v18ASK0bgA"
X-Powered-By: Express
Cf-Cache-Status: DYNAMIC
Nel: {"report_to":"cf-nel","success_fraction":0.0,"max_age":604800}
Report-To: {"group":"cf-nel","max_age":604800,"endpoints":[{"url":"https://a.nel.cloudflare.com/report/v4?s=WgDxumGmPcoe9C%2FyquERcC5Bpwp2RKwoaVHenCRpENr61wI7MNODvFbc5v1d2Kd3c2K4gw0JpMMkr5HEoeON5G5qqA0nVmGcIrLKcpg5yjs%3D"}]}
Content-Encoding: gzip
Server: cloudflare
CF-RAY: 96f92b9159a7d6b6-CDG
alt-svc: h3=":443"; ma=86400

[
    {
        "address": {
            "geolocation": {
                "lat": "-37.3159",
                "long": "81.1496"
            },
            "city": "kilcoole",
            "street": "new road",
            "number": 7682,
            "zipcode": "12926-3874"
        },
        "id": 1,
        "email": "john@gmail.com",
        "username": "johnd",
        "password": "m38rmF$",
        "name": {
            "firstname": "john",
            "lastname": "doe"
        },
        "phone": "1-570-236-7033",
        "__v": 0
    },
    {
        "address": {
            "geolocation": {
                "lat": "-37.3159",
                "long": "81.1496"
            },
            "city": "kilcoole",
            "street": "Lovers Ln",
            "number": 7267,
            "zipcode": "12926-3874"
        },
        "id": 2,
        "email": "morrison@gmail.com",
        "username": "mor_2314",
        "password": "83r5^_",
        "name": {
            "firstname": "david",
            "lastname": "morrison"
        },
        "phone": "1-570-236-7033",
        "__v": 0
    },
    {
        "address": {
            "geolocation": {
                "lat": "40.3467",
                "long": "-30.1310"
            },
            "city": "Cullman",
            "street": "Frances Ct",
            "number": 86,
            "zipcode": "29567-1452"
        },
        "id": 3,
        "email": "kevin@gmail.com",
        "username": "kevinryan",
        "password": "kev02937@",
        "name": {
            "firstname": "kevin",
            "lastname": "ryan"
        },
        "phone": "1-567-094-1345",
        "__v": 0
    },
    {
        "address": {
            "geolocation": {
                "lat": "50.3467",
                "long": "-20.1310"
            },
            "city": "San Antonio",
            "street": "Hunters Creek Dr",
            "number": 6454,
            "zipcode": "98234-1734"
        },
        "id": 4,
        "email": "don@gmail.com",
        "username": "donero",
        "password": "ewedon",
        "name": {
            "firstname": "don",
            "lastname": "romer"
        },
        "phone": "1-765-789-6734",
        "__v": 0
    },
    {
        "address": {
            "geolocation": {
                "lat": "40.3467",
                "long": "-40.1310"
            },
            "city": "san Antonio",
            "street": "adams St",
            "number": 245,
            "zipcode": "80796-1234"
        },
        "id": 5,
        "email": "derek@gmail.com",
        "username": "derek",
        "password": "jklg*_56",
        "name": {
            "firstname": "derek",
            "lastname": "powell"
        },
        "phone": "1-956-001-1945",
        "__v": 0
    },
    {
        "address": {
            "geolocation": {
                "lat": "20.1677",
                "long": "-10.6789"
            },
            "city": "el paso",
            "street": "prospect st",
            "number": 124,
            "zipcode": "12346-0456"
        },
        "id": 6,
        "email": "david_r@gmail.com",
        "username": "david_r",
        "password": "3478*#54",
        "name": {
            "firstname": "david",
            "lastname": "russell"
        },
        "phone": "1-678-345-9856",
        "__v": 0
    },
    {
        "address": {
            "geolocation": {
                "lat": "10.3456",
                "long": "20.6419"
            },
            "city": "fresno",
            "street": "saddle st",
            "number": 1342,
            "zipcode": "96378-0245"
        },
        "id": 7,
        "email": "miriam@gmail.com",
        "username": "snyder",
        "password": "f238&@*$",
        "name": {
            "firstname": "miriam",
            "lastname": "snyder"
        },
        "phone": "1-123-943-0563",
        "__v": 0
    },
    {
        "address": {
            "geolocation": {
                "lat": "50.3456",
                "long": "10.6419"
            },
            "city": "mesa",
            "street": "vally view ln",
            "number": 1342,
            "zipcode": "96378-0245"
        },
        "id": 8,
        "email": "william@gmail.com",
        "username": "hopkins",
        "password": "William56$hj",
        "name": {
            "firstname": "william",
            "lastname": "hopkins"
        },
        "phone": "1-478-001-0890",
        "__v": 0
    },
    {
        "address": {
            "geolocation": {
                "lat": "40.12456",
                "long": "20.5419"
            },
            "city": "miami",
            "street": "avondale ave",
            "number": 345,
            "zipcode": "96378-0245"
        },
        "id": 9,
        "email": "kate@gmail.com",
        "username": "kate_h",
        "password": "kfejk@*_",
        "name": {
            "firstname": "kate",
            "lastname": "hale"
        },
        "phone": "1-678-456-1934",
        "__v": 0
    },
    {
        "address": {
            "geolocation": {
                "lat": "30.24788",
                "long": "-20.545419"
            },
            "city": "fort wayne",
            "street": "oak lawn ave",
            "number": 526,
            "zipcode": "10256-4532"
        },
        "id": 10,
        "email": "jimmie@gmail.com",
        "username": "jimmie_k",
        "password": "klein*#%*",
        "name": {
            "firstname": "jimmie",
            "lastname": "klein"
        },
        "phone": "1-104-001-4567",
        "__v": 0
    }
]
]]></system-out>
  </testcase>
  <testcase name="testGetAllUsersResponseTime" classname="com.emmanuelarhu.tests.UsersApiTest" time="0.696">
    <system-out><![CDATA[🚀 Starting test execution...
📋 Testing response time for GET /users
HTTP/1.1 200 OK
Date: Fri, 15 Aug 2025 13:52:03 GMT
Content-Type: application/json; charset=utf-8
Transfer-Encoding: chunked
Connection: keep-alive
Access-Control-Allow-Origin: *
Etag: W/"bae-Vi0JNVg0EAD6LcGk4v18ASK0bgA"
X-Powered-By: Express
Cf-Cache-Status: DYNAMIC
Nel: {"report_to":"cf-nel","success_fraction":0.0,"max_age":604800}
Report-To: {"group":"cf-nel","max_age":604800,"endpoints":[{"url":"https://a.nel.cloudflare.com/report/v4?s=Tw%2BMmIdGv%2BBKBHY78%2FsTBjhbg2%2BJXFxFoqzi15R1waEoPXfEQqR8WpzvYORGLe2ZxUdAWr0Zu7hFJNG1rvGlBlbKKCmtKErub9nZom8b%2BRc%3D"}]}
Content-Encoding: gzip
Server: cloudflare
CF-RAY: 96f92b958953d120-CDG
alt-svc: h3=":443"; ma=86400

[
    {
        "address": {
            "geolocation": {
                "lat": "-37.3159",
                "long": "81.1496"
            },
            "city": "kilcoole",
            "street": "new road",
            "number": 7682,
            "zipcode": "12926-3874"
        },
        "id": 1,
        "email": "john@gmail.com",
        "username": "johnd",
        "password": "m38rmF$",
        "name": {
            "firstname": "john",
            "lastname": "doe"
        },
        "phone": "1-570-236-7033",
        "__v": 0
    },
    {
        "address": {
            "geolocation": {
                "lat": "-37.3159",
                "long": "81.1496"
            },
            "city": "kilcoole",
            "street": "Lovers Ln",
            "number": 7267,
            "zipcode": "12926-3874"
        },
        "id": 2,
        "email": "morrison@gmail.com",
        "username": "mor_2314",
        "password": "83r5^_",
        "name": {
            "firstname": "david",
            "lastname": "morrison"
        },
        "phone": "1-570-236-7033",
        "__v": 0
    },
    {
        "address": {
            "geolocation": {
                "lat": "40.3467",
                "long": "-30.1310"
            },
            "city": "Cullman",
            "street": "Frances Ct",
            "number": 86,
            "zipcode": "29567-1452"
        },
        "id": 3,
        "email": "kevin@gmail.com",
        "username": "kevinryan",
        "password": "kev02937@",
        "name": {
            "firstname": "kevin",
            "lastname": "ryan"
        },
        "phone": "1-567-094-1345",
        "__v": 0
    },
    {
        "address": {
            "geolocation": {
                "lat": "50.3467",
                "long": "-20.1310"
            },
            "city": "San Antonio",
            "street": "Hunters Creek Dr",
            "number": 6454,
            "zipcode": "98234-1734"
        },
        "id": 4,
        "email": "don@gmail.com",
        "username": "donero",
        "password": "ewedon",
        "name": {
            "firstname": "don",
            "lastname": "romer"
        },
        "phone": "1-765-789-6734",
        "__v": 0
    },
    {
        "address": {
            "geolocation": {
                "lat": "40.3467",
                "long": "-40.1310"
            },
            "city": "san Antonio",
            "street": "adams St",
            "number": 245,
            "zipcode": "80796-1234"
        },
        "id": 5,
        "email": "derek@gmail.com",
        "username": "derek",
        "password": "jklg*_56",
        "name": {
            "firstname": "derek",
            "lastname": "powell"
        },
        "phone": "1-956-001-1945",
        "__v": 0
    },
    {
        "address": {
            "geolocation": {
                "lat": "20.1677",
                "long": "-10.6789"
            },
            "city": "el paso",
            "street": "prospect st",
            "number": 124,
            "zipcode": "12346-0456"
        },
        "id": 6,
        "email": "david_r@gmail.com",
        "username": "david_r",
        "password": "3478*#54",
        "name": {
            "firstname": "david",
            "lastname": "russell"
        },
        "phone": "1-678-345-9856",
        "__v": 0
    },
    {
        "address": {
            "geolocation": {
                "lat": "10.3456",
                "long": "20.6419"
            },
            "city": "fresno",
            "street": "saddle st",
            "number": 1342,
            "zipcode": "96378-0245"
        },
        "id": 7,
        "email": "miriam@gmail.com",
        "username": "snyder",
        "password": "f238&@*$",
        "name": {
            "firstname": "miriam",
            "lastname": "snyder"
        },
        "phone": "1-123-943-0563",
        "__v": 0
    },
    {
        "address": {
            "geolocation": {
                "lat": "50.3456",
                "long": "10.6419"
            },
            "city": "mesa",
            "street": "vally view ln",
            "number": 1342,
            "zipcode": "96378-0245"
        },
        "id": 8,
        "email": "william@gmail.com",
        "username": "hopkins",
        "password": "William56$hj",
        "name": {
            "firstname": "william",
            "lastname": "hopkins"
        },
        "phone": "1-478-001-0890",
        "__v": 0
    },
    {
        "address": {
            "geolocation": {
                "lat": "40.12456",
                "long": "20.5419"
            },
            "city": "miami",
            "street": "avondale ave",
            "number": 345,
            "zipcode": "96378-0245"
        },
        "id": 9,
        "email": "kate@gmail.com",
        "username": "kate_h",
        "password": "kfejk@*_",
        "name": {
            "firstname": "kate",
            "lastname": "hale"
        },
        "phone": "1-678-456-1934",
        "__v": 0
    },
    {
        "address": {
            "geolocation": {
                "lat": "30.24788",
                "long": "-20.545419"
            },
            "city": "fort wayne",
            "street": "oak lawn ave",
            "number": 526,
            "zipcode": "10256-4532"
        },
        "id": 10,
        "email": "jimmie@gmail.com",
        "username": "jimmie_k",
        "password": "klein*#%*",
        "name": {
            "firstname": "jimmie",
            "lastname": "klein"
        },
        "phone": "1-104-001-4567",
        "__v": 0
    }
]
]]></system-out>
  </testcase>
  <testcase name="testGetSingleUserByValidId[1](1)" classname="com.emmanuelarhu.tests.UsersApiTest" time="0.65">
    <system-out><![CDATA[🚀 Starting test execution...
📋 Testing GET /users/1
HTTP/1.1 200 OK
Date: Fri, 15 Aug 2025 13:52:04 GMT
Content-Type: application/json; charset=utf-8
Transfer-Encoding: chunked
Connection: keep-alive
Access-Control-Allow-Origin: *
Etag: W/"120-HNMhv14aQeBJetA9fBvavCZ+gdk"
X-Powered-By: Express
Cf-Cache-Status: DYNAMIC
Nel: {"report_to":"cf-nel","success_fraction":0.0,"max_age":604800}
Report-To: {"group":"cf-nel","max_age":604800,"endpoints":[{"url":"https://a.nel.cloudflare.com/report/v4?s=9aELvRHSbnOAX0%2FQOdvKeg29R8q41cdO8Be6FKQDWwVhcT07CLRk0I7D6z19wG8hhyGtvyvRq3UX4%2FDgEs%2BsiAXUterEkPLhBompN5PNaVM%3D"}]}
Content-Encoding: gzip
Server: cloudflare
CF-RAY: 96f92b9a3d62bb63-CDG
alt-svc: h3=":443"; ma=86400

{
    "address": {
        "geolocation": {
            "lat": "-37.3159",
            "long": "81.1496"
        },
        "city": "kilcoole",
        "street": "new road",
        "number": 7682,
        "zipcode": "12926-3874"
    },
    "id": 1,
    "email": "john@gmail.com",
    "username": "johnd",
    "password": "m38rmF$",
    "name": {
        "firstname": "john",
        "lastname": "doe"
    },
    "phone": "1-570-236-7033",
    "__v": 0
}
]]></system-out>
  </testcase>
  <testcase name="testGetSingleUserByValidId[2](2)" classname="com.emmanuelarhu.tests.UsersApiTest" time="0.642">
    <system-out><![CDATA[🚀 Starting test execution...
📋 Testing GET /users/2
HTTP/1.1 200 OK
Date: Fri, 15 Aug 2025 13:52:05 GMT
Content-Type: application/json; charset=utf-8
Transfer-Encoding: chunked
Connection: keep-alive
Access-Control-Allow-Origin: *
Etag: W/"12d-rQ3vazNILlcEdp3VtaYW0Rr1+SY"
X-Powered-By: Express
Cf-Cache-Status: DYNAMIC
Nel: {"report_to":"cf-nel","success_fraction":0.0,"max_age":604800}
Report-To: {"group":"cf-nel","max_age":604800,"endpoints":[{"url":"https://a.nel.cloudflare.com/report/v4?s=GgO9Zkjv2F%2Be6nSK0nPQXzxsRmqJ1Ux%2Bhxlh%2FGofI%2Fx4xuEXKu1TDCr1gcnryU8TrR3Sodxcdm0TAiQSj77ZQJDJcX0Q%2BL47lEaF7fMvnNc%3D"}]}
Content-Encoding: gzip
Server: cloudflare
CF-RAY: 96f92b9eabd3d0b6-CDG
alt-svc: h3=":443"; ma=86400

{
    "address": {
        "geolocation": {
            "lat": "-37.3159",
            "long": "81.1496"
        },
        "city": "kilcoole",
        "street": "Lovers Ln",
        "number": 7267,
        "zipcode": "12926-3874"
    },
    "id": 2,
    "email": "morrison@gmail.com",
    "username": "mor_2314",
    "password": "83r5^_",
    "name": {
        "firstname": "david",
        "lastname": "morrison"
    },
    "phone": "1-570-236-7033",
    "__v": 0
}
]]></system-out>
  </testcase>
  <testcase name="testGetSingleUserByValidId[3](3)" classname="com.emmanuelarhu.tests.UsersApiTest" time="0.685">
    <system-out><![CDATA[🚀 Starting test execution...
📋 Testing GET /users/3
HTTP/1.1 200 OK
Date: Fri, 15 Aug 2025 13:52:05 GMT
Content-Type: application/json; charset=utf-8
Transfer-Encoding: chunked
Connection: keep-alive
Access-Control-Allow-Origin: *
Etag: W/"128-QWLW0942EG8Wj+7FYrSRxCYClWk"
X-Powered-By: Express
Cf-Cache-Status: DYNAMIC
Nel: {"report_to":"cf-nel","success_fraction":0.0,"max_age":604800}
Report-To: {"group":"cf-nel","max_age":604800,"endpoints":[{"url":"https://a.nel.cloudflare.com/report/v4?s=wV5b8RaA8B6BoGhrbxA6Lo2VzIWdT2Tb7uTgZE4i1nLfh8F%2FQR6lhthVjS2te1gO4rFi4MHKHD%2FHZ6ADObqatF9NSFjrt8hONv2ULuu64SA%3D"}]}
Content-Encoding: gzip
Server: cloudflare
CF-RAY: 96f92ba34abdc0a4-CDG
alt-svc: h3=":443"; ma=86400

{
    "address": {
        "geolocation": {
            "lat": "40.3467",
            "long": "-30.1310"
        },
        "city": "Cullman",
        "street": "Frances Ct",
        "number": 86,
        "zipcode": "29567-1452"
    },
    "id": 3,
    "email": "kevin@gmail.com",
    "username": "kevinryan",
    "password": "kev02937@",
    "name": {
        "firstname": "kevin",
        "lastname": "ryan"
    },
    "phone": "1-567-094-1345",
    "__v": 0
}
]]></system-out>
  </testcase>
  <testcase name="testGetSingleUserByValidId[4](4)" classname="com.emmanuelarhu.tests.UsersApiTest" time="0.695">
    <system-out><![CDATA[🚀 Starting test execution...
📋 Testing GET /users/4
HTTP/1.1 200 OK
Date: Fri, 15 Aug 2025 13:52:06 GMT
Content-Type: application/json; charset=utf-8
Transfer-Encoding: chunked
Connection: keep-alive
Access-Control-Allow-Origin: *
Etag: W/"12b-c2a5YBSp49xXLsiODFTSryzh2fs"
X-Powered-By: Express
Cf-Cache-Status: DYNAMIC
Nel: {"report_to":"cf-nel","success_fraction":0.0,"max_age":604800}
Report-To: {"group":"cf-nel","max_age":604800,"endpoints":[{"url":"https://a.nel.cloudflare.com/report/v4?s=Wx9X482nPsKwgUmbTr%2FmCJ%2FmRDUzEYrtPv8jfEsVhOcWjgImh48FYpo0y3BZKj1ga%2B2cGgsHDnXHbKlfUX30%2B58Fym%2BO%2BSAmA%2FAoWjwmrdQ%3D"}]}
Content-Encoding: gzip
Server: cloudflare
CF-RAY: 96f92ba7bbc4d086-CDG
alt-svc: h3=":443"; ma=86400

{
    "address": {
        "geolocation": {
            "lat": "50.3467",
            "long": "-20.1310"
        },
        "city": "San Antonio",
        "street": "Hunters Creek Dr",
        "number": 6454,
        "zipcode": "98234-1734"
    },
    "id": 4,
    "email": "don@gmail.com",
    "username": "donero",
    "password": "ewedon",
    "name": {
        "firstname": "don",
        "lastname": "romer"
    },
    "phone": "1-765-789-6734",
    "__v": 0
}
]]></system-out>
  </testcase>
  <testcase name="testGetSingleUserByValidId[5](5)" classname="com.emmanuelarhu.tests.UsersApiTest" time="0.739">
    <system-out><![CDATA[🚀 Starting test execution...
📋 Testing GET /users/5
HTTP/1.1 200 OK
Date: Fri, 15 Aug 2025 13:52:07 GMT
Content-Type: application/json; charset=utf-8
Transfer-Encoding: chunked
Connection: keep-alive
Access-Control-Allow-Origin: *
Etag: W/"128-3aSVvpfMvimb8VISgwkh0SjSttY"
X-Powered-By: Express
Cf-Cache-Status: DYNAMIC
Nel: {"report_to":"cf-nel","success_fraction":0.0,"max_age":604800}
Report-To: {"group":"cf-nel","max_age":604800,"endpoints":[{"url":"https://a.nel.cloudflare.com/report/v4?s=2lbcnu%2FF66ZgBRArnHsdgpU6QvG37VCJ9q0fGt%2BR9%2FR3dj6j2ICscikgRnBunpsKAkYblkoFtiItJHv1EQd1RoOR3k5Tfs3j4Mgnfhfe5yo%3D"}]}
Content-Encoding: gzip
Server: cloudflare
CF-RAY: 96f92bad4ec59816-CDG
alt-svc: h3=":443"; ma=86400

{
    "address": {
        "geolocation": {
            "lat": "40.3467",
            "long": "-40.1310"
        },
        "city": "san Antonio",
        "street": "adams St",
        "number": 245,
        "zipcode": "80796-1234"
    },
    "id": 5,
    "email": "derek@gmail.com",
    "username": "derek",
    "password": "jklg*_56",
    "name": {
        "firstname": "derek",
        "lastname": "powell"
    },
    "phone": "1-956-001-1945",
    "__v": 0
}
]]></system-out>
  </testcase>
  <testcase name="testGetSingleUserByInvalidId[-1](1)" classname="com.emmanuelarhu.tests.UsersApiTest" time="0.741">
    <failure message="1 expectation failed.&#10;Expected status code (&lt;400&gt; or &lt;404&gt; or &lt;403&gt;) but was &lt;200&gt;.&#10;" type="java.lang.AssertionError"><![CDATA[java.lang.AssertionError: 
1 expectation failed.
Expected status code (<400> or <404> or <403>) but was <200>.

	at java.base/jdk.internal.reflect.DirectConstructorHandleAccessor.newInstance(DirectConstructorHandleAccessor.java:62)
	at java.base/java.lang.reflect.Constructor.newInstanceWithCaller(Constructor.java:502)
	at java.base/java.lang.reflect.Constructor.newInstance(Constructor.java:486)
	at org.codehaus.groovy.reflection.CachedConstructor.invoke(CachedConstructor.java:73)
	at org.codehaus.groovy.runtime.callsite.ConstructorSite$ConstructorSiteNoUnwrapNoCoerce.callConstructor(ConstructorSite.java:108)
	at org.codehaus.groovy.runtime.callsite.AbstractCallSite.callConstructor(AbstractCallSite.java:277)
	at io.restassured.internal.ResponseSpecificationImpl$HamcrestAssertionClosure.validate(ResponseSpecificationImpl.groovy:512)
	at io.restassured.internal.ResponseSpecificationImpl$HamcrestAssertionClosure$validate$1.call(Unknown Source)
	at io.restassured.internal.ResponseSpecificationImpl.validateResponseIfRequired(ResponseSpecificationImpl.groovy:696)
	at io.restassured.internal.ResponseSpecificationImpl.this$2$validateResponseIfRequired(ResponseSpecificationImpl.groovy)
	at java.base/jdk.internal.reflect.DirectMethodHandleAccessor.invoke(DirectMethodHandleAccessor.java:103)
	at java.base/java.lang.reflect.Method.invoke(Method.java:580)
	at org.codehaus.groovy.runtime.callsite.PlainObjectMetaMethodSite.doInvoke(PlainObjectMetaMethodSite.java:43)
	at org.codehaus.groovy.runtime.callsite.PogoMetaMethodSite$PogoCachedMethodSiteNoUnwrapNoCoerce.invoke(PogoMetaMethodSite.java:198)
	at org.codehaus.groovy.runtime.callsite.PogoMetaMethodSite.callCurrent(PogoMetaMethodSite.java:62)
	at org.codehaus.groovy.runtime.callsite.AbstractCallSite.callCurrent(AbstractCallSite.java:185)
	at io.restassured.internal.ResponseSpecificationImpl.statusCode(ResponseSpecificationImpl.groovy:135)
	at io.restassured.internal.ValidatableResponseOptionsImpl.statusCode(ValidatableResponseOptionsImpl.java:84)
	at com.emmanuelarhu.tests.UsersApiTest.testGetSingleUserByInvalidId(UsersApiTest.java:106)
	at java.base/jdk.internal.reflect.DirectMethodHandleAccessor.invoke(DirectMethodHandleAccessor.java:103)
	at java.base/java.lang.reflect.Method.invoke(Method.java:580)
	at org.testng.internal.invokers.MethodInvocationHelper.invokeMethod(MethodInvocationHelper.java:139)
	at org.testng.internal.invokers.TestInvoker.invokeMethod(TestInvoker.java:664)
	at org.testng.internal.invokers.TestInvoker.invokeTestMethod(TestInvoker.java:227)
	at org.testng.internal.invokers.MethodRunner.runInSequence(MethodRunner.java:50)
	at org.testng.internal.invokers.TestInvoker$MethodInvocationAgent.invoke(TestInvoker.java:957)
	at org.testng.internal.invokers.TestInvoker.invokeTestMethods(TestInvoker.java:200)
	at org.testng.internal.invokers.TestMethodWorker.invokeTestMethods(TestMethodWorker.java:148)
	at org.testng.internal.invokers.TestMethodWorker.run(TestMethodWorker.java:128)
	at java.base/java.util.ArrayList.forEach(ArrayList.java:1596)
	at org.testng.TestRunner.privateRun(TestRunner.java:848)
	at org.testng.TestRunner.run(TestRunner.java:621)
	at org.testng.SuiteRunner.runTest(SuiteRunner.java:443)
	at org.testng.SuiteRunner.runSequentially(SuiteRunner.java:437)
	at org.testng.SuiteRunner.privateRun(SuiteRunner.java:397)
	at org.testng.SuiteRunner.run(SuiteRunner.java:336)
	at org.testng.SuiteRunnerWorker.runSuite(SuiteRunnerWorker.java:52)
	at org.testng.SuiteRunnerWorker.run(SuiteRunnerWorker.java:95)
	at org.testng.TestNG.runSuitesSequentially(TestNG.java:1280)
	at org.testng.TestNG.runSuitesLocally(TestNG.java:1200)
	at org.testng.TestNG.runSuites(TestNG.java:1114)
	at org.testng.TestNG.run(TestNG.java:1082)
	at org.apache.maven.surefire.testng.TestNGExecutor.run(TestNGExecutor.java:155)
	at org.apache.maven.surefire.testng.TestNGDirectoryTestSuite.executeMulti(TestNGDirectoryTestSuite.java:169)
	at org.apache.maven.surefire.testng.TestNGDirectoryTestSuite.execute(TestNGDirectoryTestSuite.java:88)
	at org.apache.maven.surefire.testng.TestNGProvider.invoke(TestNGProvider.java:137)
	at org.apache.maven.surefire.booter.ForkedBooter.runSuitesInProcess(ForkedBooter.java:385)
	at org.apache.maven.surefire.booter.ForkedBooter.execute(ForkedBooter.java:162)
	at org.apache.maven.surefire.booter.ForkedBooter.run(ForkedBooter.java:507)
	at org.apache.maven.surefire.booter.ForkedBooter.main(ForkedBooter.java:495)
]]></failure>
    <system-out><![CDATA[🚀 Starting test execution...
📋 Testing GET /users/-1 (invalid ID)
]]></system-out>
  </testcase>
  <testcase name="testGetSingleUserByInvalidId[0](2)" classname="com.emmanuelarhu.tests.UsersApiTest" time="0.604">
    <failure message="1 expectation failed.&#10;Expected status code (&lt;400&gt; or &lt;404&gt; or &lt;403&gt;) but was &lt;200&gt;.&#10;" type="java.lang.AssertionError"><![CDATA[java.lang.AssertionError: 
1 expectation failed.
Expected status code (<400> or <404> or <403>) but was <200>.

	at java.base/jdk.internal.reflect.DirectConstructorHandleAccessor.newInstance(DirectConstructorHandleAccessor.java:62)
	at java.base/java.lang.reflect.Constructor.newInstanceWithCaller(Constructor.java:502)
	at java.base/java.lang.reflect.Constructor.newInstance(Constructor.java:486)
	at org.codehaus.groovy.reflection.CachedConstructor.invoke(CachedConstructor.java:73)
	at org.codehaus.groovy.runtime.callsite.ConstructorSite$ConstructorSiteNoUnwrapNoCoerce.callConstructor(ConstructorSite.java:108)
	at org.codehaus.groovy.runtime.callsite.AbstractCallSite.callConstructor(AbstractCallSite.java:277)
	at io.restassured.internal.ResponseSpecificationImpl$HamcrestAssertionClosure.validate(ResponseSpecificationImpl.groovy:512)
	at io.restassured.internal.ResponseSpecificationImpl$HamcrestAssertionClosure$validate$1.call(Unknown Source)
	at io.restassured.internal.ResponseSpecificationImpl.validateResponseIfRequired(ResponseSpecificationImpl.groovy:696)
	at io.restassured.internal.ResponseSpecificationImpl.this$2$validateResponseIfRequired(ResponseSpecificationImpl.groovy)
	at java.base/jdk.internal.reflect.DirectMethodHandleAccessor.invoke(DirectMethodHandleAccessor.java:103)
	at java.base/java.lang.reflect.Method.invoke(Method.java:580)
	at org.codehaus.groovy.runtime.callsite.PlainObjectMetaMethodSite.doInvoke(PlainObjectMetaMethodSite.java:43)
	at org.codehaus.groovy.runtime.callsite.PogoMetaMethodSite$PogoCachedMethodSiteNoUnwrapNoCoerce.invoke(PogoMetaMethodSite.java:198)
	at org.codehaus.groovy.runtime.callsite.PogoMetaMethodSite.callCurrent(PogoMetaMethodSite.java:62)
	at org.codehaus.groovy.runtime.callsite.AbstractCallSite.callCurrent(AbstractCallSite.java:185)
	at io.restassured.internal.ResponseSpecificationImpl.statusCode(ResponseSpecificationImpl.groovy:135)
	at io.restassured.internal.ValidatableResponseOptionsImpl.statusCode(ValidatableResponseOptionsImpl.java:84)
	at com.emmanuelarhu.tests.UsersApiTest.testGetSingleUserByInvalidId(UsersApiTest.java:106)
	at java.base/jdk.internal.reflect.DirectMethodHandleAccessor.invoke(DirectMethodHandleAccessor.java:103)
	at java.base/java.lang.reflect.Method.invoke(Method.java:580)
	at org.testng.internal.invokers.MethodInvocationHelper.invokeMethod(MethodInvocationHelper.java:139)
	at org.testng.internal.invokers.TestInvoker.invokeMethod(TestInvoker.java:664)
	at org.testng.internal.invokers.TestInvoker.invokeTestMethod(TestInvoker.java:227)
	at org.testng.internal.invokers.MethodRunner.runInSequence(MethodRunner.java:50)
	at org.testng.internal.invokers.TestInvoker$MethodInvocationAgent.invoke(TestInvoker.java:957)
	at org.testng.internal.invokers.TestInvoker.invokeTestMethods(TestInvoker.java:200)
	at org.testng.internal.invokers.TestMethodWorker.invokeTestMethods(TestMethodWorker.java:148)
	at org.testng.internal.invokers.TestMethodWorker.run(TestMethodWorker.java:128)
	at java.base/java.util.ArrayList.forEach(ArrayList.java:1596)
	at org.testng.TestRunner.privateRun(TestRunner.java:848)
	at org.testng.TestRunner.run(TestRunner.java:621)
	at org.testng.SuiteRunner.runTest(SuiteRunner.java:443)
	at org.testng.SuiteRunner.runSequentially(SuiteRunner.java:437)
	at org.testng.SuiteRunner.privateRun(SuiteRunner.java:397)
	at org.testng.SuiteRunner.run(SuiteRunner.java:336)
	at org.testng.SuiteRunnerWorker.runSuite(SuiteRunnerWorker.java:52)
	at org.testng.SuiteRunnerWorker.run(SuiteRunnerWorker.java:95)
	at org.testng.TestNG.runSuitesSequentially(TestNG.java:1280)
	at org.testng.TestNG.runSuitesLocally(TestNG.java:1200)
	at org.testng.TestNG.runSuites(TestNG.java:1114)
	at org.testng.TestNG.run(TestNG.java:1082)
	at org.apache.maven.surefire.testng.TestNGExecutor.run(TestNGExecutor.java:155)
	at org.apache.maven.surefire.testng.TestNGDirectoryTestSuite.executeMulti(TestNGDirectoryTestSuite.java:169)
	at org.apache.maven.surefire.testng.TestNGDirectoryTestSuite.execute(TestNGDirectoryTestSuite.java:88)
	at org.apache.maven.surefire.testng.TestNGProvider.invoke(TestNGProvider.java:137)
	at org.apache.maven.surefire.booter.ForkedBooter.runSuitesInProcess(ForkedBooter.java:385)
	at org.apache.maven.surefire.booter.ForkedBooter.execute(ForkedBooter.java:162)
	at org.apache.maven.surefire.booter.ForkedBooter.run(ForkedBooter.java:507)
	at org.apache.maven.surefire.booter.ForkedBooter.main(ForkedBooter.java:495)
]]></failure>
    <system-out><![CDATA[🚀 Starting test execution...
📋 Testing GET /users/0 (invalid ID)
]]></system-out>
  </testcase>
  <testcase name="testGetSingleUserByInvalidId[9999](3)" classname="com.emmanuelarhu.tests.UsersApiTest" time="0.631">
    <failure message="1 expectation failed.&#10;Expected status code (&lt;400&gt; or &lt;404&gt; or &lt;403&gt;) but was &lt;200&gt;.&#10;" type="java.lang.AssertionError"><![CDATA[java.lang.AssertionError: 
1 expectation failed.
Expected status code (<400> or <404> or <403>) but was <200>.

	at java.base/jdk.internal.reflect.DirectConstructorHandleAccessor.newInstance(DirectConstructorHandleAccessor.java:62)
	at java.base/java.lang.reflect.Constructor.newInstanceWithCaller(Constructor.java:502)
	at java.base/java.lang.reflect.Constructor.newInstance(Constructor.java:486)
	at org.codehaus.groovy.reflection.CachedConstructor.invoke(CachedConstructor.java:73)
	at org.codehaus.groovy.runtime.callsite.ConstructorSite$ConstructorSiteNoUnwrapNoCoerce.callConstructor(ConstructorSite.java:108)
	at org.codehaus.groovy.runtime.callsite.AbstractCallSite.callConstructor(AbstractCallSite.java:277)
	at io.restassured.internal.ResponseSpecificationImpl$HamcrestAssertionClosure.validate(ResponseSpecificationImpl.groovy:512)
	at io.restassured.internal.ResponseSpecificationImpl$HamcrestAssertionClosure$validate$1.call(Unknown Source)
	at io.restassured.internal.ResponseSpecificationImpl.validateResponseIfRequired(ResponseSpecificationImpl.groovy:696)
	at io.restassured.internal.ResponseSpecificationImpl.this$2$validateResponseIfRequired(ResponseSpecificationImpl.groovy)
	at java.base/jdk.internal.reflect.DirectMethodHandleAccessor.invoke(DirectMethodHandleAccessor.java:103)
	at java.base/java.lang.reflect.Method.invoke(Method.java:580)
	at org.codehaus.groovy.runtime.callsite.PlainObjectMetaMethodSite.doInvoke(PlainObjectMetaMethodSite.java:43)
	at org.codehaus.groovy.runtime.callsite.PogoMetaMethodSite$PogoCachedMethodSiteNoUnwrapNoCoerce.invoke(PogoMetaMethodSite.java:198)
	at org.codehaus.groovy.runtime.callsite.PogoMetaMethodSite.callCurrent(PogoMetaMethodSite.java:62)
	at org.codehaus.groovy.runtime.callsite.AbstractCallSite.callCurrent(AbstractCallSite.java:185)
	at io.restassured.internal.ResponseSpecificationImpl.statusCode(ResponseSpecificationImpl.groovy:135)
	at io.restassured.internal.ValidatableResponseOptionsImpl.statusCode(ValidatableResponseOptionsImpl.java:84)
	at com.emmanuelarhu.tests.UsersApiTest.testGetSingleUserByInvalidId(UsersApiTest.java:106)
	at java.base/jdk.internal.reflect.DirectMethodHandleAccessor.invoke(DirectMethodHandleAccessor.java:103)
	at java.base/java.lang.reflect.Method.invoke(Method.java:580)
	at org.testng.internal.invokers.MethodInvocationHelper.invokeMethod(MethodInvocationHelper.java:139)
	at org.testng.internal.invokers.TestInvoker.invokeMethod(TestInvoker.java:664)
	at org.testng.internal.invokers.TestInvoker.invokeTestMethod(TestInvoker.java:227)
	at org.testng.internal.invokers.MethodRunner.runInSequence(MethodRunner.java:50)
	at org.testng.internal.invokers.TestInvoker$MethodInvocationAgent.invoke(TestInvoker.java:957)
	at org.testng.internal.invokers.TestInvoker.invokeTestMethods(TestInvoker.java:200)
	at org.testng.internal.invokers.TestMethodWorker.invokeTestMethods(TestMethodWorker.java:148)
	at org.testng.internal.invokers.TestMethodWorker.run(TestMethodWorker.java:128)
	at java.base/java.util.ArrayList.forEach(ArrayList.java:1596)
	at org.testng.TestRunner.privateRun(TestRunner.java:848)
	at org.testng.TestRunner.run(TestRunner.java:621)
	at org.testng.SuiteRunner.runTest(SuiteRunner.java:443)
	at org.testng.SuiteRunner.runSequentially(SuiteRunner.java:437)
	at org.testng.SuiteRunner.privateRun(SuiteRunner.java:397)
	at org.testng.SuiteRunner.run(SuiteRunner.java:336)
	at org.testng.SuiteRunnerWorker.runSuite(SuiteRunnerWorker.java:52)
	at org.testng.SuiteRunnerWorker.run(SuiteRunnerWorker.java:95)
	at org.testng.TestNG.runSuitesSequentially(TestNG.java:1280)
	at org.testng.TestNG.runSuitesLocally(TestNG.java:1200)
	at org.testng.TestNG.runSuites(TestNG.java:1114)
	at org.testng.TestNG.run(TestNG.java:1082)
	at org.apache.maven.surefire.testng.TestNGExecutor.run(TestNGExecutor.java:155)
	at org.apache.maven.surefire.testng.TestNGDirectoryTestSuite.executeMulti(TestNGDirectoryTestSuite.java:169)
	at org.apache.maven.surefire.testng.TestNGDirectoryTestSuite.execute(TestNGDirectoryTestSuite.java:88)
	at org.apache.maven.surefire.testng.TestNGProvider.invoke(TestNGProvider.java:137)
	at org.apache.maven.surefire.booter.ForkedBooter.runSuitesInProcess(ForkedBooter.java:385)
	at org.apache.maven.surefire.booter.ForkedBooter.execute(ForkedBooter.java:162)
	at org.apache.maven.surefire.booter.ForkedBooter.run(ForkedBooter.java:507)
	at org.apache.maven.surefire.booter.ForkedBooter.main(ForkedBooter.java:495)
]]></failure>
    <system-out><![CDATA[🚀 Starting test execution...
📋 Testing GET /users/9999 (invalid ID)
]]></system-out>
  </testcase>
  <testcase name="testGetSingleUserByInvalidId[10000](4)" classname="com.emmanuelarhu.tests.UsersApiTest" time="0.663">
    <failure message="1 expectation failed.&#10;Expected status code (&lt;400&gt; or &lt;404&gt; or &lt;403&gt;) but was &lt;200&gt;.&#10;" type="java.lang.AssertionError"><![CDATA[java.lang.AssertionError: 
1 expectation failed.
Expected status code (<400> or <404> or <403>) but was <200>.

	at java.base/jdk.internal.reflect.DirectConstructorHandleAccessor.newInstance(DirectConstructorHandleAccessor.java:62)
	at java.base/java.lang.reflect.Constructor.newInstanceWithCaller(Constructor.java:502)
	at java.base/java.lang.reflect.Constructor.newInstance(Constructor.java:486)
	at org.codehaus.groovy.reflection.CachedConstructor.invoke(CachedConstructor.java:73)
	at org.codehaus.groovy.runtime.callsite.ConstructorSite$ConstructorSiteNoUnwrapNoCoerce.callConstructor(ConstructorSite.java:108)
	at org.codehaus.groovy.runtime.callsite.AbstractCallSite.callConstructor(AbstractCallSite.java:277)
	at io.restassured.internal.ResponseSpecificationImpl$HamcrestAssertionClosure.validate(ResponseSpecificationImpl.groovy:512)
	at io.restassured.internal.ResponseSpecificationImpl$HamcrestAssertionClosure$validate$1.call(Unknown Source)
	at io.restassured.internal.ResponseSpecificationImpl.validateResponseIfRequired(ResponseSpecificationImpl.groovy:696)
	at io.restassured.internal.ResponseSpecificationImpl.this$2$validateResponseIfRequired(ResponseSpecificationImpl.groovy)
	at java.base/jdk.internal.reflect.DirectMethodHandleAccessor.invoke(DirectMethodHandleAccessor.java:103)
	at java.base/java.lang.reflect.Method.invoke(Method.java:580)
	at org.codehaus.groovy.runtime.callsite.PlainObjectMetaMethodSite.doInvoke(PlainObjectMetaMethodSite.java:43)
	at org.codehaus.groovy.runtime.callsite.PogoMetaMethodSite$PogoCachedMethodSiteNoUnwrapNoCoerce.invoke(PogoMetaMethodSite.java:198)
	at org.codehaus.groovy.runtime.callsite.PogoMetaMethodSite.callCurrent(PogoMetaMethodSite.java:62)
	at org.codehaus.groovy.runtime.callsite.AbstractCallSite.callCurrent(AbstractCallSite.java:185)
	at io.restassured.internal.ResponseSpecificationImpl.statusCode(ResponseSpecificationImpl.groovy:135)
	at io.restassured.internal.ValidatableResponseOptionsImpl.statusCode(ValidatableResponseOptionsImpl.java:84)
	at com.emmanuelarhu.tests.UsersApiTest.testGetSingleUserByInvalidId(UsersApiTest.java:106)
	at java.base/jdk.internal.reflect.DirectMethodHandleAccessor.invoke(DirectMethodHandleAccessor.java:103)
	at java.base/java.lang.reflect.Method.invoke(Method.java:580)
	at org.testng.internal.invokers.MethodInvocationHelper.invokeMethod(MethodInvocationHelper.java:139)
	at org.testng.internal.invokers.TestInvoker.invokeMethod(TestInvoker.java:664)
	at org.testng.internal.invokers.TestInvoker.invokeTestMethod(TestInvoker.java:227)
	at org.testng.internal.invokers.MethodRunner.runInSequence(MethodRunner.java:50)
	at org.testng.internal.invokers.TestInvoker$MethodInvocationAgent.invoke(TestInvoker.java:957)
	at org.testng.internal.invokers.TestInvoker.invokeTestMethods(TestInvoker.java:200)
	at org.testng.internal.invokers.TestMethodWorker.invokeTestMethods(TestMethodWorker.java:148)
	at org.testng.internal.invokers.TestMethodWorker.run(TestMethodWorker.java:128)
	at java.base/java.util.ArrayList.forEach(ArrayList.java:1596)
	at org.testng.TestRunner.privateRun(TestRunner.java:848)
	at org.testng.TestRunner.run(TestRunner.java:621)
	at org.testng.SuiteRunner.runTest(SuiteRunner.java:443)
	at org.testng.SuiteRunner.runSequentially(SuiteRunner.java:437)
	at org.testng.SuiteRunner.privateRun(SuiteRunner.java:397)
	at org.testng.SuiteRunner.run(SuiteRunner.java:336)
	at org.testng.SuiteRunnerWorker.runSuite(SuiteRunnerWorker.java:52)
	at org.testng.SuiteRunnerWorker.run(SuiteRunnerWorker.java:95)
	at org.testng.TestNG.runSuitesSequentially(TestNG.java:1280)
	at org.testng.TestNG.runSuitesLocally(TestNG.java:1200)
	at org.testng.TestNG.runSuites(TestNG.java:1114)
	at org.testng.TestNG.run(TestNG.java:1082)
	at org.apache.maven.surefire.testng.TestNGExecutor.run(TestNGExecutor.java:155)
	at org.apache.maven.surefire.testng.TestNGDirectoryTestSuite.executeMulti(TestNGDirectoryTestSuite.java:169)
	at org.apache.maven.surefire.testng.TestNGDirectoryTestSuite.execute(TestNGDirectoryTestSuite.java:88)
	at org.apache.maven.surefire.testng.TestNGProvider.invoke(TestNGProvider.java:137)
	at org.apache.maven.surefire.booter.ForkedBooter.runSuitesInProcess(ForkedBooter.java:385)
	at org.apache.maven.surefire.booter.ForkedBooter.execute(ForkedBooter.java:162)
	at org.apache.maven.surefire.booter.ForkedBooter.run(ForkedBooter.java:507)
	at org.apache.maven.surefire.booter.ForkedBooter.main(ForkedBooter.java:495)
]]></failure>
    <system-out><![CDATA[🚀 Starting test execution...
📋 Testing GET /users/10000 (invalid ID)
]]></system-out>
  </testcase>
  <testcase name="testGetSingleUserByInvalidId[2147483647](5)" classname="com.emmanuelarhu.tests.UsersApiTest" time="3.583">
    <failure message="1 expectation failed.&#10;Expected status code (&lt;400&gt; or &lt;404&gt; or &lt;403&gt;) but was &lt;200&gt;.&#10;" type="java.lang.AssertionError"><![CDATA[java.lang.AssertionError: 
1 expectation failed.
Expected status code (<400> or <404> or <403>) but was <200>.

	at java.base/jdk.internal.reflect.DirectConstructorHandleAccessor.newInstance(DirectConstructorHandleAccessor.java:62)
	at java.base/java.lang.reflect.Constructor.newInstanceWithCaller(Constructor.java:502)
	at java.base/java.lang.reflect.Constructor.newInstance(Constructor.java:486)
	at org.codehaus.groovy.reflection.CachedConstructor.invoke(CachedConstructor.java:73)
	at org.codehaus.groovy.runtime.callsite.ConstructorSite$ConstructorSiteNoUnwrapNoCoerce.callConstructor(ConstructorSite.java:108)
	at org.codehaus.groovy.runtime.callsite.AbstractCallSite.callConstructor(AbstractCallSite.java:277)
	at io.restassured.internal.ResponseSpecificationImpl$HamcrestAssertionClosure.validate(ResponseSpecificationImpl.groovy:512)
	at io.restassured.internal.ResponseSpecificationImpl$HamcrestAssertionClosure$validate$1.call(Unknown Source)
	at io.restassured.internal.ResponseSpecificationImpl.validateResponseIfRequired(ResponseSpecificationImpl.groovy:696)
	at io.restassured.internal.ResponseSpecificationImpl.this$2$validateResponseIfRequired(ResponseSpecificationImpl.groovy)
	at java.base/jdk.internal.reflect.DirectMethodHandleAccessor.invoke(DirectMethodHandleAccessor.java:103)
	at java.base/java.lang.reflect.Method.invoke(Method.java:580)
	at org.codehaus.groovy.runtime.callsite.PlainObjectMetaMethodSite.doInvoke(PlainObjectMetaMethodSite.java:43)
	at org.codehaus.groovy.runtime.callsite.PogoMetaMethodSite$PogoCachedMethodSiteNoUnwrapNoCoerce.invoke(PogoMetaMethodSite.java:198)
	at org.codehaus.groovy.runtime.callsite.PogoMetaMethodSite.callCurrent(PogoMetaMethodSite.java:62)
	at org.codehaus.groovy.runtime.callsite.AbstractCallSite.callCurrent(AbstractCallSite.java:185)
	at io.restassured.internal.ResponseSpecificationImpl.statusCode(ResponseSpecificationImpl.groovy:135)
	at io.restassured.internal.ValidatableResponseOptionsImpl.statusCode(ValidatableResponseOptionsImpl.java:84)
	at com.emmanuelarhu.tests.UsersApiTest.testGetSingleUserByInvalidId(UsersApiTest.java:106)
	at java.base/jdk.internal.reflect.DirectMethodHandleAccessor.invoke(DirectMethodHandleAccessor.java:103)
	at java.base/java.lang.reflect.Method.invoke(Method.java:580)
	at org.testng.internal.invokers.MethodInvocationHelper.invokeMethod(MethodInvocationHelper.java:139)
	at org.testng.internal.invokers.TestInvoker.invokeMethod(TestInvoker.java:664)
	at org.testng.internal.invokers.TestInvoker.invokeTestMethod(TestInvoker.java:227)
	at org.testng.internal.invokers.MethodRunner.runInSequence(MethodRunner.java:50)
	at org.testng.internal.invokers.TestInvoker$MethodInvocationAgent.invoke(TestInvoker.java:957)
	at org.testng.internal.invokers.TestInvoker.invokeTestMethods(TestInvoker.java:200)
	at org.testng.internal.invokers.TestMethodWorker.invokeTestMethods(TestMethodWorker.java:148)
	at org.testng.internal.invokers.TestMethodWorker.run(TestMethodWorker.java:128)
	at java.base/java.util.ArrayList.forEach(ArrayList.java:1596)
	at org.testng.TestRunner.privateRun(TestRunner.java:848)
	at org.testng.TestRunner.run(TestRunner.java:621)
	at org.testng.SuiteRunner.runTest(SuiteRunner.java:443)
	at org.testng.SuiteRunner.runSequentially(SuiteRunner.java:437)
	at org.testng.SuiteRunner.privateRun(SuiteRunner.java:397)
	at org.testng.SuiteRunner.run(SuiteRunner.java:336)
	at org.testng.SuiteRunnerWorker.runSuite(SuiteRunnerWorker.java:52)
	at org.testng.SuiteRunnerWorker.run(SuiteRunnerWorker.java:95)
	at org.testng.TestNG.runSuitesSequentially(TestNG.java:1280)
	at org.testng.TestNG.runSuitesLocally(TestNG.java:1200)
	at org.testng.TestNG.runSuites(TestNG.java:1114)
	at org.testng.TestNG.run(TestNG.java:1082)
	at org.apache.maven.surefire.testng.TestNGExecutor.run(TestNGExecutor.java:155)
	at org.apache.maven.surefire.testng.TestNGDirectoryTestSuite.executeMulti(TestNGDirectoryTestSuite.java:169)
	at org.apache.maven.surefire.testng.TestNGDirectoryTestSuite.execute(TestNGDirectoryTestSuite.java:88)
	at org.apache.maven.surefire.testng.TestNGProvider.invoke(TestNGProvider.java:137)
	at org.apache.maven.surefire.booter.ForkedBooter.runSuitesInProcess(ForkedBooter.java:385)
	at org.apache.maven.surefire.booter.ForkedBooter.execute(ForkedBooter.java:162)
	at org.apache.maven.surefire.booter.ForkedBooter.run(ForkedBooter.java:507)
	at org.apache.maven.surefire.booter.ForkedBooter.main(ForkedBooter.java:495)
]]></failure>
    <system-out><![CDATA[🚀 Starting test execution...
📋 Testing GET /users/2147483647 (invalid ID)
]]></system-out>
  </testcase>
  <testcase name="testGetSingleUserByNonNumericId" classname="com.emmanuelarhu.tests.UsersApiTest" time="0.567">
    <system-out><![CDATA[🚀 Starting test execution...
📋 Testing GET /users/abc (non-numeric ID)
HTTP/1.1 400 Bad Request
Date: Fri, 15 Aug 2025 13:52:11 GMT
Content-Type: application/json; charset=utf-8
Content-Length: 57
Connection: keep-alive
Access-Control-Allow-Origin: *
Etag: W/"39-c+fGpiiXQH9CfiwB4wJOltECia0"
X-Powered-By: Express
Cf-Cache-Status: DYNAMIC
Nel: {"report_to":"cf-nel","success_fraction":0.0,"max_age":604800}
Report-To: {"group":"cf-nel","max_age":604800,"endpoints":[{"url":"https://a.nel.cloudflare.com/report/v4?s=o1aKQiZt2Jxshxtv81IqwYJ%2F368JqJkQ5lPwOVxmOIZ6BcJtP0MWMFgKS5%2FvYSPZxU1ZKIEr4C0xLrWkmw9Z%2BanUk0512sVEQfRqncPK9W8%3D"}]}
Server: cloudflare
CF-RAY: 96f92bc8892c6eea-CDG
alt-svc: h3=":443"; ma=86400

{
    "status": "error",
    "message": "user id should be provided"
}
]]></system-out>
  </testcase>
  <testcase name="testGetSingleUserBySpecialCharacterId" classname="com.emmanuelarhu.tests.UsersApiTest" time="0.488">
    <system-out><![CDATA[🚀 Starting test execution...
📋 Testing GET /users/@#$ (special characters)
HTTP/1.1 400 Bad Request
Date: Fri, 15 Aug 2025 13:52:12 GMT
Content-Type: application/json; charset=utf-8
Content-Length: 57
Connection: keep-alive
Access-Control-Allow-Origin: *
Etag: W/"39-c+fGpiiXQH9CfiwB4wJOltECia0"
X-Powered-By: Express
Cf-Cache-Status: DYNAMIC
Nel: {"report_to":"cf-nel","success_fraction":0.0,"max_age":604800}
Report-To: {"group":"cf-nel","max_age":604800,"endpoints":[{"url":"https://a.nel.cloudflare.com/report/v4?s=L9vhibwc%2FVvjaqRCSj%2FminF5pToiUEnESYl0M0SY0UpyzXzn6bhs%2F97txKmSVxzTZWEgcMLSpyPZJWjaNfZGDEUK1JkxOBQIoxGRoq3kII0%3D"}]}
Server: cloudflare
CF-RAY: 96f92bcbca4b2a6b-CDG
alt-svc: h3=":443"; ma=86400

{
    "status": "error",
    "message": "user id should be provided"
}
]]></system-out>
  </testcase>
  <testcase name="testCreateUserWithValidData[User{id=null, username=&apos;testuser1&apos;, email=&apos;test1@example.com&apos;, password=&apos;password123&apos;}](1)" classname="com.emmanuelarhu.tests.UsersApiTest" time="0.653">
    <system-out><![CDATA[🚀 Starting test execution...
📋 Testing POST /users with valid data: testuser1
HTTP/1.1 201 Created
Date: Fri, 15 Aug 2025 13:52:12 GMT
Content-Type: application/json; charset=utf-8
Content-Length: 8
Connection: keep-alive
Access-Control-Allow-Origin: *
Etag: W/"8-h5EdGu1QmHe4OkjsU292jNzSLfE"
X-Powered-By: Express
Cf-Cache-Status: DYNAMIC
Nel: {"report_to":"cf-nel","success_fraction":0.0,"max_age":604800}
Report-To: {"group":"cf-nel","max_age":604800,"endpoints":[{"url":"https://a.nel.cloudflare.com/report/v4?s=TuNBxByZjuWO3NeCl1nTgtD20Y7TrzSLdBuWFF1zubd0dY9WFm2ygArvXYk%2BADWmLpqO1AiVCBrUz3tjnXzNUZrwAy2pe%2FD%2FyrXk1Jm6RZM%3D"}]}
Server: cloudflare
CF-RAY: 96f92bcf2c3c64a1-CDG
alt-svc: h3=":443"; ma=86400

{
    "id": 1
}
✅ User created with ID: 1
]]></system-out>
  </testcase>
  <testcase name="testCreateUserWithValidData[User{id=null, username=&apos;testuser2&apos;, email=&apos;test2@example.com&apos;, password=&apos;securePass456&apos;}](2)" classname="com.emmanuelarhu.tests.UsersApiTest" time="0.693">
    <system-out><![CDATA[🚀 Starting test execution...
📋 Testing POST /users with valid data: testuser2
HTTP/1.1 201 Created
Date: Fri, 15 Aug 2025 13:52:13 GMT
Content-Type: application/json; charset=utf-8
Content-Length: 9
Connection: keep-alive
Access-Control-Allow-Origin: *
Etag: W/"9-hVv0cNJophUD7CGn+ZqXp8tVGo0"
X-Powered-By: Express
Cf-Cache-Status: DYNAMIC
Nel: {"report_to":"cf-nel","success_fraction":0.0,"max_age":604800}
Report-To: {"group":"cf-nel","max_age":604800,"endpoints":[{"url":"https://a.nel.cloudflare.com/report/v4?s=4GIWWjH43ZIxCKmrxYgRvuJp8YxjsbcRMqox9nrd8UGzvm3%2FHe6TYeAEORFoXEtf%2BW88IcZTzGww7H4u4FiKmu8K9yFb5jdWylXd6HuJ%2Fv8%3D"}]}
Server: cloudflare
CF-RAY: 96f92bd3cb2b697e-CDG
alt-svc: h3=":443"; ma=86400

{
    "id": 11
}
✅ User created with ID: 11
]]></system-out>
  </testcase>
  <testcase name="testCreateUserWithValidData[User{id=null, username=&apos;john_doe&apos;, email=&apos;john@test.com&apos;, password=&apos;myPassword789&apos;}](3)" classname="com.emmanuelarhu.tests.UsersApiTest" time="0.795">
    <system-out><![CDATA[🚀 Starting test execution...
📋 Testing POST /users with valid data: john_doe
HTTP/1.1 201 Created
Date: Fri, 15 Aug 2025 13:52:14 GMT
Content-Type: application/json; charset=utf-8
Content-Length: 9
Connection: keep-alive
Access-Control-Allow-Origin: *
Etag: W/"9-hVv0cNJophUD7CGn+ZqXp8tVGo0"
X-Powered-By: Express
Cf-Cache-Status: DYNAMIC
Nel: {"report_to":"cf-nel","success_fraction":0.0,"max_age":604800}
Report-To: {"group":"cf-nel","max_age":604800,"endpoints":[{"url":"https://a.nel.cloudflare.com/report/v4?s=tuO9P00OnAxadGaO6irXbwFIW5aPILZdEoA9SyET4nL0ejnqaRo981wY4Da%2Ff8p0%2FoLC80YtYg9lyvqCSSMOli3ZdBqDeQUuSpvFfQIn6zE%3D"}]}
Server: cloudflare
CF-RAY: 96f92bd94bd1d142-CDG
alt-svc: h3=":443"; ma=86400

{
    "id": 11
}
✅ User created with ID: 11
]]></system-out>
  </testcase>
  <testcase name="testCreateUserWithValidData[User{id=null, username=&apos;jane_smith&apos;, email=&apos;jane.smith@example.com&apos;, password=&apos;strongPass2024&apos;}](4)" classname="com.emmanuelarhu.tests.UsersApiTest" time="0.809">
    <system-out><![CDATA[🚀 Starting test execution...
📋 Testing POST /users with valid data: jane_smith
HTTP/1.1 201 Created
Date: Fri, 15 Aug 2025 13:52:15 GMT
Content-Type: application/json; charset=utf-8
Content-Length: 9
Connection: keep-alive
Access-Control-Allow-Origin: *
Etag: W/"9-hVv0cNJophUD7CGn+ZqXp8tVGo0"
X-Powered-By: Express
Cf-Cache-Status: DYNAMIC
Nel: {"report_to":"cf-nel","success_fraction":0.0,"max_age":604800}
Report-To: {"group":"cf-nel","max_age":604800,"endpoints":[{"url":"https://a.nel.cloudflare.com/report/v4?s=EAWXy%2FHoU6LoqWpKCJvQzB4dP7qxnPzTDTbTtUgPvg0vkSInP8BzVwmYE75v8JK2Jlrn3jpmtks2JPNgWZXGUXxMDXkurl9Low3xH6mrQJE%3D"}]}
Server: cloudflare
CF-RAY: 96f92bde6aea023a-CDG
alt-svc: h3=":443"; ma=86400

{
    "id": 11
}
✅ User created with ID: 11
]]></system-out>
  </testcase>
  <testcase name="testCreateUserWithValidData[User{id=null, username=&apos;api_tester&apos;, email=&apos;api.tester@qamail.com&apos;, password=&apos;testPassword@123&apos;}](5)" classname="com.emmanuelarhu.tests.UsersApiTest" time="0.764">
    <system-out><![CDATA[🚀 Starting test execution...
📋 Testing POST /users with valid data: api_tester
HTTP/1.1 201 Created
Date: Fri, 15 Aug 2025 13:52:16 GMT
Content-Type: application/json; charset=utf-8
Content-Length: 8
Connection: keep-alive
Access-Control-Allow-Origin: *
Etag: W/"8-h5EdGu1QmHe4OkjsU292jNzSLfE"
X-Powered-By: Express
Cf-Cache-Status: DYNAMIC
Nel: {"report_to":"cf-nel","success_fraction":0.0,"max_age":604800}
Report-To: {"group":"cf-nel","max_age":604800,"endpoints":[{"url":"https://a.nel.cloudflare.com/report/v4?s=PoZtdJjTM%2FLnPb11zVHazmGlg8B2vz5Vfa%2Bl%2FfsH23yNeCW8oeBGsTvy8J9b28e53qxrBn3irL1bmR6QiNejC%2BcDYVvC9yvPTJ%2F2dbznP7E%3D"}]}
Server: cloudflare
CF-RAY: 96f92be3eda5c262-CDG
alt-svc: h3=":443"; ma=86400

{
    "id": 1
}
✅ User created with ID: 1
]]></system-out>
  </testcase>
  <testcase name="testCreateUserWithInvalidData[User{id=null, username=&apos;&apos;, email=&apos;test@example.com&apos;, password=&apos;password123&apos;}, username](1)" classname="com.emmanuelarhu.tests.UsersApiTest" time="0.663">
    <failure message="1 expectation failed.&#10;Expected status code (&lt;400&gt; or &lt;422&gt; or &lt;403&gt;) but was &lt;201&gt;.&#10;" type="java.lang.AssertionError"><![CDATA[java.lang.AssertionError: 
1 expectation failed.
Expected status code (<400> or <422> or <403>) but was <201>.

	at java.base/jdk.internal.reflect.DirectConstructorHandleAccessor.newInstance(DirectConstructorHandleAccessor.java:62)
	at java.base/java.lang.reflect.Constructor.newInstanceWithCaller(Constructor.java:502)
	at java.base/java.lang.reflect.Constructor.newInstance(Constructor.java:486)
	at org.codehaus.groovy.reflection.CachedConstructor.invoke(CachedConstructor.java:73)
	at org.codehaus.groovy.runtime.callsite.ConstructorSite$ConstructorSiteNoUnwrapNoCoerce.callConstructor(ConstructorSite.java:108)
	at org.codehaus.groovy.runtime.callsite.AbstractCallSite.callConstructor(AbstractCallSite.java:277)
	at io.restassured.internal.ResponseSpecificationImpl$HamcrestAssertionClosure.validate(ResponseSpecificationImpl.groovy:512)
	at io.restassured.internal.ResponseSpecificationImpl$HamcrestAssertionClosure$validate$1.call(Unknown Source)
	at io.restassured.internal.ResponseSpecificationImpl.validateResponseIfRequired(ResponseSpecificationImpl.groovy:696)
	at io.restassured.internal.ResponseSpecificationImpl.this$2$validateResponseIfRequired(ResponseSpecificationImpl.groovy)
	at java.base/jdk.internal.reflect.DirectMethodHandleAccessor.invoke(DirectMethodHandleAccessor.java:103)
	at java.base/java.lang.reflect.Method.invoke(Method.java:580)
	at org.codehaus.groovy.runtime.callsite.PlainObjectMetaMethodSite.doInvoke(PlainObjectMetaMethodSite.java:43)
	at org.codehaus.groovy.runtime.callsite.PogoMetaMethodSite$PogoCachedMethodSiteNoUnwrapNoCoerce.invoke(PogoMetaMethodSite.java:198)
	at org.codehaus.groovy.runtime.callsite.PogoMetaMethodSite.callCurrent(PogoMetaMethodSite.java:62)
	at org.codehaus.groovy.runtime.callsite.AbstractCallSite.callCurrent(AbstractCallSite.java:185)
	at io.restassured.internal.ResponseSpecificationImpl.statusCode(ResponseSpecificationImpl.groovy:135)
	at io.restassured.internal.ValidatableResponseOptionsImpl.statusCode(ValidatableResponseOptionsImpl.java:84)
	at com.emmanuelarhu.tests.UsersApiTest.testCreateUserWithInvalidData(UsersApiTest.java:201)
	at java.base/jdk.internal.reflect.DirectMethodHandleAccessor.invoke(DirectMethodHandleAccessor.java:103)
	at java.base/java.lang.reflect.Method.invoke(Method.java:580)
	at org.testng.internal.invokers.MethodInvocationHelper.invokeMethod(MethodInvocationHelper.java:139)
	at org.testng.internal.invokers.TestInvoker.invokeMethod(TestInvoker.java:664)
	at org.testng.internal.invokers.TestInvoker.invokeTestMethod(TestInvoker.java:227)
	at org.testng.internal.invokers.MethodRunner.runInSequence(MethodRunner.java:50)
	at org.testng.internal.invokers.TestInvoker$MethodInvocationAgent.invoke(TestInvoker.java:957)
	at org.testng.internal.invokers.TestInvoker.invokeTestMethods(TestInvoker.java:200)
	at org.testng.internal.invokers.TestMethodWorker.invokeTestMethods(TestMethodWorker.java:148)
	at org.testng.internal.invokers.TestMethodWorker.run(TestMethodWorker.java:128)
	at java.base/java.util.ArrayList.forEach(ArrayList.java:1596)
	at org.testng.TestRunner.privateRun(TestRunner.java:848)
	at org.testng.TestRunner.run(TestRunner.java:621)
	at org.testng.SuiteRunner.runTest(SuiteRunner.java:443)
	at org.testng.SuiteRunner.runSequentially(SuiteRunner.java:437)
	at org.testng.SuiteRunner.privateRun(SuiteRunner.java:397)
	at org.testng.SuiteRunner.run(SuiteRunner.java:336)
	at org.testng.SuiteRunnerWorker.runSuite(SuiteRunnerWorker.java:52)
	at org.testng.SuiteRunnerWorker.run(SuiteRunnerWorker.java:95)
	at org.testng.TestNG.runSuitesSequentially(TestNG.java:1280)
	at org.testng.TestNG.runSuitesLocally(TestNG.java:1200)
	at org.testng.TestNG.runSuites(TestNG.java:1114)
	at org.testng.TestNG.run(TestNG.java:1082)
	at org.apache.maven.surefire.testng.TestNGExecutor.run(TestNGExecutor.java:155)
	at org.apache.maven.surefire.testng.TestNGDirectoryTestSuite.executeMulti(TestNGDirectoryTestSuite.java:169)
	at org.apache.maven.surefire.testng.TestNGDirectoryTestSuite.execute(TestNGDirectoryTestSuite.java:88)
	at org.apache.maven.surefire.testng.TestNGProvider.invoke(TestNGProvider.java:137)
	at org.apache.maven.surefire.booter.ForkedBooter.runSuitesInProcess(ForkedBooter.java:385)
	at org.apache.maven.surefire.booter.ForkedBooter.execute(ForkedBooter.java:162)
	at org.apache.maven.surefire.booter.ForkedBooter.run(ForkedBooter.java:507)
	at org.apache.maven.surefire.booter.ForkedBooter.main(ForkedBooter.java:495)
]]></failure>
    <system-out><![CDATA[🚀 Starting test execution...
📋 Testing POST /users with invalid username
]]></system-out>
  </testcase>
  <testcase name="testCreateUserWithInvalidData[User{id=null, username=&apos;testuser&apos;, email=&apos;&apos;, password=&apos;password123&apos;}, email](2)" classname="com.emmanuelarhu.tests.UsersApiTest" time="0.738">
    <failure message="1 expectation failed.&#10;Expected status code (&lt;400&gt; or &lt;422&gt; or &lt;403&gt;) but was &lt;201&gt;.&#10;" type="java.lang.AssertionError"><![CDATA[java.lang.AssertionError: 
1 expectation failed.
Expected status code (<400> or <422> or <403>) but was <201>.

	at java.base/jdk.internal.reflect.DirectConstructorHandleAccessor.newInstance(DirectConstructorHandleAccessor.java:62)
	at java.base/java.lang.reflect.Constructor.newInstanceWithCaller(Constructor.java:502)
	at java.base/java.lang.reflect.Constructor.newInstance(Constructor.java:486)
	at org.codehaus.groovy.reflection.CachedConstructor.invoke(CachedConstructor.java:73)
	at org.codehaus.groovy.runtime.callsite.ConstructorSite$ConstructorSiteNoUnwrapNoCoerce.callConstructor(ConstructorSite.java:108)
	at org.codehaus.groovy.runtime.callsite.AbstractCallSite.callConstructor(AbstractCallSite.java:277)
	at io.restassured.internal.ResponseSpecificationImpl$HamcrestAssertionClosure.validate(ResponseSpecificationImpl.groovy:512)
	at io.restassured.internal.ResponseSpecificationImpl$HamcrestAssertionClosure$validate$1.call(Unknown Source)
	at io.restassured.internal.ResponseSpecificationImpl.validateResponseIfRequired(ResponseSpecificationImpl.groovy:696)
	at io.restassured.internal.ResponseSpecificationImpl.this$2$validateResponseIfRequired(ResponseSpecificationImpl.groovy)
	at java.base/jdk.internal.reflect.DirectMethodHandleAccessor.invoke(DirectMethodHandleAccessor.java:103)
	at java.base/java.lang.reflect.Method.invoke(Method.java:580)
	at org.codehaus.groovy.runtime.callsite.PlainObjectMetaMethodSite.doInvoke(PlainObjectMetaMethodSite.java:43)
	at org.codehaus.groovy.runtime.callsite.PogoMetaMethodSite$PogoCachedMethodSiteNoUnwrapNoCoerce.invoke(PogoMetaMethodSite.java:198)
	at org.codehaus.groovy.runtime.callsite.PogoMetaMethodSite.callCurrent(PogoMetaMethodSite.java:62)
	at org.codehaus.groovy.runtime.callsite.AbstractCallSite.callCurrent(AbstractCallSite.java:185)
	at io.restassured.internal.ResponseSpecificationImpl.statusCode(ResponseSpecificationImpl.groovy:135)
	at io.restassured.internal.ValidatableResponseOptionsImpl.statusCode(ValidatableResponseOptionsImpl.java:84)
	at com.emmanuelarhu.tests.UsersApiTest.testCreateUserWithInvalidData(UsersApiTest.java:201)
	at java.base/jdk.internal.reflect.DirectMethodHandleAccessor.invoke(DirectMethodHandleAccessor.java:103)
	at java.base/java.lang.reflect.Method.invoke(Method.java:580)
	at org.testng.internal.invokers.MethodInvocationHelper.invokeMethod(MethodInvocationHelper.java:139)
	at org.testng.internal.invokers.TestInvoker.invokeMethod(TestInvoker.java:664)
	at org.testng.internal.invokers.TestInvoker.invokeTestMethod(TestInvoker.java:227)
	at org.testng.internal.invokers.MethodRunner.runInSequence(MethodRunner.java:50)
	at org.testng.internal.invokers.TestInvoker$MethodInvocationAgent.invoke(TestInvoker.java:957)
	at org.testng.internal.invokers.TestInvoker.invokeTestMethods(TestInvoker.java:200)
	at org.testng.internal.invokers.TestMethodWorker.invokeTestMethods(TestMethodWorker.java:148)
	at org.testng.internal.invokers.TestMethodWorker.run(TestMethodWorker.java:128)
	at java.base/java.util.ArrayList.forEach(ArrayList.java:1596)
	at org.testng.TestRunner.privateRun(TestRunner.java:848)
	at org.testng.TestRunner.run(TestRunner.java:621)
	at org.testng.SuiteRunner.runTest(SuiteRunner.java:443)
	at org.testng.SuiteRunner.runSequentially(SuiteRunner.java:437)
	at org.testng.SuiteRunner.privateRun(SuiteRunner.java:397)
	at org.testng.SuiteRunner.run(SuiteRunner.java:336)
	at org.testng.SuiteRunnerWorker.runSuite(SuiteRunnerWorker.java:52)
	at org.testng.SuiteRunnerWorker.run(SuiteRunnerWorker.java:95)
	at org.testng.TestNG.runSuitesSequentially(TestNG.java:1280)
	at org.testng.TestNG.runSuitesLocally(TestNG.java:1200)
	at org.testng.TestNG.runSuites(TestNG.java:1114)
	at org.testng.TestNG.run(TestNG.java:1082)
	at org.apache.maven.surefire.testng.TestNGExecutor.run(TestNGExecutor.java:155)
	at org.apache.maven.surefire.testng.TestNGDirectoryTestSuite.executeMulti(TestNGDirectoryTestSuite.java:169)
	at org.apache.maven.surefire.testng.TestNGDirectoryTestSuite.execute(TestNGDirectoryTestSuite.java:88)
	at org.apache.maven.surefire.testng.TestNGProvider.invoke(TestNGProvider.java:137)
	at org.apache.maven.surefire.booter.ForkedBooter.runSuitesInProcess(ForkedBooter.java:385)
	at org.apache.maven.surefire.booter.ForkedBooter.execute(ForkedBooter.java:162)
	at org.apache.maven.surefire.booter.ForkedBooter.run(ForkedBooter.java:507)
	at org.apache.maven.surefire.booter.ForkedBooter.main(ForkedBooter.java:495)
]]></failure>
    <system-out><![CDATA[🚀 Starting test execution...
📋 Testing POST /users with invalid email
]]></system-out>
  </testcase>
  <testcase name="testCreateUserWithInvalidData[User{id=null, username=&apos;testuser&apos;, email=&apos;test@example.com&apos;, password=&apos;&apos;}, password](3)" classname="com.emmanuelarhu.tests.UsersApiTest" time="0.709">
    <failure message="1 expectation failed.&#10;Expected status code (&lt;400&gt; or &lt;422&gt; or &lt;403&gt;) but was &lt;201&gt;.&#10;" type="java.lang.AssertionError"><![CDATA[java.lang.AssertionError: 
1 expectation failed.
Expected status code (<400> or <422> or <403>) but was <201>.

	at java.base/jdk.internal.reflect.DirectConstructorHandleAccessor.newInstance(DirectConstructorHandleAccessor.java:62)
	at java.base/java.lang.reflect.Constructor.newInstanceWithCaller(Constructor.java:502)
	at java.base/java.lang.reflect.Constructor.newInstance(Constructor.java:486)
	at org.codehaus.groovy.reflection.CachedConstructor.invoke(CachedConstructor.java:73)
	at org.codehaus.groovy.runtime.callsite.ConstructorSite$ConstructorSiteNoUnwrapNoCoerce.callConstructor(ConstructorSite.java:108)
	at org.codehaus.groovy.runtime.callsite.AbstractCallSite.callConstructor(AbstractCallSite.java:277)
	at io.restassured.internal.ResponseSpecificationImpl$HamcrestAssertionClosure.validate(ResponseSpecificationImpl.groovy:512)
	at io.restassured.internal.ResponseSpecificationImpl$HamcrestAssertionClosure$validate$1.call(Unknown Source)
	at io.restassured.internal.ResponseSpecificationImpl.validateResponseIfRequired(ResponseSpecificationImpl.groovy:696)
	at io.restassured.internal.ResponseSpecificationImpl.this$2$validateResponseIfRequired(ResponseSpecificationImpl.groovy)
	at java.base/jdk.internal.reflect.DirectMethodHandleAccessor.invoke(DirectMethodHandleAccessor.java:103)
	at java.base/java.lang.reflect.Method.invoke(Method.java:580)
	at org.codehaus.groovy.runtime.callsite.PlainObjectMetaMethodSite.doInvoke(PlainObjectMetaMethodSite.java:43)
	at org.codehaus.groovy.runtime.callsite.PogoMetaMethodSite$PogoCachedMethodSiteNoUnwrapNoCoerce.invoke(PogoMetaMethodSite.java:198)
	at org.codehaus.groovy.runtime.callsite.PogoMetaMethodSite.callCurrent(PogoMetaMethodSite.java:62)
	at org.codehaus.groovy.runtime.callsite.AbstractCallSite.callCurrent(AbstractCallSite.java:185)
	at io.restassured.internal.ResponseSpecificationImpl.statusCode(ResponseSpecificationImpl.groovy:135)
	at io.restassured.internal.ValidatableResponseOptionsImpl.statusCode(ValidatableResponseOptionsImpl.java:84)
	at com.emmanuelarhu.tests.UsersApiTest.testCreateUserWithInvalidData(UsersApiTest.java:201)
	at java.base/jdk.internal.reflect.DirectMethodHandleAccessor.invoke(DirectMethodHandleAccessor.java:103)
	at java.base/java.lang.reflect.Method.invoke(Method.java:580)
	at org.testng.internal.invokers.MethodInvocationHelper.invokeMethod(MethodInvocationHelper.java:139)
	at org.testng.internal.invokers.TestInvoker.invokeMethod(TestInvoker.java:664)
	at org.testng.internal.invokers.TestInvoker.invokeTestMethod(TestInvoker.java:227)
	at org.testng.internal.invokers.MethodRunner.runInSequence(MethodRunner.java:50)
	at org.testng.internal.invokers.TestInvoker$MethodInvocationAgent.invoke(TestInvoker.java:957)
	at org.testng.internal.invokers.TestInvoker.invokeTestMethods(TestInvoker.java:200)
	at org.testng.internal.invokers.TestMethodWorker.invokeTestMethods(TestMethodWorker.java:148)
	at org.testng.internal.invokers.TestMethodWorker.run(TestMethodWorker.java:128)
	at java.base/java.util.ArrayList.forEach(ArrayList.java:1596)
	at org.testng.TestRunner.privateRun(TestRunner.java:848)
	at org.testng.TestRunner.run(TestRunner.java:621)
	at org.testng.SuiteRunner.runTest(SuiteRunner.java:443)
	at org.testng.SuiteRunner.runSequentially(SuiteRunner.java:437)
	at org.testng.SuiteRunner.privateRun(SuiteRunner.java:397)
	at org.testng.SuiteRunner.run(SuiteRunner.java:336)
	at org.testng.SuiteRunnerWorker.runSuite(SuiteRunnerWorker.java:52)
	at org.testng.SuiteRunnerWorker.run(SuiteRunnerWorker.java:95)
	at org.testng.TestNG.runSuitesSequentially(TestNG.java:1280)
	at org.testng.TestNG.runSuitesLocally(TestNG.java:1200)
	at org.testng.TestNG.runSuites(TestNG.java:1114)
	at org.testng.TestNG.run(TestNG.java:1082)
	at org.apache.maven.surefire.testng.TestNGExecutor.run(TestNGExecutor.java:155)
	at org.apache.maven.surefire.testng.TestNGDirectoryTestSuite.executeMulti(TestNGDirectoryTestSuite.java:169)
	at org.apache.maven.surefire.testng.TestNGDirectoryTestSuite.execute(TestNGDirectoryTestSuite.java:88)
	at org.apache.maven.surefire.testng.TestNGProvider.invoke(TestNGProvider.java:137)
	at org.apache.maven.surefire.booter.ForkedBooter.runSuitesInProcess(ForkedBooter.java:385)
	at org.apache.maven.surefire.booter.ForkedBooter.execute(ForkedBooter.java:162)
	at org.apache.maven.surefire.booter.ForkedBooter.run(ForkedBooter.java:507)
	at org.apache.maven.surefire.booter.ForkedBooter.main(ForkedBooter.java:495)
]]></failure>
    <system-out><![CDATA[🚀 Starting test execution...
📋 Testing POST /users with invalid password
]]></system-out>
  </testcase>
  <testcase name="testCreateUserWithInvalidData[User{id=null, username=&apos;testuser&apos;, email=&apos;invalid-email&apos;, password=&apos;password123&apos;}, email](4)" classname="com.emmanuelarhu.tests.UsersApiTest" time="0.815">
    <failure message="1 expectation failed.&#10;Expected status code (&lt;400&gt; or &lt;422&gt; or &lt;403&gt;) but was &lt;201&gt;.&#10;" type="java.lang.AssertionError"><![CDATA[java.lang.AssertionError: 
1 expectation failed.
Expected status code (<400> or <422> or <403>) but was <201>.

	at java.base/jdk.internal.reflect.DirectConstructorHandleAccessor.newInstance(DirectConstructorHandleAccessor.java:62)
	at java.base/java.lang.reflect.Constructor.newInstanceWithCaller(Constructor.java:502)
	at java.base/java.lang.reflect.Constructor.newInstance(Constructor.java:486)
	at org.codehaus.groovy.reflection.CachedConstructor.invoke(CachedConstructor.java:73)
	at org.codehaus.groovy.runtime.callsite.ConstructorSite$ConstructorSiteNoUnwrapNoCoerce.callConstructor(ConstructorSite.java:108)
	at org.codehaus.groovy.runtime.callsite.AbstractCallSite.callConstructor(AbstractCallSite.java:277)
	at io.restassured.internal.ResponseSpecificationImpl$HamcrestAssertionClosure.validate(ResponseSpecificationImpl.groovy:512)
	at io.restassured.internal.ResponseSpecificationImpl$HamcrestAssertionClosure$validate$1.call(Unknown Source)
	at io.restassured.internal.ResponseSpecificationImpl.validateResponseIfRequired(ResponseSpecificationImpl.groovy:696)
	at io.restassured.internal.ResponseSpecificationImpl.this$2$validateResponseIfRequired(ResponseSpecificationImpl.groovy)
	at java.base/jdk.internal.reflect.DirectMethodHandleAccessor.invoke(DirectMethodHandleAccessor.java:103)
	at java.base/java.lang.reflect.Method.invoke(Method.java:580)
	at org.codehaus.groovy.runtime.callsite.PlainObjectMetaMethodSite.doInvoke(PlainObjectMetaMethodSite.java:43)
	at org.codehaus.groovy.runtime.callsite.PogoMetaMethodSite$PogoCachedMethodSiteNoUnwrapNoCoerce.invoke(PogoMetaMethodSite.java:198)
	at org.codehaus.groovy.runtime.callsite.PogoMetaMethodSite.callCurrent(PogoMetaMethodSite.java:62)
	at org.codehaus.groovy.runtime.callsite.AbstractCallSite.callCurrent(AbstractCallSite.java:185)
	at io.restassured.internal.ResponseSpecificationImpl.statusCode(ResponseSpecificationImpl.groovy:135)
	at io.restassured.internal.ValidatableResponseOptionsImpl.statusCode(ValidatableResponseOptionsImpl.java:84)
	at com.emmanuelarhu.tests.UsersApiTest.testCreateUserWithInvalidData(UsersApiTest.java:201)
	at java.base/jdk.internal.reflect.DirectMethodHandleAccessor.invoke(DirectMethodHandleAccessor.java:103)
	at java.base/java.lang.reflect.Method.invoke(Method.java:580)
	at org.testng.internal.invokers.MethodInvocationHelper.invokeMethod(MethodInvocationHelper.java:139)
	at org.testng.internal.invokers.TestInvoker.invokeMethod(TestInvoker.java:664)
	at org.testng.internal.invokers.TestInvoker.invokeTestMethod(TestInvoker.java:227)
	at org.testng.internal.invokers.MethodRunner.runInSequence(MethodRunner.java:50)
	at org.testng.internal.invokers.TestInvoker$MethodInvocationAgent.invoke(TestInvoker.java:957)
	at org.testng.internal.invokers.TestInvoker.invokeTestMethods(TestInvoker.java:200)
	at org.testng.internal.invokers.TestMethodWorker.invokeTestMethods(TestMethodWorker.java:148)
	at org.testng.internal.invokers.TestMethodWorker.run(TestMethodWorker.java:128)
	at java.base/java.util.ArrayList.forEach(ArrayList.java:1596)
	at org.testng.TestRunner.privateRun(TestRunner.java:848)
	at org.testng.TestRunner.run(TestRunner.java:621)
	at org.testng.SuiteRunner.runTest(SuiteRunner.java:443)
	at org.testng.SuiteRunner.runSequentially(SuiteRunner.java:437)
	at org.testng.SuiteRunner.privateRun(SuiteRunner.java:397)
	at org.testng.SuiteRunner.run(SuiteRunner.java:336)
	at org.testng.SuiteRunnerWorker.runSuite(SuiteRunnerWorker.java:52)
	at org.testng.SuiteRunnerWorker.run(SuiteRunnerWorker.java:95)
	at org.testng.TestNG.runSuitesSequentially(TestNG.java:1280)
	at org.testng.TestNG.runSuitesLocally(TestNG.java:1200)
	at org.testng.TestNG.runSuites(TestNG.java:1114)
	at org.testng.TestNG.run(TestNG.java:1082)
	at org.apache.maven.surefire.testng.TestNGExecutor.run(TestNGExecutor.java:155)
	at org.apache.maven.surefire.testng.TestNGDirectoryTestSuite.executeMulti(TestNGDirectoryTestSuite.java:169)
	at org.apache.maven.surefire.testng.TestNGDirectoryTestSuite.execute(TestNGDirectoryTestSuite.java:88)
	at org.apache.maven.surefire.testng.TestNGProvider.invoke(TestNGProvider.java:137)
	at org.apache.maven.surefire.booter.ForkedBooter.runSuitesInProcess(ForkedBooter.java:385)
	at org.apache.maven.surefire.booter.ForkedBooter.execute(ForkedBooter.java:162)
	at org.apache.maven.surefire.booter.ForkedBooter.run(ForkedBooter.java:507)
	at org.apache.maven.surefire.booter.ForkedBooter.main(ForkedBooter.java:495)
]]></failure>
    <system-out><![CDATA[🚀 Starting test execution...
📋 Testing POST /users with invalid email
]]></system-out>
  </testcase>
  <testcase name="testCreateUserWithInvalidData[User{id=null, username=&apos;null&apos;, email=&apos;test@example.com&apos;, password=&apos;password123&apos;}, username](5)" classname="com.emmanuelarhu.tests.UsersApiTest" time="0.839">
    <failure message="1 expectation failed.&#10;Expected status code (&lt;400&gt; or &lt;422&gt; or &lt;403&gt;) but was &lt;201&gt;.&#10;" type="java.lang.AssertionError"><![CDATA[java.lang.AssertionError: 
1 expectation failed.
Expected status code (<400> or <422> or <403>) but was <201>.

	at java.base/jdk.internal.reflect.DirectConstructorHandleAccessor.newInstance(DirectConstructorHandleAccessor.java:62)
	at java.base/java.lang.reflect.Constructor.newInstanceWithCaller(Constructor.java:502)
	at java.base/java.lang.reflect.Constructor.newInstance(Constructor.java:486)
	at org.codehaus.groovy.reflection.CachedConstructor.invoke(CachedConstructor.java:73)
	at org.codehaus.groovy.runtime.callsite.ConstructorSite$ConstructorSiteNoUnwrapNoCoerce.callConstructor(ConstructorSite.java:108)
	at org.codehaus.groovy.runtime.callsite.AbstractCallSite.callConstructor(AbstractCallSite.java:277)
	at io.restassured.internal.ResponseSpecificationImpl$HamcrestAssertionClosure.validate(ResponseSpecificationImpl.groovy:512)
	at io.restassured.internal.ResponseSpecificationImpl$HamcrestAssertionClosure$validate$1.call(Unknown Source)
	at io.restassured.internal.ResponseSpecificationImpl.validateResponseIfRequired(ResponseSpecificationImpl.groovy:696)
	at io.restassured.internal.ResponseSpecificationImpl.this$2$validateResponseIfRequired(ResponseSpecificationImpl.groovy)
	at java.base/jdk.internal.reflect.DirectMethodHandleAccessor.invoke(DirectMethodHandleAccessor.java:103)
	at java.base/java.lang.reflect.Method.invoke(Method.java:580)
	at org.codehaus.groovy.runtime.callsite.PlainObjectMetaMethodSite.doInvoke(PlainObjectMetaMethodSite.java:43)
	at org.codehaus.groovy.runtime.callsite.PogoMetaMethodSite$PogoCachedMethodSiteNoUnwrapNoCoerce.invoke(PogoMetaMethodSite.java:198)
	at org.codehaus.groovy.runtime.callsite.PogoMetaMethodSite.callCurrent(PogoMetaMethodSite.java:62)
	at org.codehaus.groovy.runtime.callsite.AbstractCallSite.callCurrent(AbstractCallSite.java:185)
	at io.restassured.internal.ResponseSpecificationImpl.statusCode(ResponseSpecificationImpl.groovy:135)
	at io.restassured.internal.ValidatableResponseOptionsImpl.statusCode(ValidatableResponseOptionsImpl.java:84)
	at com.emmanuelarhu.tests.UsersApiTest.testCreateUserWithInvalidData(UsersApiTest.java:201)
	at java.base/jdk.internal.reflect.DirectMethodHandleAccessor.invoke(DirectMethodHandleAccessor.java:103)
	at java.base/java.lang.reflect.Method.invoke(Method.java:580)
	at org.testng.internal.invokers.MethodInvocationHelper.invokeMethod(MethodInvocationHelper.java:139)
	at org.testng.internal.invokers.TestInvoker.invokeMethod(TestInvoker.java:664)
	at org.testng.internal.invokers.TestInvoker.invokeTestMethod(TestInvoker.java:227)
	at org.testng.internal.invokers.MethodRunner.runInSequence(MethodRunner.java:50)
	at org.testng.internal.invokers.TestInvoker$MethodInvocationAgent.invoke(TestInvoker.java:957)
	at org.testng.internal.invokers.TestInvoker.invokeTestMethods(TestInvoker.java:200)
	at org.testng.internal.invokers.TestMethodWorker.invokeTestMethods(TestMethodWorker.java:148)
	at org.testng.internal.invokers.TestMethodWorker.run(TestMethodWorker.java:128)
	at java.base/java.util.ArrayList.forEach(ArrayList.java:1596)
	at org.testng.TestRunner.privateRun(TestRunner.java:848)
	at org.testng.TestRunner.run(TestRunner.java:621)
	at org.testng.SuiteRunner.runTest(SuiteRunner.java:443)
	at org.testng.SuiteRunner.runSequentially(SuiteRunner.java:437)
	at org.testng.SuiteRunner.privateRun(SuiteRunner.java:397)
	at org.testng.SuiteRunner.run(SuiteRunner.java:336)
	at org.testng.SuiteRunnerWorker.runSuite(SuiteRunnerWorker.java:52)
	at org.testng.SuiteRunnerWorker.run(SuiteRunnerWorker.java:95)
	at org.testng.TestNG.runSuitesSequentially(TestNG.java:1280)
	at org.testng.TestNG.runSuitesLocally(TestNG.java:1200)
	at org.testng.TestNG.runSuites(TestNG.java:1114)
	at org.testng.TestNG.run(TestNG.java:1082)
	at org.apache.maven.surefire.testng.TestNGExecutor.run(TestNGExecutor.java:155)
	at org.apache.maven.surefire.testng.TestNGDirectoryTestSuite.executeMulti(TestNGDirectoryTestSuite.java:169)
	at org.apache.maven.surefire.testng.TestNGDirectoryTestSuite.execute(TestNGDirectoryTestSuite.java:88)
	at org.apache.maven.surefire.testng.TestNGProvider.invoke(TestNGProvider.java:137)
	at org.apache.maven.surefire.booter.ForkedBooter.runSuitesInProcess(ForkedBooter.java:385)
	at org.apache.maven.surefire.booter.ForkedBooter.execute(ForkedBooter.java:162)
	at org.apache.maven.surefire.booter.ForkedBooter.run(ForkedBooter.java:507)
	at org.apache.maven.surefire.booter.ForkedBooter.main(ForkedBooter.java:495)
]]></failure>
    <system-out><![CDATA[🚀 Starting test execution...
📋 Testing POST /users with invalid username
]]></system-out>
  </testcase>
  <testcase name="testCreateUserWithInvalidData[User{id=null, username=&apos;testuser&apos;, email=&apos;null&apos;, password=&apos;password123&apos;}, email](6)" classname="com.emmanuelarhu.tests.UsersApiTest" time="0.797">
    <failure message="1 expectation failed.&#10;Expected status code (&lt;400&gt; or &lt;422&gt; or &lt;403&gt;) but was &lt;201&gt;.&#10;" type="java.lang.AssertionError"><![CDATA[java.lang.AssertionError: 
1 expectation failed.
Expected status code (<400> or <422> or <403>) but was <201>.

	at java.base/jdk.internal.reflect.DirectConstructorHandleAccessor.newInstance(DirectConstructorHandleAccessor.java:62)
	at java.base/java.lang.reflect.Constructor.newInstanceWithCaller(Constructor.java:502)
	at java.base/java.lang.reflect.Constructor.newInstance(Constructor.java:486)
	at org.codehaus.groovy.reflection.CachedConstructor.invoke(CachedConstructor.java:73)
	at org.codehaus.groovy.runtime.callsite.ConstructorSite$ConstructorSiteNoUnwrapNoCoerce.callConstructor(ConstructorSite.java:108)
	at org.codehaus.groovy.runtime.callsite.AbstractCallSite.callConstructor(AbstractCallSite.java:277)
	at io.restassured.internal.ResponseSpecificationImpl$HamcrestAssertionClosure.validate(ResponseSpecificationImpl.groovy:512)
	at io.restassured.internal.ResponseSpecificationImpl$HamcrestAssertionClosure$validate$1.call(Unknown Source)
	at io.restassured.internal.ResponseSpecificationImpl.validateResponseIfRequired(ResponseSpecificationImpl.groovy:696)
	at io.restassured.internal.ResponseSpecificationImpl.this$2$validateResponseIfRequired(ResponseSpecificationImpl.groovy)
	at java.base/jdk.internal.reflect.DirectMethodHandleAccessor.invoke(DirectMethodHandleAccessor.java:103)
	at java.base/java.lang.reflect.Method.invoke(Method.java:580)
	at org.codehaus.groovy.runtime.callsite.PlainObjectMetaMethodSite.doInvoke(PlainObjectMetaMethodSite.java:43)
	at org.codehaus.groovy.runtime.callsite.PogoMetaMethodSite$PogoCachedMethodSiteNoUnwrapNoCoerce.invoke(PogoMetaMethodSite.java:198)
	at org.codehaus.groovy.runtime.callsite.PogoMetaMethodSite.callCurrent(PogoMetaMethodSite.java:62)
	at org.codehaus.groovy.runtime.callsite.AbstractCallSite.callCurrent(AbstractCallSite.java:185)
	at io.restassured.internal.ResponseSpecificationImpl.statusCode(ResponseSpecificationImpl.groovy:135)
	at io.restassured.internal.ValidatableResponseOptionsImpl.statusCode(ValidatableResponseOptionsImpl.java:84)
	at com.emmanuelarhu.tests.UsersApiTest.testCreateUserWithInvalidData(UsersApiTest.java:201)
	at java.base/jdk.internal.reflect.DirectMethodHandleAccessor.invoke(DirectMethodHandleAccessor.java:103)
	at java.base/java.lang.reflect.Method.invoke(Method.java:580)
	at org.testng.internal.invokers.MethodInvocationHelper.invokeMethod(MethodInvocationHelper.java:139)
	at org.testng.internal.invokers.TestInvoker.invokeMethod(TestInvoker.java:664)
	at org.testng.internal.invokers.TestInvoker.invokeTestMethod(TestInvoker.java:227)
	at org.testng.internal.invokers.MethodRunner.runInSequence(MethodRunner.java:50)
	at org.testng.internal.invokers.TestInvoker$MethodInvocationAgent.invoke(TestInvoker.java:957)
	at org.testng.internal.invokers.TestInvoker.invokeTestMethods(TestInvoker.java:200)
	at org.testng.internal.invokers.TestMethodWorker.invokeTestMethods(TestMethodWorker.java:148)
	at org.testng.internal.invokers.TestMethodWorker.run(TestMethodWorker.java:128)
	at java.base/java.util.ArrayList.forEach(ArrayList.java:1596)
	at org.testng.TestRunner.privateRun(TestRunner.java:848)
	at org.testng.TestRunner.run(TestRunner.java:621)
	at org.testng.SuiteRunner.runTest(SuiteRunner.java:443)
	at org.testng.SuiteRunner.runSequentially(SuiteRunner.java:437)
	at org.testng.SuiteRunner.privateRun(SuiteRunner.java:397)
	at org.testng.SuiteRunner.run(SuiteRunner.java:336)
	at org.testng.SuiteRunnerWorker.runSuite(SuiteRunnerWorker.java:52)
	at org.testng.SuiteRunnerWorker.run(SuiteRunnerWorker.java:95)
	at org.testng.TestNG.runSuitesSequentially(TestNG.java:1280)
	at org.testng.TestNG.runSuitesLocally(TestNG.java:1200)
	at org.testng.TestNG.runSuites(TestNG.java:1114)
	at org.testng.TestNG.run(TestNG.java:1082)
	at org.apache.maven.surefire.testng.TestNGExecutor.run(TestNGExecutor.java:155)
	at org.apache.maven.surefire.testng.TestNGDirectoryTestSuite.executeMulti(TestNGDirectoryTestSuite.java:169)
	at org.apache.maven.surefire.testng.TestNGDirectoryTestSuite.execute(TestNGDirectoryTestSuite.java:88)
	at org.apache.maven.surefire.testng.TestNGProvider.invoke(TestNGProvider.java:137)
	at org.apache.maven.surefire.booter.ForkedBooter.runSuitesInProcess(ForkedBooter.java:385)
	at org.apache.maven.surefire.booter.ForkedBooter.execute(ForkedBooter.java:162)
	at org.apache.maven.surefire.booter.ForkedBooter.run(ForkedBooter.java:507)
	at org.apache.maven.surefire.booter.ForkedBooter.main(ForkedBooter.java:495)
]]></failure>
    <system-out><![CDATA[🚀 Starting test execution...
📋 Testing POST /users with invalid email
]]></system-out>
  </testcase>
  <testcase name="testCreateUserWithInvalidData[User{id=null, username=&apos;testuser&apos;, email=&apos;test@example.com&apos;, password=&apos;null&apos;}, password](7)" classname="com.emmanuelarhu.tests.UsersApiTest" time="0.799">
    <failure message="1 expectation failed.&#10;Expected status code (&lt;400&gt; or &lt;422&gt; or &lt;403&gt;) but was &lt;201&gt;.&#10;" type="java.lang.AssertionError"><![CDATA[java.lang.AssertionError: 
1 expectation failed.
Expected status code (<400> or <422> or <403>) but was <201>.

	at java.base/jdk.internal.reflect.DirectConstructorHandleAccessor.newInstance(DirectConstructorHandleAccessor.java:62)
	at java.base/java.lang.reflect.Constructor.newInstanceWithCaller(Constructor.java:502)
	at java.base/java.lang.reflect.Constructor.newInstance(Constructor.java:486)
	at org.codehaus.groovy.reflection.CachedConstructor.invoke(CachedConstructor.java:73)
	at org.codehaus.groovy.runtime.callsite.ConstructorSite$ConstructorSiteNoUnwrapNoCoerce.callConstructor(ConstructorSite.java:108)
	at org.codehaus.groovy.runtime.callsite.AbstractCallSite.callConstructor(AbstractCallSite.java:277)
	at io.restassured.internal.ResponseSpecificationImpl$HamcrestAssertionClosure.validate(ResponseSpecificationImpl.groovy:512)
	at io.restassured.internal.ResponseSpecificationImpl$HamcrestAssertionClosure$validate$1.call(Unknown Source)
	at io.restassured.internal.ResponseSpecificationImpl.validateResponseIfRequired(ResponseSpecificationImpl.groovy:696)
	at io.restassured.internal.ResponseSpecificationImpl.this$2$validateResponseIfRequired(ResponseSpecificationImpl.groovy)
	at java.base/jdk.internal.reflect.DirectMethodHandleAccessor.invoke(DirectMethodHandleAccessor.java:103)
	at java.base/java.lang.reflect.Method.invoke(Method.java:580)
	at org.codehaus.groovy.runtime.callsite.PlainObjectMetaMethodSite.doInvoke(PlainObjectMetaMethodSite.java:43)
	at org.codehaus.groovy.runtime.callsite.PogoMetaMethodSite$PogoCachedMethodSiteNoUnwrapNoCoerce.invoke(PogoMetaMethodSite.java:198)
	at org.codehaus.groovy.runtime.callsite.PogoMetaMethodSite.callCurrent(PogoMetaMethodSite.java:62)
	at org.codehaus.groovy.runtime.callsite.AbstractCallSite.callCurrent(AbstractCallSite.java:185)
	at io.restassured.internal.ResponseSpecificationImpl.statusCode(ResponseSpecificationImpl.groovy:135)
	at io.restassured.internal.ValidatableResponseOptionsImpl.statusCode(ValidatableResponseOptionsImpl.java:84)
	at com.emmanuelarhu.tests.UsersApiTest.testCreateUserWithInvalidData(UsersApiTest.java:201)
	at java.base/jdk.internal.reflect.DirectMethodHandleAccessor.invoke(DirectMethodHandleAccessor.java:103)
	at java.base/java.lang.reflect.Method.invoke(Method.java:580)
	at org.testng.internal.invokers.MethodInvocationHelper.invokeMethod(MethodInvocationHelper.java:139)
	at org.testng.internal.invokers.TestInvoker.invokeMethod(TestInvoker.java:664)
	at org.testng.internal.invokers.TestInvoker.invokeTestMethod(TestInvoker.java:227)
	at org.testng.internal.invokers.MethodRunner.runInSequence(MethodRunner.java:50)
	at org.testng.internal.invokers.TestInvoker$MethodInvocationAgent.invoke(TestInvoker.java:957)
	at org.testng.internal.invokers.TestInvoker.invokeTestMethods(TestInvoker.java:200)
	at org.testng.internal.invokers.TestMethodWorker.invokeTestMethods(TestMethodWorker.java:148)
	at org.testng.internal.invokers.TestMethodWorker.run(TestMethodWorker.java:128)
	at java.base/java.util.ArrayList.forEach(ArrayList.java:1596)
	at org.testng.TestRunner.privateRun(TestRunner.java:848)
	at org.testng.TestRunner.run(TestRunner.java:621)
	at org.testng.SuiteRunner.runTest(SuiteRunner.java:443)
	at org.testng.SuiteRunner.runSequentially(SuiteRunner.java:437)
	at org.testng.SuiteRunner.privateRun(SuiteRunner.java:397)
	at org.testng.SuiteRunner.run(SuiteRunner.java:336)
	at org.testng.SuiteRunnerWorker.runSuite(SuiteRunnerWorker.java:52)
	at org.testng.SuiteRunnerWorker.run(SuiteRunnerWorker.java:95)
	at org.testng.TestNG.runSuitesSequentially(TestNG.java:1280)
	at org.testng.TestNG.runSuitesLocally(TestNG.java:1200)
	at org.testng.TestNG.runSuites(TestNG.java:1114)
	at org.testng.TestNG.run(TestNG.java:1082)
	at org.apache.maven.surefire.testng.TestNGExecutor.run(TestNGExecutor.java:155)
	at org.apache.maven.surefire.testng.TestNGDirectoryTestSuite.executeMulti(TestNGDirectoryTestSuite.java:169)
	at org.apache.maven.surefire.testng.TestNGDirectoryTestSuite.execute(TestNGDirectoryTestSuite.java:88)
	at org.apache.maven.surefire.testng.TestNGProvider.invoke(TestNGProvider.java:137)
	at org.apache.maven.surefire.booter.ForkedBooter.runSuitesInProcess(ForkedBooter.java:385)
	at org.apache.maven.surefire.booter.ForkedBooter.execute(ForkedBooter.java:162)
	at org.apache.maven.surefire.booter.ForkedBooter.run(ForkedBooter.java:507)
	at org.apache.maven.surefire.booter.ForkedBooter.main(ForkedBooter.java:495)
]]></failure>
    <system-out><![CDATA[🚀 Starting test execution...
📋 Testing POST /users with invalid password
]]></system-out>
  </testcase>
  <testcase name="testCreateUserWithEmptyBody" classname="com.emmanuelarhu.tests.UsersApiTest" time="0.635">
    <failure message="1 expectation failed.&#10;Expected status code (&lt;400&gt; or &lt;422&gt; or &lt;403&gt;) but was &lt;201&gt;.&#10;" type="java.lang.AssertionError"><![CDATA[java.lang.AssertionError: 
1 expectation failed.
Expected status code (<400> or <422> or <403>) but was <201>.

	at java.base/jdk.internal.reflect.DirectConstructorHandleAccessor.newInstance(DirectConstructorHandleAccessor.java:62)
	at java.base/java.lang.reflect.Constructor.newInstanceWithCaller(Constructor.java:502)
	at java.base/java.lang.reflect.Constructor.newInstance(Constructor.java:486)
	at org.codehaus.groovy.reflection.CachedConstructor.invoke(CachedConstructor.java:73)
	at org.codehaus.groovy.runtime.callsite.ConstructorSite$ConstructorSiteNoUnwrapNoCoerce.callConstructor(ConstructorSite.java:108)
	at org.codehaus.groovy.runtime.callsite.AbstractCallSite.callConstructor(AbstractCallSite.java:277)
	at io.restassured.internal.ResponseSpecificationImpl$HamcrestAssertionClosure.validate(ResponseSpecificationImpl.groovy:512)
	at io.restassured.internal.ResponseSpecificationImpl$HamcrestAssertionClosure$validate$1.call(Unknown Source)
	at io.restassured.internal.ResponseSpecificationImpl.validateResponseIfRequired(ResponseSpecificationImpl.groovy:696)
	at io.restassured.internal.ResponseSpecificationImpl.this$2$validateResponseIfRequired(ResponseSpecificationImpl.groovy)
	at java.base/jdk.internal.reflect.DirectMethodHandleAccessor.invoke(DirectMethodHandleAccessor.java:103)
	at java.base/java.lang.reflect.Method.invoke(Method.java:580)
	at org.codehaus.groovy.runtime.callsite.PlainObjectMetaMethodSite.doInvoke(PlainObjectMetaMethodSite.java:43)
	at org.codehaus.groovy.runtime.callsite.PogoMetaMethodSite$PogoCachedMethodSiteNoUnwrapNoCoerce.invoke(PogoMetaMethodSite.java:198)
	at org.codehaus.groovy.runtime.callsite.PogoMetaMethodSite.callCurrent(PogoMetaMethodSite.java:62)
	at org.codehaus.groovy.runtime.callsite.AbstractCallSite.callCurrent(AbstractCallSite.java:185)
	at io.restassured.internal.ResponseSpecificationImpl.statusCode(ResponseSpecificationImpl.groovy:135)
	at io.restassured.internal.ValidatableResponseOptionsImpl.statusCode(ValidatableResponseOptionsImpl.java:84)
	at com.emmanuelarhu.tests.UsersApiTest.testCreateUserWithEmptyBody(UsersApiTest.java:222)
	at java.base/jdk.internal.reflect.DirectMethodHandleAccessor.invoke(DirectMethodHandleAccessor.java:103)
	at java.base/java.lang.reflect.Method.invoke(Method.java:580)
	at org.testng.internal.invokers.MethodInvocationHelper.invokeMethod(MethodInvocationHelper.java:139)
	at org.testng.internal.invokers.TestInvoker.invokeMethod(TestInvoker.java:664)
	at org.testng.internal.invokers.TestInvoker.invokeTestMethod(TestInvoker.java:227)
	at org.testng.internal.invokers.MethodRunner.runInSequence(MethodRunner.java:50)
	at org.testng.internal.invokers.TestInvoker$MethodInvocationAgent.invoke(TestInvoker.java:957)
	at org.testng.internal.invokers.TestInvoker.invokeTestMethods(TestInvoker.java:200)
	at org.testng.internal.invokers.TestMethodWorker.invokeTestMethods(TestMethodWorker.java:148)
	at org.testng.internal.invokers.TestMethodWorker.run(TestMethodWorker.java:128)
	at java.base/java.util.ArrayList.forEach(ArrayList.java:1596)
	at org.testng.TestRunner.privateRun(TestRunner.java:848)
	at org.testng.TestRunner.run(TestRunner.java:621)
	at org.testng.SuiteRunner.runTest(SuiteRunner.java:443)
	at org.testng.SuiteRunner.runSequentially(SuiteRunner.java:437)
	at org.testng.SuiteRunner.privateRun(SuiteRunner.java:397)
	at org.testng.SuiteRunner.run(SuiteRunner.java:336)
	at org.testng.SuiteRunnerWorker.runSuite(SuiteRunnerWorker.java:52)
	at org.testng.SuiteRunnerWorker.run(SuiteRunnerWorker.java:95)
	at org.testng.TestNG.runSuitesSequentially(TestNG.java:1280)
	at org.testng.TestNG.runSuitesLocally(TestNG.java:1200)
	at org.testng.TestNG.runSuites(TestNG.java:1114)
	at org.testng.TestNG.run(TestNG.java:1082)
	at org.apache.maven.surefire.testng.TestNGExecutor.run(TestNGExecutor.java:155)
	at org.apache.maven.surefire.testng.TestNGDirectoryTestSuite.executeMulti(TestNGDirectoryTestSuite.java:169)
	at org.apache.maven.surefire.testng.TestNGDirectoryTestSuite.execute(TestNGDirectoryTestSuite.java:88)
	at org.apache.maven.surefire.testng.TestNGProvider.invoke(TestNGProvider.java:137)
	at org.apache.maven.surefire.booter.ForkedBooter.runSuitesInProcess(ForkedBooter.java:385)
	at org.apache.maven.surefire.booter.ForkedBooter.execute(ForkedBooter.java:162)
	at org.apache.maven.surefire.booter.ForkedBooter.run(ForkedBooter.java:507)
	at org.apache.maven.surefire.booter.ForkedBooter.main(ForkedBooter.java:495)
]]></failure>
    <system-out><![CDATA[🚀 Starting test execution...
📋 Testing POST /users with empty body
]]></system-out>
  </testcase>
  <testcase name="testCreateUserWithMalformedJson[{username: &apos;test&apos;, email: &apos;invalid-json&apos;](1)" classname="com.emmanuelarhu.tests.UsersApiTest" time="0.475">
    <system-out><![CDATA[🚀 Starting test execution...
📋 Testing POST /users with malformed JSON
HTTP/1.1 400 Bad Request
Date: Fri, 15 Aug 2025 13:52:23 GMT
Content-Type: text/html; charset=utf-8
Transfer-Encoding: chunked
Connection: keep-alive
Access-Control-Allow-Origin: *
Content-Security-Policy: default-src 'none'
X-Content-Type-Options: nosniff
X-Powered-By: Express
Cf-Cache-Status: DYNAMIC
Nel: {"report_to":"cf-nel","success_fraction":0.0,"max_age":604800}
Report-To: {"group":"cf-nel","max_age":604800,"endpoints":[{"url":"https://a.nel.cloudflare.com/report/v4?s=c0V4GKZjMDmYEG6y4AIkbpCh%2BaAefnDNK8DZ7qiNvVEfeoF7DivP%2FERxyRdQ0yavIQ4WDWVKB8r1tQoAi%2BAIoET45GSc9W2iP5b72Acgmq0%3D"}]}
Server: cloudflare
CF-RAY: 96f92c118ac50171-CDG
alt-svc: h3=":443"; ma=86400

<html lang="en">
  <head>
    <meta charset="utf-8"/>
    <title>Error</title>
  </head>
  <body>
    <pre>Bad Request</pre>
    <script>(function(){function c(){var b=a.contentDocument||a.contentWindow.document;if(b){var d=b.createElement('script');d.innerHTML="window.__CF$cv$params={r:'96f92c118ac50171',t:'MTc1NTI2NTk0Mw=='};var a=document.createElement('script');a.src='/cdn-cgi/challenge-platform/scripts/jsd/main.js';document.getElementsByTagName('head')[0].appendChild(a);";b.getElementsByTagName('head')[0].appendChild(d)}}if(document.body){var a=document.createElement('iframe');a.height=1;a.width=1;a.style.position='absolute';a.style.top=0;a.style.left=0;a.style.border='none';a.style.visibility='hidden';document.body.appendChild(a);if('loading'!==document.readyState)c();else if(window.addEventListener)document.addEventListener('DOMContentLoaded',c);else{var e=document.onreadystatechange||function(){};document.onreadystatechange=function(b){e(b);'loading'!==document.readyState&amp;&amp;(document.onreadystatechange=e,c())}}}})();</script>
  </body>
</html>
]]></system-out>
  </testcase>
  <testcase name="testCreateUserWithMalformedJson[{&quot;username&quot;: &quot;test&quot;, &quot;email&quot;: }](2)" classname="com.emmanuelarhu.tests.UsersApiTest" time="0.522">
    <system-out><![CDATA[🚀 Starting test execution...
📋 Testing POST /users with malformed JSON
HTTP/1.1 400 Bad Request
Date: Fri, 15 Aug 2025 13:52:23 GMT
Content-Type: text/html; charset=utf-8
Transfer-Encoding: chunked
Connection: keep-alive
Access-Control-Allow-Origin: *
Content-Security-Policy: default-src 'none'
X-Content-Type-Options: nosniff
X-Powered-By: Express
Cf-Cache-Status: DYNAMIC
Nel: {"report_to":"cf-nel","success_fraction":0.0,"max_age":604800}
Report-To: {"group":"cf-nel","max_age":604800,"endpoints":[{"url":"https://a.nel.cloudflare.com/report/v4?s=k0%2BaCSE%2BKBCvGmdBaKeaf5zrYp69PcokNNKtUVTf5ZU1AvEnBTgD%2FhTv0Qf6JrtDhNGzcrblkp6%2FLTO23jgfUFkS%2F4ea5ldYXyMY23dltsQ%3D"}]}
Server: cloudflare
CF-RAY: 96f92c14fd5a0171-CDG
alt-svc: h3=":443"; ma=86400

<html lang="en">
  <head>
    <meta charset="utf-8"/>
    <title>Error</title>
  </head>
  <body>
    <pre>Bad Request</pre>
    <script>(function(){function c(){var b=a.contentDocument||a.contentWindow.document;if(b){var d=b.createElement('script');d.innerHTML="window.__CF$cv$params={r:'96f92c14fd5a0171',t:'MTc1NTI2NTk0Mw=='};var a=document.createElement('script');a.src='/cdn-cgi/challenge-platform/scripts/jsd/main.js';document.getElementsByTagName('head')[0].appendChild(a);";b.getElementsByTagName('head')[0].appendChild(d)}}if(document.body){var a=document.createElement('iframe');a.height=1;a.width=1;a.style.position='absolute';a.style.top=0;a.style.left=0;a.style.border='none';a.style.visibility='hidden';document.body.appendChild(a);if('loading'!==document.readyState)c();else if(window.addEventListener)document.addEventListener('DOMContentLoaded',c);else{var e=document.onreadystatechange||function(){};document.onreadystatechange=function(b){e(b);'loading'!==document.readyState&amp;&amp;(document.onreadystatechange=e,c())}}}})();</script>
  </body>
</html>
]]></system-out>
  </testcase>
  <testcase name="testCreateUserWithMalformedJson[{&quot;username&quot;: &quot;test&quot;, &quot;email&quot;: &quot;test@test.com&quot;](3)" classname="com.emmanuelarhu.tests.UsersApiTest" time="0.678">
    <system-out><![CDATA[🚀 Starting test execution...
📋 Testing POST /users with malformed JSON
HTTP/1.1 400 Bad Request
Date: Fri, 15 Aug 2025 13:52:24 GMT
Content-Type: text/html; charset=utf-8
Transfer-Encoding: chunked
Connection: keep-alive
Access-Control-Allow-Origin: *
Content-Security-Policy: default-src 'none'
X-Content-Type-Options: nosniff
X-Powered-By: Express
Cf-Cache-Status: DYNAMIC
Nel: {"report_to":"cf-nel","success_fraction":0.0,"max_age":604800}
Report-To: {"group":"cf-nel","max_age":604800,"endpoints":[{"url":"https://a.nel.cloudflare.com/report/v4?s=y2g%2BwhGvUKwwpGV%2BwaqlEg%2FXaX7qItNvgF5plwFICjB4Xbuok9wC45WEsFK0k%2FGzkKqaQ%2B3CEO7NUywOCQFqx%2BFt3DkTn3cUXRURJYT1nrQ%3D"}]}
Server: cloudflare
CF-RAY: 96f92c192fad9378-CDG
alt-svc: h3=":443"; ma=86400

<html lang="en">
  <head>
    <meta charset="utf-8"/>
    <title>Error</title>
  </head>
  <body>
    <pre>Bad Request</pre>
    <script>(function(){function c(){var b=a.contentDocument||a.contentWindow.document;if(b){var d=b.createElement('script');d.innerHTML="window.__CF$cv$params={r:'96f92c192fad9378',t:'MTc1NTI2NTk0NA=='};var a=document.createElement('script');a.src='/cdn-cgi/challenge-platform/scripts/jsd/main.js';document.getElementsByTagName('head')[0].appendChild(a);";b.getElementsByTagName('head')[0].appendChild(d)}}if(document.body){var a=document.createElement('iframe');a.height=1;a.width=1;a.style.position='absolute';a.style.top=0;a.style.left=0;a.style.border='none';a.style.visibility='hidden';document.body.appendChild(a);if('loading'!==document.readyState)c();else if(window.addEventListener)document.addEventListener('DOMContentLoaded',c);else{var e=document.onreadystatechange||function(){};document.onreadystatechange=function(b){e(b);'loading'!==document.readyState&amp;&amp;(document.onreadystatechange=e,c())}}}})();</script>
  </body>
</html>
]]></system-out>
  </testcase>
  <testcase name="testCreateUserWithMalformedJson[username: &apos;test&apos;, email: &apos;test@test.com&apos;](4)" classname="com.emmanuelarhu.tests.UsersApiTest" time="0.621">
    <system-out><![CDATA[🚀 Starting test execution...
📋 Testing POST /users with malformed JSON
HTTP/1.1 400 Bad Request
Date: Fri, 15 Aug 2025 13:52:25 GMT
Content-Type: text/html; charset=utf-8
Transfer-Encoding: chunked
Connection: keep-alive
Access-Control-Allow-Origin: *
Content-Security-Policy: default-src 'none'
X-Content-Type-Options: nosniff
X-Powered-By: Express
Cf-Cache-Status: DYNAMIC
Nel: {"report_to":"cf-nel","success_fraction":0.0,"max_age":604800}
Report-To: {"group":"cf-nel","max_age":604800,"endpoints":[{"url":"https://a.nel.cloudflare.com/report/v4?s=kYQ7prT5OTrIahwHdiSkN3ssIi%2B%2F5bqnVag6TzOiAKWtuLRBizuvfeyQFkU3mIXY2sVgBmqWaK4LUYFU35d62jgzHYm%2FPHUgJphhedJcVZM%3D"}]}
Server: cloudflare
CF-RAY: 96f92c1cf8b200a2-CDG
alt-svc: h3=":443"; ma=86400

<html lang="en">
  <head>
    <meta charset="utf-8"/>
    <title>Error</title>
  </head>
  <body>
    <pre>Bad Request</pre>
    <script>(function(){function c(){var b=a.contentDocument||a.contentWindow.document;if(b){var d=b.createElement('script');d.innerHTML="window.__CF$cv$params={r:'96f92c1cf8b200a2',t:'MTc1NTI2NTk0NQ=='};var a=document.createElement('script');a.src='/cdn-cgi/challenge-platform/scripts/jsd/main.js';document.getElementsByTagName('head')[0].appendChild(a);";b.getElementsByTagName('head')[0].appendChild(d)}}if(document.body){var a=document.createElement('iframe');a.height=1;a.width=1;a.style.position='absolute';a.style.top=0;a.style.left=0;a.style.border='none';a.style.visibility='hidden';document.body.appendChild(a);if('loading'!==document.readyState)c();else if(window.addEventListener)document.addEventListener('DOMContentLoaded',c);else{var e=document.onreadystatechange||function(){};document.onreadystatechange=function(b){e(b);'loading'!==document.readyState&amp;&amp;(document.onreadystatechange=e,c())}}}})();</script>
  </body>
</html>
]]></system-out>
  </testcase>
  <testcase name="testCreateUserWithMalformedJson[{&quot;username&quot;: &quot;test&quot;, &quot;email&quot;: &quot;test@test.com&quot;, }](5)" classname="com.emmanuelarhu.tests.UsersApiTest" time="0.622">
    <system-out><![CDATA[🚀 Starting test execution...
📋 Testing POST /users with malformed JSON
HTTP/1.1 400 Bad Request
Date: Fri, 15 Aug 2025 13:52:25 GMT
Content-Type: text/html; charset=utf-8
Transfer-Encoding: chunked
Connection: keep-alive
Access-Control-Allow-Origin: *
Content-Security-Policy: default-src 'none'
X-Content-Type-Options: nosniff
X-Powered-By: Express
Cf-Cache-Status: DYNAMIC
Nel: {"report_to":"cf-nel","success_fraction":0.0,"max_age":604800}
Report-To: {"group":"cf-nel","max_age":604800,"endpoints":[{"url":"https://a.nel.cloudflare.com/report/v4?s=a4q7m9Tscva6lvYfX7yxJTc2eX1K8r6Lj5yPWnlpcn8MRryjIdmtC4%2BMELgGo3cd6sto6IifFx%2BpCT8X4FIqYJcZMeTO7G8sECTbLdZLN6Q%3D"}]}
Server: cloudflare
CF-RAY: 96f92c20dc63b0f7-CDG
alt-svc: h3=":443"; ma=86400

<html lang="en">
  <head>
    <meta charset="utf-8"/>
    <title>Error</title>
  </head>
  <body>
    <pre>Bad Request</pre>
    <script>(function(){function c(){var b=a.contentDocument||a.contentWindow.document;if(b){var d=b.createElement('script');d.innerHTML="window.__CF$cv$params={r:'96f92c20dc63b0f7',t:'MTc1NTI2NTk0NQ=='};var a=document.createElement('script');a.src='/cdn-cgi/challenge-platform/scripts/jsd/main.js';document.getElementsByTagName('head')[0].appendChild(a);";b.getElementsByTagName('head')[0].appendChild(d)}}if(document.body){var a=document.createElement('iframe');a.height=1;a.width=1;a.style.position='absolute';a.style.top=0;a.style.left=0;a.style.border='none';a.style.visibility='hidden';document.body.appendChild(a);if('loading'!==document.readyState)c();else if(window.addEventListener)document.addEventListener('DOMContentLoaded',c);else{var e=document.onreadystatechange||function(){};document.onreadystatechange=function(b){e(b);'loading'!==document.readyState&amp;&amp;(document.onreadystatechange=e,c())}}}})();</script>
  </body>
</html>
]]></system-out>
  </testcase>
  <testcase name="testUpdateUserWithValidData[1, User{id=1, username=&apos;updated_user1&apos;, email=&apos;updated1@example.com&apos;, password=&apos;newPassword123&apos;}](1)" classname="com.emmanuelarhu.tests.UsersApiTest" time="0.489">
    <system-out><![CDATA[🚀 Starting test execution...
📋 Testing PUT /users/1 with valid data
HTTP/1.1 200 OK
Date: Fri, 15 Aug 2025 13:52:26 GMT
Content-Type: application/json; charset=utf-8
Transfer-Encoding: chunked
Connection: keep-alive
Access-Control-Allow-Origin: *
Etag: W/"5e-mDiQEZUe7XFRRoTkPyR+yO+QkGw"
X-Powered-By: Express
Cf-Cache-Status: DYNAMIC
Nel: {"report_to":"cf-nel","success_fraction":0.0,"max_age":604800}
Report-To: {"group":"cf-nel","max_age":604800,"endpoints":[{"url":"https://a.nel.cloudflare.com/report/v4?s=ZOj%2BulDIICkSpG8xQXMOxY6ssI%2Fy5UNdTRFIlXIJRWpq%2FaaIgkbHrxAhI3XRipcdIDVTgjeR0UxEyCJ12zJChjCfjDkEutRDvCt8LINUsxI%3D"}]}
Content-Encoding: gzip
Server: cloudflare
CF-RAY: 96f92c243c1aa2e9-CDG
alt-svc: h3=":443"; ma=86400

{
    "id": 1,
    "username": "updated_user1",
    "email": "updated1@example.com",
    "password": "newPassword123"
}
]]></system-out>
  </testcase>
  <testcase name="testUpdateUserWithValidData[2, User{id=2, username=&apos;updated_user2&apos;, email=&apos;updated2@example.com&apos;, password=&apos;newPassword456&apos;}](2)" classname="com.emmanuelarhu.tests.UsersApiTest" time="0.602">
    <system-out><![CDATA[🚀 Starting test execution...
📋 Testing PUT /users/2 with valid data
HTTP/1.1 200 OK
Date: Fri, 15 Aug 2025 13:52:26 GMT
Content-Type: application/json; charset=utf-8
Transfer-Encoding: chunked
Connection: keep-alive
Access-Control-Allow-Origin: *
Etag: W/"5e-/dVh0y1F/CIPpaN9M25ltp5XGKk"
X-Powered-By: Express
Cf-Cache-Status: DYNAMIC
Nel: {"report_to":"cf-nel","success_fraction":0.0,"max_age":604800}
Report-To: {"group":"cf-nel","max_age":604800,"endpoints":[{"url":"https://a.nel.cloudflare.com/report/v4?s=AHBOQOEoDcb9%2FFs%2F%2F3%2BA2eqfGNd%2FYoSLmb45mAJcEqOWIDmASnnd4%2F7Mnb5T2rmU4gabQifNnY1AAGK6UAMvbyAmAqQjvhFparGsJASDSaE%3D"}]}
Content-Encoding: gzip
Server: cloudflare
CF-RAY: 96f92c2808d88d3b-CDG
alt-svc: h3=":443"; ma=86400

{
    "id": 2,
    "username": "updated_user2",
    "email": "updated2@example.com",
    "password": "newPassword456"
}
]]></system-out>
  </testcase>
  <testcase name="testUpdateUserWithValidData[3, User{id=3, username=&apos;updated_user3&apos;, email=&apos;updated3@example.com&apos;, password=&apos;newPassword789&apos;}](3)" classname="com.emmanuelarhu.tests.UsersApiTest" time="0.586">
    <system-out><![CDATA[🚀 Starting test execution...
📋 Testing PUT /users/3 with valid data
HTTP/1.1 200 OK
Date: Fri, 15 Aug 2025 13:52:27 GMT
Content-Type: application/json; charset=utf-8
Transfer-Encoding: chunked
Connection: keep-alive
Access-Control-Allow-Origin: *
Etag: W/"5e-DT61lxMc0vMClYSApG9y6NUupyU"
X-Powered-By: Express
Cf-Cache-Status: DYNAMIC
Nel: {"report_to":"cf-nel","success_fraction":0.0,"max_age":604800}
Report-To: {"group":"cf-nel","max_age":604800,"endpoints":[{"url":"https://a.nel.cloudflare.com/report/v4?s=dYdRuzPtueGK9DB%2BYcv59stqYIMNAJp2s835LkxvPNXvekO81rx7b6vkjXKqNLpsRcvwMm%2F6%2FmZmp1kAK2vhj7mqVlCdCKi98ce9BV6N7RM%3D"}]}
Content-Encoding: gzip
Server: cloudflare
CF-RAY: 96f92c2b5e56d0ab-CDG
alt-svc: h3=":443"; ma=86400

{
    "id": 3,
    "username": "updated_user3",
    "email": "updated3@example.com",
    "password": "newPassword789"
}
]]></system-out>
  </testcase>
  <testcase name="testUpdateNonExistentUser" classname="com.emmanuelarhu.tests.UsersApiTest" time="0.53">
    <system-out><![CDATA[🚀 Starting test execution...
📋 Testing PUT /users/9999 (non-existent)
HTTP/1.1 200 OK
Date: Fri, 15 Aug 2025 13:52:28 GMT
Content-Type: application/json; charset=utf-8
Transfer-Encoding: chunked
Connection: keep-alive
Access-Control-Allow-Origin: *
Etag: W/"5c-bNoh4DPVm/e7GZe3O1D99n+Z0FU"
X-Powered-By: Express
Cf-Cache-Status: DYNAMIC
Nel: {"report_to":"cf-nel","success_fraction":0.0,"max_age":604800}
Report-To: {"group":"cf-nel","max_age":604800,"endpoints":[{"url":"https://a.nel.cloudflare.com/report/v4?s=4C%2FJwTli37smiOG7FtwIp7YWD%2BqUnJokgRASbI%2BR3jb01woWYg8jMffbhzi%2FUUvkFvN%2FGLHZusLWpyRJMU35Skpc4Rbf8MKiKBJWREBbv8w%3D"}]}
Content-Encoding: gzip
Server: cloudflare
CF-RAY: 96f92c2efa6fd0a4-CDG
alt-svc: h3=":443"; ma=86400

{
    "id": 9999,
    "username": "nonexistent",
    "email": "nonexistent@test.com",
    "password": "password123"
}
]]></system-out>
  </testcase>
  <testcase name="testUpdateUserWithInvalidId" classname="com.emmanuelarhu.tests.UsersApiTest" time="0.72">
    <system-out><![CDATA[🚀 Starting test execution...
📋 Testing PUT /users/invalid (invalid ID)
HTTP/1.1 400 Bad Request
Date: Fri, 15 Aug 2025 13:52:28 GMT
Content-Type: application/json; charset=utf-8
Content-Length: 73
Connection: keep-alive
Access-Control-Allow-Origin: *
Etag: W/"49-hC/Pxxrd/7/1JT1dQBok5DscJPQ"
X-Powered-By: Express
Cf-Cache-Status: DYNAMIC
Nel: {"report_to":"cf-nel","success_fraction":0.0,"max_age":604800}
Report-To: {"group":"cf-nel","max_age":604800,"endpoints":[{"url":"https://a.nel.cloudflare.com/report/v4?s=YaiKfShnu3bDKVqenBcvjeLJl5CsqqSPCKW%2Bvu1k2CD1zPopNZ1ehcDdojzoJ5dQn%2B5%2FbQ9iGZeneVdy4%2FrFAPiZC3KelxSRwTf0C4P3CFg%3D"}]}
Server: cloudflare
CF-RAY: 96f92c326eed2a82-CDG
alt-svc: h3=":443"; ma=86400

{
    "status": "error",
    "message": "something went wrong! check your sent data"
}
]]></system-out>
  </testcase>
  <testcase name="testPartialUpdateUser[1, {&quot;username&quot;: &quot;updated_username&quot;}](1)" classname="com.emmanuelarhu.tests.UsersApiTest" time="0.626">
    <system-out><![CDATA[🚀 Starting test execution...
📋 Testing PUT /users/1 with partial update
HTTP/1.1 200 OK
Date: Fri, 15 Aug 2025 13:52:29 GMT
Content-Type: application/json; charset=utf-8
Transfer-Encoding: chunked
Connection: keep-alive
Access-Control-Allow-Origin: *
Etag: W/"1f-u7tdG8MxN4EJtluPRbWzVApdZXY"
X-Powered-By: Express
Cf-Cache-Status: DYNAMIC
Nel: {"report_to":"cf-nel","success_fraction":0.0,"max_age":604800}
Report-To: {"group":"cf-nel","max_age":604800,"endpoints":[{"url":"https://a.nel.cloudflare.com/report/v4?s=VW4VUo5RcFChz61SL66dOLHt4l54yzUj8HzrUtn5NFo5H4DZ4wZiYY3nETIdWqowGbDeTwqkHgVEnfWtWzRHA%2B41HpLghW3sdVVmtYQ1Iqw%3D"}]}
Content-Encoding: gzip
Server: cloudflare
CF-RAY: 96f92c37680a2a6f-CDG
alt-svc: h3=":443"; ma=86400

{
    "username": "updated_username"
}
]]></system-out>
  </testcase>
  <testcase name="testPartialUpdateUser[2, {&quot;email&quot;: &quot;updated@example.com&quot;}](2)" classname="com.emmanuelarhu.tests.UsersApiTest" time="0.567">
    <system-out><![CDATA[🚀 Starting test execution...
📋 Testing PUT /users/2 with partial update
HTTP/1.1 200 OK
Date: Fri, 15 Aug 2025 13:52:29 GMT
Content-Type: application/json; charset=utf-8
Transfer-Encoding: chunked
Connection: keep-alive
Access-Control-Allow-Origin: *
Etag: W/"1f-yibX9Z2OudOmDw+RfztHMfwVSUg"
X-Powered-By: Express
Cf-Cache-Status: DYNAMIC
Nel: {"report_to":"cf-nel","success_fraction":0.0,"max_age":604800}
Report-To: {"group":"cf-nel","max_age":604800,"endpoints":[{"url":"https://a.nel.cloudflare.com/report/v4?s=tIyqGgqaSh%2FR6eJqSLhhv9F9ihuU7rcfrH7KxTRwb6%2Fj9yj5UI%2FWGGUAWI1ZEJFSvpJUut7ol9O9jRtti%2BDhb3rfcF48Ov30OKG308YPdTQ%3D"}]}
Content-Encoding: gzip
Server: cloudflare
CF-RAY: 96f92c3ade67d092-CDG
alt-svc: h3=":443"; ma=86400

{
    "email": "updated@example.com"
}
]]></system-out>
  </testcase>
  <testcase name="testPartialUpdateUser[3, {&quot;password&quot;: &quot;newPassword123&quot;}](3)" classname="com.emmanuelarhu.tests.UsersApiTest" time="0.527">
    <system-out><![CDATA[🚀 Starting test execution...
📋 Testing PUT /users/3 with partial update
HTTP/1.1 200 OK
Date: Fri, 15 Aug 2025 13:52:30 GMT
Content-Type: application/json; charset=utf-8
Transfer-Encoding: chunked
Connection: keep-alive
Access-Control-Allow-Origin: *
Etag: W/"1d-GNDkG7FkrOgNQ1wOeiXFGXHohcE"
X-Powered-By: Express
Cf-Cache-Status: DYNAMIC
Nel: {"report_to":"cf-nel","success_fraction":0.0,"max_age":604800}
Report-To: {"group":"cf-nel","max_age":604800,"endpoints":[{"url":"https://a.nel.cloudflare.com/report/v4?s=PufeA6Hy2TPAUeaEj7D7y8w31maoOxuF%2FNBamAQjeVudCWiuCekUtxAzVwSQ1G7Ov7IQeYfTC8nyVXatLHa%2F5%2B3tDtBRHNnRYWSDoE5uWGY%3D"}]}
Content-Encoding: gzip
Server: cloudflare
CF-RAY: 96f92c3e4dc76fea-CDG
alt-svc: h3=":443"; ma=86400

{
    "password": "newPassword123"
}
]]></system-out>
  </testcase>
  <testcase name="testPartialUpdateUser[4, {&quot;username&quot;: &quot;new_user&quot;, &quot;email&quot;: &quot;new@example.com&quot;}](4)" classname="com.emmanuelarhu.tests.UsersApiTest" time="0.548">
    <system-out><![CDATA[🚀 Starting test execution...
📋 Testing PUT /users/4 with partial update
HTTP/1.1 200 OK
Date: Fri, 15 Aug 2025 13:52:31 GMT
Content-Type: application/json; charset=utf-8
Transfer-Encoding: chunked
Connection: keep-alive
Access-Control-Allow-Origin: *
Etag: W/"31-MPPbfQ2ghENeHyyb1XLN4//eiLg"
X-Powered-By: Express
Cf-Cache-Status: DYNAMIC
Nel: {"report_to":"cf-nel","success_fraction":0.0,"max_age":604800}
Report-To: {"group":"cf-nel","max_age":604800,"endpoints":[{"url":"https://a.nel.cloudflare.com/report/v4?s=9UI9NsO803BS1RpVQPa5f3vZeGomGnN8sUvfSycZsYPxoPpUIYzz6K61XMmy%2Fe3BnqppLwNt%2BlJTjk5pO14crcKEP3QiVj2t7m7um0%2FEOyM%3D"}]}
Content-Encoding: gzip
Server: cloudflare
CF-RAY: 96f92c41a89d9e45-CDG
alt-svc: h3=":443"; ma=86400

{
    "username": "new_user",
    "email": "new@example.com"
}
]]></system-out>
  </testcase>
  <testcase name="testDeleteExistingUser" classname="com.emmanuelarhu.tests.UsersApiTest" time="0.652">
    <system-out><![CDATA[🚀 Starting test execution...
📋 Testing DELETE /users/1
HTTP/1.1 200 OK
Date: Fri, 15 Aug 2025 13:52:31 GMT
Content-Type: application/json; charset=utf-8
Transfer-Encoding: chunked
Connection: keep-alive
Access-Control-Allow-Origin: *
Etag: W/"120-HNMhv14aQeBJetA9fBvavCZ+gdk"
X-Powered-By: Express
Cf-Cache-Status: DYNAMIC
Nel: {"report_to":"cf-nel","success_fraction":0.0,"max_age":604800}
Report-To: {"group":"cf-nel","max_age":604800,"endpoints":[{"url":"https://a.nel.cloudflare.com/report/v4?s=F6yN%2BAH4kjuLvA%2FJpUsS2A2KLlofPH3QzqgLDpeEGQJrq5wTnOQYs9ve5fmLzSZDcGYtVnIcsJcjbSqH4ZRlfA%2FldI13gN9B1pPH6LY%2FVMA%3D"}]}
Content-Encoding: gzip
Server: cloudflare
CF-RAY: 96f92c454c10005a-CDG
alt-svc: h3=":443"; ma=86400

{
    "address": {
        "geolocation": {
            "lat": "-37.3159",
            "long": "81.1496"
        },
        "city": "kilcoole",
        "street": "new road",
        "number": 7682,
        "zipcode": "12926-3874"
    },
    "id": 1,
    "email": "john@gmail.com",
    "username": "johnd",
    "password": "m38rmF$",
    "name": {
        "firstname": "john",
        "lastname": "doe"
    },
    "phone": "1-570-236-7033",
    "__v": 0
}
]]></system-out>
  </testcase>
  <testcase name="testDeleteNonExistentUser" classname="com.emmanuelarhu.tests.UsersApiTest" time="0.761">
    <system-out><![CDATA[🚀 Starting test execution...
📋 Testing DELETE /users/9999 (non-existent)
HTTP/1.1 200 OK
Date: Fri, 15 Aug 2025 13:52:32 GMT
Content-Type: application/json; charset=utf-8
Transfer-Encoding: chunked
Connection: keep-alive
Access-Control-Allow-Origin: *
Etag: W/"4-K+iMpCQsduglOsYkdIUQZQMtaDM"
X-Powered-By: Express
Cf-Cache-Status: DYNAMIC
Nel: {"report_to":"cf-nel","success_fraction":0.0,"max_age":604800}
Report-To: {"group":"cf-nel","max_age":604800,"endpoints":[{"url":"https://a.nel.cloudflare.com/report/v4?s=0mfRm4naMvDiyAwVnk4Nv8iRumCE5HEU%2F7%2BmbkDPEdzloIvlMMMYqaLh4PTtnte0iHODoGNoJls9LeOznurLaWwId5%2FWPMYl%2FGTgPnRcnjs%3D"}]}
Content-Encoding: gzip
Server: cloudflare
CF-RAY: 96f92c498a27d113-CDG
alt-svc: h3=":443"; ma=86400

null
]]></system-out>
  </testcase>
  <testcase name="testDeleteUserWithInvalidId" classname="com.emmanuelarhu.tests.UsersApiTest" time="0.626">
    <system-out><![CDATA[🚀 Starting test execution...
📋 Testing DELETE /users/invalid
HTTP/1.1 400 Bad Request
Date: Fri, 15 Aug 2025 13:52:33 GMT
Content-Type: application/json; charset=utf-8
Content-Length: 57
Connection: keep-alive
Access-Control-Allow-Origin: *
Etag: W/"39-c+fGpiiXQH9CfiwB4wJOltECia0"
X-Powered-By: Express
Cf-Cache-Status: DYNAMIC
Nel: {"report_to":"cf-nel","success_fraction":0.0,"max_age":604800}
Report-To: {"group":"cf-nel","max_age":604800,"endpoints":[{"url":"https://a.nel.cloudflare.com/report/v4?s=uqUreIZiYGGtwNjZYq40zHf5toV67pu0JJTAMNNPj%2B7X0%2BYgvsZObTMuqRVeVVUF6aPbJt4gSYJPf4jg3SjrJbB4aZCthoB%2BkRXoPQUXXN8%3D"}]}
Server: cloudflare
CF-RAY: 96f92c4e8bc9d113-CDG
alt-svc: h3=":443"; ma=86400

{
    "status": "error",
    "message": "user id should be provided"
}
]]></system-out>
  </testcase>
  <testcase name="testDeleteUserWithNegativeId" classname="com.emmanuelarhu.tests.UsersApiTest" time="0.697">
    <failure message="1 expectation failed.&#10;Expected status code (&lt;400&gt; or &lt;404&gt; or &lt;403&gt;) but was &lt;200&gt;.&#10;" type="java.lang.AssertionError"><![CDATA[java.lang.AssertionError: 
1 expectation failed.
Expected status code (<400> or <404> or <403>) but was <200>.

	at java.base/jdk.internal.reflect.DirectConstructorHandleAccessor.newInstance(DirectConstructorHandleAccessor.java:62)
	at java.base/java.lang.reflect.Constructor.newInstanceWithCaller(Constructor.java:502)
	at java.base/java.lang.reflect.Constructor.newInstance(Constructor.java:486)
	at org.codehaus.groovy.reflection.CachedConstructor.invoke(CachedConstructor.java:73)
	at org.codehaus.groovy.runtime.callsite.ConstructorSite$ConstructorSiteNoUnwrapNoCoerce.callConstructor(ConstructorSite.java:108)
	at org.codehaus.groovy.runtime.callsite.AbstractCallSite.callConstructor(AbstractCallSite.java:277)
	at io.restassured.internal.ResponseSpecificationImpl$HamcrestAssertionClosure.validate(ResponseSpecificationImpl.groovy:512)
	at io.restassured.internal.ResponseSpecificationImpl$HamcrestAssertionClosure$validate$1.call(Unknown Source)
	at io.restassured.internal.ResponseSpecificationImpl.validateResponseIfRequired(ResponseSpecificationImpl.groovy:696)
	at io.restassured.internal.ResponseSpecificationImpl.this$2$validateResponseIfRequired(ResponseSpecificationImpl.groovy)
	at java.base/jdk.internal.reflect.DirectMethodHandleAccessor.invoke(DirectMethodHandleAccessor.java:103)
	at java.base/java.lang.reflect.Method.invoke(Method.java:580)
	at org.codehaus.groovy.runtime.callsite.PlainObjectMetaMethodSite.doInvoke(PlainObjectMetaMethodSite.java:43)
	at org.codehaus.groovy.runtime.callsite.PogoMetaMethodSite$PogoCachedMethodSiteNoUnwrapNoCoerce.invoke(PogoMetaMethodSite.java:198)
	at org.codehaus.groovy.runtime.callsite.PogoMetaMethodSite.callCurrent(PogoMetaMethodSite.java:62)
	at org.codehaus.groovy.runtime.callsite.AbstractCallSite.callCurrent(AbstractCallSite.java:185)
	at io.restassured.internal.ResponseSpecificationImpl.statusCode(ResponseSpecificationImpl.groovy:135)
	at io.restassured.internal.ValidatableResponseOptionsImpl.statusCode(ValidatableResponseOptionsImpl.java:84)
	at com.emmanuelarhu.tests.UsersApiTest.testDeleteUserWithNegativeId(UsersApiTest.java:422)
	at java.base/jdk.internal.reflect.DirectMethodHandleAccessor.invoke(DirectMethodHandleAccessor.java:103)
	at java.base/java.lang.reflect.Method.invoke(Method.java:580)
	at org.testng.internal.invokers.MethodInvocationHelper.invokeMethod(MethodInvocationHelper.java:139)
	at org.testng.internal.invokers.TestInvoker.invokeMethod(TestInvoker.java:664)
	at org.testng.internal.invokers.TestInvoker.invokeTestMethod(TestInvoker.java:227)
	at org.testng.internal.invokers.MethodRunner.runInSequence(MethodRunner.java:50)
	at org.testng.internal.invokers.TestInvoker$MethodInvocationAgent.invoke(TestInvoker.java:957)
	at org.testng.internal.invokers.TestInvoker.invokeTestMethods(TestInvoker.java:200)
	at org.testng.internal.invokers.TestMethodWorker.invokeTestMethods(TestMethodWorker.java:148)
	at org.testng.internal.invokers.TestMethodWorker.run(TestMethodWorker.java:128)
	at java.base/java.util.ArrayList.forEach(ArrayList.java:1596)
	at org.testng.TestRunner.privateRun(TestRunner.java:848)
	at org.testng.TestRunner.run(TestRunner.java:621)
	at org.testng.SuiteRunner.runTest(SuiteRunner.java:443)
	at org.testng.SuiteRunner.runSequentially(SuiteRunner.java:437)
	at org.testng.SuiteRunner.privateRun(SuiteRunner.java:397)
	at org.testng.SuiteRunner.run(SuiteRunner.java:336)
	at org.testng.SuiteRunnerWorker.runSuite(SuiteRunnerWorker.java:52)
	at org.testng.SuiteRunnerWorker.run(SuiteRunnerWorker.java:95)
	at org.testng.TestNG.runSuitesSequentially(TestNG.java:1280)
	at org.testng.TestNG.runSuitesLocally(TestNG.java:1200)
	at org.testng.TestNG.runSuites(TestNG.java:1114)
	at org.testng.TestNG.run(TestNG.java:1082)
	at org.apache.maven.surefire.testng.TestNGExecutor.run(TestNGExecutor.java:155)
	at org.apache.maven.surefire.testng.TestNGDirectoryTestSuite.executeMulti(TestNGDirectoryTestSuite.java:169)
	at org.apache.maven.surefire.testng.TestNGDirectoryTestSuite.execute(TestNGDirectoryTestSuite.java:88)
	at org.apache.maven.surefire.testng.TestNGProvider.invoke(TestNGProvider.java:137)
	at org.apache.maven.surefire.booter.ForkedBooter.runSuitesInProcess(ForkedBooter.java:385)
	at org.apache.maven.surefire.booter.ForkedBooter.execute(ForkedBooter.java:162)
	at org.apache.maven.surefire.booter.ForkedBooter.run(ForkedBooter.java:507)
	at org.apache.maven.surefire.booter.ForkedBooter.main(ForkedBooter.java:495)
]]></failure>
    <system-out><![CDATA[🚀 Starting test execution...
📋 Testing DELETE /users/-1
]]></system-out>
  </testcase>
  <testcase name="testSqlInjectionProtection[1&apos; OR &apos;1&apos;=&apos;1](1)" classname="com.emmanuelarhu.tests.UsersApiTest" time="0.626">
    <system-out><![CDATA[🚀 Starting test execution...
📋 Testing SQL injection protection with: 1' OR '1'='1
HTTP/1.1 400 Bad Request
Date: Fri, 15 Aug 2025 13:52:34 GMT
Content-Type: application/json; charset=utf-8
Content-Length: 57
Connection: keep-alive
Access-Control-Allow-Origin: *
Etag: W/"39-c+fGpiiXQH9CfiwB4wJOltECia0"
X-Powered-By: Express
Cf-Cache-Status: DYNAMIC
Nel: {"report_to":"cf-nel","success_fraction":0.0,"max_age":604800}
Report-To: {"group":"cf-nel","max_age":604800,"endpoints":[{"url":"https://a.nel.cloudflare.com/report/v4?s=5SZNoB613aPCLw1eEQSmZjwHi6PpWeXPStlLCAsVqFxK8OvRLwBa%2B9UWzlF%2BLPspZBgT%2FL5cwHDW9i1kcxgQ6GDXk0Tgg0Hyg6f1T4%2FH6Uk%3D"}]}
Server: cloudflare
CF-RAY: 96f92c56ae9f41da-CDG
alt-svc: h3=":443"; ma=86400

{
    "status": "error",
    "message": "user id should be provided"
}
]]></system-out>
  </testcase>
  <testcase name="testSqlInjectionProtection[1; DROP TABLE users;](2)" classname="com.emmanuelarhu.tests.UsersApiTest" time="0.478">
    <system-out><![CDATA[🚀 Starting test execution...
📋 Testing SQL injection protection with: 1; DROP TABLE users;
HTTP/1.1 400 Bad Request
Date: Fri, 15 Aug 2025 13:52:34 GMT
Content-Type: application/json; charset=utf-8
Content-Length: 57
Connection: keep-alive
Access-Control-Allow-Origin: *
Etag: W/"39-c+fGpiiXQH9CfiwB4wJOltECia0"
X-Powered-By: Express
Cf-Cache-Status: DYNAMIC
Nel: {"report_to":"cf-nel","success_fraction":0.0,"max_age":604800}
Report-To: {"group":"cf-nel","max_age":604800,"endpoints":[{"url":"https://a.nel.cloudflare.com/report/v4?s=19DUkgfI9jMt0Kpqoxy23PDH8fcGNpZ0uHawjdZEb1zJ9SWAVubAb53aO8oAKoqqjCzPkKAn7TlFe%2B96RTLZnW4Fqcn0wJCi2sxyGEu%2BfK0%3D"}]}
Server: cloudflare
CF-RAY: 96f92c59fdd09b08-CDG
alt-svc: h3=":443"; ma=86400

{
    "status": "error",
    "message": "user id should be provided"
}
]]></system-out>
  </testcase>
  <testcase name="testSqlInjectionProtection[1&apos; UNION SELECT * FROM users--](3)" classname="com.emmanuelarhu.tests.UsersApiTest" time="0.539">
    <system-out><![CDATA[🚀 Starting test execution...
📋 Testing SQL injection protection with: 1' UNION SELECT * FROM users--
HTTP/1.1 400 Bad Request
Date: Fri, 15 Aug 2025 13:52:35 GMT
Content-Type: application/json; charset=utf-8
Content-Length: 57
Connection: keep-alive
Access-Control-Allow-Origin: *
Etag: W/"39-c+fGpiiXQH9CfiwB4wJOltECia0"
X-Powered-By: Express
Cf-Cache-Status: DYNAMIC
Nel: {"report_to":"cf-nel","success_fraction":0.0,"max_age":604800}
Report-To: {"group":"cf-nel","max_age":604800,"endpoints":[{"url":"https://a.nel.cloudflare.com/report/v4?s=MsNyS%2BXb2ZFgxz%2FUpbZIM0lqp80IqgR3GZ6ee%2B%2Bnc1dpSHrRFqJqdv74QOccJXewfXHHE4i0SSzCbKm76f9VGKSFITIiwOrQL6yuhrUDLns%3D"}]}
Server: cloudflare
CF-RAY: 96f92c5d484ed71a-CDG
alt-svc: h3=":443"; ma=86400

{
    "status": "error",
    "message": "user id should be provided"
}
]]></system-out>
  </testcase>
  <testcase name="testSqlInjectionProtection[1&apos; OR 1=1--](4)" classname="com.emmanuelarhu.tests.UsersApiTest" time="0.754">
    <system-out><![CDATA[🚀 Starting test execution...
📋 Testing SQL injection protection with: 1' OR 1=1--
HTTP/1.1 400 Bad Request
Date: Fri, 15 Aug 2025 13:52:36 GMT
Content-Type: application/json; charset=utf-8
Content-Length: 57
Connection: keep-alive
Access-Control-Allow-Origin: *
Etag: W/"39-c+fGpiiXQH9CfiwB4wJOltECia0"
X-Powered-By: Express
Cf-Cache-Status: DYNAMIC
Nel: {"report_to":"cf-nel","success_fraction":0.0,"max_age":604800}
Report-To: {"group":"cf-nel","max_age":604800,"endpoints":[{"url":"https://a.nel.cloudflare.com/report/v4?s=j9v9Vm%2Fg9h13qxt7iOuqZgF9kxUqhpmozRrvQ4N0XPj0ixFgm8LHfcwBSw4Jojc6SSK7fFLeJ2zhvUEdjlsCeTm5BcXWOY25yZH0uTmuSh4%3D"}]}
Server: cloudflare
CF-RAY: 96f92c616e8f763b-CDG
alt-svc: h3=":443"; ma=86400

{
    "status": "error",
    "message": "user id should be provided"
}
]]></system-out>
  </testcase>
  <testcase name="testSqlInjectionProtection[admin&apos;--](5)" classname="com.emmanuelarhu.tests.UsersApiTest" time="0.597">
    <system-out><![CDATA[🚀 Starting test execution...
📋 Testing SQL injection protection with: admin'--
HTTP/1.1 400 Bad Request
Date: Fri, 15 Aug 2025 13:52:36 GMT
Content-Type: application/json; charset=utf-8
Content-Length: 57
Connection: keep-alive
Access-Control-Allow-Origin: *
Etag: W/"39-c+fGpiiXQH9CfiwB4wJOltECia0"
X-Powered-By: Express
Cf-Cache-Status: DYNAMIC
Nel: {"report_to":"cf-nel","success_fraction":0.0,"max_age":604800}
Report-To: {"group":"cf-nel","max_age":604800,"endpoints":[{"url":"https://a.nel.cloudflare.com/report/v4?s=SIE%2FytodVrYNnpk2zpysIBXHfed4JpAeKGbliHglzHMd5BP3HgTjSlxmeho4bMjgDk%2BH9VECXSmYCcywDKKUebm6hbxm8mzpSY4Ii0cr8oo%3D"}]}
Server: cloudflare
CF-RAY: 96f92c659d390f1e-CDG
alt-svc: h3=":443"; ma=86400

{
    "status": "error",
    "message": "user id should be provided"
}
]]></system-out>
  </testcase>
  <testcase name="validateTestEnvironment" classname="com.emmanuelarhu.tests.ConnectivityTest" time="0.0">
    <system-out><![CDATA[🔧 BaseTest setup completed - Base URL: https://fakestoreapi.com
🚀 Starting test execution...
=== Environment Validation ===
Java Version: 21.0.8
Java Vendor: Ubuntu
OS Name: Linux
OS Version: 5.15.167.4-microsoft-standard-WSL2
User Directory: /home/jenkins/workspace/FakeStoreAPI-Tests
Maven Test Source Directory: Not Set
]]></system-out>
  </testcase>
  <testcase name="validateApiConnectivity" classname="com.emmanuelarhu.tests.ConnectivityTest" time="1.43">
    <system-out><![CDATA[🚀 Starting test execution...
=== API Connectivity Test ===
Testing connection to: https://fakestoreapi.com
Response Status Code: 200
Response Time: 1424ms
Response Content-Type: application/json; charset=utf-8
✅ API is fully accessible
]]></system-out>
  </testcase>
  <testcase name="validateTestFramework" classname="com.emmanuelarhu.tests.ConnectivityTest" time="0.558">
    <system-out><![CDATA[🚀 Starting test execution...
=== Test Framework Validation ===
REST Assured Status: ✅ Working
Response received with status: 200
TestNG Assertions: ✅ Working
JSON Response Length: 2990 characters
JSON Parsing: ✅ Working
]]></system-out>
  </testcase>
  <testcase name="validateAllureIntegration" classname="com.emmanuelarhu.tests.ConnectivityTest" time="0.002">
    <system-out><![CDATA[🚀 Starting test execution...
=== Allure Integration Test ===
Allure Integration: ✅ Working
]]></system-out>
  </testcase>
</testsuite>