<?xml version="1.0" encoding="UTF-8"?>
<!-- Generated by org.testng.reporters.JUnitReportReporter -->
<testsuite hostname="EMMANUEL-LAPTOP" failures="0" tests="4" name="com.emmanuelarhu.tests.ConnectivityTest" time="1.995" errors="0" timestamp="2025-08-15T13:52:38 GMT" skipped="0">
  <testcase classname="com.emmanuelarhu.tests.ConnectivityTest" name="validateTestEnvironment" time="0.002"/>
  <testcase classname="com.emmanuelarhu.tests.ConnectivityTest" name="validateApiConnectivity" time="1.431"/>
  <testcase classname="com.emmanuelarhu.tests.ConnectivityTest" name="validateTestFramework" time="0.558"/>
  <testcase classname="com.emmanuelarhu.tests.ConnectivityTest" name="validateAllureIntegration" time="0.004"/>
</testsuite> <!-- com.emmanuelarhu.tests.ConnectivityTest -->
