<?xml version="1.0" encoding="UTF-8"?>
<!-- Generated by org.testng.reporters.JUnitReportReporter -->
<testsuite hostname="EMMANUEL-LAPTOP" failures="0" tests="71" name="com.emmanuelarhu.tests.AuthApiTest" time="104.762" errors="0" timestamp="2025-08-15T13:52:38 GMT" skipped="0">
  <testcase classname="com.emmanuelarhu.tests.AuthApiTest" name="testLoginWithValidCredentials" time="1.725"/>
  <testcase classname="com.emmanuelarhu.tests.AuthApiTest" name="testLoginWithValidCredentials" time="2.532"/>
  <testcase classname="com.emmanuelarhu.tests.AuthApiTest" name="testLoginWithValidCredentials" time="1.623"/>
  <testcase classname="com.emmanuelarhu.tests.AuthApiTest" name="testLoginWithValidCredentials" time="2.391"/>
  <testcase classname="com.emmanuelarhu.tests.AuthApiTest" name="testLoginWithValidCredentials" time="1.887"/>
  <testcase classname="com.emmanuelarhu.tests.AuthApiTest" name="testLoginWithInvalidCredentials" time="2.074"/>
  <testcase classname="com.emmanuelarhu.tests.AuthApiTest" name="testLoginWithInvalidCredentials" time="11.882"/>
  <testcase classname="com.emmanuelarhu.tests.AuthApiTest" name="testLoginWithInvalidCredentials" time="1.809"/>
  <testcase classname="com.emmanuelarhu.tests.AuthApiTest" name="testLoginWithInvalidCredentials" time="1.938"/>
  <testcase classname="com.emmanuelarhu.tests.AuthApiTest" name="testLoginWithInvalidCredentials" time="1.357"/>
  <testcase classname="com.emmanuelarhu.tests.AuthApiTest" name="testLoginWithInvalidCredentials" time="0.947"/>
  <testcase classname="com.emmanuelarhu.tests.AuthApiTest" name="testLoginWithInvalidCredentials" time="0.862"/>
  <testcase classname="com.emmanuelarhu.tests.AuthApiTest" name="testLoginWithInvalidCredentials" time="7.296"/>
  <testcase classname="com.emmanuelarhu.tests.AuthApiTest" name="testLoginWithInvalidCredentials" time="0.952"/>
  <testcase classname="com.emmanuelarhu.tests.AuthApiTest" name="testLoginWithInvalidCredentials" time="2.783"/>
  <testcase classname="com.emmanuelarhu.tests.AuthApiTest" name="testLoginWithInvalidCredentials" time="1.813"/>
  <testcase classname="com.emmanuelarhu.tests.AuthApiTest" name="testLoginWithEmptyBody" time="1.861"/>
  <testcase classname="com.emmanuelarhu.tests.AuthApiTest" name="testLoginWithMissingUsername" time="0.770"/>
  <testcase classname="com.emmanuelarhu.tests.AuthApiTest" name="testLoginWithMissingPassword" time="0.585"/>
  <testcase classname="com.emmanuelarhu.tests.AuthApiTest" name="testLoginWithMalformedJson" time="0.907"/>
  <testcase classname="com.emmanuelarhu.tests.AuthApiTest" name="testLoginWithMalformedJson" time="1.067"/>
  <testcase classname="com.emmanuelarhu.tests.AuthApiTest" name="testLoginWithMalformedJson" time="0.803"/>
  <testcase classname="com.emmanuelarhu.tests.AuthApiTest" name="testLoginWithMalformedJson" time="0.853"/>
  <testcase classname="com.emmanuelarhu.tests.AuthApiTest" name="testLoginWithMalformedJson" time="0.739"/>
  <testcase classname="com.emmanuelarhu.tests.AuthApiTest" name="testLoginWithMalformedJson" time="1.710"/>
  <testcase classname="com.emmanuelarhu.tests.AuthApiTest" name="testLoginWithMalformedJson" time="0.788"/>
  <testcase classname="com.emmanuelarhu.tests.AuthApiTest" name="testSqlInjectionInLogin" time="1.048"/>
  <testcase classname="com.emmanuelarhu.tests.AuthApiTest" name="testSqlInjectionInLogin" time="1.000"/>
  <testcase classname="com.emmanuelarhu.tests.AuthApiTest" name="testSqlInjectionInLogin" time="1.812"/>
  <testcase classname="com.emmanuelarhu.tests.AuthApiTest" name="testSqlInjectionInLogin" time="0.688"/>
  <testcase classname="com.emmanuelarhu.tests.AuthApiTest" name="testSqlInjectionInLogin" time="0.912"/>
  <testcase classname="com.emmanuelarhu.tests.AuthApiTest" name="testSqlInjectionInLogin" time="0.848"/>
  <testcase classname="com.emmanuelarhu.tests.AuthApiTest" name="testSqlInjectionInLogin" time="5.049"/>
  <testcase classname="com.emmanuelarhu.tests.AuthApiTest" name="testSqlInjectionInLogin" time="1.328"/>
  <testcase classname="com.emmanuelarhu.tests.AuthApiTest" name="testSqlInjectionInLogin" time="0.929"/>
  <testcase classname="com.emmanuelarhu.tests.AuthApiTest" name="testSqlInjectionInLogin" time="0.933"/>
  <testcase classname="com.emmanuelarhu.tests.AuthApiTest" name="testXssProtectionInLogin" time="0.666"/>
  <testcase classname="com.emmanuelarhu.tests.AuthApiTest" name="testXssProtectionInLogin" time="0.939"/>
  <testcase classname="com.emmanuelarhu.tests.AuthApiTest" name="testXssProtectionInLogin" time="0.663"/>
  <testcase classname="com.emmanuelarhu.tests.AuthApiTest" name="testXssProtectionInLogin" time="0.636"/>
  <testcase classname="com.emmanuelarhu.tests.AuthApiTest" name="testXssProtectionInLogin" time="0.925"/>
  <testcase classname="com.emmanuelarhu.tests.AuthApiTest" name="testXssProtectionInLogin" time="0.837"/>
  <testcase classname="com.emmanuelarhu.tests.AuthApiTest" name="testXssProtectionInLogin" time="0.810"/>
  <testcase classname="com.emmanuelarhu.tests.AuthApiTest" name="testXssProtectionInLogin" time="1.813"/>
  <testcase classname="com.emmanuelarhu.tests.AuthApiTest" name="testXssProtectionInLogin" time="0.723"/>
  <testcase classname="com.emmanuelarhu.tests.AuthApiTest" name="testLoginWithLongUsername" time="1.181"/>
  <testcase classname="com.emmanuelarhu.tests.AuthApiTest" name="testLoginWithLongPassword" time="0.867"/>
  <testcase classname="com.emmanuelarhu.tests.AuthApiTest" name="testLoginWithSpecialCharacters" time="1.665"/>
  <testcase classname="com.emmanuelarhu.tests.AuthApiTest" name="testLoginWithSpecialCharacters" time="0.884"/>
  <testcase classname="com.emmanuelarhu.tests.AuthApiTest" name="testLoginWithSpecialCharacters" time="0.838"/>
  <testcase classname="com.emmanuelarhu.tests.AuthApiTest" name="testLoginWithSpecialCharacters" time="0.966"/>
  <testcase classname="com.emmanuelarhu.tests.AuthApiTest" name="testLoginWithSpecialCharacters" time="0.722"/>
  <testcase classname="com.emmanuelarhu.tests.AuthApiTest" name="testLoginWithSpecialCharacters" time="0.709"/>
  <testcase classname="com.emmanuelarhu.tests.AuthApiTest" name="testLoginWithSpecialCharacters" time="0.901"/>
  <testcase classname="com.emmanuelarhu.tests.AuthApiTest" name="testLoginWithSpecialCharacters" time="0.806"/>
  <testcase classname="com.emmanuelarhu.tests.AuthApiTest" name="testLoginWithSpecialCharacters" time="0.733"/>
  <testcase classname="com.emmanuelarhu.tests.AuthApiTest" name="testLoginWithSpecialCharacters" time="0.768"/>
  <testcase classname="com.emmanuelarhu.tests.AuthApiTest" name="testLoginWithSpecialCharacters" time="0.842"/>
  <testcase classname="com.emmanuelarhu.tests.AuthApiTest" name="testLoginWithSpecialCharacters" time="0.805"/>
  <testcase classname="com.emmanuelarhu.tests.AuthApiTest" name="testLoginWithSpecialCharacters" time="1.739"/>
  <testcase classname="com.emmanuelarhu.tests.AuthApiTest" name="testLoginWithSpecialCharacters" time="0.752"/>
  <testcase classname="com.emmanuelarhu.tests.AuthApiTest" name="testLoginWithSpecialCharacters" time="5.104"/>
  <testcase classname="com.emmanuelarhu.tests.AuthApiTest" name="testLoginWithSpecialCharacters" time="0.712"/>
  <testcase classname="com.emmanuelarhu.tests.AuthApiTest" name="testLoginWithSpecialCharacters" time="1.768"/>
  <testcase classname="com.emmanuelarhu.tests.AuthApiTest" name="testLoginWithSpecialCharacters" time="0.565"/>
  <testcase classname="com.emmanuelarhu.tests.AuthApiTest" name="testLoginWithSpecialCharacters" time="0.870"/>
  <testcase classname="com.emmanuelarhu.tests.AuthApiTest" name="testLoginWithSpecialCharacters" time="0.856"/>
  <testcase classname="com.emmanuelarhu.tests.AuthApiTest" name="testLoginWithSpecialCharacters" time="0.945"/>
  <testcase classname="com.emmanuelarhu.tests.AuthApiTest" name="testLoginWithSpecialCharacters" time="0.752"/>
  <testcase classname="com.emmanuelarhu.tests.AuthApiTest" name="testLoginWithNullValues" time="0.691"/>
  <testcase classname="com.emmanuelarhu.tests.AuthApiTest" name="testLoginResponseTime" time="0.808"/>
</testsuite> <!-- com.emmanuelarhu.tests.AuthApiTest -->
